2022-06-07 11:06:27 error: uncaughtException: listen EADDRINUSE: address already in use :::3008
Error: listen EADDRINUSE: address already in use :::3008
    at Server.setupListenHandle [as _listen2] (node:net:1372:16)
    at listenInCluster (node:net:1420:12)
    at Server.listen (node:net:1508:7)
    at Function.listen (/home/lenovo/git/thread-backend/node_modules/express/lib/application.js:618:24)
    at App.listen (/home/lenovo/git/thread-backend/src/app.ts:37:14)
    at Object.<anonymous> (/home/lenovo/git/thread-backend/src/server.ts:16:5)
    at Module._compile (node:internal/modules/cjs/loader:1105:14)
    at Module.m._compile (/home/lenovo/git/thread-backend/node_modules/ts-node/src/index.ts:1371:23)
    at Module._extensions..js (node:internal/modules/cjs/loader:1159:10)
    at Object.require.extensions.<computed> [as .ts] (/home/lenovo/git/thread-backend/node_modules/ts-node/src/index.ts:1374:12)
2022-06-07 11:07:56 error: uncaughtException: listen EADDRINUSE: address already in use :::3008
Error: listen EADDRINUSE: address already in use :::3008
    at Server.setupListenHandle [as _listen2] (node:net:1372:16)
    at listenInCluster (node:net:1420:12)
    at Server.listen (node:net:1508:7)
    at Function.listen (/home/lenovo/git/thread-backend/node_modules/express/lib/application.js:618:24)
    at App.listen (/home/lenovo/git/thread-backend/src/app.ts:37:14)
    at Object.<anonymous> (/home/lenovo/git/thread-backend/src/server.ts:16:5)
    at Module._compile (node:internal/modules/cjs/loader:1105:14)
    at Module.m._compile (/home/lenovo/git/thread-backend/node_modules/ts-node/src/index.ts:1371:23)
    at Module._extensions..js (node:internal/modules/cjs/loader:1159:10)
    at Object.require.extensions.<computed> [as .ts] (/home/lenovo/git/thread-backend/node_modules/ts-node/src/index.ts:1374:12)
2022-06-07 11:08:22 error: uncaughtException: listen EADDRINUSE: address already in use :::3008
Error: listen EADDRINUSE: address already in use :::3008
    at Server.setupListenHandle [as _listen2] (node:net:1372:16)
    at listenInCluster (node:net:1420:12)
    at Server.listen (node:net:1508:7)
    at Function.listen (/home/lenovo/git/thread-backend/node_modules/express/lib/application.js:618:24)
    at App.listen (/home/lenovo/git/thread-backend/src/app.ts:37:14)
    at Object.<anonymous> (/home/lenovo/git/thread-backend/src/server.ts:16:5)
    at Module._compile (node:internal/modules/cjs/loader:1105:14)
    at Module.m._compile (/home/lenovo/git/thread-backend/node_modules/ts-node/src/index.ts:1371:23)
    at Module._extensions..js (node:internal/modules/cjs/loader:1159:10)
    at Object.require.extensions.<computed> [as .ts] (/home/lenovo/git/thread-backend/node_modules/ts-node/src/index.ts:1374:12)
2022-06-07 11:12:19 error: uncaughtException: listen EADDRINUSE: address already in use :::3008
Error: listen EADDRINUSE: address already in use :::3008
    at Server.setupListenHandle [as _listen2] (node:net:1372:16)
    at listenInCluster (node:net:1420:12)
    at Server.listen (node:net:1508:7)
    at Function.listen (/home/lenovo/git/thread-backend/node_modules/express/lib/application.js:618:24)
    at App.listen (/home/lenovo/git/thread-backend/src/app.ts:37:14)
    at Object.<anonymous> (/home/lenovo/git/thread-backend/src/server.ts:16:5)
    at Module._compile (node:internal/modules/cjs/loader:1105:14)
    at Module.m._compile (/home/lenovo/git/thread-backend/node_modules/ts-node/src/index.ts:1371:23)
    at Module._extensions..js (node:internal/modules/cjs/loader:1159:10)
    at Object.require.extensions.<computed> [as .ts] (/home/lenovo/git/thread-backend/node_modules/ts-node/src/index.ts:1374:12)
2022-06-07 11:12:19 error: uncaughtException: password authentication failed for user "root"
SequelizeConnectionError: password authentication failed for user "root"
    at Client._connectionCallback (/home/lenovo/git/thread-backend/node_modules/sequelize/lib/dialects/postgres/connection-manager.js:189:24)
    at Client._handleErrorWhileConnecting (/home/lenovo/git/thread-backend/node_modules/pg/lib/client.js:305:19)
    at Client._handleErrorMessage (/home/lenovo/git/thread-backend/node_modules/pg/lib/client.js:325:19)
    at Connection.emit (node:events:527:28)
    at Connection.emit (node:domain:475:12)
    at /home/lenovo/git/thread-backend/node_modules/pg/lib/connection.js:114:12
    at Parser.parse (/home/lenovo/git/thread-backend/node_modules/pg-protocol/src/parser.ts:104:9)
    at Socket.<anonymous> (/home/lenovo/git/thread-backend/node_modules/pg-protocol/src/index.ts:7:48)
    at Socket.emit (node:events:527:28)
    at Socket.emit (node:domain:475:12)
2022-06-07 11:12:19 error: uncaughtException: password authentication failed for user "root"
SequelizeConnectionError: password authentication failed for user "root"
    at Client._connectionCallback (/home/lenovo/git/thread-backend/node_modules/sequelize/lib/dialects/postgres/connection-manager.js:189:24)
    at Client._handleErrorWhileConnecting (/home/lenovo/git/thread-backend/node_modules/pg/lib/client.js:305:19)
    at Client._handleErrorMessage (/home/lenovo/git/thread-backend/node_modules/pg/lib/client.js:325:19)
    at Connection.emit (node:events:527:28)
    at Connection.emit (node:domain:475:12)
    at /home/lenovo/git/thread-backend/node_modules/pg/lib/connection.js:114:12
    at Parser.parse (/home/lenovo/git/thread-backend/node_modules/pg-protocol/src/parser.ts:104:9)
    at Socket.<anonymous> (/home/lenovo/git/thread-backend/node_modules/pg-protocol/src/index.ts:7:48)
    at Socket.emit (node:events:527:28)
    at Socket.emit (node:domain:475:12)
2022-06-07 11:13:28 error: uncaughtException: listen EADDRINUSE: address already in use :::3008
Error: listen EADDRINUSE: address already in use :::3008
    at Server.setupListenHandle [as _listen2] (node:net:1372:16)
    at listenInCluster (node:net:1420:12)
    at Server.listen (node:net:1508:7)
    at Function.listen (/home/lenovo/git/thread-backend/node_modules/express/lib/application.js:618:24)
    at App.listen (/home/lenovo/git/thread-backend/src/app.ts:37:14)
    at Object.<anonymous> (/home/lenovo/git/thread-backend/src/server.ts:16:5)
    at Module._compile (node:internal/modules/cjs/loader:1105:14)
    at Module.m._compile (/home/lenovo/git/thread-backend/node_modules/ts-node/src/index.ts:1371:23)
    at Module._extensions..js (node:internal/modules/cjs/loader:1159:10)
    at Object.require.extensions.<computed> [as .ts] (/home/lenovo/git/thread-backend/node_modules/ts-node/src/index.ts:1374:12)
2022-06-07 11:13:28 error: uncaughtException: password authentication failed for user "root"
SequelizeConnectionError: password authentication failed for user "root"
    at Client._connectionCallback (/home/lenovo/git/thread-backend/node_modules/sequelize/lib/dialects/postgres/connection-manager.js:189:24)
    at Client._handleErrorWhileConnecting (/home/lenovo/git/thread-backend/node_modules/pg/lib/client.js:305:19)
    at Client._handleErrorMessage (/home/lenovo/git/thread-backend/node_modules/pg/lib/client.js:325:19)
    at Connection.emit (node:events:527:28)
    at Connection.emit (node:domain:475:12)
    at /home/lenovo/git/thread-backend/node_modules/pg/lib/connection.js:114:12
    at Parser.parse (/home/lenovo/git/thread-backend/node_modules/pg-protocol/src/parser.ts:104:9)
    at Socket.<anonymous> (/home/lenovo/git/thread-backend/node_modules/pg-protocol/src/index.ts:7:48)
    at Socket.emit (node:events:527:28)
    at Socket.emit (node:domain:475:12)
2022-06-07 11:13:28 error: uncaughtException: password authentication failed for user "root"
SequelizeConnectionError: password authentication failed for user "root"
    at Client._connectionCallback (/home/lenovo/git/thread-backend/node_modules/sequelize/lib/dialects/postgres/connection-manager.js:189:24)
    at Client._handleErrorWhileConnecting (/home/lenovo/git/thread-backend/node_modules/pg/lib/client.js:305:19)
    at Client._handleErrorMessage (/home/lenovo/git/thread-backend/node_modules/pg/lib/client.js:325:19)
    at Connection.emit (node:events:527:28)
    at Connection.emit (node:domain:475:12)
    at /home/lenovo/git/thread-backend/node_modules/pg/lib/connection.js:114:12
    at Parser.parse (/home/lenovo/git/thread-backend/node_modules/pg-protocol/src/parser.ts:104:9)
    at Socket.<anonymous> (/home/lenovo/git/thread-backend/node_modules/pg-protocol/src/index.ts:7:48)
    at Socket.emit (node:events:527:28)
    at Socket.emit (node:domain:475:12)
2022-06-07 11:15:23 error: uncaughtException: listen EADDRINUSE: address already in use :::3008
Error: listen EADDRINUSE: address already in use :::3008
    at Server.setupListenHandle [as _listen2] (node:net:1372:16)
    at listenInCluster (node:net:1420:12)
    at Server.listen (node:net:1508:7)
    at Function.listen (/home/lenovo/git/thread-backend/node_modules/express/lib/application.js:618:24)
    at App.listen (/home/lenovo/git/thread-backend/src/app.ts:37:14)
    at Object.<anonymous> (/home/lenovo/git/thread-backend/src/server.ts:16:5)
    at Module._compile (node:internal/modules/cjs/loader:1105:14)
    at Module.m._compile (/home/lenovo/git/thread-backend/node_modules/ts-node/src/index.ts:1371:23)
    at Module._extensions..js (node:internal/modules/cjs/loader:1159:10)
    at Object.require.extensions.<computed> [as .ts] (/home/lenovo/git/thread-backend/node_modules/ts-node/src/index.ts:1374:12)
2022-06-07 11:18:00 error: uncaughtException: listen EADDRINUSE: address already in use :::3008
Error: listen EADDRINUSE: address already in use :::3008
    at Server.setupListenHandle [as _listen2] (node:net:1372:16)
    at listenInCluster (node:net:1420:12)
    at Server.listen (node:net:1508:7)
    at Function.listen (/home/lenovo/git/thread-backend/node_modules/express/lib/application.js:618:24)
    at App.listen (/home/lenovo/git/thread-backend/src/app.ts:37:14)
    at Object.<anonymous> (/home/lenovo/git/thread-backend/src/server.ts:16:5)
    at Module._compile (node:internal/modules/cjs/loader:1105:14)
    at Module.m._compile (/home/lenovo/git/thread-backend/node_modules/ts-node/src/index.ts:1371:23)
    at Module._extensions..js (node:internal/modules/cjs/loader:1159:10)
    at Object.require.extensions.<computed> [as .ts] (/home/lenovo/git/thread-backend/node_modules/ts-node/src/index.ts:1374:12)
2022-06-07 11:18:00 error: uncaughtException: password authentication failed for user "root"
SequelizeConnectionError: password authentication failed for user "root"
    at Client._connectionCallback (/home/lenovo/git/thread-backend/node_modules/sequelize/lib/dialects/postgres/connection-manager.js:189:24)
    at Client._handleErrorWhileConnecting (/home/lenovo/git/thread-backend/node_modules/pg/lib/client.js:305:19)
    at Client._handleErrorMessage (/home/lenovo/git/thread-backend/node_modules/pg/lib/client.js:325:19)
    at Connection.emit (node:events:527:28)
    at Connection.emit (node:domain:475:12)
    at /home/lenovo/git/thread-backend/node_modules/pg/lib/connection.js:114:12
    at Parser.parse (/home/lenovo/git/thread-backend/node_modules/pg-protocol/src/parser.ts:104:9)
    at Socket.<anonymous> (/home/lenovo/git/thread-backend/node_modules/pg-protocol/src/index.ts:7:48)
    at Socket.emit (node:events:527:28)
    at Socket.emit (node:domain:475:12)
2022-06-07 11:18:00 error: uncaughtException: password authentication failed for user "root"
SequelizeConnectionError: password authentication failed for user "root"
    at Client._connectionCallback (/home/lenovo/git/thread-backend/node_modules/sequelize/lib/dialects/postgres/connection-manager.js:189:24)
    at Client._handleErrorWhileConnecting (/home/lenovo/git/thread-backend/node_modules/pg/lib/client.js:305:19)
    at Client._handleErrorMessage (/home/lenovo/git/thread-backend/node_modules/pg/lib/client.js:325:19)
    at Connection.emit (node:events:527:28)
    at Connection.emit (node:domain:475:12)
    at /home/lenovo/git/thread-backend/node_modules/pg/lib/connection.js:114:12
    at Parser.parse (/home/lenovo/git/thread-backend/node_modules/pg-protocol/src/parser.ts:104:9)
    at Socket.<anonymous> (/home/lenovo/git/thread-backend/node_modules/pg-protocol/src/index.ts:7:48)
    at Socket.emit (node:events:527:28)
    at Socket.emit (node:domain:475:12)
2022-06-07 11:18:43 error: uncaughtException: listen EADDRINUSE: address already in use :::3008
Error: listen EADDRINUSE: address already in use :::3008
    at Server.setupListenHandle [as _listen2] (node:net:1372:16)
    at listenInCluster (node:net:1420:12)
    at Server.listen (node:net:1508:7)
    at Function.listen (/home/lenovo/git/thread-backend/node_modules/express/lib/application.js:618:24)
    at App.listen (/home/lenovo/git/thread-backend/src/app.ts:37:14)
    at Object.<anonymous> (/home/lenovo/git/thread-backend/src/server.ts:16:5)
    at Module._compile (node:internal/modules/cjs/loader:1105:14)
    at Module.m._compile (/home/lenovo/git/thread-backend/node_modules/ts-node/src/index.ts:1371:23)
    at Module._extensions..js (node:internal/modules/cjs/loader:1159:10)
    at Object.require.extensions.<computed> [as .ts] (/home/lenovo/git/thread-backend/node_modules/ts-node/src/index.ts:1374:12)
2022-06-07 11:36:01 error: uncaughtException: listen EADDRINUSE: address already in use :::3008
Error: listen EADDRINUSE: address already in use :::3008
    at Server.setupListenHandle [as _listen2] (node:net:1372:16)
    at listenInCluster (node:net:1420:12)
    at Server.listen (node:net:1508:7)
    at Function.listen (/home/lenovo/git/thread-backend/node_modules/express/lib/application.js:618:24)
    at App.listen (/home/lenovo/git/thread-backend/src/app.ts:37:14)
    at Object.<anonymous> (/home/lenovo/git/thread-backend/src/server.ts:16:5)
    at Module._compile (node:internal/modules/cjs/loader:1105:14)
    at Module.m._compile (/home/lenovo/git/thread-backend/node_modules/ts-node/src/index.ts:1371:23)
    at Module._extensions..js (node:internal/modules/cjs/loader:1159:10)
    at Object.require.extensions.<computed> [as .ts] (/home/lenovo/git/thread-backend/node_modules/ts-node/src/index.ts:1374:12)
2022-06-07 11:47:29 error: uncaughtException: listen EADDRINUSE: address already in use :::3008
Error: listen EADDRINUSE: address already in use :::3008
    at Server.setupListenHandle [as _listen2] (node:net:1372:16)
    at listenInCluster (node:net:1420:12)
    at Server.listen (node:net:1508:7)
    at Function.listen (/home/lenovo/git/thread-backend/node_modules/express/lib/application.js:618:24)
    at App.listen (/home/lenovo/git/thread-backend/src/app.ts:37:14)
    at Object.<anonymous> (/home/lenovo/git/thread-backend/src/server.ts:16:5)
    at Module._compile (node:internal/modules/cjs/loader:1105:14)
    at Module.m._compile (/home/lenovo/git/thread-backend/node_modules/ts-node/src/index.ts:1371:23)
    at Module._extensions..js (node:internal/modules/cjs/loader:1159:10)
    at Object.require.extensions.<computed> [as .ts] (/home/lenovo/git/thread-backend/node_modules/ts-node/src/index.ts:1374:12)
2022-06-07 11:51:09 error: uncaughtException: listen EADDRINUSE: address already in use :::3008
Error: listen EADDRINUSE: address already in use :::3008
    at Server.setupListenHandle [as _listen2] (node:net:1372:16)
    at listenInCluster (node:net:1420:12)
    at Server.listen (node:net:1508:7)
    at Function.listen (/home/lenovo/git/thread-backend/node_modules/express/lib/application.js:618:24)
    at App.listen (/home/lenovo/git/thread-backend/src/app.ts:37:14)
    at Object.<anonymous> (/home/lenovo/git/thread-backend/src/server.ts:16:5)
    at Module._compile (node:internal/modules/cjs/loader:1105:14)
    at Module.m._compile (/home/lenovo/git/thread-backend/node_modules/ts-node/src/index.ts:1371:23)
    at Module._extensions..js (node:internal/modules/cjs/loader:1159:10)
    at Object.require.extensions.<computed> [as .ts] (/home/lenovo/git/thread-backend/node_modules/ts-node/src/index.ts:1374:12)
2022-06-07 11:52:11 error: uncaughtException: listen EADDRINUSE: address already in use :::3008
Error: listen EADDRINUSE: address already in use :::3008
    at Server.setupListenHandle [as _listen2] (node:net:1372:16)
    at listenInCluster (node:net:1420:12)
    at Server.listen (node:net:1508:7)
    at Function.listen (/home/lenovo/git/thread-backend/node_modules/express/lib/application.js:618:24)
    at App.listen (/home/lenovo/git/thread-backend/src/app.ts:37:14)
    at Object.<anonymous> (/home/lenovo/git/thread-backend/src/server.ts:16:5)
    at Module._compile (node:internal/modules/cjs/loader:1105:14)
    at Module.m._compile (/home/lenovo/git/thread-backend/node_modules/ts-node/src/index.ts:1371:23)
    at Module._extensions..js (node:internal/modules/cjs/loader:1159:10)
    at Object.require.extensions.<computed> [as .ts] (/home/lenovo/git/thread-backend/node_modules/ts-node/src/index.ts:1374:12)
2022-06-07 11:53:19 error: uncaughtException: listen EADDRINUSE: address already in use :::3008
Error: listen EADDRINUSE: address already in use :::3008
    at Server.setupListenHandle [as _listen2] (node:net:1372:16)
    at listenInCluster (node:net:1420:12)
    at Server.listen (node:net:1508:7)
    at Function.listen (/home/lenovo/git/thread-backend/node_modules/express/lib/application.js:618:24)
    at App.listen (/home/lenovo/git/thread-backend/src/app.ts:37:14)
    at Object.<anonymous> (/home/lenovo/git/thread-backend/src/server.ts:16:5)
    at Module._compile (node:internal/modules/cjs/loader:1105:14)
    at Module.m._compile (/home/lenovo/git/thread-backend/node_modules/ts-node/src/index.ts:1371:23)
    at Module._extensions..js (node:internal/modules/cjs/loader:1159:10)
    at Object.require.extensions.<computed> [as .ts] (/home/lenovo/git/thread-backend/node_modules/ts-node/src/index.ts:1374:12)
2022-06-07 12:00:41 error: uncaughtException: listen EADDRINUSE: address already in use :::3008
Error: listen EADDRINUSE: address already in use :::3008
    at Server.setupListenHandle [as _listen2] (node:net:1372:16)
    at listenInCluster (node:net:1420:12)
    at Server.listen (node:net:1508:7)
    at Function.listen (/home/lenovo/git/thread-backend/node_modules/express/lib/application.js:618:24)
    at App.listen (/home/lenovo/git/thread-backend/src/app.ts:37:14)
    at Object.<anonymous> (/home/lenovo/git/thread-backend/src/server.ts:16:5)
    at Module._compile (node:internal/modules/cjs/loader:1105:14)
    at Module.m._compile (/home/lenovo/git/thread-backend/node_modules/ts-node/src/index.ts:1371:23)
    at Module._extensions..js (node:internal/modules/cjs/loader:1159:10)
    at Object.require.extensions.<computed> [as .ts] (/home/lenovo/git/thread-backend/node_modules/ts-node/src/index.ts:1374:12)
2022-06-07 12:00:54 error: uncaughtException: listen EADDRINUSE: address already in use :::3008
Error: listen EADDRINUSE: address already in use :::3008
    at Server.setupListenHandle [as _listen2] (node:net:1372:16)
    at listenInCluster (node:net:1420:12)
    at Server.listen (node:net:1508:7)
    at Function.listen (/home/lenovo/git/thread-backend/node_modules/express/lib/application.js:618:24)
    at App.listen (/home/lenovo/git/thread-backend/src/app.ts:37:14)
    at Object.<anonymous> (/home/lenovo/git/thread-backend/src/server.ts:16:5)
    at Module._compile (node:internal/modules/cjs/loader:1105:14)
    at Module.m._compile (/home/lenovo/git/thread-backend/node_modules/ts-node/src/index.ts:1371:23)
    at Module._extensions..js (node:internal/modules/cjs/loader:1159:10)
    at Object.require.extensions.<computed> [as .ts] (/home/lenovo/git/thread-backend/node_modules/ts-node/src/index.ts:1374:12)
2022-06-07 12:00:54 error: uncaughtException: Access denied for user 'postgres'@'localhost' (using password: YES)
SequelizeAccessDeniedError: Access denied for user 'postgres'@'localhost' (using password: YES)
    at ConnectionManager.connect (/home/lenovo/git/thread-backend/node_modules/sequelize/lib/dialects/mysql/connection-manager.js:118:17)
    at processTicksAndRejections (node:internal/process/task_queues:96:5)
    at async ConnectionManager._connect (/home/lenovo/git/thread-backend/node_modules/sequelize/lib/dialects/abstract/connection-manager.js:318:24)
    at async /home/lenovo/git/thread-backend/node_modules/sequelize/lib/dialects/abstract/connection-manager.js:250:32
2022-06-07 12:00:54 error: uncaughtException: Access denied for user 'postgres'@'localhost' (using password: YES)
SequelizeAccessDeniedError: Access denied for user 'postgres'@'localhost' (using password: YES)
    at ConnectionManager.connect (/home/lenovo/git/thread-backend/node_modules/sequelize/lib/dialects/mysql/connection-manager.js:118:17)
    at processTicksAndRejections (node:internal/process/task_queues:96:5)
    at async ConnectionManager._connect (/home/lenovo/git/thread-backend/node_modules/sequelize/lib/dialects/abstract/connection-manager.js:318:24)
    at async /home/lenovo/git/thread-backend/node_modules/sequelize/lib/dialects/abstract/connection-manager.js:250:32
2022-06-07 12:01:10 error: uncaughtException: listen EADDRINUSE: address already in use :::3008
Error: listen EADDRINUSE: address already in use :::3008
    at Server.setupListenHandle [as _listen2] (node:net:1372:16)
    at listenInCluster (node:net:1420:12)
    at Server.listen (node:net:1508:7)
    at Function.listen (/home/lenovo/git/thread-backend/node_modules/express/lib/application.js:618:24)
    at App.listen (/home/lenovo/git/thread-backend/src/app.ts:37:14)
    at Object.<anonymous> (/home/lenovo/git/thread-backend/src/server.ts:16:5)
    at Module._compile (node:internal/modules/cjs/loader:1105:14)
    at Module.m._compile (/home/lenovo/git/thread-backend/node_modules/ts-node/src/index.ts:1371:23)
    at Module._extensions..js (node:internal/modules/cjs/loader:1159:10)
    at Object.require.extensions.<computed> [as .ts] (/home/lenovo/git/thread-backend/node_modules/ts-node/src/index.ts:1374:12)
2022-06-07 12:01:10 error: uncaughtException: Access denied for user 'postgres'@'localhost' (using password: YES)
SequelizeAccessDeniedError: Access denied for user 'postgres'@'localhost' (using password: YES)
    at ConnectionManager.connect (/home/lenovo/git/thread-backend/node_modules/sequelize/lib/dialects/mysql/connection-manager.js:118:17)
    at processTicksAndRejections (node:internal/process/task_queues:96:5)
    at async ConnectionManager._connect (/home/lenovo/git/thread-backend/node_modules/sequelize/lib/dialects/abstract/connection-manager.js:318:24)
    at async /home/lenovo/git/thread-backend/node_modules/sequelize/lib/dialects/abstract/connection-manager.js:250:32
2022-06-07 12:01:10 error: uncaughtException: Access denied for user 'postgres'@'localhost' (using password: YES)
SequelizeAccessDeniedError: Access denied for user 'postgres'@'localhost' (using password: YES)
    at ConnectionManager.connect (/home/lenovo/git/thread-backend/node_modules/sequelize/lib/dialects/mysql/connection-manager.js:118:17)
    at processTicksAndRejections (node:internal/process/task_queues:96:5)
    at async ConnectionManager._connect (/home/lenovo/git/thread-backend/node_modules/sequelize/lib/dialects/abstract/connection-manager.js:318:24)
    at async /home/lenovo/git/thread-backend/node_modules/sequelize/lib/dialects/abstract/connection-manager.js:250:32
2022-06-07 12:02:05 error: uncaughtException: listen EADDRINUSE: address already in use :::3008
Error: listen EADDRINUSE: address already in use :::3008
    at Server.setupListenHandle [as _listen2] (node:net:1372:16)
    at listenInCluster (node:net:1420:12)
    at Server.listen (node:net:1508:7)
    at Function.listen (/home/lenovo/git/thread-backend/node_modules/express/lib/application.js:618:24)
    at App.listen (/home/lenovo/git/thread-backend/src/app.ts:37:14)
    at Object.<anonymous> (/home/lenovo/git/thread-backend/src/server.ts:16:5)
    at Module._compile (node:internal/modules/cjs/loader:1105:14)
    at Module.m._compile (/home/lenovo/git/thread-backend/node_modules/ts-node/src/index.ts:1371:23)
    at Module._extensions..js (node:internal/modules/cjs/loader:1159:10)
    at Object.require.extensions.<computed> [as .ts] (/home/lenovo/git/thread-backend/node_modules/ts-node/src/index.ts:1374:12)
2022-06-07 12:03:03 error: uncaughtException: listen EADDRINUSE: address already in use :::3008
Error: listen EADDRINUSE: address already in use :::3008
    at Server.setupListenHandle [as _listen2] (node:net:1372:16)
    at listenInCluster (node:net:1420:12)
    at Server.listen (node:net:1508:7)
    at Function.listen (/home/lenovo/git/thread-backend/node_modules/express/lib/application.js:618:24)
    at App.listen (/home/lenovo/git/thread-backend/src/app.ts:37:14)
    at Object.<anonymous> (/home/lenovo/git/thread-backend/src/server.ts:16:5)
    at Module._compile (node:internal/modules/cjs/loader:1105:14)
    at Module.m._compile (/home/lenovo/git/thread-backend/node_modules/ts-node/src/index.ts:1371:23)
    at Module._extensions..js (node:internal/modules/cjs/loader:1159:10)
    at Object.require.extensions.<computed> [as .ts] (/home/lenovo/git/thread-backend/node_modules/ts-node/src/index.ts:1374:12)
2022-06-07 12:04:36 error: uncaughtException: listen EADDRINUSE: address already in use :::3008
Error: listen EADDRINUSE: address already in use :::3008
    at Server.setupListenHandle [as _listen2] (node:net:1372:16)
    at listenInCluster (node:net:1420:12)
    at Server.listen (node:net:1508:7)
    at Function.listen (/home/lenovo/git/thread-backend/node_modules/express/lib/application.js:618:24)
    at App.listen (/home/lenovo/git/thread-backend/src/app.ts:37:14)
    at Object.<anonymous> (/home/lenovo/git/thread-backend/src/server.ts:16:5)
    at Module._compile (node:internal/modules/cjs/loader:1105:14)
    at Module.m._compile (/home/lenovo/git/thread-backend/node_modules/ts-node/src/index.ts:1371:23)
    at Module._extensions..js (node:internal/modules/cjs/loader:1159:10)
    at Object.require.extensions.<computed> [as .ts] (/home/lenovo/git/thread-backend/node_modules/ts-node/src/index.ts:1374:12)
2022-06-07 12:05:20 error: uncaughtException: listen EADDRINUSE: address already in use :::3008
Error: listen EADDRINUSE: address already in use :::3008
    at Server.setupListenHandle [as _listen2] (node:net:1372:16)
    at listenInCluster (node:net:1420:12)
    at Server.listen (node:net:1508:7)
    at Function.listen (/home/lenovo/git/thread-backend/node_modules/express/lib/application.js:618:24)
    at App.listen (/home/lenovo/git/thread-backend/src/app.ts:37:14)
    at Object.<anonymous> (/home/lenovo/git/thread-backend/src/server.ts:16:5)
    at Module._compile (node:internal/modules/cjs/loader:1105:14)
    at Module.m._compile (/home/lenovo/git/thread-backend/node_modules/ts-node/src/index.ts:1371:23)
    at Module._extensions..js (node:internal/modules/cjs/loader:1159:10)
    at Object.require.extensions.<computed> [as .ts] (/home/lenovo/git/thread-backend/node_modules/ts-node/src/index.ts:1374:12)
2022-06-07 12:07:07 error: uncaughtException: listen EADDRINUSE: address already in use :::3008
Error: listen EADDRINUSE: address already in use :::3008
    at Server.setupListenHandle [as _listen2] (node:net:1372:16)
    at listenInCluster (node:net:1420:12)
    at Server.listen (node:net:1508:7)
    at Function.listen (/home/lenovo/git/thread-backend/node_modules/express/lib/application.js:618:24)
    at App.listen (/home/lenovo/git/thread-backend/src/app.ts:37:14)
    at Object.<anonymous> (/home/lenovo/git/thread-backend/src/server.ts:16:5)
    at Module._compile (node:internal/modules/cjs/loader:1105:14)
    at Module.m._compile (/home/lenovo/git/thread-backend/node_modules/ts-node/src/index.ts:1371:23)
    at Module._extensions..js (node:internal/modules/cjs/loader:1159:10)
    at Object.require.extensions.<computed> [as .ts] (/home/lenovo/git/thread-backend/node_modules/ts-node/src/index.ts:1374:12)
2022-06-07 12:16:04 error: uncaughtException: listen EADDRINUSE: address already in use :::3008
Error: listen EADDRINUSE: address already in use :::3008
    at Server.setupListenHandle [as _listen2] (node:net:1372:16)
    at listenInCluster (node:net:1420:12)
    at Server.listen (node:net:1508:7)
    at Function.listen (/home/lenovo/git/thread-backend/node_modules/express/lib/application.js:618:24)
    at App.listen (/home/lenovo/git/thread-backend/src/app.ts:37:14)
    at Object.<anonymous> (/home/lenovo/git/thread-backend/src/server.ts:16:5)
    at Module._compile (node:internal/modules/cjs/loader:1105:14)
    at Module.m._compile (/home/lenovo/git/thread-backend/node_modules/ts-node/src/index.ts:1371:23)
    at Module._extensions..js (node:internal/modules/cjs/loader:1159:10)
    at Object.require.extensions.<computed> [as .ts] (/home/lenovo/git/thread-backend/node_modules/ts-node/src/index.ts:1374:12)
2022-06-07 12:16:23 error: uncaughtException: listen EADDRINUSE: address already in use :::3008
Error: listen EADDRINUSE: address already in use :::3008
    at Server.setupListenHandle [as _listen2] (node:net:1372:16)
    at listenInCluster (node:net:1420:12)
    at Server.listen (node:net:1508:7)
    at Function.listen (/home/lenovo/git/thread-backend/node_modules/express/lib/application.js:618:24)
    at App.listen (/home/lenovo/git/thread-backend/src/app.ts:37:14)
    at Object.<anonymous> (/home/lenovo/git/thread-backend/src/server.ts:16:5)
    at Module._compile (node:internal/modules/cjs/loader:1105:14)
    at Module.m._compile (/home/lenovo/git/thread-backend/node_modules/ts-node/src/index.ts:1371:23)
    at Module._extensions..js (node:internal/modules/cjs/loader:1159:10)
    at Object.require.extensions.<computed> [as .ts] (/home/lenovo/git/thread-backend/node_modules/ts-node/src/index.ts:1374:12)
2022-06-07 12:17:48 error: uncaughtException: listen EADDRINUSE: address already in use :::3008
Error: listen EADDRINUSE: address already in use :::3008
    at Server.setupListenHandle [as _listen2] (node:net:1372:16)
    at listenInCluster (node:net:1420:12)
    at Server.listen (node:net:1508:7)
    at Function.listen (/home/lenovo/git/thread-backend/node_modules/express/lib/application.js:618:24)
    at App.listen (/home/lenovo/git/thread-backend/src/app.ts:37:14)
    at Object.<anonymous> (/home/lenovo/git/thread-backend/src/server.ts:16:5)
    at Module._compile (node:internal/modules/cjs/loader:1105:14)
    at Module.m._compile (/home/lenovo/git/thread-backend/node_modules/ts-node/src/index.ts:1371:23)
    at Module._extensions..js (node:internal/modules/cjs/loader:1159:10)
    at Object.require.extensions.<computed> [as .ts] (/home/lenovo/git/thread-backend/node_modules/ts-node/src/index.ts:1374:12)
2022-06-07 12:18:38 error: uncaughtException: listen EADDRINUSE: address already in use :::3008
Error: listen EADDRINUSE: address already in use :::3008
    at Server.setupListenHandle [as _listen2] (node:net:1372:16)
    at listenInCluster (node:net:1420:12)
    at Server.listen (node:net:1508:7)
    at Function.listen (/home/lenovo/git/thread-backend/node_modules/express/lib/application.js:618:24)
    at App.listen (/home/lenovo/git/thread-backend/src/app.ts:37:14)
    at Object.<anonymous> (/home/lenovo/git/thread-backend/src/server.ts:16:5)
    at Module._compile (node:internal/modules/cjs/loader:1105:14)
    at Module.m._compile (/home/lenovo/git/thread-backend/node_modules/ts-node/src/index.ts:1371:23)
    at Module._extensions..js (node:internal/modules/cjs/loader:1159:10)
    at Object.require.extensions.<computed> [as .ts] (/home/lenovo/git/thread-backend/node_modules/ts-node/src/index.ts:1374:12)
2022-06-07 12:19:23 error: uncaughtException: listen EADDRINUSE: address already in use :::3008
Error: listen EADDRINUSE: address already in use :::3008
    at Server.setupListenHandle [as _listen2] (node:net:1372:16)
    at listenInCluster (node:net:1420:12)
    at Server.listen (node:net:1508:7)
    at Function.listen (/home/lenovo/git/thread-backend/node_modules/express/lib/application.js:618:24)
    at App.listen (/home/lenovo/git/thread-backend/src/app.ts:37:14)
    at Object.<anonymous> (/home/lenovo/git/thread-backend/src/server.ts:16:5)
    at Module._compile (node:internal/modules/cjs/loader:1105:14)
    at Module.m._compile (/home/lenovo/git/thread-backend/node_modules/ts-node/src/index.ts:1371:23)
    at Module._extensions..js (node:internal/modules/cjs/loader:1159:10)
    at Object.require.extensions.<computed> [as .ts] (/home/lenovo/git/thread-backend/node_modules/ts-node/src/index.ts:1374:12)
2022-06-07 13:01:47 error: uncaughtException: listen EADDRINUSE: address already in use :::3008
Error: listen EADDRINUSE: address already in use :::3008
    at Server.setupListenHandle [as _listen2] (node:net:1372:16)
    at listenInCluster (node:net:1420:12)
    at Server.listen (node:net:1508:7)
    at Function.listen (/home/lenovo/git/thread-backend/node_modules/express/lib/application.js:618:24)
    at App.listen (/home/lenovo/git/thread-backend/src/app.ts:37:14)
    at Object.<anonymous> (/home/lenovo/git/thread-backend/src/server.ts:16:5)
    at Module._compile (node:internal/modules/cjs/loader:1105:14)
    at Module.m._compile (/home/lenovo/git/thread-backend/node_modules/ts-node/src/index.ts:1371:23)
    at Module._extensions..js (node:internal/modules/cjs/loader:1159:10)
    at Object.require.extensions.<computed> [as .ts] (/home/lenovo/git/thread-backend/node_modules/ts-node/src/index.ts:1374:12)
2022-06-07 13:01:54 error: uncaughtException: listen EADDRINUSE: address already in use :::3008
Error: listen EADDRINUSE: address already in use :::3008
    at Server.setupListenHandle [as _listen2] (node:net:1372:16)
    at listenInCluster (node:net:1420:12)
    at Server.listen (node:net:1508:7)
    at Function.listen (/home/lenovo/git/thread-backend/node_modules/express/lib/application.js:618:24)
    at App.listen (/home/lenovo/git/thread-backend/src/app.ts:37:14)
    at Object.<anonymous> (/home/lenovo/git/thread-backend/src/server.ts:16:5)
    at Module._compile (node:internal/modules/cjs/loader:1105:14)
    at Module.m._compile (/home/lenovo/git/thread-backend/node_modules/ts-node/src/index.ts:1371:23)
    at Module._extensions..js (node:internal/modules/cjs/loader:1159:10)
    at Object.require.extensions.<computed> [as .ts] (/home/lenovo/git/thread-backend/node_modules/ts-node/src/index.ts:1374:12)
2022-06-07 13:04:53 error: uncaughtException: listen EADDRINUSE: address already in use :::3008
Error: listen EADDRINUSE: address already in use :::3008
    at Server.setupListenHandle [as _listen2] (node:net:1372:16)
    at listenInCluster (node:net:1420:12)
    at Server.listen (node:net:1508:7)
    at Function.listen (/home/lenovo/git/thread-backend/node_modules/express/lib/application.js:618:24)
    at App.listen (/home/lenovo/git/thread-backend/src/app.ts:37:14)
    at Object.<anonymous> (/home/lenovo/git/thread-backend/src/server.ts:16:5)
    at Module._compile (node:internal/modules/cjs/loader:1105:14)
    at Module.m._compile (/home/lenovo/git/thread-backend/node_modules/ts-node/src/index.ts:1371:23)
    at Module._extensions..js (node:internal/modules/cjs/loader:1159:10)
    at Object.require.extensions.<computed> [as .ts] (/home/lenovo/git/thread-backend/node_modules/ts-node/src/index.ts:1374:12)
2022-06-07 13:05:01 error: uncaughtException: listen EADDRINUSE: address already in use :::3008
Error: listen EADDRINUSE: address already in use :::3008
    at Server.setupListenHandle [as _listen2] (node:net:1372:16)
    at listenInCluster (node:net:1420:12)
    at Server.listen (node:net:1508:7)
    at Function.listen (/home/lenovo/git/thread-backend/node_modules/express/lib/application.js:618:24)
    at App.listen (/home/lenovo/git/thread-backend/src/app.ts:37:14)
    at Object.<anonymous> (/home/lenovo/git/thread-backend/src/server.ts:16:5)
    at Module._compile (node:internal/modules/cjs/loader:1105:14)
    at Module.m._compile (/home/lenovo/git/thread-backend/node_modules/ts-node/src/index.ts:1371:23)
    at Module._extensions..js (node:internal/modules/cjs/loader:1159:10)
    at Object.require.extensions.<computed> [as .ts] (/home/lenovo/git/thread-backend/node_modules/ts-node/src/index.ts:1374:12)
2022-06-07 13:05:49 error: uncaughtException: FabricModel is not defined
ReferenceError: FabricModel is not defined
    at default_1 (/home/lenovo/git/thread-backend/src/models/style.model.ts:18:3)
    at Object.<anonymous> (/home/lenovo/git/thread-backend/src/databases/index.ts:43:25)
    at Module._compile (node:internal/modules/cjs/loader:1105:14)
    at Module.m._compile (/home/lenovo/git/thread-backend/node_modules/ts-node/src/index.ts:1371:23)
    at Module._extensions..js (node:internal/modules/cjs/loader:1159:10)
    at Object.require.extensions.<computed> [as .ts] (/home/lenovo/git/thread-backend/node_modules/ts-node/src/index.ts:1374:12)
    at Module.load (node:internal/modules/cjs/loader:981:32)
    at Function.Module._load (node:internal/modules/cjs/loader:822:12)
    at Module.require (node:internal/modules/cjs/loader:1005:19)
    at require (node:internal/modules/cjs/helpers:102:18)
2022-06-07 13:06:33 error: uncaughtException: listen EADDRINUSE: address already in use :::3008
Error: listen EADDRINUSE: address already in use :::3008
    at Server.setupListenHandle [as _listen2] (node:net:1372:16)
    at listenInCluster (node:net:1420:12)
    at Server.listen (node:net:1508:7)
    at Function.listen (/home/lenovo/git/thread-backend/node_modules/express/lib/application.js:618:24)
    at App.listen (/home/lenovo/git/thread-backend/src/app.ts:37:14)
    at Object.<anonymous> (/home/lenovo/git/thread-backend/src/server.ts:16:5)
    at Module._compile (node:internal/modules/cjs/loader:1105:14)
    at Module.m._compile (/home/lenovo/git/thread-backend/node_modules/ts-node/src/index.ts:1371:23)
    at Module._extensions..js (node:internal/modules/cjs/loader:1159:10)
    at Object.require.extensions.<computed> [as .ts] (/home/lenovo/git/thread-backend/node_modules/ts-node/src/index.ts:1374:12)
2022-06-07 13:08:32 error: uncaughtException: listen EADDRINUSE: address already in use :::3008
Error: listen EADDRINUSE: address already in use :::3008
    at Server.setupListenHandle [as _listen2] (node:net:1372:16)
    at listenInCluster (node:net:1420:12)
    at Server.listen (node:net:1508:7)
    at Function.listen (/home/lenovo/git/thread-backend/node_modules/express/lib/application.js:618:24)
    at App.listen (/home/lenovo/git/thread-backend/src/app.ts:37:14)
    at Object.<anonymous> (/home/lenovo/git/thread-backend/src/server.ts:16:5)
    at Module._compile (node:internal/modules/cjs/loader:1105:14)
    at Module.m._compile (/home/lenovo/git/thread-backend/node_modules/ts-node/src/index.ts:1371:23)
    at Module._extensions..js (node:internal/modules/cjs/loader:1159:10)
    at Object.require.extensions.<computed> [as .ts] (/home/lenovo/git/thread-backend/node_modules/ts-node/src/index.ts:1374:12)
2022-06-07 13:09:08 error: uncaughtException: listen EADDRINUSE: address already in use :::3008
Error: listen EADDRINUSE: address already in use :::3008
    at Server.setupListenHandle [as _listen2] (node:net:1372:16)
    at listenInCluster (node:net:1420:12)
    at Server.listen (node:net:1508:7)
    at Function.listen (/home/lenovo/git/thread-backend/node_modules/express/lib/application.js:618:24)
    at App.listen (/home/lenovo/git/thread-backend/src/app.ts:37:14)
    at Object.<anonymous> (/home/lenovo/git/thread-backend/src/server.ts:16:5)
    at Module._compile (node:internal/modules/cjs/loader:1105:14)
    at Module.m._compile (/home/lenovo/git/thread-backend/node_modules/ts-node/src/index.ts:1371:23)
    at Module._extensions..js (node:internal/modules/cjs/loader:1159:10)
    at Object.require.extensions.<computed> [as .ts] (/home/lenovo/git/thread-backend/node_modules/ts-node/src/index.ts:1374:12)
2022-06-07 13:13:11 error: uncaughtException: listen EADDRINUSE: address already in use :::3008
Error: listen EADDRINUSE: address already in use :::3008
    at Server.setupListenHandle [as _listen2] (node:net:1372:16)
    at listenInCluster (node:net:1420:12)
    at Server.listen (node:net:1508:7)
    at Function.listen (/home/lenovo/git/thread-backend/node_modules/express/lib/application.js:618:24)
    at App.listen (/home/lenovo/git/thread-backend/src/app.ts:37:14)
    at Object.<anonymous> (/home/lenovo/git/thread-backend/src/server.ts:16:5)
    at Module._compile (node:internal/modules/cjs/loader:1105:14)
    at Module.m._compile (/home/lenovo/git/thread-backend/node_modules/ts-node/src/index.ts:1371:23)
    at Module._extensions..js (node:internal/modules/cjs/loader:1159:10)
    at Object.require.extensions.<computed> [as .ts] (/home/lenovo/git/thread-backend/node_modules/ts-node/src/index.ts:1374:12)
2022-06-07 13:13:11 error: uncaughtException: listen EADDRINUSE: address already in use :::3008
Error: listen EADDRINUSE: address already in use :::3008
    at Server.setupListenHandle [as _listen2] (node:net:1372:16)
    at listenInCluster (node:net:1420:12)
    at Server.listen (node:net:1508:7)
    at Function.listen (/home/lenovo/git/thread-backend/node_modules/express/lib/application.js:618:24)
    at App.listen (/home/lenovo/git/thread-backend/src/app.ts:37:14)
    at Object.<anonymous> (/home/lenovo/git/thread-backend/src/server.ts:16:5)
    at Module._compile (node:internal/modules/cjs/loader:1105:14)
    at Module.m._compile (/home/lenovo/git/thread-backend/node_modules/ts-node/src/index.ts:1371:23)
    at Module._extensions..js (node:internal/modules/cjs/loader:1159:10)
    at Object.require.extensions.<computed> [as .ts] (/home/lenovo/git/thread-backend/node_modules/ts-node/src/index.ts:1374:12)
2022-06-07 13:13:52 error: uncaughtException: listen EADDRINUSE: address already in use :::3008
Error: listen EADDRINUSE: address already in use :::3008
    at Server.setupListenHandle [as _listen2] (node:net:1372:16)
    at listenInCluster (node:net:1420:12)
    at Server.listen (node:net:1508:7)
    at Function.listen (/home/lenovo/git/thread-backend/node_modules/express/lib/application.js:618:24)
    at App.listen (/home/lenovo/git/thread-backend/src/app.ts:37:14)
    at Object.<anonymous> (/home/lenovo/git/thread-backend/src/server.ts:16:5)
    at Module._compile (node:internal/modules/cjs/loader:1105:14)
    at Module.m._compile (/home/lenovo/git/thread-backend/node_modules/ts-node/src/index.ts:1371:23)
    at Module._extensions..js (node:internal/modules/cjs/loader:1159:10)
    at Object.require.extensions.<computed> [as .ts] (/home/lenovo/git/thread-backend/node_modules/ts-node/src/index.ts:1374:12)
2022-06-07 13:14:47 error: uncaughtException: listen EADDRINUSE: address already in use :::3008
Error: listen EADDRINUSE: address already in use :::3008
    at Server.setupListenHandle [as _listen2] (node:net:1372:16)
    at listenInCluster (node:net:1420:12)
    at Server.listen (node:net:1508:7)
    at Function.listen (/home/lenovo/git/thread-backend/node_modules/express/lib/application.js:618:24)
    at App.listen (/home/lenovo/git/thread-backend/src/app.ts:37:14)
    at Object.<anonymous> (/home/lenovo/git/thread-backend/src/server.ts:16:5)
    at Module._compile (node:internal/modules/cjs/loader:1105:14)
    at Module.m._compile (/home/lenovo/git/thread-backend/node_modules/ts-node/src/index.ts:1371:23)
    at Module._extensions..js (node:internal/modules/cjs/loader:1159:10)
    at Object.require.extensions.<computed> [as .ts] (/home/lenovo/git/thread-backend/node_modules/ts-node/src/index.ts:1374:12)
2022-06-07 13:15:42 error: uncaughtException: listen EADDRINUSE: address already in use :::3008
Error: listen EADDRINUSE: address already in use :::3008
    at Server.setupListenHandle [as _listen2] (node:net:1372:16)
    at listenInCluster (node:net:1420:12)
    at Server.listen (node:net:1508:7)
    at Function.listen (/home/lenovo/git/thread-backend/node_modules/express/lib/application.js:618:24)
    at App.listen (/home/lenovo/git/thread-backend/src/app.ts:37:14)
    at Object.<anonymous> (/home/lenovo/git/thread-backend/src/server.ts:16:5)
    at Module._compile (node:internal/modules/cjs/loader:1105:14)
    at Module.m._compile (/home/lenovo/git/thread-backend/node_modules/ts-node/src/index.ts:1371:23)
    at Module._extensions..js (node:internal/modules/cjs/loader:1159:10)
    at Object.require.extensions.<computed> [as .ts] (/home/lenovo/git/thread-backend/node_modules/ts-node/src/index.ts:1374:12)
2022-06-07 13:15:42 error: uncaughtException: listen EADDRINUSE: address already in use :::3008
Error: listen EADDRINUSE: address already in use :::3008
    at Server.setupListenHandle [as _listen2] (node:net:1372:16)
    at listenInCluster (node:net:1420:12)
    at Server.listen (node:net:1508:7)
    at Function.listen (/home/lenovo/git/thread-backend/node_modules/express/lib/application.js:618:24)
    at App.listen (/home/lenovo/git/thread-backend/src/app.ts:37:14)
    at Object.<anonymous> (/home/lenovo/git/thread-backend/src/server.ts:16:5)
    at Module._compile (node:internal/modules/cjs/loader:1105:14)
    at Module.m._compile (/home/lenovo/git/thread-backend/node_modules/ts-node/src/index.ts:1371:23)
    at Module._extensions..js (node:internal/modules/cjs/loader:1159:10)
    at Object.require.extensions.<computed> [as .ts] (/home/lenovo/git/thread-backend/node_modules/ts-node/src/index.ts:1374:12)
2022-06-07 13:16:37 error: uncaughtException: listen EADDRINUSE: address already in use :::3008
Error: listen EADDRINUSE: address already in use :::3008
    at Server.setupListenHandle [as _listen2] (node:net:1372:16)
    at listenInCluster (node:net:1420:12)
    at Server.listen (node:net:1508:7)
    at Function.listen (/home/lenovo/git/thread-backend/node_modules/express/lib/application.js:618:24)
    at App.listen (/home/lenovo/git/thread-backend/src/app.ts:37:14)
    at Object.<anonymous> (/home/lenovo/git/thread-backend/src/server.ts:16:5)
    at Module._compile (node:internal/modules/cjs/loader:1105:14)
    at Module.m._compile (/home/lenovo/git/thread-backend/node_modules/ts-node/src/index.ts:1371:23)
    at Module._extensions..js (node:internal/modules/cjs/loader:1159:10)
    at Object.require.extensions.<computed> [as .ts] (/home/lenovo/git/thread-backend/node_modules/ts-node/src/index.ts:1374:12)
2022-06-07 13:17:19 error: uncaughtException: listen EADDRINUSE: address already in use :::3008
Error: listen EADDRINUSE: address already in use :::3008
    at Server.setupListenHandle [as _listen2] (node:net:1372:16)
    at listenInCluster (node:net:1420:12)
    at Server.listen (node:net:1508:7)
    at Function.listen (/home/lenovo/git/thread-backend/node_modules/express/lib/application.js:618:24)
    at App.listen (/home/lenovo/git/thread-backend/src/app.ts:37:14)
    at Object.<anonymous> (/home/lenovo/git/thread-backend/src/server.ts:16:5)
    at Module._compile (node:internal/modules/cjs/loader:1105:14)
    at Module.m._compile (/home/lenovo/git/thread-backend/node_modules/ts-node/src/index.ts:1371:23)
    at Module._extensions..js (node:internal/modules/cjs/loader:1159:10)
    at Object.require.extensions.<computed> [as .ts] (/home/lenovo/git/thread-backend/node_modules/ts-node/src/index.ts:1374:12)
2022-06-07 13:19:16 error: uncaughtException: listen EADDRINUSE: address already in use :::3008
Error: listen EADDRINUSE: address already in use :::3008
    at Server.setupListenHandle [as _listen2] (node:net:1372:16)
    at listenInCluster (node:net:1420:12)
    at Server.listen (node:net:1508:7)
    at Function.listen (/home/lenovo/git/thread-backend/node_modules/express/lib/application.js:618:24)
    at App.listen (/home/lenovo/git/thread-backend/src/app.ts:37:14)
    at Object.<anonymous> (/home/lenovo/git/thread-backend/src/server.ts:16:5)
    at Module._compile (node:internal/modules/cjs/loader:1105:14)
    at Module.m._compile (/home/lenovo/git/thread-backend/node_modules/ts-node/src/index.ts:1371:23)
    at Module._extensions..js (node:internal/modules/cjs/loader:1159:10)
    at Object.require.extensions.<computed> [as .ts] (/home/lenovo/git/thread-backend/node_modules/ts-node/src/index.ts:1374:12)
2022-06-07 13:21:39 error: uncaughtException: listen EADDRINUSE: address already in use :::3008
Error: listen EADDRINUSE: address already in use :::3008
    at Server.setupListenHandle [as _listen2] (node:net:1372:16)
    at listenInCluster (node:net:1420:12)
    at Server.listen (node:net:1508:7)
    at Function.listen (/home/lenovo/git/thread-backend/node_modules/express/lib/application.js:618:24)
    at App.listen (/home/lenovo/git/thread-backend/src/app.ts:37:14)
    at Object.<anonymous> (/home/lenovo/git/thread-backend/src/server.ts:16:5)
    at Module._compile (node:internal/modules/cjs/loader:1105:14)
    at Module.m._compile (/home/lenovo/git/thread-backend/node_modules/ts-node/src/index.ts:1371:23)
    at Module._extensions..js (node:internal/modules/cjs/loader:1159:10)
    at Object.require.extensions.<computed> [as .ts] (/home/lenovo/git/thread-backend/node_modules/ts-node/src/index.ts:1374:12)
2022-06-07 13:24:07 error: uncaughtException: listen EADDRINUSE: address already in use :::3008
Error: listen EADDRINUSE: address already in use :::3008
    at Server.setupListenHandle [as _listen2] (node:net:1372:16)
    at listenInCluster (node:net:1420:12)
    at Server.listen (node:net:1508:7)
    at Function.listen (/home/lenovo/git/thread-backend/node_modules/express/lib/application.js:618:24)
    at App.listen (/home/lenovo/git/thread-backend/src/app.ts:37:14)
    at Object.<anonymous> (/home/lenovo/git/thread-backend/src/server.ts:16:5)
    at Module._compile (node:internal/modules/cjs/loader:1105:14)
    at Module.m._compile (/home/lenovo/git/thread-backend/node_modules/ts-node/src/index.ts:1371:23)
    at Module._extensions..js (node:internal/modules/cjs/loader:1159:10)
    at Object.require.extensions.<computed> [as .ts] (/home/lenovo/git/thread-backend/node_modules/ts-node/src/index.ts:1374:12)
2022-06-07 13:25:10 error: uncaughtException: listen EADDRINUSE: address already in use :::3008
Error: listen EADDRINUSE: address already in use :::3008
    at Server.setupListenHandle [as _listen2] (node:net:1372:16)
    at listenInCluster (node:net:1420:12)
    at Server.listen (node:net:1508:7)
    at Function.listen (/home/lenovo/git/thread-backend/node_modules/express/lib/application.js:618:24)
    at App.listen (/home/lenovo/git/thread-backend/src/app.ts:37:14)
    at Object.<anonymous> (/home/lenovo/git/thread-backend/src/server.ts:16:5)
    at Module._compile (node:internal/modules/cjs/loader:1105:14)
    at Module.m._compile (/home/lenovo/git/thread-backend/node_modules/ts-node/src/index.ts:1371:23)
    at Module._extensions..js (node:internal/modules/cjs/loader:1159:10)
    at Object.require.extensions.<computed> [as .ts] (/home/lenovo/git/thread-backend/node_modules/ts-node/src/index.ts:1374:12)
2022-06-07 13:26:15 error: uncaughtException: listen EADDRINUSE: address already in use :::3008
Error: listen EADDRINUSE: address already in use :::3008
    at Server.setupListenHandle [as _listen2] (node:net:1372:16)
    at listenInCluster (node:net:1420:12)
    at Server.listen (node:net:1508:7)
    at Function.listen (/home/lenovo/git/thread-backend/node_modules/express/lib/application.js:618:24)
    at App.listen (/home/lenovo/git/thread-backend/src/app.ts:37:14)
    at Object.<anonymous> (/home/lenovo/git/thread-backend/src/server.ts:16:5)
    at Module._compile (node:internal/modules/cjs/loader:1105:14)
    at Module.m._compile (/home/lenovo/git/thread-backend/node_modules/ts-node/src/index.ts:1371:23)
    at Module._extensions..js (node:internal/modules/cjs/loader:1159:10)
    at Object.require.extensions.<computed> [as .ts] (/home/lenovo/git/thread-backend/node_modules/ts-node/src/index.ts:1374:12)
2022-06-07 13:26:34 error: uncaughtException: listen EADDRINUSE: address already in use :::3008
Error: listen EADDRINUSE: address already in use :::3008
    at Server.setupListenHandle [as _listen2] (node:net:1372:16)
    at listenInCluster (node:net:1420:12)
    at Server.listen (node:net:1508:7)
    at Function.listen (/home/lenovo/git/thread-backend/node_modules/express/lib/application.js:618:24)
    at App.listen (/home/lenovo/git/thread-backend/src/app.ts:37:14)
    at Object.<anonymous> (/home/lenovo/git/thread-backend/src/server.ts:16:5)
    at Module._compile (node:internal/modules/cjs/loader:1105:14)
    at Module.m._compile (/home/lenovo/git/thread-backend/node_modules/ts-node/src/index.ts:1371:23)
    at Module._extensions..js (node:internal/modules/cjs/loader:1159:10)
    at Object.require.extensions.<computed> [as .ts] (/home/lenovo/git/thread-backend/node_modules/ts-node/src/index.ts:1374:12)
2022-06-07 13:27:14 error: uncaughtException: listen EADDRINUSE: address already in use :::3008
Error: listen EADDRINUSE: address already in use :::3008
    at Server.setupListenHandle [as _listen2] (node:net:1372:16)
    at listenInCluster (node:net:1420:12)
    at Server.listen (node:net:1508:7)
    at Function.listen (/home/lenovo/git/thread-backend/node_modules/express/lib/application.js:618:24)
    at App.listen (/home/lenovo/git/thread-backend/src/app.ts:37:14)
    at Object.<anonymous> (/home/lenovo/git/thread-backend/src/server.ts:16:5)
    at Module._compile (node:internal/modules/cjs/loader:1105:14)
    at Module.m._compile (/home/lenovo/git/thread-backend/node_modules/ts-node/src/index.ts:1371:23)
    at Module._extensions..js (node:internal/modules/cjs/loader:1159:10)
    at Object.require.extensions.<computed> [as .ts] (/home/lenovo/git/thread-backend/node_modules/ts-node/src/index.ts:1374:12)
2022-06-07 13:28:18 error: uncaughtException: listen EADDRINUSE: address already in use :::3008
Error: listen EADDRINUSE: address already in use :::3008
    at Server.setupListenHandle [as _listen2] (node:net:1372:16)
    at listenInCluster (node:net:1420:12)
    at Server.listen (node:net:1508:7)
    at Function.listen (/home/lenovo/git/thread-backend/node_modules/express/lib/application.js:618:24)
    at App.listen (/home/lenovo/git/thread-backend/src/app.ts:37:14)
    at Object.<anonymous> (/home/lenovo/git/thread-backend/src/server.ts:16:5)
    at Module._compile (node:internal/modules/cjs/loader:1105:14)
    at Module.m._compile (/home/lenovo/git/thread-backend/node_modules/ts-node/src/index.ts:1371:23)
    at Module._extensions..js (node:internal/modules/cjs/loader:1159:10)
    at Object.require.extensions.<computed> [as .ts] (/home/lenovo/git/thread-backend/node_modules/ts-node/src/index.ts:1374:12)
2022-06-07 13:29:33 error: uncaughtException: listen EADDRINUSE: address already in use :::3008
Error: listen EADDRINUSE: address already in use :::3008
    at Server.setupListenHandle [as _listen2] (node:net:1372:16)
    at listenInCluster (node:net:1420:12)
    at Server.listen (node:net:1508:7)
    at Function.listen (/home/lenovo/git/thread-backend/node_modules/express/lib/application.js:618:24)
    at App.listen (/home/lenovo/git/thread-backend/src/app.ts:37:14)
    at Object.<anonymous> (/home/lenovo/git/thread-backend/src/server.ts:16:5)
    at Module._compile (node:internal/modules/cjs/loader:1105:14)
    at Module.m._compile (/home/lenovo/git/thread-backend/node_modules/ts-node/src/index.ts:1371:23)
    at Module._extensions..js (node:internal/modules/cjs/loader:1159:10)
    at Object.require.extensions.<computed> [as .ts] (/home/lenovo/git/thread-backend/node_modules/ts-node/src/index.ts:1374:12)
2022-06-07 13:30:28 error: uncaughtException: listen EADDRINUSE: address already in use :::3008
Error: listen EADDRINUSE: address already in use :::3008
    at Server.setupListenHandle [as _listen2] (node:net:1372:16)
    at listenInCluster (node:net:1420:12)
    at Server.listen (node:net:1508:7)
    at Function.listen (/home/lenovo/git/thread-backend/node_modules/express/lib/application.js:618:24)
    at App.listen (/home/lenovo/git/thread-backend/src/app.ts:37:14)
    at Object.<anonymous> (/home/lenovo/git/thread-backend/src/server.ts:16:5)
    at Module._compile (node:internal/modules/cjs/loader:1105:14)
    at Module.m._compile (/home/lenovo/git/thread-backend/node_modules/ts-node/src/index.ts:1371:23)
    at Module._extensions..js (node:internal/modules/cjs/loader:1159:10)
    at Object.require.extensions.<computed> [as .ts] (/home/lenovo/git/thread-backend/node_modules/ts-node/src/index.ts:1374:12)
2022-06-07 13:31:53 error: uncaughtException: listen EADDRINUSE: address already in use :::3008
Error: listen EADDRINUSE: address already in use :::3008
    at Server.setupListenHandle [as _listen2] (node:net:1372:16)
    at listenInCluster (node:net:1420:12)
    at Server.listen (node:net:1508:7)
    at Function.listen (/home/lenovo/git/thread-backend/node_modules/express/lib/application.js:618:24)
    at App.listen (/home/lenovo/git/thread-backend/src/app.ts:37:14)
    at Object.<anonymous> (/home/lenovo/git/thread-backend/src/server.ts:16:5)
    at Module._compile (node:internal/modules/cjs/loader:1105:14)
    at Module.m._compile (/home/lenovo/git/thread-backend/node_modules/ts-node/src/index.ts:1371:23)
    at Module._extensions..js (node:internal/modules/cjs/loader:1159:10)
    at Object.require.extensions.<computed> [as .ts] (/home/lenovo/git/thread-backend/node_modules/ts-node/src/index.ts:1374:12)
2022-06-07 16:46:41 error: uncaughtException: password authentication failed for user "root"
SequelizeConnectionError: password authentication failed for user "root"
    at Client._connectionCallback (/home/lenovo/git/thread-backend/node_modules/sequelize/lib/dialects/postgres/connection-manager.js:189:24)
    at Client._handleErrorWhileConnecting (/home/lenovo/git/thread-backend/node_modules/pg/lib/client.js:305:19)
    at Client._handleErrorMessage (/home/lenovo/git/thread-backend/node_modules/pg/lib/client.js:325:19)
    at Connection.emit (node:events:527:28)
    at Connection.emit (node:domain:475:12)
    at /home/lenovo/git/thread-backend/node_modules/pg/lib/connection.js:114:12
    at Parser.parse (/home/lenovo/git/thread-backend/node_modules/pg-protocol/src/parser.ts:104:9)
    at Socket.<anonymous> (/home/lenovo/git/thread-backend/node_modules/pg-protocol/src/index.ts:7:48)
    at Socket.emit (node:events:527:28)
    at Socket.emit (node:domain:475:12)
2022-06-07 16:46:41 error: uncaughtException: password authentication failed for user "root"
SequelizeConnectionError: password authentication failed for user "root"
    at Client._connectionCallback (/home/lenovo/git/thread-backend/node_modules/sequelize/lib/dialects/postgres/connection-manager.js:189:24)
    at Client._handleErrorWhileConnecting (/home/lenovo/git/thread-backend/node_modules/pg/lib/client.js:305:19)
    at Client._handleErrorMessage (/home/lenovo/git/thread-backend/node_modules/pg/lib/client.js:325:19)
    at Connection.emit (node:events:527:28)
    at Connection.emit (node:domain:475:12)
    at /home/lenovo/git/thread-backend/node_modules/pg/lib/connection.js:114:12
    at Parser.parse (/home/lenovo/git/thread-backend/node_modules/pg-protocol/src/parser.ts:104:9)
    at Socket.<anonymous> (/home/lenovo/git/thread-backend/node_modules/pg-protocol/src/index.ts:7:48)
    at Socket.emit (node:events:527:28)
    at Socket.emit (node:domain:475:12)
2022-06-07 16:46:53 error: uncaughtException: password authentication failed for user "root"
SequelizeConnectionError: password authentication failed for user "root"
    at Client._connectionCallback (/home/lenovo/git/thread-backend/node_modules/sequelize/lib/dialects/postgres/connection-manager.js:189:24)
    at Client._handleErrorWhileConnecting (/home/lenovo/git/thread-backend/node_modules/pg/lib/client.js:305:19)
    at Client._handleErrorMessage (/home/lenovo/git/thread-backend/node_modules/pg/lib/client.js:325:19)
    at Connection.emit (node:events:527:28)
    at Connection.emit (node:domain:475:12)
    at /home/lenovo/git/thread-backend/node_modules/pg/lib/connection.js:114:12
    at Parser.parse (/home/lenovo/git/thread-backend/node_modules/pg-protocol/src/parser.ts:104:9)
    at Socket.<anonymous> (/home/lenovo/git/thread-backend/node_modules/pg-protocol/src/index.ts:7:48)
    at Socket.emit (node:events:527:28)
    at Socket.emit (node:domain:475:12)
2022-06-07 16:46:53 error: uncaughtException: password authentication failed for user "root"
SequelizeConnectionError: password authentication failed for user "root"
    at Client._connectionCallback (/home/lenovo/git/thread-backend/node_modules/sequelize/lib/dialects/postgres/connection-manager.js:189:24)
    at Client._handleErrorWhileConnecting (/home/lenovo/git/thread-backend/node_modules/pg/lib/client.js:305:19)
    at Client._handleErrorMessage (/home/lenovo/git/thread-backend/node_modules/pg/lib/client.js:325:19)
    at Connection.emit (node:events:527:28)
    at Connection.emit (node:domain:475:12)
    at /home/lenovo/git/thread-backend/node_modules/pg/lib/connection.js:114:12
    at Parser.parse (/home/lenovo/git/thread-backend/node_modules/pg-protocol/src/parser.ts:104:9)
    at Socket.<anonymous> (/home/lenovo/git/thread-backend/node_modules/pg-protocol/src/index.ts:7:48)
    at Socket.emit (node:events:527:28)
    at Socket.emit (node:domain:475:12)
2022-06-07 16:53:07 error: uncaughtException: listen EADDRINUSE: address already in use :::3008
Error: listen EADDRINUSE: address already in use :::3008
    at Server.setupListenHandle [as _listen2] (node:net:1372:16)
    at listenInCluster (node:net:1420:12)
    at Server.listen (node:net:1508:7)
    at Function.listen (/home/lenovo/git/thread-backend/node_modules/express/lib/application.js:618:24)
    at App.listen (/home/lenovo/git/thread-backend/src/app.ts:37:14)
    at Object.<anonymous> (/home/lenovo/git/thread-backend/src/server.ts:17:5)
    at Module._compile (node:internal/modules/cjs/loader:1105:14)
    at Module.m._compile (/home/lenovo/git/thread-backend/node_modules/ts-node/src/index.ts:1371:23)
    at Module._extensions..js (node:internal/modules/cjs/loader:1159:10)
    at Object.require.extensions.<computed> [as .ts] (/home/lenovo/git/thread-backend/node_modules/ts-node/src/index.ts:1374:12)
2022-06-07 16:54:46 error: uncaughtException: listen EADDRINUSE: address already in use :::3008
Error: listen EADDRINUSE: address already in use :::3008
    at Server.setupListenHandle [as _listen2] (node:net:1372:16)
    at listenInCluster (node:net:1420:12)
    at Server.listen (node:net:1508:7)
    at Function.listen (/home/lenovo/git/thread-backend/node_modules/express/lib/application.js:618:24)
    at App.listen (/home/lenovo/git/thread-backend/src/app.ts:37:14)
    at Object.<anonymous> (/home/lenovo/git/thread-backend/src/server.ts:17:5)
    at Module._compile (node:internal/modules/cjs/loader:1105:14)
    at Module.m._compile (/home/lenovo/git/thread-backend/node_modules/ts-node/src/index.ts:1371:23)
    at Module._extensions..js (node:internal/modules/cjs/loader:1159:10)
    at Object.require.extensions.<computed> [as .ts] (/home/lenovo/git/thread-backend/node_modules/ts-node/src/index.ts:1374:12)
2022-06-07 16:55:51 error: uncaughtException: password authentication failed for user "root"
SequelizeConnectionError: password authentication failed for user "root"
    at Client._connectionCallback (/home/lenovo/git/thread-backend/node_modules/sequelize/lib/dialects/postgres/connection-manager.js:189:24)
    at Client._handleErrorWhileConnecting (/home/lenovo/git/thread-backend/node_modules/pg/lib/client.js:305:19)
    at Client._handleErrorMessage (/home/lenovo/git/thread-backend/node_modules/pg/lib/client.js:325:19)
    at Connection.emit (node:events:527:28)
    at Connection.emit (node:domain:475:12)
    at /home/lenovo/git/thread-backend/node_modules/pg/lib/connection.js:114:12
    at Parser.parse (/home/lenovo/git/thread-backend/node_modules/pg-protocol/src/parser.ts:104:9)
    at Socket.<anonymous> (/home/lenovo/git/thread-backend/node_modules/pg-protocol/src/index.ts:7:48)
    at Socket.emit (node:events:527:28)
    at Socket.emit (node:domain:475:12)
2022-06-07 16:55:51 error: uncaughtException: listen EADDRINUSE: address already in use :::3008
Error: listen EADDRINUSE: address already in use :::3008
    at Server.setupListenHandle [as _listen2] (node:net:1372:16)
    at listenInCluster (node:net:1420:12)
    at Server.listen (node:net:1508:7)
    at Function.listen (/home/lenovo/git/thread-backend/node_modules/express/lib/application.js:618:24)
    at App.listen (/home/lenovo/git/thread-backend/src/app.ts:37:14)
    at Object.<anonymous> (/home/lenovo/git/thread-backend/src/server.ts:17:5)
    at Module._compile (node:internal/modules/cjs/loader:1105:14)
    at Module.m._compile (/home/lenovo/git/thread-backend/node_modules/ts-node/src/index.ts:1371:23)
    at Module._extensions..js (node:internal/modules/cjs/loader:1159:10)
    at Object.require.extensions.<computed> [as .ts] (/home/lenovo/git/thread-backend/node_modules/ts-node/src/index.ts:1374:12)
2022-06-07 16:55:51 error: uncaughtException: password authentication failed for user "root"
SequelizeConnectionError: password authentication failed for user "root"
    at Client._connectionCallback (/home/lenovo/git/thread-backend/node_modules/sequelize/lib/dialects/postgres/connection-manager.js:189:24)
    at Client._handleErrorWhileConnecting (/home/lenovo/git/thread-backend/node_modules/pg/lib/client.js:305:19)
    at Client._handleErrorMessage (/home/lenovo/git/thread-backend/node_modules/pg/lib/client.js:325:19)
    at Connection.emit (node:events:527:28)
    at Connection.emit (node:domain:475:12)
    at /home/lenovo/git/thread-backend/node_modules/pg/lib/connection.js:114:12
    at Parser.parse (/home/lenovo/git/thread-backend/node_modules/pg-protocol/src/parser.ts:104:9)
    at Socket.<anonymous> (/home/lenovo/git/thread-backend/node_modules/pg-protocol/src/index.ts:7:48)
    at Socket.emit (node:events:527:28)
    at Socket.emit (node:domain:475:12)
2022-06-07 16:55:51 error: uncaughtException: password authentication failed for user "root"
SequelizeConnectionError: password authentication failed for user "root"
    at Client._connectionCallback (/home/lenovo/git/thread-backend/node_modules/sequelize/lib/dialects/postgres/connection-manager.js:189:24)
    at Client._handleErrorWhileConnecting (/home/lenovo/git/thread-backend/node_modules/pg/lib/client.js:305:19)
    at Client._handleErrorMessage (/home/lenovo/git/thread-backend/node_modules/pg/lib/client.js:325:19)
    at Connection.emit (node:events:527:28)
    at Connection.emit (node:domain:475:12)
    at /home/lenovo/git/thread-backend/node_modules/pg/lib/connection.js:114:12
    at Parser.parse (/home/lenovo/git/thread-backend/node_modules/pg-protocol/src/parser.ts:104:9)
    at Socket.<anonymous> (/home/lenovo/git/thread-backend/node_modules/pg-protocol/src/index.ts:7:48)
    at Socket.emit (node:events:527:28)
    at Socket.emit (node:domain:475:12)
2022-06-07 16:55:51 error: uncaughtException: password authentication failed for user "root"
SequelizeConnectionError: password authentication failed for user "root"
    at Client._connectionCallback (/home/lenovo/git/thread-backend/node_modules/sequelize/lib/dialects/postgres/connection-manager.js:189:24)
    at Client._handleErrorWhileConnecting (/home/lenovo/git/thread-backend/node_modules/pg/lib/client.js:305:19)
    at Client._handleErrorMessage (/home/lenovo/git/thread-backend/node_modules/pg/lib/client.js:325:19)
    at Connection.emit (node:events:527:28)
    at Connection.emit (node:domain:475:12)
    at /home/lenovo/git/thread-backend/node_modules/pg/lib/connection.js:114:12
    at Parser.parse (/home/lenovo/git/thread-backend/node_modules/pg-protocol/src/parser.ts:104:9)
    at Socket.<anonymous> (/home/lenovo/git/thread-backend/node_modules/pg-protocol/src/index.ts:7:48)
    at Socket.emit (node:events:527:28)
    at Socket.emit (node:domain:475:12)
2022-06-07 16:55:57 error: uncaughtException: Please install tedious package manually
Error: Please install tedious package manually
    at ConnectionManager._loadDialectModule (/home/lenovo/git/thread-backend/node_modules/sequelize/lib/dialects/abstract/connection-manager.js:81:15)
    at new ConnectionManager (/home/lenovo/git/thread-backend/node_modules/sequelize/lib/dialects/mssql/connection-manager.js:16:21)
    at new MssqlDialect (/home/lenovo/git/thread-backend/node_modules/sequelize/lib/dialects/mssql/index.js:15:30)
    at new Sequelize (/home/lenovo/git/thread-backend/node_modules/sequelize/lib/sequelize.js:347:20)
    at Object.<anonymous> (/home/lenovo/git/thread-backend/src/databases/index.ts:11:19)
    at Module._compile (node:internal/modules/cjs/loader:1105:14)
    at Module.m._compile (/home/lenovo/git/thread-backend/node_modules/ts-node/src/index.ts:1371:23)
    at Module._extensions..js (node:internal/modules/cjs/loader:1159:10)
    at Object.require.extensions.<computed> [as .ts] (/home/lenovo/git/thread-backend/node_modules/ts-node/src/index.ts:1374:12)
    at Module.load (node:internal/modules/cjs/loader:981:32)
2022-06-07 16:55:57 error: uncaughtException: Please install tedious package manually
Error: Please install tedious package manually
    at ConnectionManager._loadDialectModule (/home/lenovo/git/thread-backend/node_modules/sequelize/lib/dialects/abstract/connection-manager.js:81:15)
    at new ConnectionManager (/home/lenovo/git/thread-backend/node_modules/sequelize/lib/dialects/mssql/connection-manager.js:16:21)
    at new MssqlDialect (/home/lenovo/git/thread-backend/node_modules/sequelize/lib/dialects/mssql/index.js:15:30)
    at new Sequelize (/home/lenovo/git/thread-backend/node_modules/sequelize/lib/sequelize.js:347:20)
    at Object.<anonymous> (/home/lenovo/git/thread-backend/src/databases/index.ts:11:19)
    at Module._compile (node:internal/modules/cjs/loader:1105:14)
    at Module.m._compile (/home/lenovo/git/thread-backend/node_modules/ts-node/src/index.ts:1371:23)
    at Module._extensions..js (node:internal/modules/cjs/loader:1159:10)
    at Object.require.extensions.<computed> [as .ts] (/home/lenovo/git/thread-backend/node_modules/ts-node/src/index.ts:1374:12)
    at Module.load (node:internal/modules/cjs/loader:981:32)
2022-06-07 16:56:10 error: uncaughtException: Please install tedious package manually
Error: Please install tedious package manually
    at ConnectionManager._loadDialectModule (/home/lenovo/git/thread-backend/node_modules/sequelize/lib/dialects/abstract/connection-manager.js:81:15)
    at new ConnectionManager (/home/lenovo/git/thread-backend/node_modules/sequelize/lib/dialects/mssql/connection-manager.js:16:21)
    at new MssqlDialect (/home/lenovo/git/thread-backend/node_modules/sequelize/lib/dialects/mssql/index.js:15:30)
    at new Sequelize (/home/lenovo/git/thread-backend/node_modules/sequelize/lib/sequelize.js:347:20)
    at Object.<anonymous> (/home/lenovo/git/thread-backend/src/databases/index.ts:11:19)
    at Module._compile (node:internal/modules/cjs/loader:1105:14)
    at Module.m._compile (/home/lenovo/git/thread-backend/node_modules/ts-node/src/index.ts:1371:23)
    at Module._extensions..js (node:internal/modules/cjs/loader:1159:10)
    at Object.require.extensions.<computed> [as .ts] (/home/lenovo/git/thread-backend/node_modules/ts-node/src/index.ts:1374:12)
    at Module.load (node:internal/modules/cjs/loader:981:32)
2022-06-07 16:56:26 error: uncaughtException: listen EADDRINUSE: address already in use :::3008
Error: listen EADDRINUSE: address already in use :::3008
    at Server.setupListenHandle [as _listen2] (node:net:1372:16)
    at listenInCluster (node:net:1420:12)
    at Server.listen (node:net:1508:7)
    at Function.listen (/home/lenovo/git/thread-backend/node_modules/express/lib/application.js:618:24)
    at App.listen (/home/lenovo/git/thread-backend/src/app.ts:37:14)
    at Object.<anonymous> (/home/lenovo/git/thread-backend/src/server.ts:17:5)
    at Module._compile (node:internal/modules/cjs/loader:1105:14)
    at Module.m._compile (/home/lenovo/git/thread-backend/node_modules/ts-node/src/index.ts:1371:23)
    at Module._extensions..js (node:internal/modules/cjs/loader:1159:10)
    at Object.require.extensions.<computed> [as .ts] (/home/lenovo/git/thread-backend/node_modules/ts-node/src/index.ts:1374:12)
