2022-05-30 16:30:19 error: uncaughtException: listen EADDRINUSE: address already in use :::3008
Error: listen EADDRINUSE: address already in use :::3008
    at Server.setupListenHandle [as _listen2] (node:net:1372:16)
    at listenInCluster (node:net:1420:12)
    at Server.listen (node:net:1508:7)
    at Function.listen (/home/lenovo/git/thread-backend/node_modules/express/lib/application.js:618:24)
    at App.listen (/home/lenovo/git/thread-backend/src/app.ts:37:14)
    at Object.<anonymous> (/home/lenovo/git/thread-backend/src/server.ts:14:5)
    at Module._compile (node:internal/modules/cjs/loader:1105:14)
    at Module.m._compile (/home/lenovo/git/thread-backend/node_modules/ts-node/src/index.ts:1371:23)
    at Module._extensions..js (node:internal/modules/cjs/loader:1159:10)
    at Object.require.extensions.<computed> [as .ts] (/home/lenovo/git/thread-backend/node_modules/ts-node/src/index.ts:1374:12)
2022-05-30 22:00:50 error: uncaughtException: EIO: i/o error, write
Error: EIO: i/o error, write
    at writeSync (node:fs:888:3)
    at SyncWriteStream._write (node:internal/fs/sync_write_stream:25:3)
    at writeOrBuffer (node:internal/streams/writable:389:12)
    at _write (node:internal/streams/writable:330:10)
    at SyncWriteStream.Writable.write (node:internal/streams/writable:334:10)
    at Console.log (/home/lenovo/git/thread-backend/node_modules/winston/lib/winston/transports/console.js:79:23)
    at Console._write (/home/lenovo/git/thread-backend/node_modules/winston-transport/index.js:103:17)
    at doWrite (/home/lenovo/git/thread-backend/node_modules/winston-transport/node_modules/readable-stream/lib/_stream_writable.js:428:64)
    at writeOrBuffer (/home/lenovo/git/thread-backend/node_modules/winston-transport/node_modules/readable-stream/lib/_stream_writable.js:417:5)
    at Console.Writable.write (/home/lenovo/git/thread-backend/node_modules/winston-transport/node_modules/readable-stream/lib/_stream_writable.js:334:11)
