2022-06-02 17:34:53 error: uncaughtException: Class constructor FabricModel cannot be invoked without 'new'
TypeError: Class constructor FabricModel cannot be invoked without 'new'
    at Object.<anonymous> (/home/lenovo/git/thread-backend/src/databases/index.ts:36:22)
    at Module._compile (node:internal/modules/cjs/loader:1105:14)
    at Module.m._compile (/home/lenovo/git/thread-backend/node_modules/ts-node/src/index.ts:1371:23)
    at Module._extensions..js (node:internal/modules/cjs/loader:1159:10)
    at Object.require.extensions.<computed> [as .ts] (/home/lenovo/git/thread-backend/node_modules/ts-node/src/index.ts:1374:12)
    at Module.load (node:internal/modules/cjs/loader:981:32)
    at Function.Module._load (node:internal/modules/cjs/loader:822:12)
    at Module.require (node:internal/modules/cjs/loader:1005:19)
    at require (node:internal/modules/cjs/helpers:102:18)
    at Object.<anonymous> (/home/lenovo/git/thread-backend/src/app.ts:13:1)
2022-06-02 17:35:22 error: uncaughtException: Cannot find module '@models/productBuilder.model'
Require stack:
- /home/lenovo/git/thread-backend/src/databases/index.ts
- /home/lenovo/git/thread-backend/src/app.ts
- /home/lenovo/git/thread-backend/src/server.ts
Error: Cannot find module '@models/productBuilder.model'
Require stack:
- /home/lenovo/git/thread-backend/src/databases/index.ts
- /home/lenovo/git/thread-backend/src/app.ts
- /home/lenovo/git/thread-backend/src/server.ts
    at Function.Module._resolveFilename (node:internal/modules/cjs/loader:933:15)
    at Function.Module._resolveFilename.sharedData.moduleResolveFilenameHook.installedValue (/home/lenovo/git/thread-backend/node_modules/@cspotcode/source-map-support/source-map-support.js:679:30)
    at Function.Module._resolveFilename (/home/lenovo/git/thread-backend/node_modules/tsconfig-paths/lib/register.js:75:40)
    at Function.Module._load (node:internal/modules/cjs/loader:778:27)
    at Module.require (node:internal/modules/cjs/loader:1005:19)
    at require (node:internal/modules/cjs/helpers:102:18)
    at Object.<anonymous> (/home/lenovo/git/thread-backend/src/databases/index.ts:6:1)
    at Module._compile (node:internal/modules/cjs/loader:1105:14)
    at Module.m._compile (/home/lenovo/git/thread-backend/node_modules/ts-node/src/index.ts:1371:23)
    at Module._extensions..js (node:internal/modules/cjs/loader:1159:10)
2022-06-02 17:36:05 error: uncaughtException: Class constructor FabricModel cannot be invoked without 'new'
TypeError: Class constructor FabricModel cannot be invoked without 'new'
    at Object.<anonymous> (/home/lenovo/git/thread-backend/src/databases/index.ts:36:22)
    at Module._compile (node:internal/modules/cjs/loader:1105:14)
    at Module.m._compile (/home/lenovo/git/thread-backend/node_modules/ts-node/src/index.ts:1371:23)
    at Module._extensions..js (node:internal/modules/cjs/loader:1159:10)
    at Object.require.extensions.<computed> [as .ts] (/home/lenovo/git/thread-backend/node_modules/ts-node/src/index.ts:1374:12)
    at Module.load (node:internal/modules/cjs/loader:981:32)
    at Function.Module._load (node:internal/modules/cjs/loader:822:12)
    at Module.require (node:internal/modules/cjs/loader:1005:19)
    at require (node:internal/modules/cjs/helpers:102:18)
    at Object.<anonymous> (/home/lenovo/git/thread-backend/src/app.ts:13:1)
