2022-06-28 10:14:22 info: =================================
2022-06-28 10:14:22 info: ======= ENV: development =======
2022-06-28 10:14:22 info: 🚀 App listening on the port 3008
2022-06-28 10:14:22 info: =================================
2022-06-28 10:14:22 info: 2ms Executed (default): SELECT 1+1 AS result
2022-06-28 10:14:22 info: 16ms Executed (default): CREATE TABLE IF NOT EXISTS `users` (`id` INTEGER auto_increment , `email` VARCHAR(45) NOT NULL, `password` VARCHAR(255) NOT NULL, `name` VARCHAR(45) NOT NULL, `role` VARCHAR(45) NOT NULL, `phone_number` INTEGER NOT NULL, `address` VARCHAR(45) NOT NULL, `email_status` VARCHAR(45) NOT NULL, `created_at` DATETIME NOT NULL, `updated_at` DATETIME NOT NULL, PRIMARY KEY (`id`)) ENGINE=InnoDB DEFAULT CHARSET=utf8mb4 COLLATE utf8mb4_general_ci;
2022-06-28 10:14:22 info: 12ms Executed (default): SHOW INDEX FROM `users`
2022-06-28 10:14:22 info: 5ms Executed (default): CREATE TABLE IF NOT EXISTS `productBuilder` (`id` INTEGER auto_increment , `fabric_id` INTEGER NOT NULL, `user_id` INTEGER NOT NULL, `measuring_for` VARCHAR(45) NOT NULL, `type_of_room` VARCHAR(255) NOT NULL, `kind_of_room` VARCHAR(45) NOT NULL, `window_name` VARCHAR(45) NOT NULL, `pole_or_track_status` VARCHAR(45) NOT NULL, `width` INTEGER NOT NULL, `height` INTEGER NOT NULL, `panel` VARCHAR(45) NOT NULL, `curtain_close` VARCHAR(45) NOT NULL, `style` VARCHAR(45) NOT NULL, `lining` VARCHAR(45) NOT NULL, `pole_and_track` VARCHAR(45) NOT NULL, `pole_material` VARCHAR(45) NOT NULL, `pole_diameter` INTEGER NOT NULL, `pol_end` VARCHAR(45) NOT NULL, `pol_finish` VARCHAR(45) NOT NULL, `track_end` VARCHAR(45) NOT NULL, `track_finish` VARCHAR(45) NOT NULL, `pooling` VARCHAR(45) NOT NULL, `total_price` INTEGER NOT NULL, `image` VARCHAR(255) NOT NULL, `created_at` DATETIME NOT NULL, `updated_at` DATETIME NOT NULL, PRIMARY KEY (`id`)) ENGINE=InnoDB DEFAULT CHARSET=utf8mb4 COLLATE utf8mb4_general_ci;
2022-06-28 10:14:22 info: 4ms Executed (default): SHOW INDEX FROM `productBuilder`
2022-06-28 10:14:22 info: 5ms Executed (default): CREATE TABLE IF NOT EXISTS `fabric` (`id` INTEGER auto_increment , `name` VARCHAR(45) NOT NULL, `fabric_type` VARCHAR(45) NOT NULL, `starting_price` INTEGER NOT NULL, `color` VARCHAR(45) NOT NULL, `material_type` VARCHAR(45) NOT NULL, `price_per_meter` INTEGER NOT NULL, `category` VARCHAR(45) NOT NULL, `milled_country_name` VARCHAR(45) NOT NULL, `composition` VARCHAR(45) NOT NULL, `cleaning` VARCHAR(45) NOT NULL, `small_curtains` INTEGER NOT NULL, `medium_curtains` INTEGER NOT NULL, `large_curtains` INTEGER NOT NULL, `image` VARCHAR(255) NOT NULL, `created_at` DATETIME NOT NULL, `updated_at` DATETIME NOT NULL, PRIMARY KEY (`id`)) ENGINE=InnoDB DEFAULT CHARSET=utf8mb4 COLLATE utf8mb4_general_ci;
2022-06-28 10:14:22 info: 3ms Executed (default): SHOW INDEX FROM `fabric`
2022-06-28 10:14:22 info: 5ms Executed (default): CREATE TABLE IF NOT EXISTS `style` (`id` INTEGER auto_increment , `style_type` VARCHAR(45) NOT NULL, `height` INTEGER NOT NULL, `width` INTEGER NOT NULL, `price` INTEGER NOT NULL, `created_at` DATETIME NOT NULL, `updated_at` DATETIME NOT NULL, PRIMARY KEY (`id`)) ENGINE=InnoDB DEFAULT CHARSET=utf8mb4 COLLATE utf8mb4_general_ci;
2022-06-28 10:14:22 info: 4ms Executed (default): SHOW INDEX FROM `style`
2022-06-28 10:14:22 info: 5ms Executed (default): CREATE TABLE IF NOT EXISTS `cart` (`id` INTEGER auto_increment , `product_builder_id` INTEGER NOT NULL, `user_id` INTEGER NOT NULL, `count` INTEGER NOT NULL, `created_at` DATETIME NOT NULL, `updated_at` DATETIME NOT NULL, PRIMARY KEY (`id`)) ENGINE=InnoDB DEFAULT CHARSET=utf8mb4 COLLATE utf8mb4_general_ci;
2022-06-28 10:14:22 info: 3ms Executed (default): SHOW INDEX FROM `cart`
2022-06-28 10:14:22 info: 5ms Executed (default): CREATE TABLE IF NOT EXISTS `order` (`id` INTEGER auto_increment , `product_builder_id` INTEGER NOT NULL, `user_id` INTEGER NOT NULL, `count` INTEGER NOT NULL, `status` VARCHAR(45) NOT NULL, `shipping_address` VARCHAR(255) NOT NULL, `mobile_number` VARCHAR(45) NOT NULL, `payment_status` VARCHAR(45) NOT NULL, `created_at` DATETIME NOT NULL, `updated_at` DATETIME NOT NULL, PRIMARY KEY (`id`)) ENGINE=InnoDB DEFAULT CHARSET=utf8mb4 COLLATE utf8mb4_general_ci;
2022-06-28 10:14:22 info: 2ms Executed (default): SHOW INDEX FROM `order`
2022-06-28 10:14:22 info: 4ms Executed (default): CREATE TABLE IF NOT EXISTS `payment` (`id` INTEGER auto_increment , `invoice` VARCHAR(255) NOT NULL, `amount` INTEGER NOT NULL, `order_id` INTEGER NOT NULL, `transaction_id` INTEGER NOT NULL, `payment_id` INTEGER NOT NULL, `transaction_status` VARCHAR(45) NOT NULL, `created_at` DATETIME NOT NULL, `updated_at` DATETIME NOT NULL, PRIMARY KEY (`id`)) ENGINE=InnoDB DEFAULT CHARSET=utf8mb4 COLLATE utf8mb4_general_ci;
2022-06-28 10:14:22 info: 3ms Executed (default): SHOW INDEX FROM `payment`
2022-06-28 10:15:18 error: [POST] /api/v1/secure/admin/fabric >> StatusCode:: 404, Message:: Authentication token missing
2022-06-28 10:15:18 info: [0mPOST /api/v1/secure/admin/fabric [33m404[0m 32.687 ms - 42[0m
2022-06-28 10:16:10 error: [GET] /api/v1/secure/users >> StatusCode:: 401, Message:: Wrong authentication token
2022-06-28 10:16:10 info: [0mGET /api/v1/secure/users [33m401[0m 2.868 ms - 40[0m
2022-06-28 10:17:04 info: 2ms Executed (default): SELECT `id`, `email`, `password`, `name`, `role`, `phone_number` AS `phoneNumber`, `address`, `email_status` AS `emailStatus`, `created_at` AS `createdAt`, `updated_at` AS `updatedAt` FROM `users` AS `UserModel` WHERE `UserModel`.`email` = 'maneeshaek12@gmail.com' LIMIT 1;
2022-06-28 10:17:04 info: [0mPOST /api/v1/login [32m201[0m 79.407 ms - 333[0m
2022-06-28 10:19:24 info: 1ms Executed (default): SELECT `id`, `email`, `password`, `name`, `role`, `phone_number` AS `phoneNumber`, `address`, `email_status` AS `emailStatus`, `created_at` AS `createdAt`, `updated_at` AS `updatedAt` FROM `users` AS `UserModel` WHERE `UserModel`.`id` = 4;
2022-06-28 10:19:24 info: 10ms Executed (default): INSERT INTO `cart` (`id`,`product_builder_id`,`user_id`,`count`,`created_at`,`updated_at`) VALUES (DEFAULT,?,?,?,?,?); 1, 4, 4, "2022-06-28 04:49:24", "2022-06-28 04:49:24"
2022-06-28 10:19:24 info: [0mPOST /api/v1/secure/cart/ [32m201[0m 32.436 ms - 175[0m
2022-06-28 11:36:08 error: [POST] /api/v1/secure/cart/ >> StatusCode:: 401, Message:: Wrong authentication token
2022-06-28 11:36:08 info: [0mPOST /api/v1/secure/cart/ [33m401[0m 3.015 ms - 40[0m
2022-06-28 11:36:27 info: [0mGET /api-docs/ [36m304[0m 4.875 ms - -[0m
2022-06-28 11:36:27 info: [0mGET /api-docs/swagger-ui.css [36m304[0m 2.742 ms - -[0m
2022-06-28 11:36:27 info: [0mGET /api-docs/swagger-ui-bundle.js [36m304[0m 0.530 ms - -[0m
2022-06-28 11:36:27 info: [0mGET /api-docs/swagger-ui-standalone-preset.js [36m304[0m 6.072 ms - -[0m
2022-06-28 11:36:27 info: [0mGET /api-docs/swagger-ui-init.js [32m200[0m 3.601 ms - -[0m
2022-06-28 11:36:27 info: [0mGET /api-docs/favicon-16x16.png [0m-[0m - ms - -[0m
2022-06-28 12:03:40 info: =================================
2022-06-28 12:03:40 info: ======= ENV: development =======
2022-06-28 12:03:40 info: 🚀 App listening on the port 3008
2022-06-28 12:03:40 info: =================================
2022-06-28 12:03:40 info: 2ms Executed (default): SELECT 1+1 AS result
2022-06-28 12:03:40 info: 9ms Executed (default): CREATE TABLE IF NOT EXISTS `users` (`id` INTEGER auto_increment , `email` VARCHAR(45) NOT NULL, `password` VARCHAR(255) NOT NULL, `name` VARCHAR(45) NOT NULL, `role` VARCHAR(45) NOT NULL, `phone_number` INTEGER NOT NULL, `address` VARCHAR(45) NOT NULL, `email_status` VARCHAR(45) NOT NULL, `created_at` DATETIME NOT NULL, `updated_at` DATETIME NOT NULL, PRIMARY KEY (`id`)) ENGINE=InnoDB DEFAULT CHARSET=utf8mb4 COLLATE utf8mb4_general_ci;
2022-06-28 12:03:40 info: 6ms Executed (default): SHOW INDEX FROM `users`
2022-06-28 12:03:40 info: 2ms Executed (default): CREATE TABLE IF NOT EXISTS `productBuilder` (`id` INTEGER auto_increment , `fabric_id` INTEGER NOT NULL, `user_id` INTEGER NOT NULL, `measuring_for` VARCHAR(45) NOT NULL, `type_of_room` VARCHAR(255) NOT NULL, `kind_of_room` VARCHAR(45) NOT NULL, `window_name` VARCHAR(45) NOT NULL, `pole_or_track_status` VARCHAR(45) NOT NULL, `width` INTEGER NOT NULL, `height` INTEGER NOT NULL, `panel` VARCHAR(45) NOT NULL, `curtain_close` VARCHAR(45) NOT NULL, `style` VARCHAR(45) NOT NULL, `lining` VARCHAR(45) NOT NULL, `pole_and_track` VARCHAR(45) NOT NULL, `pole_material` VARCHAR(45) NOT NULL, `pole_diameter` INTEGER NOT NULL, `pol_end` VARCHAR(45) NOT NULL, `pol_finish` VARCHAR(45) NOT NULL, `track_end` VARCHAR(45) NOT NULL, `track_finish` VARCHAR(45) NOT NULL, `pooling` VARCHAR(45) NOT NULL, `total_price` INTEGER NOT NULL, `image` VARCHAR(255) NOT NULL, `created_at` DATETIME NOT NULL, `updated_at` DATETIME NOT NULL, PRIMARY KEY (`id`)) ENGINE=InnoDB DEFAULT CHARSET=utf8mb4 COLLATE utf8mb4_general_ci;
2022-06-28 12:03:40 info: 4ms Executed (default): SHOW INDEX FROM `productBuilder`
2022-06-28 12:03:40 info: 2ms Executed (default): CREATE TABLE IF NOT EXISTS `fabric` (`id` INTEGER auto_increment , `name` VARCHAR(45) NOT NULL, `fabric_type` VARCHAR(45) NOT NULL, `starting_price` INTEGER NOT NULL, `color` VARCHAR(45) NOT NULL, `material_type` VARCHAR(45) NOT NULL, `price_per_meter` INTEGER NOT NULL, `category` VARCHAR(45) NOT NULL, `milled_country_name` VARCHAR(45) NOT NULL, `composition` VARCHAR(45) NOT NULL, `cleaning` VARCHAR(45) NOT NULL, `small_curtains` INTEGER NOT NULL, `medium_curtains` INTEGER NOT NULL, `large_curtains` INTEGER NOT NULL, `image` VARCHAR(255) NOT NULL, `created_at` DATETIME NOT NULL, `updated_at` DATETIME NOT NULL, PRIMARY KEY (`id`)) ENGINE=InnoDB DEFAULT CHARSET=utf8mb4 COLLATE utf8mb4_general_ci;
2022-06-28 12:03:40 info: 4ms Executed (default): SHOW INDEX FROM `fabric`
2022-06-28 12:03:40 info: 2ms Executed (default): CREATE TABLE IF NOT EXISTS `style` (`id` INTEGER auto_increment , `style_type` VARCHAR(45) NOT NULL, `height` INTEGER NOT NULL, `width` INTEGER NOT NULL, `price` INTEGER NOT NULL, `created_at` DATETIME NOT NULL, `updated_at` DATETIME NOT NULL, PRIMARY KEY (`id`)) ENGINE=InnoDB DEFAULT CHARSET=utf8mb4 COLLATE utf8mb4_general_ci;
2022-06-28 12:03:40 info: 3ms Executed (default): SHOW INDEX FROM `style`
2022-06-28 12:03:40 info: 2ms Executed (default): CREATE TABLE IF NOT EXISTS `cart` (`id` INTEGER auto_increment , `product_builder_id` INTEGER NOT NULL, `user_id` INTEGER NOT NULL, `count` INTEGER NOT NULL, `created_at` DATETIME NOT NULL, `updated_at` DATETIME NOT NULL, PRIMARY KEY (`id`)) ENGINE=InnoDB DEFAULT CHARSET=utf8mb4 COLLATE utf8mb4_general_ci;
2022-06-28 12:03:40 info: 3ms Executed (default): SHOW INDEX FROM `cart`
2022-06-28 12:03:40 info: 2ms Executed (default): CREATE TABLE IF NOT EXISTS `order` (`id` INTEGER auto_increment , `product_builder_id` INTEGER NOT NULL, `user_id` INTEGER NOT NULL, `count` INTEGER NOT NULL, `status` VARCHAR(45) NOT NULL, `shipping_address` VARCHAR(255) NOT NULL, `mobile_number` VARCHAR(45) NOT NULL, `payment_status` VARCHAR(45) NOT NULL, `created_at` DATETIME NOT NULL, `updated_at` DATETIME NOT NULL, PRIMARY KEY (`id`)) ENGINE=InnoDB DEFAULT CHARSET=utf8mb4 COLLATE utf8mb4_general_ci;
2022-06-28 12:03:40 info: 4ms Executed (default): SHOW INDEX FROM `order`
2022-06-28 12:03:40 info: 2ms Executed (default): CREATE TABLE IF NOT EXISTS `payment` (`id` INTEGER auto_increment , `invoice` VARCHAR(255) NOT NULL, `amount` INTEGER NOT NULL, `order_id` INTEGER NOT NULL, `transaction_id` INTEGER NOT NULL, `payment_id` INTEGER NOT NULL, `transaction_status` VARCHAR(45) NOT NULL, `created_at` DATETIME NOT NULL, `updated_at` DATETIME NOT NULL, PRIMARY KEY (`id`)) ENGINE=InnoDB DEFAULT CHARSET=utf8mb4 COLLATE utf8mb4_general_ci;
2022-06-28 12:03:40 info: 3ms Executed (default): SHOW INDEX FROM `payment`
2022-06-28 12:03:48 info: [0mGET /api-docs/ [36m304[0m 9.405 ms - -[0m
2022-06-28 12:03:48 info: [0mGET /api-docs/swagger-ui-bundle.js [36m304[0m 4.195 ms - -[0m
2022-06-28 12:03:48 info: [0mGET /api-docs/swagger-ui-standalone-preset.js [36m304[0m 6.852 ms - -[0m
2022-06-28 12:03:48 info: [0mGET /api-docs/swagger-ui.css [36m304[0m 4.634 ms - -[0m
2022-06-28 12:03:48 info: [0mGET /api-docs/swagger-ui-init.js [32m200[0m 3.688 ms - -[0m
2022-06-28 12:07:02 info: =================================
2022-06-28 12:07:02 info: ======= ENV: development =======
2022-06-28 12:07:02 info: 🚀 App listening on the port 3008
2022-06-28 12:07:02 info: =================================
2022-06-28 12:07:02 info: 1ms Executed (default): SELECT 1+1 AS result
2022-06-28 12:07:02 info: 2ms Executed (default): CREATE TABLE IF NOT EXISTS `users` (`id` INTEGER auto_increment , `email` VARCHAR(45) NOT NULL, `password` VARCHAR(255) NOT NULL, `name` VARCHAR(45) NOT NULL, `role` VARCHAR(45) NOT NULL, `phone_number` INTEGER NOT NULL, `address` VARCHAR(45) NOT NULL, `email_status` VARCHAR(45) NOT NULL, `created_at` DATETIME NOT NULL, `updated_at` DATETIME NOT NULL, PRIMARY KEY (`id`)) ENGINE=InnoDB DEFAULT CHARSET=utf8mb4 COLLATE utf8mb4_general_ci;
2022-06-28 12:07:02 info: 3ms Executed (default): SHOW INDEX FROM `users`
2022-06-28 12:07:02 info: 2ms Executed (default): CREATE TABLE IF NOT EXISTS `productBuilder` (`id` INTEGER auto_increment , `fabric_id` INTEGER NOT NULL, `user_id` INTEGER NOT NULL, `measuring_for` VARCHAR(45) NOT NULL, `type_of_room` VARCHAR(255) NOT NULL, `kind_of_room` VARCHAR(45) NOT NULL, `window_name` VARCHAR(45) NOT NULL, `pole_or_track_status` VARCHAR(45) NOT NULL, `width` INTEGER NOT NULL, `height` INTEGER NOT NULL, `panel` VARCHAR(45) NOT NULL, `curtain_close` VARCHAR(45) NOT NULL, `style` VARCHAR(45) NOT NULL, `lining` VARCHAR(45) NOT NULL, `pole_and_track` VARCHAR(45) NOT NULL, `pole_material` VARCHAR(45) NOT NULL, `pole_diameter` INTEGER NOT NULL, `pol_end` VARCHAR(45) NOT NULL, `pol_finish` VARCHAR(45) NOT NULL, `track_end` VARCHAR(45) NOT NULL, `track_finish` VARCHAR(45) NOT NULL, `pooling` VARCHAR(45) NOT NULL, `total_price` INTEGER NOT NULL, `image` VARCHAR(255) NOT NULL, `created_at` DATETIME NOT NULL, `updated_at` DATETIME NOT NULL, PRIMARY KEY (`id`)) ENGINE=InnoDB DEFAULT CHARSET=utf8mb4 COLLATE utf8mb4_general_ci;
2022-06-28 12:07:02 info: 2ms Executed (default): SHOW INDEX FROM `productBuilder`
2022-06-28 12:07:02 info: 3ms Executed (default): CREATE TABLE IF NOT EXISTS `fabric` (`id` INTEGER auto_increment , `name` VARCHAR(45) NOT NULL, `fabric_type` VARCHAR(45) NOT NULL, `starting_price` INTEGER NOT NULL, `color` VARCHAR(45) NOT NULL, `material_type` VARCHAR(45) NOT NULL, `price_per_meter` INTEGER NOT NULL, `category` VARCHAR(45) NOT NULL, `milled_country_name` VARCHAR(45) NOT NULL, `composition` VARCHAR(45) NOT NULL, `cleaning` VARCHAR(45) NOT NULL, `small_curtains` INTEGER NOT NULL, `medium_curtains` INTEGER NOT NULL, `large_curtains` INTEGER NOT NULL, `image` VARCHAR(255) NOT NULL, `created_at` DATETIME NOT NULL, `updated_at` DATETIME NOT NULL, PRIMARY KEY (`id`)) ENGINE=InnoDB DEFAULT CHARSET=utf8mb4 COLLATE utf8mb4_general_ci;
2022-06-28 12:07:02 info: 1ms Executed (default): SHOW INDEX FROM `fabric`
2022-06-28 12:07:02 info: 1ms Executed (default): CREATE TABLE IF NOT EXISTS `style` (`id` INTEGER auto_increment , `style_type` VARCHAR(45) NOT NULL, `height` INTEGER NOT NULL, `width` INTEGER NOT NULL, `price` INTEGER NOT NULL, `created_at` DATETIME NOT NULL, `updated_at` DATETIME NOT NULL, PRIMARY KEY (`id`)) ENGINE=InnoDB DEFAULT CHARSET=utf8mb4 COLLATE utf8mb4_general_ci;
2022-06-28 12:07:02 info: 2ms Executed (default): SHOW INDEX FROM `style`
2022-06-28 12:07:02 info: 1ms Executed (default): CREATE TABLE IF NOT EXISTS `cart` (`id` INTEGER auto_increment , `product_builder_id` INTEGER NOT NULL, `user_id` INTEGER NOT NULL, `count` INTEGER NOT NULL, `created_at` DATETIME NOT NULL, `updated_at` DATETIME NOT NULL, PRIMARY KEY (`id`)) ENGINE=InnoDB DEFAULT CHARSET=utf8mb4 COLLATE utf8mb4_general_ci;
2022-06-28 12:07:02 info: 2ms Executed (default): SHOW INDEX FROM `cart`
2022-06-28 12:07:02 info: 1ms Executed (default): CREATE TABLE IF NOT EXISTS `order` (`id` INTEGER auto_increment , `product_builder_id` INTEGER NOT NULL, `user_id` INTEGER NOT NULL, `count` INTEGER NOT NULL, `status` VARCHAR(45) NOT NULL, `shipping_address` VARCHAR(255) NOT NULL, `mobile_number` VARCHAR(45) NOT NULL, `payment_status` VARCHAR(45) NOT NULL, `created_at` DATETIME NOT NULL, `updated_at` DATETIME NOT NULL, PRIMARY KEY (`id`)) ENGINE=InnoDB DEFAULT CHARSET=utf8mb4 COLLATE utf8mb4_general_ci;
2022-06-28 12:07:02 info: 2ms Executed (default): SHOW INDEX FROM `order`
2022-06-28 12:07:02 info: 2ms Executed (default): CREATE TABLE IF NOT EXISTS `payment` (`id` INTEGER auto_increment , `invoice` VARCHAR(255) NOT NULL, `amount` INTEGER NOT NULL, `order_id` INTEGER NOT NULL, `transaction_id` INTEGER NOT NULL, `payment_id` INTEGER NOT NULL, `transaction_status` VARCHAR(45) NOT NULL, `created_at` DATETIME NOT NULL, `updated_at` DATETIME NOT NULL, PRIMARY KEY (`id`)) ENGINE=InnoDB DEFAULT CHARSET=utf8mb4 COLLATE utf8mb4_general_ci;
2022-06-28 12:07:02 info: 2ms Executed (default): SHOW INDEX FROM `payment`
2022-06-28 12:07:11 info: [0mGET /api-docs/ [36m304[0m 6.975 ms - -[0m
2022-06-28 12:07:11 info: [0mGET /api-docs/swagger-ui-bundle.js [36m304[0m 3.295 ms - -[0m
2022-06-28 12:07:11 info: [0mGET /api-docs/swagger-ui-standalone-preset.js [36m304[0m 7.329 ms - -[0m
2022-06-28 12:07:11 info: [0mGET /api-docs/swagger-ui.css [36m304[0m 4.772 ms - -[0m
2022-06-28 12:07:11 info: [0mGET /api-docs/swagger-ui-init.js [32m200[0m 3.435 ms - -[0m
2022-06-28 12:07:12 info: [0mGET /api-docs/ [36m304[0m 0.761 ms - -[0m
2022-06-28 12:07:12 info: [0mGET /api-docs/swagger-ui-bundle.js [36m304[0m 1.673 ms - -[0m
2022-06-28 12:07:12 info: [0mGET /api-docs/swagger-ui-standalone-preset.js [36m304[0m 1.821 ms - -[0m
2022-06-28 12:07:12 info: [0mGET /api-docs/swagger-ui-init.js [36m304[0m 1.049 ms - -[0m
2022-06-28 12:07:12 info: [0mGET /api-docs/swagger-ui.css [36m304[0m 1.683 ms - -[0m
2022-06-28 12:07:14 info: [0mGET /api-docs/ [36m304[0m 1.445 ms - -[0m
2022-06-28 12:07:14 info: [0mGET /api-docs/swagger-ui.css [36m304[0m 1.845 ms - -[0m
2022-06-28 12:07:14 info: [0mGET /api-docs/swagger-ui-bundle.js [36m304[0m 2.027 ms - -[0m
2022-06-28 12:07:14 info: [0mGET /api-docs/swagger-ui-init.js [36m304[0m 0.459 ms - -[0m
2022-06-28 12:07:14 info: [0mGET /api-docs/swagger-ui-standalone-preset.js [36m304[0m 2.856 ms - -[0m
2022-06-28 12:07:16 info: [0mGET /api-docs/ [36m304[0m 2.820 ms - -[0m
2022-06-28 12:07:16 info: [0mGET /api-docs/swagger-ui.css [36m304[0m 2.281 ms - -[0m
2022-06-28 12:07:16 info: [0mGET /api-docs/swagger-ui-bundle.js [36m304[0m 2.767 ms - -[0m
2022-06-28 12:07:16 info: [0mGET /api-docs/swagger-ui-standalone-preset.js [36m304[0m 3.375 ms - -[0m
2022-06-28 12:07:16 info: [0mGET /api-docs/swagger-ui-init.js [36m304[0m 0.723 ms - -[0m
2022-06-28 12:12:29 info: [0mGET /api-docs/ [36m304[0m 1.718 ms - -[0m
2022-06-28 12:12:29 info: [0mGET /api-docs/swagger-ui-bundle.js [36m304[0m 0.992 ms - -[0m
2022-06-28 12:12:29 info: [0mGET /api-docs/swagger-ui-init.js [36m304[0m 0.766 ms - -[0m
2022-06-28 12:12:29 info: [0mGET /api-docs/swagger-ui-standalone-preset.js [36m304[0m 2.767 ms - -[0m
2022-06-28 12:12:29 info: [0mGET /api-docs/swagger-ui.css [36m304[0m 0.930 ms - -[0m
2022-06-28 12:12:30 info: [0mGET /api-docs/ [36m304[0m 0.910 ms - -[0m
2022-06-28 12:12:30 info: [0mGET /api-docs/swagger-ui.css [36m304[0m 1.702 ms - -[0m
2022-06-28 12:12:30 info: [0mGET /api-docs/swagger-ui-bundle.js [36m304[0m 1.774 ms - -[0m
2022-06-28 12:12:30 info: [0mGET /api-docs/swagger-ui-init.js [36m304[0m 0.450 ms - -[0m
2022-06-28 12:12:30 info: [0mGET /api-docs/swagger-ui-standalone-preset.js [36m304[0m 2.872 ms - -[0m
2022-06-28 12:12:39 info: =================================
2022-06-28 12:12:39 info: ======= ENV: development =======
2022-06-28 12:12:39 info: 🚀 App listening on the port 3008
2022-06-28 12:12:39 info: =================================
2022-06-28 12:12:39 info: 1ms Executed (default): SELECT 1+1 AS result
2022-06-28 12:12:39 info: 3ms Executed (default): CREATE TABLE IF NOT EXISTS `users` (`id` INTEGER auto_increment , `email` VARCHAR(45) NOT NULL, `password` VARCHAR(255) NOT NULL, `name` VARCHAR(45) NOT NULL, `role` VARCHAR(45) NOT NULL, `phone_number` INTEGER NOT NULL, `address` VARCHAR(45) NOT NULL, `email_status` VARCHAR(45) NOT NULL, `created_at` DATETIME NOT NULL, `updated_at` DATETIME NOT NULL, PRIMARY KEY (`id`)) ENGINE=InnoDB DEFAULT CHARSET=utf8mb4 COLLATE utf8mb4_general_ci;
2022-06-28 12:12:39 info: 3ms Executed (default): SHOW INDEX FROM `users`
2022-06-28 12:12:39 info: 3ms Executed (default): CREATE TABLE IF NOT EXISTS `productBuilder` (`id` INTEGER auto_increment , `fabric_id` INTEGER NOT NULL, `user_id` INTEGER NOT NULL, `measuring_for` VARCHAR(45) NOT NULL, `type_of_room` VARCHAR(255) NOT NULL, `kind_of_room` VARCHAR(45) NOT NULL, `window_name` VARCHAR(45) NOT NULL, `pole_or_track_status` VARCHAR(45) NOT NULL, `width` INTEGER NOT NULL, `height` INTEGER NOT NULL, `panel` VARCHAR(45) NOT NULL, `curtain_close` VARCHAR(45) NOT NULL, `style` VARCHAR(45) NOT NULL, `lining` VARCHAR(45) NOT NULL, `pole_and_track` VARCHAR(45) NOT NULL, `pole_material` VARCHAR(45) NOT NULL, `pole_diameter` INTEGER NOT NULL, `pol_end` VARCHAR(45) NOT NULL, `pol_finish` VARCHAR(45) NOT NULL, `track_end` VARCHAR(45) NOT NULL, `track_finish` VARCHAR(45) NOT NULL, `pooling` VARCHAR(45) NOT NULL, `total_price` INTEGER NOT NULL, `image` VARCHAR(255) NOT NULL, `created_at` DATETIME NOT NULL, `updated_at` DATETIME NOT NULL, PRIMARY KEY (`id`)) ENGINE=InnoDB DEFAULT CHARSET=utf8mb4 COLLATE utf8mb4_general_ci;
2022-06-28 12:12:39 info: 2ms Executed (default): SHOW INDEX FROM `productBuilder`
2022-06-28 12:12:39 info: 2ms Executed (default): CREATE TABLE IF NOT EXISTS `fabric` (`id` INTEGER auto_increment , `name` VARCHAR(45) NOT NULL, `fabric_type` VARCHAR(45) NOT NULL, `starting_price` INTEGER NOT NULL, `color` VARCHAR(45) NOT NULL, `material_type` VARCHAR(45) NOT NULL, `price_per_meter` INTEGER NOT NULL, `category` VARCHAR(45) NOT NULL, `milled_country_name` VARCHAR(45) NOT NULL, `composition` VARCHAR(45) NOT NULL, `cleaning` VARCHAR(45) NOT NULL, `small_curtains` INTEGER NOT NULL, `medium_curtains` INTEGER NOT NULL, `large_curtains` INTEGER NOT NULL, `image` VARCHAR(255) NOT NULL, `created_at` DATETIME NOT NULL, `updated_at` DATETIME NOT NULL, PRIMARY KEY (`id`)) ENGINE=InnoDB DEFAULT CHARSET=utf8mb4 COLLATE utf8mb4_general_ci;
2022-06-28 12:12:39 info: 2ms Executed (default): SHOW INDEX FROM `fabric`
2022-06-28 12:12:39 info: 2ms Executed (default): CREATE TABLE IF NOT EXISTS `style` (`id` INTEGER auto_increment , `style_type` VARCHAR(45) NOT NULL, `height` INTEGER NOT NULL, `width` INTEGER NOT NULL, `price` INTEGER NOT NULL, `created_at` DATETIME NOT NULL, `updated_at` DATETIME NOT NULL, PRIMARY KEY (`id`)) ENGINE=InnoDB DEFAULT CHARSET=utf8mb4 COLLATE utf8mb4_general_ci;
2022-06-28 12:12:39 info: 2ms Executed (default): SHOW INDEX FROM `style`
2022-06-28 12:12:39 info: 1ms Executed (default): CREATE TABLE IF NOT EXISTS `cart` (`id` INTEGER auto_increment , `product_builder_id` INTEGER NOT NULL, `user_id` INTEGER NOT NULL, `count` INTEGER NOT NULL, `created_at` DATETIME NOT NULL, `updated_at` DATETIME NOT NULL, PRIMARY KEY (`id`)) ENGINE=InnoDB DEFAULT CHARSET=utf8mb4 COLLATE utf8mb4_general_ci;
2022-06-28 12:12:39 info: 2ms Executed (default): SHOW INDEX FROM `cart`
2022-06-28 12:12:39 info: 2ms Executed (default): CREATE TABLE IF NOT EXISTS `order` (`id` INTEGER auto_increment , `product_builder_id` INTEGER NOT NULL, `user_id` INTEGER NOT NULL, `count` INTEGER NOT NULL, `status` VARCHAR(45) NOT NULL, `shipping_address` VARCHAR(255) NOT NULL, `mobile_number` VARCHAR(45) NOT NULL, `payment_status` VARCHAR(45) NOT NULL, `created_at` DATETIME NOT NULL, `updated_at` DATETIME NOT NULL, PRIMARY KEY (`id`)) ENGINE=InnoDB DEFAULT CHARSET=utf8mb4 COLLATE utf8mb4_general_ci;
2022-06-28 12:12:39 info: 2ms Executed (default): SHOW INDEX FROM `order`
2022-06-28 12:12:39 info: 2ms Executed (default): CREATE TABLE IF NOT EXISTS `payment` (`id` INTEGER auto_increment , `invoice` VARCHAR(255) NOT NULL, `amount` INTEGER NOT NULL, `order_id` INTEGER NOT NULL, `transaction_id` INTEGER NOT NULL, `payment_id` INTEGER NOT NULL, `transaction_status` VARCHAR(45) NOT NULL, `created_at` DATETIME NOT NULL, `updated_at` DATETIME NOT NULL, PRIMARY KEY (`id`)) ENGINE=InnoDB DEFAULT CHARSET=utf8mb4 COLLATE utf8mb4_general_ci;
2022-06-28 12:12:39 info: 1ms Executed (default): SHOW INDEX FROM `payment`
2022-06-28 12:12:42 info: [0mGET /api-docs/ [36m304[0m 11.337 ms - -[0m
2022-06-28 12:12:42 info: [0mGET /api-docs/swagger-ui.css [36m304[0m 3.040 ms - -[0m
2022-06-28 12:12:42 info: [0mGET /api-docs/swagger-ui-bundle.js [36m304[0m 5.352 ms - -[0m
2022-06-28 12:12:42 info: [0mGET /api-docs/swagger-ui-standalone-preset.js [36m304[0m 5.097 ms - -[0m
2022-06-28 12:12:42 info: [0mGET /api-docs/swagger-ui-init.js [32m200[0m 2.373 ms - -[0m
2022-06-28 12:13:32 info: =================================
2022-06-28 12:13:32 info: ======= ENV: development =======
2022-06-28 12:13:32 info: 🚀 App listening on the port 3008
2022-06-28 12:13:32 info: =================================
2022-06-28 12:13:32 info: 2ms Executed (default): SELECT 1+1 AS result
2022-06-28 12:13:32 info: 3ms Executed (default): CREATE TABLE IF NOT EXISTS `users` (`id` INTEGER auto_increment , `email` VARCHAR(45) NOT NULL, `password` VARCHAR(255) NOT NULL, `name` VARCHAR(45) NOT NULL, `role` VARCHAR(45) NOT NULL, `phone_number` INTEGER NOT NULL, `address` VARCHAR(45) NOT NULL, `email_status` VARCHAR(45) NOT NULL, `created_at` DATETIME NOT NULL, `updated_at` DATETIME NOT NULL, PRIMARY KEY (`id`)) ENGINE=InnoDB DEFAULT CHARSET=utf8mb4 COLLATE utf8mb4_general_ci;
2022-06-28 12:13:32 info: 2ms Executed (default): SHOW INDEX FROM `users`
2022-06-28 12:13:32 info: 2ms Executed (default): CREATE TABLE IF NOT EXISTS `productBuilder` (`id` INTEGER auto_increment , `fabric_id` INTEGER NOT NULL, `user_id` INTEGER NOT NULL, `measuring_for` VARCHAR(45) NOT NULL, `type_of_room` VARCHAR(255) NOT NULL, `kind_of_room` VARCHAR(45) NOT NULL, `window_name` VARCHAR(45) NOT NULL, `pole_or_track_status` VARCHAR(45) NOT NULL, `width` INTEGER NOT NULL, `height` INTEGER NOT NULL, `panel` VARCHAR(45) NOT NULL, `curtain_close` VARCHAR(45) NOT NULL, `style` VARCHAR(45) NOT NULL, `lining` VARCHAR(45) NOT NULL, `pole_and_track` VARCHAR(45) NOT NULL, `pole_material` VARCHAR(45) NOT NULL, `pole_diameter` INTEGER NOT NULL, `pol_end` VARCHAR(45) NOT NULL, `pol_finish` VARCHAR(45) NOT NULL, `track_end` VARCHAR(45) NOT NULL, `track_finish` VARCHAR(45) NOT NULL, `pooling` VARCHAR(45) NOT NULL, `total_price` INTEGER NOT NULL, `image` VARCHAR(255) NOT NULL, `created_at` DATETIME NOT NULL, `updated_at` DATETIME NOT NULL, PRIMARY KEY (`id`)) ENGINE=InnoDB DEFAULT CHARSET=utf8mb4 COLLATE utf8mb4_general_ci;
2022-06-28 12:13:32 info: 2ms Executed (default): SHOW INDEX FROM `productBuilder`
2022-06-28 12:13:32 info: 1ms Executed (default): CREATE TABLE IF NOT EXISTS `fabric` (`id` INTEGER auto_increment , `name` VARCHAR(45) NOT NULL, `fabric_type` VARCHAR(45) NOT NULL, `starting_price` INTEGER NOT NULL, `color` VARCHAR(45) NOT NULL, `material_type` VARCHAR(45) NOT NULL, `price_per_meter` INTEGER NOT NULL, `category` VARCHAR(45) NOT NULL, `milled_country_name` VARCHAR(45) NOT NULL, `composition` VARCHAR(45) NOT NULL, `cleaning` VARCHAR(45) NOT NULL, `small_curtains` INTEGER NOT NULL, `medium_curtains` INTEGER NOT NULL, `large_curtains` INTEGER NOT NULL, `image` VARCHAR(255) NOT NULL, `created_at` DATETIME NOT NULL, `updated_at` DATETIME NOT NULL, PRIMARY KEY (`id`)) ENGINE=InnoDB DEFAULT CHARSET=utf8mb4 COLLATE utf8mb4_general_ci;
2022-06-28 12:13:32 info: 1ms Executed (default): SHOW INDEX FROM `fabric`
2022-06-28 12:13:32 info: 2ms Executed (default): CREATE TABLE IF NOT EXISTS `style` (`id` INTEGER auto_increment , `style_type` VARCHAR(45) NOT NULL, `height` INTEGER NOT NULL, `width` INTEGER NOT NULL, `price` INTEGER NOT NULL, `created_at` DATETIME NOT NULL, `updated_at` DATETIME NOT NULL, PRIMARY KEY (`id`)) ENGINE=InnoDB DEFAULT CHARSET=utf8mb4 COLLATE utf8mb4_general_ci;
2022-06-28 12:13:32 info: 1ms Executed (default): SHOW INDEX FROM `style`
2022-06-28 12:13:32 info: 2ms Executed (default): CREATE TABLE IF NOT EXISTS `cart` (`id` INTEGER auto_increment , `product_builder_id` INTEGER NOT NULL, `user_id` INTEGER NOT NULL, `count` INTEGER NOT NULL, `created_at` DATETIME NOT NULL, `updated_at` DATETIME NOT NULL, PRIMARY KEY (`id`)) ENGINE=InnoDB DEFAULT CHARSET=utf8mb4 COLLATE utf8mb4_general_ci;
2022-06-28 12:13:32 info: 2ms Executed (default): SHOW INDEX FROM `cart`
2022-06-28 12:13:32 info: 2ms Executed (default): CREATE TABLE IF NOT EXISTS `order` (`id` INTEGER auto_increment , `product_builder_id` INTEGER NOT NULL, `user_id` INTEGER NOT NULL, `count` INTEGER NOT NULL, `status` VARCHAR(45) NOT NULL, `shipping_address` VARCHAR(255) NOT NULL, `mobile_number` VARCHAR(45) NOT NULL, `payment_status` VARCHAR(45) NOT NULL, `created_at` DATETIME NOT NULL, `updated_at` DATETIME NOT NULL, PRIMARY KEY (`id`)) ENGINE=InnoDB DEFAULT CHARSET=utf8mb4 COLLATE utf8mb4_general_ci;
2022-06-28 12:13:32 info: 1ms Executed (default): SHOW INDEX FROM `order`
2022-06-28 12:13:32 info: 2ms Executed (default): CREATE TABLE IF NOT EXISTS `payment` (`id` INTEGER auto_increment , `invoice` VARCHAR(255) NOT NULL, `amount` INTEGER NOT NULL, `order_id` INTEGER NOT NULL, `transaction_id` INTEGER NOT NULL, `payment_id` INTEGER NOT NULL, `transaction_status` VARCHAR(45) NOT NULL, `created_at` DATETIME NOT NULL, `updated_at` DATETIME NOT NULL, PRIMARY KEY (`id`)) ENGINE=InnoDB DEFAULT CHARSET=utf8mb4 COLLATE utf8mb4_general_ci;
2022-06-28 12:13:32 info: 2ms Executed (default): SHOW INDEX FROM `payment`
2022-06-28 12:14:14 info: [0mGET /api-docs/ [36m304[0m 12.959 ms - -[0m
2022-06-28 12:14:14 info: [0mGET /api-docs/swagger-ui-bundle.js [36m304[0m 2.913 ms - -[0m
2022-06-28 12:14:14 info: [0mGET /api-docs/swagger-ui-standalone-preset.js [36m304[0m 5.330 ms - -[0m
2022-06-28 12:14:14 info: [0mGET /api-docs/swagger-ui.css [36m304[0m 2.306 ms - -[0m
2022-06-28 12:14:14 info: [0mGET /api-docs/swagger-ui-init.js [32m200[0m 3.395 ms - -[0m
2022-06-28 12:14:58 info: =================================
2022-06-28 12:14:58 info: ======= ENV: development =======
2022-06-28 12:14:58 info: 🚀 App listening on the port 3008
2022-06-28 12:14:58 info: =================================
2022-06-28 12:14:58 info: 1ms Executed (default): SELECT 1+1 AS result
2022-06-28 12:14:58 info: 3ms Executed (default): CREATE TABLE IF NOT EXISTS `users` (`id` INTEGER auto_increment , `email` VARCHAR(45) NOT NULL, `password` VARCHAR(255) NOT NULL, `name` VARCHAR(45) NOT NULL, `role` VARCHAR(45) NOT NULL, `phone_number` INTEGER NOT NULL, `address` VARCHAR(45) NOT NULL, `email_status` VARCHAR(45) NOT NULL, `created_at` DATETIME NOT NULL, `updated_at` DATETIME NOT NULL, PRIMARY KEY (`id`)) ENGINE=InnoDB DEFAULT CHARSET=utf8mb4 COLLATE utf8mb4_general_ci;
2022-06-28 12:14:58 info: 3ms Executed (default): SHOW INDEX FROM `users`
2022-06-28 12:14:58 info: 2ms Executed (default): CREATE TABLE IF NOT EXISTS `productBuilder` (`id` INTEGER auto_increment , `fabric_id` INTEGER NOT NULL, `user_id` INTEGER NOT NULL, `measuring_for` VARCHAR(45) NOT NULL, `type_of_room` VARCHAR(255) NOT NULL, `kind_of_room` VARCHAR(45) NOT NULL, `window_name` VARCHAR(45) NOT NULL, `pole_or_track_status` VARCHAR(45) NOT NULL, `width` INTEGER NOT NULL, `height` INTEGER NOT NULL, `panel` VARCHAR(45) NOT NULL, `curtain_close` VARCHAR(45) NOT NULL, `style` VARCHAR(45) NOT NULL, `lining` VARCHAR(45) NOT NULL, `pole_and_track` VARCHAR(45) NOT NULL, `pole_material` VARCHAR(45) NOT NULL, `pole_diameter` INTEGER NOT NULL, `pol_end` VARCHAR(45) NOT NULL, `pol_finish` VARCHAR(45) NOT NULL, `track_end` VARCHAR(45) NOT NULL, `track_finish` VARCHAR(45) NOT NULL, `pooling` VARCHAR(45) NOT NULL, `total_price` INTEGER NOT NULL, `image` VARCHAR(255) NOT NULL, `created_at` DATETIME NOT NULL, `updated_at` DATETIME NOT NULL, PRIMARY KEY (`id`)) ENGINE=InnoDB DEFAULT CHARSET=utf8mb4 COLLATE utf8mb4_general_ci;
2022-06-28 12:14:58 info: 2ms Executed (default): SHOW INDEX FROM `productBuilder`
2022-06-28 12:14:58 info: 1ms Executed (default): CREATE TABLE IF NOT EXISTS `fabric` (`id` INTEGER auto_increment , `name` VARCHAR(45) NOT NULL, `fabric_type` VARCHAR(45) NOT NULL, `starting_price` INTEGER NOT NULL, `color` VARCHAR(45) NOT NULL, `material_type` VARCHAR(45) NOT NULL, `price_per_meter` INTEGER NOT NULL, `category` VARCHAR(45) NOT NULL, `milled_country_name` VARCHAR(45) NOT NULL, `composition` VARCHAR(45) NOT NULL, `cleaning` VARCHAR(45) NOT NULL, `small_curtains` INTEGER NOT NULL, `medium_curtains` INTEGER NOT NULL, `large_curtains` INTEGER NOT NULL, `image` VARCHAR(255) NOT NULL, `created_at` DATETIME NOT NULL, `updated_at` DATETIME NOT NULL, PRIMARY KEY (`id`)) ENGINE=InnoDB DEFAULT CHARSET=utf8mb4 COLLATE utf8mb4_general_ci;
2022-06-28 12:14:58 info: 2ms Executed (default): SHOW INDEX FROM `fabric`
2022-06-28 12:14:58 info: 1ms Executed (default): CREATE TABLE IF NOT EXISTS `style` (`id` INTEGER auto_increment , `style_type` VARCHAR(45) NOT NULL, `height` INTEGER NOT NULL, `width` INTEGER NOT NULL, `price` INTEGER NOT NULL, `created_at` DATETIME NOT NULL, `updated_at` DATETIME NOT NULL, PRIMARY KEY (`id`)) ENGINE=InnoDB DEFAULT CHARSET=utf8mb4 COLLATE utf8mb4_general_ci;
2022-06-28 12:14:58 info: 2ms Executed (default): SHOW INDEX FROM `style`
2022-06-28 12:14:58 info: 1ms Executed (default): CREATE TABLE IF NOT EXISTS `cart` (`id` INTEGER auto_increment , `product_builder_id` INTEGER NOT NULL, `user_id` INTEGER NOT NULL, `count` INTEGER NOT NULL, `created_at` DATETIME NOT NULL, `updated_at` DATETIME NOT NULL, PRIMARY KEY (`id`)) ENGINE=InnoDB DEFAULT CHARSET=utf8mb4 COLLATE utf8mb4_general_ci;
2022-06-28 12:14:58 info: 2ms Executed (default): SHOW INDEX FROM `cart`
2022-06-28 12:14:58 info: 3ms Executed (default): CREATE TABLE IF NOT EXISTS `order` (`id` INTEGER auto_increment , `product_builder_id` INTEGER NOT NULL, `user_id` INTEGER NOT NULL, `count` INTEGER NOT NULL, `status` VARCHAR(45) NOT NULL, `shipping_address` VARCHAR(255) NOT NULL, `mobile_number` VARCHAR(45) NOT NULL, `payment_status` VARCHAR(45) NOT NULL, `created_at` DATETIME NOT NULL, `updated_at` DATETIME NOT NULL, PRIMARY KEY (`id`)) ENGINE=InnoDB DEFAULT CHARSET=utf8mb4 COLLATE utf8mb4_general_ci;
2022-06-28 12:14:58 info: 2ms Executed (default): SHOW INDEX FROM `order`
2022-06-28 12:14:58 info: 3ms Executed (default): CREATE TABLE IF NOT EXISTS `payment` (`id` INTEGER auto_increment , `invoice` VARCHAR(255) NOT NULL, `amount` INTEGER NOT NULL, `order_id` INTEGER NOT NULL, `transaction_id` INTEGER NOT NULL, `payment_id` INTEGER NOT NULL, `transaction_status` VARCHAR(45) NOT NULL, `created_at` DATETIME NOT NULL, `updated_at` DATETIME NOT NULL, PRIMARY KEY (`id`)) ENGINE=InnoDB DEFAULT CHARSET=utf8mb4 COLLATE utf8mb4_general_ci;
2022-06-28 12:14:58 info: 2ms Executed (default): SHOW INDEX FROM `payment`
2022-06-28 12:15:01 info: [0mGET /api-docs/ [36m304[0m 9.500 ms - -[0m
2022-06-28 12:15:01 info: [0mGET /api-docs/swagger-ui-bundle.js [36m304[0m 3.234 ms - -[0m
2022-06-28 12:15:01 info: [0mGET /api-docs/swagger-ui-standalone-preset.js [36m304[0m 8.183 ms - -[0m
2022-06-28 12:15:01 info: [0mGET /api-docs/swagger-ui.css [36m304[0m 3.659 ms - -[0m
2022-06-28 12:15:01 info: [0mGET /api-docs/swagger-ui-init.js [32m200[0m 4.681 ms - -[0m
2022-06-28 12:15:02 info: [0mGET /api-docs/ [36m304[0m 1.313 ms - -[0m
2022-06-28 12:15:02 info: [0mGET /api-docs/swagger-ui-init.js [36m304[0m 0.526 ms - -[0m
2022-06-28 12:15:02 info: [0mGET /api-docs/swagger-ui-bundle.js [36m304[0m 3.144 ms - -[0m
2022-06-28 12:15:02 info: [0mGET /api-docs/swagger-ui-standalone-preset.js [36m304[0m 3.439 ms - -[0m
2022-06-28 12:15:02 info: [0mGET /api-docs/swagger-ui.css [36m304[0m 1.245 ms - -[0m
2022-06-28 12:15:05 info: [0mGET /api-docs/ [36m304[0m 2.191 ms - -[0m
2022-06-28 12:15:05 info: [0mGET /api-docs/swagger-ui.css [36m304[0m 1.380 ms - -[0m
2022-06-28 12:15:05 info: [0mGET /api-docs/swagger-ui-bundle.js [36m304[0m 0.994 ms - -[0m
2022-06-28 12:15:05 info: [0mGET /api-docs/swagger-ui-init.js [36m304[0m 0.534 ms - -[0m
2022-06-28 12:15:05 info: [0mGET /api-docs/swagger-ui-standalone-preset.js [36m304[0m 2.795 ms - -[0m
2022-06-28 12:15:07 info: [0mGET /api-docs/ [36m304[0m 1.418 ms - -[0m
2022-06-28 12:15:07 info: [0mGET /api-docs/swagger-ui.css [36m304[0m 1.551 ms - -[0m
2022-06-28 12:15:07 info: [0mGET /api-docs/swagger-ui-bundle.js [36m304[0m 1.767 ms - -[0m
2022-06-28 12:15:07 info: [0mGET /api-docs/swagger-ui-init.js [36m304[0m 0.656 ms - -[0m
2022-06-28 12:15:07 info: [0mGET /api-docs/swagger-ui-standalone-preset.js [36m304[0m 3.020 ms - -[0m
2022-06-28 12:44:08 info: =================================
2022-06-28 12:44:08 info: ======= ENV: development =======
2022-06-28 12:44:08 info: 🚀 App listening on the port 3008
2022-06-28 12:44:08 info: =================================
2022-06-28 12:44:08 info: 1ms Executed (default): SELECT 1+1 AS result
2022-06-28 12:44:08 info: 3ms Executed (default): CREATE TABLE IF NOT EXISTS `users` (`id` INTEGER auto_increment , `email` VARCHAR(45) NOT NULL, `password` VARCHAR(255) NOT NULL, `name` VARCHAR(45) NOT NULL, `role` VARCHAR(45) NOT NULL, `phone_number` INTEGER NOT NULL, `address` VARCHAR(45) NOT NULL, `email_status` VARCHAR(45) NOT NULL, `created_at` DATETIME NOT NULL, `updated_at` DATETIME NOT NULL, PRIMARY KEY (`id`)) ENGINE=InnoDB DEFAULT CHARSET=utf8mb4 COLLATE utf8mb4_general_ci;
2022-06-28 12:44:08 info: 4ms Executed (default): SHOW INDEX FROM `users`
2022-06-28 12:44:08 info: 2ms Executed (default): CREATE TABLE IF NOT EXISTS `productBuilder` (`id` INTEGER auto_increment , `fabric_id` INTEGER NOT NULL, `user_id` INTEGER NOT NULL, `measuring_for` VARCHAR(45) NOT NULL, `type_of_room` VARCHAR(255) NOT NULL, `kind_of_room` VARCHAR(45) NOT NULL, `window_name` VARCHAR(45) NOT NULL, `pole_or_track_status` VARCHAR(45) NOT NULL, `width` INTEGER NOT NULL, `height` INTEGER NOT NULL, `panel` VARCHAR(45) NOT NULL, `curtain_close` VARCHAR(45) NOT NULL, `style` VARCHAR(45) NOT NULL, `lining` VARCHAR(45) NOT NULL, `pole_and_track` VARCHAR(45) NOT NULL, `pole_material` VARCHAR(45) NOT NULL, `pole_diameter` INTEGER NOT NULL, `pol_end` VARCHAR(45) NOT NULL, `pol_finish` VARCHAR(45) NOT NULL, `track_end` VARCHAR(45) NOT NULL, `track_finish` VARCHAR(45) NOT NULL, `pooling` VARCHAR(45) NOT NULL, `total_price` INTEGER NOT NULL, `image` VARCHAR(255) NOT NULL, `created_at` DATETIME NOT NULL, `updated_at` DATETIME NOT NULL, PRIMARY KEY (`id`)) ENGINE=InnoDB DEFAULT CHARSET=utf8mb4 COLLATE utf8mb4_general_ci;
2022-06-28 12:44:08 info: 2ms Executed (default): SHOW INDEX FROM `productBuilder`
2022-06-28 12:44:08 info: 2ms Executed (default): CREATE TABLE IF NOT EXISTS `fabric` (`id` INTEGER auto_increment , `name` VARCHAR(45) NOT NULL, `fabric_type` VARCHAR(45) NOT NULL, `starting_price` INTEGER NOT NULL, `color` VARCHAR(45) NOT NULL, `material_type` VARCHAR(45) NOT NULL, `price_per_meter` INTEGER NOT NULL, `category` VARCHAR(45) NOT NULL, `milled_country_name` VARCHAR(45) NOT NULL, `composition` VARCHAR(45) NOT NULL, `cleaning` VARCHAR(45) NOT NULL, `small_curtains` INTEGER NOT NULL, `medium_curtains` INTEGER NOT NULL, `large_curtains` INTEGER NOT NULL, `image` VARCHAR(255) NOT NULL, `created_at` DATETIME NOT NULL, `updated_at` DATETIME NOT NULL, PRIMARY KEY (`id`)) ENGINE=InnoDB DEFAULT CHARSET=utf8mb4 COLLATE utf8mb4_general_ci;
2022-06-28 12:44:08 info: 1ms Executed (default): SHOW INDEX FROM `fabric`
2022-06-28 12:44:08 info: 2ms Executed (default): CREATE TABLE IF NOT EXISTS `style` (`id` INTEGER auto_increment , `style_type` VARCHAR(45) NOT NULL, `height` INTEGER NOT NULL, `width` INTEGER NOT NULL, `price` INTEGER NOT NULL, `created_at` DATETIME NOT NULL, `updated_at` DATETIME NOT NULL, PRIMARY KEY (`id`)) ENGINE=InnoDB DEFAULT CHARSET=utf8mb4 COLLATE utf8mb4_general_ci;
2022-06-28 12:44:08 info: 2ms Executed (default): SHOW INDEX FROM `style`
2022-06-28 12:44:08 info: 3ms Executed (default): CREATE TABLE IF NOT EXISTS `cart` (`id` INTEGER auto_increment , `product_builder_id` INTEGER NOT NULL, `user_id` INTEGER NOT NULL, `count` INTEGER NOT NULL, `created_at` DATETIME NOT NULL, `updated_at` DATETIME NOT NULL, PRIMARY KEY (`id`)) ENGINE=InnoDB DEFAULT CHARSET=utf8mb4 COLLATE utf8mb4_general_ci;
2022-06-28 12:44:08 info: 1ms Executed (default): SHOW INDEX FROM `cart`
2022-06-28 12:44:08 info: 2ms Executed (default): CREATE TABLE IF NOT EXISTS `order` (`id` INTEGER auto_increment , `product_builder_id` INTEGER NOT NULL, `user_id` INTEGER NOT NULL, `count` INTEGER NOT NULL, `status` VARCHAR(45) NOT NULL, `shipping_address` VARCHAR(255) NOT NULL, `mobile_number` VARCHAR(45) NOT NULL, `payment_status` VARCHAR(45) NOT NULL, `created_at` DATETIME NOT NULL, `updated_at` DATETIME NOT NULL, PRIMARY KEY (`id`)) ENGINE=InnoDB DEFAULT CHARSET=utf8mb4 COLLATE utf8mb4_general_ci;
2022-06-28 12:44:08 info: 2ms Executed (default): SHOW INDEX FROM `order`
2022-06-28 12:44:08 info: 2ms Executed (default): CREATE TABLE IF NOT EXISTS `payment` (`id` INTEGER auto_increment , `invoice` VARCHAR(255) NOT NULL, `amount` INTEGER NOT NULL, `order_id` INTEGER NOT NULL, `transaction_id` INTEGER NOT NULL, `payment_id` INTEGER NOT NULL, `transaction_status` VARCHAR(45) NOT NULL, `created_at` DATETIME NOT NULL, `updated_at` DATETIME NOT NULL, PRIMARY KEY (`id`)) ENGINE=InnoDB DEFAULT CHARSET=utf8mb4 COLLATE utf8mb4_general_ci;
2022-06-28 12:44:08 info: 2ms Executed (default): SHOW INDEX FROM `payment`
2022-06-28 12:44:39 info: [0mGET /api-docs/ [36m304[0m 8.793 ms - -[0m
2022-06-28 12:44:40 info: [0mGET /api-docs/swagger-ui.css [36m304[0m 2.025 ms - -[0m
2022-06-28 12:44:40 info: [0mGET /api-docs/swagger-ui-bundle.js [36m304[0m 0.670 ms - -[0m
2022-06-28 12:44:40 info: [0mGET /api-docs/swagger-ui-standalone-preset.js [36m304[0m 2.581 ms - -[0m
2022-06-28 12:44:40 info: [0mGET /api-docs/swagger-ui-init.js [32m200[0m 4.161 ms - -[0m
2022-06-28 12:45:42 info: =================================
2022-06-28 12:45:42 info: ======= ENV: development =======
2022-06-28 12:45:42 info: 🚀 App listening on the port 3008
2022-06-28 12:45:42 info: =================================
2022-06-28 12:45:42 info: 1ms Executed (default): SELECT 1+1 AS result
2022-06-28 12:45:42 info: 2ms Executed (default): CREATE TABLE IF NOT EXISTS `users` (`id` INTEGER auto_increment , `email` VARCHAR(45) NOT NULL, `password` VARCHAR(255) NOT NULL, `name` VARCHAR(45) NOT NULL, `role` VARCHAR(45) NOT NULL, `phone_number` INTEGER NOT NULL, `address` VARCHAR(45) NOT NULL, `email_status` VARCHAR(45) NOT NULL, `created_at` DATETIME NOT NULL, `updated_at` DATETIME NOT NULL, PRIMARY KEY (`id`)) ENGINE=InnoDB DEFAULT CHARSET=utf8mb4 COLLATE utf8mb4_general_ci;
2022-06-28 12:45:42 info: 2ms Executed (default): SHOW INDEX FROM `users`
2022-06-28 12:45:42 info: 2ms Executed (default): CREATE TABLE IF NOT EXISTS `productBuilder` (`id` INTEGER auto_increment , `fabric_id` INTEGER NOT NULL, `user_id` INTEGER NOT NULL, `measuring_for` VARCHAR(45) NOT NULL, `type_of_room` VARCHAR(255) NOT NULL, `kind_of_room` VARCHAR(45) NOT NULL, `window_name` VARCHAR(45) NOT NULL, `pole_or_track_status` VARCHAR(45) NOT NULL, `width` INTEGER NOT NULL, `height` INTEGER NOT NULL, `panel` VARCHAR(45) NOT NULL, `curtain_close` VARCHAR(45) NOT NULL, `style` VARCHAR(45) NOT NULL, `lining` VARCHAR(45) NOT NULL, `pole_and_track` VARCHAR(45) NOT NULL, `pole_material` VARCHAR(45) NOT NULL, `pole_diameter` INTEGER NOT NULL, `pol_end` VARCHAR(45) NOT NULL, `pol_finish` VARCHAR(45) NOT NULL, `track_end` VARCHAR(45) NOT NULL, `track_finish` VARCHAR(45) NOT NULL, `pooling` VARCHAR(45) NOT NULL, `total_price` INTEGER NOT NULL, `image` VARCHAR(255) NOT NULL, `created_at` DATETIME NOT NULL, `updated_at` DATETIME NOT NULL, PRIMARY KEY (`id`)) ENGINE=InnoDB DEFAULT CHARSET=utf8mb4 COLLATE utf8mb4_general_ci;
2022-06-28 12:45:42 info: 2ms Executed (default): SHOW INDEX FROM `productBuilder`
2022-06-28 12:45:42 info: 2ms Executed (default): CREATE TABLE IF NOT EXISTS `fabric` (`id` INTEGER auto_increment , `name` VARCHAR(45) NOT NULL, `fabric_type` VARCHAR(45) NOT NULL, `starting_price` INTEGER NOT NULL, `color` VARCHAR(45) NOT NULL, `material_type` VARCHAR(45) NOT NULL, `price_per_meter` INTEGER NOT NULL, `category` VARCHAR(45) NOT NULL, `milled_country_name` VARCHAR(45) NOT NULL, `composition` VARCHAR(45) NOT NULL, `cleaning` VARCHAR(45) NOT NULL, `small_curtains` INTEGER NOT NULL, `medium_curtains` INTEGER NOT NULL, `large_curtains` INTEGER NOT NULL, `image` VARCHAR(255) NOT NULL, `created_at` DATETIME NOT NULL, `updated_at` DATETIME NOT NULL, PRIMARY KEY (`id`)) ENGINE=InnoDB DEFAULT CHARSET=utf8mb4 COLLATE utf8mb4_general_ci;
2022-06-28 12:45:42 info: 1ms Executed (default): SHOW INDEX FROM `fabric`
2022-06-28 12:45:42 info: 1ms Executed (default): CREATE TABLE IF NOT EXISTS `style` (`id` INTEGER auto_increment , `style_type` VARCHAR(45) NOT NULL, `height` INTEGER NOT NULL, `width` INTEGER NOT NULL, `price` INTEGER NOT NULL, `created_at` DATETIME NOT NULL, `updated_at` DATETIME NOT NULL, PRIMARY KEY (`id`)) ENGINE=InnoDB DEFAULT CHARSET=utf8mb4 COLLATE utf8mb4_general_ci;
2022-06-28 12:45:42 info: 2ms Executed (default): SHOW INDEX FROM `style`
2022-06-28 12:45:42 info: 1ms Executed (default): CREATE TABLE IF NOT EXISTS `cart` (`id` INTEGER auto_increment , `product_builder_id` INTEGER NOT NULL, `user_id` INTEGER NOT NULL, `count` INTEGER NOT NULL, `created_at` DATETIME NOT NULL, `updated_at` DATETIME NOT NULL, PRIMARY KEY (`id`)) ENGINE=InnoDB DEFAULT CHARSET=utf8mb4 COLLATE utf8mb4_general_ci;
2022-06-28 12:45:42 info: 2ms Executed (default): SHOW INDEX FROM `cart`
2022-06-28 12:45:42 info: 2ms Executed (default): CREATE TABLE IF NOT EXISTS `order` (`id` INTEGER auto_increment , `product_builder_id` INTEGER NOT NULL, `user_id` INTEGER NOT NULL, `count` INTEGER NOT NULL, `status` VARCHAR(45) NOT NULL, `shipping_address` VARCHAR(255) NOT NULL, `mobile_number` VARCHAR(45) NOT NULL, `payment_status` VARCHAR(45) NOT NULL, `created_at` DATETIME NOT NULL, `updated_at` DATETIME NOT NULL, PRIMARY KEY (`id`)) ENGINE=InnoDB DEFAULT CHARSET=utf8mb4 COLLATE utf8mb4_general_ci;
2022-06-28 12:45:42 info: 1ms Executed (default): SHOW INDEX FROM `order`
2022-06-28 12:45:42 info: 2ms Executed (default): CREATE TABLE IF NOT EXISTS `payment` (`id` INTEGER auto_increment , `invoice` VARCHAR(255) NOT NULL, `amount` INTEGER NOT NULL, `order_id` INTEGER NOT NULL, `transaction_id` INTEGER NOT NULL, `payment_id` INTEGER NOT NULL, `transaction_status` VARCHAR(45) NOT NULL, `created_at` DATETIME NOT NULL, `updated_at` DATETIME NOT NULL, PRIMARY KEY (`id`)) ENGINE=InnoDB DEFAULT CHARSET=utf8mb4 COLLATE utf8mb4_general_ci;
2022-06-28 12:45:42 info: 1ms Executed (default): SHOW INDEX FROM `payment`
2022-06-28 12:45:47 info: [0mGET /api-docs/ [36m304[0m 7.287 ms - -[0m
2022-06-28 12:45:47 info: [0mGET /api-docs/swagger-ui-bundle.js [36m304[0m 2.812 ms - -[0m
2022-06-28 12:45:47 info: [0mGET /api-docs/swagger-ui-standalone-preset.js [36m304[0m 8.064 ms - -[0m
2022-06-28 12:45:47 info: [0mGET /api-docs/swagger-ui.css [36m304[0m 4.236 ms - -[0m
2022-06-28 12:45:47 info: [0mGET /api-docs/swagger-ui-init.js [32m200[0m 4.434 ms - -[0m
2022-06-28 12:47:01 info: =================================
2022-06-28 12:47:01 info: ======= ENV: development =======
2022-06-28 12:47:01 info: 🚀 App listening on the port 3008
2022-06-28 12:47:01 info: =================================
2022-06-28 12:47:01 info: 1ms Executed (default): SELECT 1+1 AS result
2022-06-28 12:47:01 info: 3ms Executed (default): CREATE TABLE IF NOT EXISTS `users` (`id` INTEGER auto_increment , `email` VARCHAR(45) NOT NULL, `password` VARCHAR(255) NOT NULL, `name` VARCHAR(45) NOT NULL, `role` VARCHAR(45) NOT NULL, `phone_number` INTEGER NOT NULL, `address` VARCHAR(45) NOT NULL, `email_status` VARCHAR(45) NOT NULL, `created_at` DATETIME NOT NULL, `updated_at` DATETIME NOT NULL, PRIMARY KEY (`id`)) ENGINE=InnoDB DEFAULT CHARSET=utf8mb4 COLLATE utf8mb4_general_ci;
2022-06-28 12:47:01 info: 8ms Executed (default): SHOW INDEX FROM `users`
2022-06-28 12:47:01 info: 2ms Executed (default): CREATE TABLE IF NOT EXISTS `productBuilder` (`id` INTEGER auto_increment , `fabric_id` INTEGER NOT NULL, `user_id` INTEGER NOT NULL, `measuring_for` VARCHAR(45) NOT NULL, `type_of_room` VARCHAR(255) NOT NULL, `kind_of_room` VARCHAR(45) NOT NULL, `window_name` VARCHAR(45) NOT NULL, `pole_or_track_status` VARCHAR(45) NOT NULL, `width` INTEGER NOT NULL, `height` INTEGER NOT NULL, `panel` VARCHAR(45) NOT NULL, `curtain_close` VARCHAR(45) NOT NULL, `style` VARCHAR(45) NOT NULL, `lining` VARCHAR(45) NOT NULL, `pole_and_track` VARCHAR(45) NOT NULL, `pole_material` VARCHAR(45) NOT NULL, `pole_diameter` INTEGER NOT NULL, `pol_end` VARCHAR(45) NOT NULL, `pol_finish` VARCHAR(45) NOT NULL, `track_end` VARCHAR(45) NOT NULL, `track_finish` VARCHAR(45) NOT NULL, `pooling` VARCHAR(45) NOT NULL, `total_price` INTEGER NOT NULL, `image` VARCHAR(255) NOT NULL, `created_at` DATETIME NOT NULL, `updated_at` DATETIME NOT NULL, PRIMARY KEY (`id`)) ENGINE=InnoDB DEFAULT CHARSET=utf8mb4 COLLATE utf8mb4_general_ci;
2022-06-28 12:47:01 info: 3ms Executed (default): SHOW INDEX FROM `productBuilder`
2022-06-28 12:47:01 info: 3ms Executed (default): CREATE TABLE IF NOT EXISTS `fabric` (`id` INTEGER auto_increment , `name` VARCHAR(45) NOT NULL, `fabric_type` VARCHAR(45) NOT NULL, `starting_price` INTEGER NOT NULL, `color` VARCHAR(45) NOT NULL, `material_type` VARCHAR(45) NOT NULL, `price_per_meter` INTEGER NOT NULL, `category` VARCHAR(45) NOT NULL, `milled_country_name` VARCHAR(45) NOT NULL, `composition` VARCHAR(45) NOT NULL, `cleaning` VARCHAR(45) NOT NULL, `small_curtains` INTEGER NOT NULL, `medium_curtains` INTEGER NOT NULL, `large_curtains` INTEGER NOT NULL, `image` VARCHAR(255) NOT NULL, `created_at` DATETIME NOT NULL, `updated_at` DATETIME NOT NULL, PRIMARY KEY (`id`)) ENGINE=InnoDB DEFAULT CHARSET=utf8mb4 COLLATE utf8mb4_general_ci;
2022-06-28 12:47:01 info: 2ms Executed (default): SHOW INDEX FROM `fabric`
2022-06-28 12:47:01 info: 2ms Executed (default): CREATE TABLE IF NOT EXISTS `style` (`id` INTEGER auto_increment , `style_type` VARCHAR(45) NOT NULL, `height` INTEGER NOT NULL, `width` INTEGER NOT NULL, `price` INTEGER NOT NULL, `created_at` DATETIME NOT NULL, `updated_at` DATETIME NOT NULL, PRIMARY KEY (`id`)) ENGINE=InnoDB DEFAULT CHARSET=utf8mb4 COLLATE utf8mb4_general_ci;
2022-06-28 12:47:01 info: 2ms Executed (default): SHOW INDEX FROM `style`
2022-06-28 12:47:01 info: 3ms Executed (default): CREATE TABLE IF NOT EXISTS `cart` (`id` INTEGER auto_increment , `product_builder_id` INTEGER NOT NULL, `user_id` INTEGER NOT NULL, `count` INTEGER NOT NULL, `created_at` DATETIME NOT NULL, `updated_at` DATETIME NOT NULL, PRIMARY KEY (`id`)) ENGINE=InnoDB DEFAULT CHARSET=utf8mb4 COLLATE utf8mb4_general_ci;
2022-06-28 12:47:01 info: 2ms Executed (default): SHOW INDEX FROM `cart`
2022-06-28 12:47:01 info: 3ms Executed (default): CREATE TABLE IF NOT EXISTS `order` (`id` INTEGER auto_increment , `product_builder_id` INTEGER NOT NULL, `user_id` INTEGER NOT NULL, `count` INTEGER NOT NULL, `status` VARCHAR(45) NOT NULL, `shipping_address` VARCHAR(255) NOT NULL, `mobile_number` VARCHAR(45) NOT NULL, `payment_status` VARCHAR(45) NOT NULL, `created_at` DATETIME NOT NULL, `updated_at` DATETIME NOT NULL, PRIMARY KEY (`id`)) ENGINE=InnoDB DEFAULT CHARSET=utf8mb4 COLLATE utf8mb4_general_ci;
2022-06-28 12:47:01 info: 1ms Executed (default): SHOW INDEX FROM `order`
2022-06-28 12:47:01 info: 2ms Executed (default): CREATE TABLE IF NOT EXISTS `payment` (`id` INTEGER auto_increment , `invoice` VARCHAR(255) NOT NULL, `amount` INTEGER NOT NULL, `order_id` INTEGER NOT NULL, `transaction_id` INTEGER NOT NULL, `payment_id` INTEGER NOT NULL, `transaction_status` VARCHAR(45) NOT NULL, `created_at` DATETIME NOT NULL, `updated_at` DATETIME NOT NULL, PRIMARY KEY (`id`)) ENGINE=InnoDB DEFAULT CHARSET=utf8mb4 COLLATE utf8mb4_general_ci;
2022-06-28 12:47:01 info: 1ms Executed (default): SHOW INDEX FROM `payment`
2022-06-28 12:47:09 info: [0mGET /api-docs/ [36m304[0m 9.995 ms - -[0m
2022-06-28 12:47:10 info: [0mGET /api-docs/swagger-ui-bundle.js [36m304[0m 2.954 ms - -[0m
2022-06-28 12:47:10 info: [0mGET /api-docs/swagger-ui-standalone-preset.js [36m304[0m 3.757 ms - -[0m
2022-06-28 12:47:10 info: [0mGET /api-docs/swagger-ui.css [36m304[0m 3.694 ms - -[0m
2022-06-28 12:47:10 info: [0mGET /api-docs/swagger-ui-init.js [32m200[0m 3.211 ms - -[0m
2022-06-28 12:47:59 info: =================================
2022-06-28 12:47:59 info: ======= ENV: development =======
2022-06-28 12:47:59 info: 🚀 App listening on the port 3008
2022-06-28 12:47:59 info: =================================
2022-06-28 12:47:59 info: 1ms Executed (default): SELECT 1+1 AS result
2022-06-28 12:47:59 info: 35ms Executed (default): CREATE TABLE IF NOT EXISTS `users` (`id` INTEGER auto_increment , `email` VARCHAR(45) NOT NULL, `password` VARCHAR(255) NOT NULL, `name` VARCHAR(45) NOT NULL, `role` VARCHAR(45) NOT NULL, `phone_number` INTEGER NOT NULL, `address` VARCHAR(45) NOT NULL, `email_status` VARCHAR(45) NOT NULL, `created_at` DATETIME NOT NULL, `updated_at` DATETIME NOT NULL, PRIMARY KEY (`id`)) ENGINE=InnoDB DEFAULT CHARSET=utf8mb4 COLLATE utf8mb4_general_ci;
2022-06-28 12:47:59 info: 10ms Executed (default): SHOW INDEX FROM `users`
2022-06-28 12:47:59 info: 24ms Executed (default): CREATE TABLE IF NOT EXISTS `productBuilder` (`id` INTEGER auto_increment , `fabric_id` INTEGER NOT NULL, `user_id` INTEGER NOT NULL, `measuring_for` VARCHAR(45) NOT NULL, `type_of_room` VARCHAR(255) NOT NULL, `kind_of_room` VARCHAR(45) NOT NULL, `window_name` VARCHAR(45) NOT NULL, `pole_or_track_status` VARCHAR(45) NOT NULL, `width` INTEGER NOT NULL, `height` INTEGER NOT NULL, `panel` VARCHAR(45) NOT NULL, `curtain_close` VARCHAR(45) NOT NULL, `style` VARCHAR(45) NOT NULL, `lining` VARCHAR(45) NOT NULL, `pole_and_track` VARCHAR(45) NOT NULL, `pole_material` VARCHAR(45) NOT NULL, `pole_diameter` INTEGER NOT NULL, `pol_end` VARCHAR(45) NOT NULL, `pol_finish` VARCHAR(45) NOT NULL, `track_end` VARCHAR(45) NOT NULL, `track_finish` VARCHAR(45) NOT NULL, `pooling` VARCHAR(45) NOT NULL, `total_price` INTEGER NOT NULL, `image` VARCHAR(255) NOT NULL, `created_at` DATETIME NOT NULL, `updated_at` DATETIME NOT NULL, PRIMARY KEY (`id`)) ENGINE=InnoDB DEFAULT CHARSET=utf8mb4 COLLATE utf8mb4_general_ci;
2022-06-28 12:47:59 info: 4ms Executed (default): SHOW INDEX FROM `productBuilder`
2022-06-28 12:47:59 info: 16ms Executed (default): CREATE TABLE IF NOT EXISTS `fabric` (`id` INTEGER auto_increment , `name` VARCHAR(45) NOT NULL, `fabric_type` VARCHAR(45) NOT NULL, `starting_price` INTEGER NOT NULL, `color` VARCHAR(45) NOT NULL, `material_type` VARCHAR(45) NOT NULL, `price_per_meter` INTEGER NOT NULL, `category` VARCHAR(45) NOT NULL, `milled_country_name` VARCHAR(45) NOT NULL, `composition` VARCHAR(45) NOT NULL, `cleaning` VARCHAR(45) NOT NULL, `small_curtains` INTEGER NOT NULL, `medium_curtains` INTEGER NOT NULL, `large_curtains` INTEGER NOT NULL, `image` VARCHAR(255) NOT NULL, `created_at` DATETIME NOT NULL, `updated_at` DATETIME NOT NULL, PRIMARY KEY (`id`)) ENGINE=InnoDB DEFAULT CHARSET=utf8mb4 COLLATE utf8mb4_general_ci;
2022-06-28 12:47:59 info: 4ms Executed (default): SHOW INDEX FROM `fabric`
2022-06-28 12:47:59 info: 3ms Executed (default): CREATE TABLE IF NOT EXISTS `style` (`id` INTEGER auto_increment , `style_type` VARCHAR(45) NOT NULL, `height` INTEGER NOT NULL, `width` INTEGER NOT NULL, `price` INTEGER NOT NULL, `created_at` DATETIME NOT NULL, `updated_at` DATETIME NOT NULL, PRIMARY KEY (`id`)) ENGINE=InnoDB DEFAULT CHARSET=utf8mb4 COLLATE utf8mb4_general_ci;
2022-06-28 12:47:59 info: 3ms Executed (default): SHOW INDEX FROM `style`
2022-06-28 12:47:59 info: 3ms Executed (default): CREATE TABLE IF NOT EXISTS `cart` (`id` INTEGER auto_increment , `product_builder_id` INTEGER NOT NULL, `user_id` INTEGER NOT NULL, `count` INTEGER NOT NULL, `created_at` DATETIME NOT NULL, `updated_at` DATETIME NOT NULL, PRIMARY KEY (`id`)) ENGINE=InnoDB DEFAULT CHARSET=utf8mb4 COLLATE utf8mb4_general_ci;
2022-06-28 12:47:59 info: 2ms Executed (default): SHOW INDEX FROM `cart`
2022-06-28 12:47:59 info: 2ms Executed (default): CREATE TABLE IF NOT EXISTS `order` (`id` INTEGER auto_increment , `product_builder_id` INTEGER NOT NULL, `user_id` INTEGER NOT NULL, `count` INTEGER NOT NULL, `status` VARCHAR(45) NOT NULL, `shipping_address` VARCHAR(255) NOT NULL, `mobile_number` VARCHAR(45) NOT NULL, `payment_status` VARCHAR(45) NOT NULL, `created_at` DATETIME NOT NULL, `updated_at` DATETIME NOT NULL, PRIMARY KEY (`id`)) ENGINE=InnoDB DEFAULT CHARSET=utf8mb4 COLLATE utf8mb4_general_ci;
2022-06-28 12:47:59 info: 1ms Executed (default): SHOW INDEX FROM `order`
2022-06-28 12:47:59 info: 2ms Executed (default): CREATE TABLE IF NOT EXISTS `payment` (`id` INTEGER auto_increment , `invoice` VARCHAR(255) NOT NULL, `amount` INTEGER NOT NULL, `order_id` INTEGER NOT NULL, `transaction_id` INTEGER NOT NULL, `payment_id` INTEGER NOT NULL, `transaction_status` VARCHAR(45) NOT NULL, `created_at` DATETIME NOT NULL, `updated_at` DATETIME NOT NULL, PRIMARY KEY (`id`)) ENGINE=InnoDB DEFAULT CHARSET=utf8mb4 COLLATE utf8mb4_general_ci;
2022-06-28 12:47:59 info: 2ms Executed (default): SHOW INDEX FROM `payment`
2022-06-28 12:48:05 info: [0mGET /api-docs/ [36m304[0m 8.752 ms - -[0m
2022-06-28 12:48:05 info: [0mGET /api-docs/swagger-ui-bundle.js [36m304[0m 2.710 ms - -[0m
2022-06-28 12:48:05 info: [0mGET /api-docs/swagger-ui-standalone-preset.js [36m304[0m 6.512 ms - -[0m
2022-06-28 12:48:05 info: [0mGET /api-docs/swagger-ui.css [36m304[0m 4.442 ms - -[0m
2022-06-28 12:48:05 info: [0mGET /api-docs/swagger-ui-init.js [32m200[0m 3.417 ms - -[0m
2022-06-28 12:48:49 info: =================================
2022-06-28 12:48:49 info: ======= ENV: development =======
2022-06-28 12:48:49 info: 🚀 App listening on the port 3008
2022-06-28 12:48:49 info: =================================
2022-06-28 12:48:49 info: 2ms Executed (default): SELECT 1+1 AS result
2022-06-28 12:48:49 info: 2ms Executed (default): CREATE TABLE IF NOT EXISTS `users` (`id` INTEGER auto_increment , `email` VARCHAR(45) NOT NULL, `password` VARCHAR(255) NOT NULL, `name` VARCHAR(45) NOT NULL, `role` VARCHAR(45) NOT NULL, `phone_number` INTEGER NOT NULL, `address` VARCHAR(45) NOT NULL, `email_status` VARCHAR(45) NOT NULL, `created_at` DATETIME NOT NULL, `updated_at` DATETIME NOT NULL, PRIMARY KEY (`id`)) ENGINE=InnoDB DEFAULT CHARSET=utf8mb4 COLLATE utf8mb4_general_ci;
2022-06-28 12:48:49 info: 4ms Executed (default): SHOW INDEX FROM `users`
2022-06-28 12:48:49 info: 2ms Executed (default): CREATE TABLE IF NOT EXISTS `productBuilder` (`id` INTEGER auto_increment , `fabric_id` INTEGER NOT NULL, `user_id` INTEGER NOT NULL, `measuring_for` VARCHAR(45) NOT NULL, `type_of_room` VARCHAR(255) NOT NULL, `kind_of_room` VARCHAR(45) NOT NULL, `window_name` VARCHAR(45) NOT NULL, `pole_or_track_status` VARCHAR(45) NOT NULL, `width` INTEGER NOT NULL, `height` INTEGER NOT NULL, `panel` VARCHAR(45) NOT NULL, `curtain_close` VARCHAR(45) NOT NULL, `style` VARCHAR(45) NOT NULL, `lining` VARCHAR(45) NOT NULL, `pole_and_track` VARCHAR(45) NOT NULL, `pole_material` VARCHAR(45) NOT NULL, `pole_diameter` INTEGER NOT NULL, `pol_end` VARCHAR(45) NOT NULL, `pol_finish` VARCHAR(45) NOT NULL, `track_end` VARCHAR(45) NOT NULL, `track_finish` VARCHAR(45) NOT NULL, `pooling` VARCHAR(45) NOT NULL, `total_price` INTEGER NOT NULL, `image` VARCHAR(255) NOT NULL, `created_at` DATETIME NOT NULL, `updated_at` DATETIME NOT NULL, PRIMARY KEY (`id`)) ENGINE=InnoDB DEFAULT CHARSET=utf8mb4 COLLATE utf8mb4_general_ci;
2022-06-28 12:48:49 info: 1ms Executed (default): SHOW INDEX FROM `productBuilder`
2022-06-28 12:48:49 info: 3ms Executed (default): CREATE TABLE IF NOT EXISTS `fabric` (`id` INTEGER auto_increment , `name` VARCHAR(45) NOT NULL, `fabric_type` VARCHAR(45) NOT NULL, `starting_price` INTEGER NOT NULL, `color` VARCHAR(45) NOT NULL, `material_type` VARCHAR(45) NOT NULL, `price_per_meter` INTEGER NOT NULL, `category` VARCHAR(45) NOT NULL, `milled_country_name` VARCHAR(45) NOT NULL, `composition` VARCHAR(45) NOT NULL, `cleaning` VARCHAR(45) NOT NULL, `small_curtains` INTEGER NOT NULL, `medium_curtains` INTEGER NOT NULL, `large_curtains` INTEGER NOT NULL, `image` VARCHAR(255) NOT NULL, `created_at` DATETIME NOT NULL, `updated_at` DATETIME NOT NULL, PRIMARY KEY (`id`)) ENGINE=InnoDB DEFAULT CHARSET=utf8mb4 COLLATE utf8mb4_general_ci;
2022-06-28 12:48:49 info: 2ms Executed (default): SHOW INDEX FROM `fabric`
2022-06-28 12:48:49 info: 2ms Executed (default): CREATE TABLE IF NOT EXISTS `style` (`id` INTEGER auto_increment , `style_type` VARCHAR(45) NOT NULL, `height` INTEGER NOT NULL, `width` INTEGER NOT NULL, `price` INTEGER NOT NULL, `created_at` DATETIME NOT NULL, `updated_at` DATETIME NOT NULL, PRIMARY KEY (`id`)) ENGINE=InnoDB DEFAULT CHARSET=utf8mb4 COLLATE utf8mb4_general_ci;
2022-06-28 12:48:49 info: 2ms Executed (default): SHOW INDEX FROM `style`
2022-06-28 12:48:49 info: 2ms Executed (default): CREATE TABLE IF NOT EXISTS `cart` (`id` INTEGER auto_increment , `product_builder_id` INTEGER NOT NULL, `user_id` INTEGER NOT NULL, `count` INTEGER NOT NULL, `created_at` DATETIME NOT NULL, `updated_at` DATETIME NOT NULL, PRIMARY KEY (`id`)) ENGINE=InnoDB DEFAULT CHARSET=utf8mb4 COLLATE utf8mb4_general_ci;
2022-06-28 12:48:49 info: 1ms Executed (default): SHOW INDEX FROM `cart`
2022-06-28 12:48:49 info: 1ms Executed (default): CREATE TABLE IF NOT EXISTS `order` (`id` INTEGER auto_increment , `product_builder_id` INTEGER NOT NULL, `user_id` INTEGER NOT NULL, `count` INTEGER NOT NULL, `status` VARCHAR(45) NOT NULL, `shipping_address` VARCHAR(255) NOT NULL, `mobile_number` VARCHAR(45) NOT NULL, `payment_status` VARCHAR(45) NOT NULL, `created_at` DATETIME NOT NULL, `updated_at` DATETIME NOT NULL, PRIMARY KEY (`id`)) ENGINE=InnoDB DEFAULT CHARSET=utf8mb4 COLLATE utf8mb4_general_ci;
2022-06-28 12:48:49 info: 2ms Executed (default): SHOW INDEX FROM `order`
2022-06-28 12:48:49 info: 3ms Executed (default): CREATE TABLE IF NOT EXISTS `payment` (`id` INTEGER auto_increment , `invoice` VARCHAR(255) NOT NULL, `amount` INTEGER NOT NULL, `order_id` INTEGER NOT NULL, `transaction_id` INTEGER NOT NULL, `payment_id` INTEGER NOT NULL, `transaction_status` VARCHAR(45) NOT NULL, `created_at` DATETIME NOT NULL, `updated_at` DATETIME NOT NULL, PRIMARY KEY (`id`)) ENGINE=InnoDB DEFAULT CHARSET=utf8mb4 COLLATE utf8mb4_general_ci;
2022-06-28 12:48:49 info: 2ms Executed (default): SHOW INDEX FROM `payment`
2022-06-28 12:48:55 info: [0mGET /api-docs/ [36m304[0m 7.882 ms - -[0m
2022-06-28 12:48:55 info: [0mGET /api-docs/swagger-ui-bundle.js [36m304[0m 2.854 ms - -[0m
2022-06-28 12:48:55 info: [0mGET /api-docs/swagger-ui-standalone-preset.js [36m304[0m 7.951 ms - -[0m
2022-06-28 12:48:55 info: [0mGET /api-docs/swagger-ui.css [36m304[0m 4.165 ms - -[0m
2022-06-28 12:48:55 info: [0mGET /api-docs/swagger-ui-init.js [32m200[0m 4.179 ms - -[0m
2022-06-28 16:13:25 info: =================================
2022-06-28 16:13:25 info: ======= ENV: development =======
2022-06-28 16:13:25 info: 🚀 App listening on the port 3008
2022-06-28 16:13:25 info: =================================
2022-06-28 16:13:25 info: 2ms Executed (default): SELECT 1+1 AS result
2022-06-28 16:13:25 info: 3ms Executed (default): CREATE TABLE IF NOT EXISTS `users` (`id` INTEGER auto_increment , `email` VARCHAR(45) NOT NULL, `password` VARCHAR(255) NOT NULL, `name` VARCHAR(45) NOT NULL, `role` VARCHAR(45) NOT NULL, `phone_number` INTEGER NOT NULL, `address` VARCHAR(45) NOT NULL, `email_status` VARCHAR(45) NOT NULL, `created_at` DATETIME NOT NULL, `updated_at` DATETIME NOT NULL, PRIMARY KEY (`id`)) ENGINE=InnoDB DEFAULT CHARSET=utf8mb4 COLLATE utf8mb4_general_ci;
2022-06-28 16:13:25 info: 3ms Executed (default): SHOW INDEX FROM `users`
2022-06-28 16:13:25 info: 3ms Executed (default): CREATE TABLE IF NOT EXISTS `productBuilder` (`id` INTEGER auto_increment , `fabric_id` INTEGER NOT NULL, `user_id` INTEGER NOT NULL, `measuring_for` VARCHAR(45) NOT NULL, `type_of_room` VARCHAR(255) NOT NULL, `kind_of_room` VARCHAR(45) NOT NULL, `window_name` VARCHAR(45) NOT NULL, `pole_or_track_status` VARCHAR(45) NOT NULL, `width` INTEGER NOT NULL, `height` INTEGER NOT NULL, `panel` VARCHAR(45) NOT NULL, `curtain_close` VARCHAR(45) NOT NULL, `style` VARCHAR(45) NOT NULL, `lining` VARCHAR(45) NOT NULL, `pole_and_track` VARCHAR(45) NOT NULL, `pole_material` VARCHAR(45) NOT NULL, `pole_diameter` INTEGER NOT NULL, `pol_end` VARCHAR(45) NOT NULL, `pol_finish` VARCHAR(45) NOT NULL, `track_end` VARCHAR(45) NOT NULL, `track_finish` VARCHAR(45) NOT NULL, `pooling` VARCHAR(45) NOT NULL, `total_price` INTEGER NOT NULL, `image` VARCHAR(255) NOT NULL, `created_at` DATETIME NOT NULL, `updated_at` DATETIME NOT NULL, PRIMARY KEY (`id`)) ENGINE=InnoDB DEFAULT CHARSET=utf8mb4 COLLATE utf8mb4_general_ci;
2022-06-28 16:13:25 info: 2ms Executed (default): SHOW INDEX FROM `productBuilder`
2022-06-28 16:13:25 info: 2ms Executed (default): CREATE TABLE IF NOT EXISTS `fabric` (`id` INTEGER auto_increment , `name` VARCHAR(45) NOT NULL, `fabric_type` VARCHAR(45) NOT NULL, `starting_price` INTEGER NOT NULL, `color` VARCHAR(45) NOT NULL, `material_type` VARCHAR(45) NOT NULL, `price_per_meter` INTEGER NOT NULL, `category` VARCHAR(45) NOT NULL, `milled_country_name` VARCHAR(45) NOT NULL, `composition` VARCHAR(45) NOT NULL, `cleaning` VARCHAR(45) NOT NULL, `small_curtains` INTEGER NOT NULL, `medium_curtains` INTEGER NOT NULL, `large_curtains` INTEGER NOT NULL, `image` VARCHAR(255) NOT NULL, `created_at` DATETIME NOT NULL, `updated_at` DATETIME NOT NULL, PRIMARY KEY (`id`)) ENGINE=InnoDB DEFAULT CHARSET=utf8mb4 COLLATE utf8mb4_general_ci;
2022-06-28 16:13:25 info: 2ms Executed (default): SHOW INDEX FROM `fabric`
2022-06-28 16:13:25 info: 2ms Executed (default): CREATE TABLE IF NOT EXISTS `style` (`id` INTEGER auto_increment , `style_type` VARCHAR(45) NOT NULL, `height` INTEGER NOT NULL, `width` INTEGER NOT NULL, `price` INTEGER NOT NULL, `created_at` DATETIME NOT NULL, `updated_at` DATETIME NOT NULL, PRIMARY KEY (`id`)) ENGINE=InnoDB DEFAULT CHARSET=utf8mb4 COLLATE utf8mb4_general_ci;
2022-06-28 16:13:25 info: 2ms Executed (default): SHOW INDEX FROM `style`
2022-06-28 16:13:25 info: 2ms Executed (default): CREATE TABLE IF NOT EXISTS `cart` (`id` INTEGER auto_increment , `product_builder_id` INTEGER NOT NULL, `user_id` INTEGER NOT NULL, `count` INTEGER NOT NULL, `created_at` DATETIME NOT NULL, `updated_at` DATETIME NOT NULL, PRIMARY KEY (`id`)) ENGINE=InnoDB DEFAULT CHARSET=utf8mb4 COLLATE utf8mb4_general_ci;
2022-06-28 16:13:25 info: 2ms Executed (default): SHOW INDEX FROM `cart`
2022-06-28 16:13:25 info: 2ms Executed (default): CREATE TABLE IF NOT EXISTS `order` (`id` INTEGER auto_increment , `product_builder_id` INTEGER NOT NULL, `user_id` INTEGER NOT NULL, `count` INTEGER NOT NULL, `status` VARCHAR(45) NOT NULL, `shipping_address` VARCHAR(255) NOT NULL, `mobile_number` VARCHAR(45) NOT NULL, `payment_status` VARCHAR(45) NOT NULL, `created_at` DATETIME NOT NULL, `updated_at` DATETIME NOT NULL, PRIMARY KEY (`id`)) ENGINE=InnoDB DEFAULT CHARSET=utf8mb4 COLLATE utf8mb4_general_ci;
2022-06-28 16:13:25 info: 1ms Executed (default): SHOW INDEX FROM `order`
2022-06-28 16:13:25 info: 3ms Executed (default): CREATE TABLE IF NOT EXISTS `payment` (`id` INTEGER auto_increment , `invoice` VARCHAR(255) NOT NULL, `amount` INTEGER NOT NULL, `order_id` INTEGER NOT NULL, `transaction_id` INTEGER NOT NULL, `payment_id` INTEGER NOT NULL, `transaction_status` VARCHAR(45) NOT NULL, `created_at` DATETIME NOT NULL, `updated_at` DATETIME NOT NULL, PRIMARY KEY (`id`)) ENGINE=InnoDB DEFAULT CHARSET=utf8mb4 COLLATE utf8mb4_general_ci;
2022-06-28 16:13:25 info: 2ms Executed (default): SHOW INDEX FROM `payment`
2022-06-28 16:14:57 info: =================================
2022-06-28 16:14:57 info: ======= ENV: development =======
2022-06-28 16:14:57 info: 🚀 App listening on the port 3008
2022-06-28 16:14:57 info: =================================
2022-06-28 16:14:57 info: 1ms Executed (default): SELECT 1+1 AS result
2022-06-28 16:14:57 info: 3ms Executed (default): CREATE TABLE IF NOT EXISTS `users` (`id` INTEGER auto_increment , `email` VARCHAR(45) NOT NULL, `password` VARCHAR(255) NOT NULL, `name` VARCHAR(45) NOT NULL, `role` VARCHAR(45) NOT NULL, `phone_number` INTEGER NOT NULL, `address` VARCHAR(45) NOT NULL, `email_status` VARCHAR(45) NOT NULL, `created_at` DATETIME NOT NULL, `updated_at` DATETIME NOT NULL, PRIMARY KEY (`id`)) ENGINE=InnoDB DEFAULT CHARSET=utf8mb4 COLLATE utf8mb4_general_ci;
2022-06-28 16:14:57 info: 3ms Executed (default): SHOW INDEX FROM `users`
2022-06-28 16:14:57 info: 2ms Executed (default): CREATE TABLE IF NOT EXISTS `productBuilder` (`id` INTEGER auto_increment , `fabric_id` INTEGER NOT NULL, `user_id` INTEGER NOT NULL, `measuring_for` VARCHAR(45) NOT NULL, `type_of_room` VARCHAR(255) NOT NULL, `kind_of_room` VARCHAR(45) NOT NULL, `window_name` VARCHAR(45) NOT NULL, `pole_or_track_status` VARCHAR(45) NOT NULL, `width` INTEGER NOT NULL, `height` INTEGER NOT NULL, `panel` VARCHAR(45) NOT NULL, `curtain_close` VARCHAR(45) NOT NULL, `style` VARCHAR(45) NOT NULL, `lining` VARCHAR(45) NOT NULL, `pole_and_track` VARCHAR(45) NOT NULL, `pole_material` VARCHAR(45) NOT NULL, `pole_diameter` INTEGER NOT NULL, `pol_end` VARCHAR(45) NOT NULL, `pol_finish` VARCHAR(45) NOT NULL, `track_end` VARCHAR(45) NOT NULL, `track_finish` VARCHAR(45) NOT NULL, `pooling` VARCHAR(45) NOT NULL, `total_price` INTEGER NOT NULL, `image` VARCHAR(255) NOT NULL, `created_at` DATETIME NOT NULL, `updated_at` DATETIME NOT NULL, PRIMARY KEY (`id`)) ENGINE=InnoDB DEFAULT CHARSET=utf8mb4 COLLATE utf8mb4_general_ci;
2022-06-28 16:14:57 info: 2ms Executed (default): SHOW INDEX FROM `productBuilder`
2022-06-28 16:14:57 info: 2ms Executed (default): CREATE TABLE IF NOT EXISTS `fabric` (`id` INTEGER auto_increment , `name` VARCHAR(45) NOT NULL, `fabric_type` VARCHAR(45) NOT NULL, `starting_price` INTEGER NOT NULL, `color` VARCHAR(45) NOT NULL, `material_type` VARCHAR(45) NOT NULL, `price_per_meter` INTEGER NOT NULL, `category` VARCHAR(45) NOT NULL, `milled_country_name` VARCHAR(45) NOT NULL, `composition` VARCHAR(45) NOT NULL, `cleaning` VARCHAR(45) NOT NULL, `small_curtains` INTEGER NOT NULL, `medium_curtains` INTEGER NOT NULL, `large_curtains` INTEGER NOT NULL, `image` VARCHAR(255) NOT NULL, `created_at` DATETIME NOT NULL, `updated_at` DATETIME NOT NULL, PRIMARY KEY (`id`)) ENGINE=InnoDB DEFAULT CHARSET=utf8mb4 COLLATE utf8mb4_general_ci;
2022-06-28 16:14:57 info: 2ms Executed (default): SHOW INDEX FROM `fabric`
2022-06-28 16:14:57 info: 1ms Executed (default): CREATE TABLE IF NOT EXISTS `style` (`id` INTEGER auto_increment , `style_type` VARCHAR(45) NOT NULL, `height` INTEGER NOT NULL, `width` INTEGER NOT NULL, `price` INTEGER NOT NULL, `created_at` DATETIME NOT NULL, `updated_at` DATETIME NOT NULL, PRIMARY KEY (`id`)) ENGINE=InnoDB DEFAULT CHARSET=utf8mb4 COLLATE utf8mb4_general_ci;
2022-06-28 16:14:57 info: 2ms Executed (default): SHOW INDEX FROM `style`
2022-06-28 16:14:57 info: 2ms Executed (default): CREATE TABLE IF NOT EXISTS `cart` (`id` INTEGER auto_increment , `product_builder_id` INTEGER NOT NULL, `user_id` INTEGER NOT NULL, `count` INTEGER NOT NULL, `created_at` DATETIME NOT NULL, `updated_at` DATETIME NOT NULL, PRIMARY KEY (`id`)) ENGINE=InnoDB DEFAULT CHARSET=utf8mb4 COLLATE utf8mb4_general_ci;
2022-06-28 16:14:57 info: 2ms Executed (default): SHOW INDEX FROM `cart`
2022-06-28 16:14:57 info: 2ms Executed (default): CREATE TABLE IF NOT EXISTS `order` (`id` INTEGER auto_increment , `product_builder_id` INTEGER NOT NULL, `user_id` INTEGER NOT NULL, `count` INTEGER NOT NULL, `status` VARCHAR(45) NOT NULL, `shipping_address` VARCHAR(255) NOT NULL, `mobile_number` VARCHAR(45) NOT NULL, `payment_status` VARCHAR(45) NOT NULL, `created_at` DATETIME NOT NULL, `updated_at` DATETIME NOT NULL, PRIMARY KEY (`id`)) ENGINE=InnoDB DEFAULT CHARSET=utf8mb4 COLLATE utf8mb4_general_ci;
2022-06-28 16:14:57 info: 2ms Executed (default): SHOW INDEX FROM `order`
2022-06-28 16:14:57 info: 2ms Executed (default): CREATE TABLE IF NOT EXISTS `payment` (`id` INTEGER auto_increment , `invoice` VARCHAR(255) NOT NULL, `amount` INTEGER NOT NULL, `order_id` INTEGER NOT NULL, `transaction_id` INTEGER NOT NULL, `payment_id` INTEGER NOT NULL, `transaction_status` VARCHAR(45) NOT NULL, `created_at` DATETIME NOT NULL, `updated_at` DATETIME NOT NULL, PRIMARY KEY (`id`)) ENGINE=InnoDB DEFAULT CHARSET=utf8mb4 COLLATE utf8mb4_general_ci;
2022-06-28 16:14:57 info: 2ms Executed (default): SHOW INDEX FROM `payment`
2022-06-28 16:15:33 info: =================================
2022-06-28 16:15:33 info: ======= ENV: development =======
2022-06-28 16:15:33 info: 🚀 App listening on the port 3008
2022-06-28 16:15:33 info: =================================
2022-06-28 16:15:33 info: 1ms Executed (default): SELECT 1+1 AS result
2022-06-28 16:15:33 info: 3ms Executed (default): CREATE TABLE IF NOT EXISTS `users` (`id` INTEGER auto_increment , `email` VARCHAR(45) NOT NULL, `password` VARCHAR(255) NOT NULL, `name` VARCHAR(45) NOT NULL, `role` VARCHAR(45) NOT NULL, `phone_number` INTEGER NOT NULL, `address` VARCHAR(45) NOT NULL, `email_status` VARCHAR(45) NOT NULL, `created_at` DATETIME NOT NULL, `updated_at` DATETIME NOT NULL, PRIMARY KEY (`id`)) ENGINE=InnoDB DEFAULT CHARSET=utf8mb4 COLLATE utf8mb4_general_ci;
2022-06-28 16:15:33 info: 3ms Executed (default): SHOW INDEX FROM `users`
2022-06-28 16:15:33 info: 2ms Executed (default): CREATE TABLE IF NOT EXISTS `productBuilder` (`id` INTEGER auto_increment , `fabric_id` INTEGER NOT NULL, `user_id` INTEGER NOT NULL, `measuring_for` VARCHAR(45) NOT NULL, `type_of_room` VARCHAR(255) NOT NULL, `kind_of_room` VARCHAR(45) NOT NULL, `window_name` VARCHAR(45) NOT NULL, `pole_or_track_status` VARCHAR(45) NOT NULL, `width` INTEGER NOT NULL, `height` INTEGER NOT NULL, `panel` VARCHAR(45) NOT NULL, `curtain_close` VARCHAR(45) NOT NULL, `style` VARCHAR(45) NOT NULL, `lining` VARCHAR(45) NOT NULL, `pole_and_track` VARCHAR(45) NOT NULL, `pole_material` VARCHAR(45) NOT NULL, `pole_diameter` INTEGER NOT NULL, `pol_end` VARCHAR(45) NOT NULL, `pol_finish` VARCHAR(45) NOT NULL, `track_end` VARCHAR(45) NOT NULL, `track_finish` VARCHAR(45) NOT NULL, `pooling` VARCHAR(45) NOT NULL, `total_price` INTEGER NOT NULL, `image` VARCHAR(255) NOT NULL, `created_at` DATETIME NOT NULL, `updated_at` DATETIME NOT NULL, PRIMARY KEY (`id`)) ENGINE=InnoDB DEFAULT CHARSET=utf8mb4 COLLATE utf8mb4_general_ci;
2022-06-28 16:15:33 info: 1ms Executed (default): SHOW INDEX FROM `productBuilder`
2022-06-28 16:15:33 info: 3ms Executed (default): CREATE TABLE IF NOT EXISTS `fabric` (`id` INTEGER auto_increment , `name` VARCHAR(45) NOT NULL, `fabric_type` VARCHAR(45) NOT NULL, `starting_price` INTEGER NOT NULL, `color` VARCHAR(45) NOT NULL, `material_type` VARCHAR(45) NOT NULL, `price_per_meter` INTEGER NOT NULL, `category` VARCHAR(45) NOT NULL, `milled_country_name` VARCHAR(45) NOT NULL, `composition` VARCHAR(45) NOT NULL, `cleaning` VARCHAR(45) NOT NULL, `small_curtains` INTEGER NOT NULL, `medium_curtains` INTEGER NOT NULL, `large_curtains` INTEGER NOT NULL, `image` VARCHAR(255) NOT NULL, `created_at` DATETIME NOT NULL, `updated_at` DATETIME NOT NULL, PRIMARY KEY (`id`)) ENGINE=InnoDB DEFAULT CHARSET=utf8mb4 COLLATE utf8mb4_general_ci;
2022-06-28 16:15:33 info: 2ms Executed (default): SHOW INDEX FROM `fabric`
2022-06-28 16:15:33 info: 3ms Executed (default): CREATE TABLE IF NOT EXISTS `style` (`id` INTEGER auto_increment , `style_type` VARCHAR(45) NOT NULL, `height` INTEGER NOT NULL, `width` INTEGER NOT NULL, `price` INTEGER NOT NULL, `created_at` DATETIME NOT NULL, `updated_at` DATETIME NOT NULL, PRIMARY KEY (`id`)) ENGINE=InnoDB DEFAULT CHARSET=utf8mb4 COLLATE utf8mb4_general_ci;
2022-06-28 16:15:33 info: 2ms Executed (default): SHOW INDEX FROM `style`
2022-06-28 16:15:33 info: 2ms Executed (default): CREATE TABLE IF NOT EXISTS `cart` (`id` INTEGER auto_increment , `product_builder_id` INTEGER NOT NULL, `user_id` INTEGER NOT NULL, `count` INTEGER NOT NULL, `created_at` DATETIME NOT NULL, `updated_at` DATETIME NOT NULL, PRIMARY KEY (`id`)) ENGINE=InnoDB DEFAULT CHARSET=utf8mb4 COLLATE utf8mb4_general_ci;
2022-06-28 16:15:33 info: 2ms Executed (default): SHOW INDEX FROM `cart`
2022-06-28 16:15:33 info: 2ms Executed (default): CREATE TABLE IF NOT EXISTS `order` (`id` INTEGER auto_increment , `product_builder_id` INTEGER NOT NULL, `user_id` INTEGER NOT NULL, `count` INTEGER NOT NULL, `status` VARCHAR(45) NOT NULL, `shipping_address` VARCHAR(255) NOT NULL, `mobile_number` VARCHAR(45) NOT NULL, `payment_status` VARCHAR(45) NOT NULL, `created_at` DATETIME NOT NULL, `updated_at` DATETIME NOT NULL, PRIMARY KEY (`id`)) ENGINE=InnoDB DEFAULT CHARSET=utf8mb4 COLLATE utf8mb4_general_ci;
2022-06-28 16:15:33 info: 2ms Executed (default): SHOW INDEX FROM `order`
2022-06-28 16:15:33 info: 3ms Executed (default): CREATE TABLE IF NOT EXISTS `payment` (`id` INTEGER auto_increment , `invoice` VARCHAR(255) NOT NULL, `amount` INTEGER NOT NULL, `order_id` INTEGER NOT NULL, `transaction_id` INTEGER NOT NULL, `payment_id` INTEGER NOT NULL, `transaction_status` VARCHAR(45) NOT NULL, `created_at` DATETIME NOT NULL, `updated_at` DATETIME NOT NULL, PRIMARY KEY (`id`)) ENGINE=InnoDB DEFAULT CHARSET=utf8mb4 COLLATE utf8mb4_general_ci;
2022-06-28 16:15:33 info: 2ms Executed (default): SHOW INDEX FROM `payment`
2022-06-28 16:16:19 info: =================================
2022-06-28 16:16:19 info: ======= ENV: development =======
2022-06-28 16:16:19 info: 🚀 App listening on the port 3008
2022-06-28 16:16:19 info: =================================
2022-06-28 16:16:19 info: 1ms Executed (default): SELECT 1+1 AS result
2022-06-28 16:16:19 info: 2ms Executed (default): CREATE TABLE IF NOT EXISTS `users` (`id` INTEGER auto_increment , `email` VARCHAR(45) NOT NULL, `password` VARCHAR(255) NOT NULL, `name` VARCHAR(45) NOT NULL, `role` VARCHAR(45) NOT NULL, `phone_number` INTEGER NOT NULL, `address` VARCHAR(45) NOT NULL, `email_status` VARCHAR(45) NOT NULL, `created_at` DATETIME NOT NULL, `updated_at` DATETIME NOT NULL, PRIMARY KEY (`id`)) ENGINE=InnoDB DEFAULT CHARSET=utf8mb4 COLLATE utf8mb4_general_ci;
2022-06-28 16:16:19 info: 3ms Executed (default): SHOW INDEX FROM `users`
2022-06-28 16:16:19 info: 3ms Executed (default): CREATE TABLE IF NOT EXISTS `productBuilder` (`id` INTEGER auto_increment , `fabric_id` INTEGER NOT NULL, `user_id` INTEGER NOT NULL, `measuring_for` VARCHAR(45) NOT NULL, `type_of_room` VARCHAR(255) NOT NULL, `kind_of_room` VARCHAR(45) NOT NULL, `window_name` VARCHAR(45) NOT NULL, `pole_or_track_status` VARCHAR(45) NOT NULL, `width` INTEGER NOT NULL, `height` INTEGER NOT NULL, `panel` VARCHAR(45) NOT NULL, `curtain_close` VARCHAR(45) NOT NULL, `style` VARCHAR(45) NOT NULL, `lining` VARCHAR(45) NOT NULL, `pole_and_track` VARCHAR(45) NOT NULL, `pole_material` VARCHAR(45) NOT NULL, `pole_diameter` INTEGER NOT NULL, `pol_end` VARCHAR(45) NOT NULL, `pol_finish` VARCHAR(45) NOT NULL, `track_end` VARCHAR(45) NOT NULL, `track_finish` VARCHAR(45) NOT NULL, `pooling` VARCHAR(45) NOT NULL, `total_price` INTEGER NOT NULL, `image` VARCHAR(255) NOT NULL, `created_at` DATETIME NOT NULL, `updated_at` DATETIME NOT NULL, PRIMARY KEY (`id`)) ENGINE=InnoDB DEFAULT CHARSET=utf8mb4 COLLATE utf8mb4_general_ci;
2022-06-28 16:16:19 info: 2ms Executed (default): SHOW INDEX FROM `productBuilder`
2022-06-28 16:16:19 info: 2ms Executed (default): CREATE TABLE IF NOT EXISTS `fabric` (`id` INTEGER auto_increment , `name` VARCHAR(45) NOT NULL, `fabric_type` VARCHAR(45) NOT NULL, `starting_price` INTEGER NOT NULL, `color` VARCHAR(45) NOT NULL, `material_type` VARCHAR(45) NOT NULL, `price_per_meter` INTEGER NOT NULL, `category` VARCHAR(45) NOT NULL, `milled_country_name` VARCHAR(45) NOT NULL, `composition` VARCHAR(45) NOT NULL, `cleaning` VARCHAR(45) NOT NULL, `small_curtains` INTEGER NOT NULL, `medium_curtains` INTEGER NOT NULL, `large_curtains` INTEGER NOT NULL, `image_small` VARCHAR(255) NOT NULL, `image_big` VARCHAR(255) NOT NULL, `created_at` DATETIME NOT NULL, `updated_at` DATETIME NOT NULL, PRIMARY KEY (`id`)) ENGINE=InnoDB DEFAULT CHARSET=utf8mb4 COLLATE utf8mb4_general_ci;
2022-06-28 16:16:19 info: 2ms Executed (default): SHOW INDEX FROM `fabric`
2022-06-28 16:16:19 info: 2ms Executed (default): CREATE TABLE IF NOT EXISTS `style` (`id` INTEGER auto_increment , `style_type` VARCHAR(45) NOT NULL, `height` INTEGER NOT NULL, `width` INTEGER NOT NULL, `price` INTEGER NOT NULL, `created_at` DATETIME NOT NULL, `updated_at` DATETIME NOT NULL, PRIMARY KEY (`id`)) ENGINE=InnoDB DEFAULT CHARSET=utf8mb4 COLLATE utf8mb4_general_ci;
2022-06-28 16:16:19 info: 4ms Executed (default): SHOW INDEX FROM `style`
2022-06-28 16:16:19 info: 3ms Executed (default): CREATE TABLE IF NOT EXISTS `cart` (`id` INTEGER auto_increment , `product_builder_id` INTEGER NOT NULL, `user_id` INTEGER NOT NULL, `count` INTEGER NOT NULL, `created_at` DATETIME NOT NULL, `updated_at` DATETIME NOT NULL, PRIMARY KEY (`id`)) ENGINE=InnoDB DEFAULT CHARSET=utf8mb4 COLLATE utf8mb4_general_ci;
2022-06-28 16:16:19 info: 3ms Executed (default): SHOW INDEX FROM `cart`
2022-06-28 16:16:19 info: 2ms Executed (default): CREATE TABLE IF NOT EXISTS `order` (`id` INTEGER auto_increment , `product_builder_id` INTEGER NOT NULL, `user_id` INTEGER NOT NULL, `count` INTEGER NOT NULL, `status` VARCHAR(45) NOT NULL, `shipping_address` VARCHAR(255) NOT NULL, `mobile_number` VARCHAR(45) NOT NULL, `payment_status` VARCHAR(45) NOT NULL, `created_at` DATETIME NOT NULL, `updated_at` DATETIME NOT NULL, PRIMARY KEY (`id`)) ENGINE=InnoDB DEFAULT CHARSET=utf8mb4 COLLATE utf8mb4_general_ci;
2022-06-28 16:16:19 info: 2ms Executed (default): SHOW INDEX FROM `order`
2022-06-28 16:16:19 info: 3ms Executed (default): CREATE TABLE IF NOT EXISTS `payment` (`id` INTEGER auto_increment , `invoice` VARCHAR(255) NOT NULL, `amount` INTEGER NOT NULL, `order_id` INTEGER NOT NULL, `transaction_id` INTEGER NOT NULL, `payment_id` INTEGER NOT NULL, `transaction_status` VARCHAR(45) NOT NULL, `created_at` DATETIME NOT NULL, `updated_at` DATETIME NOT NULL, PRIMARY KEY (`id`)) ENGINE=InnoDB DEFAULT CHARSET=utf8mb4 COLLATE utf8mb4_general_ci;
2022-06-28 16:16:19 info: 2ms Executed (default): SHOW INDEX FROM `payment`
