2022-05-28 12:22:22 info: =================================
2022-05-28 12:22:22 info: ======= ENV: development =======
2022-05-28 12:22:22 info: 🚀 App listening on the port 3008
2022-05-28 12:22:22 info: =================================
2022-05-28 12:22:22 info: 3ms Executed (default): SELECT 1+1 AS result
2022-05-28 12:22:22 info: 6ms Executed (default): CREATE TABLE IF NOT EXISTS `users` (`id` INTEGER auto_increment , `email` VARCHAR(45) NOT NULL, `password` VARCHAR(255) NOT NULL, `created_at` DATETIME NOT NULL, `updated_at` DATETIME NOT NULL, PRIMARY KEY (`id`)) ENGINE=InnoDB DEFAULT CHARSET=utf8mb4 COLLATE utf8mb4_general_ci;
2022-05-28 12:22:22 info: 7ms Executed (default): SHOW INDEX FROM `users`
2022-05-28 12:23:45 info: =================================
2022-05-28 12:23:45 info: ======= ENV: development =======
2022-05-28 12:23:45 info: 🚀 App listening on the port 3008
2022-05-28 12:23:45 info: =================================
2022-05-28 12:23:45 info: 3ms Executed (default): SELECT 1+1 AS result
2022-05-28 12:23:45 info: 41ms Executed (default): CREATE TABLE IF NOT EXISTS `users` (`id` INTEGER auto_increment , `email` VARCHAR(45) NOT NULL, `password` VARCHAR(255) NOT NULL, `created_at` DATETIME NOT NULL, `updated_at` DATETIME NOT NULL, PRIMARY KEY (`id`)) ENGINE=InnoDB DEFAULT CHARSET=utf8mb4 COLLATE utf8mb4_general_ci;
2022-05-28 12:23:45 info: 8ms Executed (default): SHOW INDEX FROM `users`
2022-05-28 14:44:11 info: [0mGET /api/v1/products [33m404[0m 12.775 ms - 154[0m
2022-05-28 14:44:14 info: [0mGET /api/v1/products [33m404[0m 4.264 ms - 154[0m
2022-05-28 15:43:21 info: =================================
2022-05-28 15:43:21 info: ======= ENV: development =======
2022-05-28 15:43:21 info: 🚀 App listening on the port 3008
2022-05-28 15:43:21 info: =================================
2022-05-28 15:43:21 info: 2ms Executed (default): SELECT 1+1 AS result
2022-05-28 15:43:21 info: 6ms Executed (default): CREATE TABLE IF NOT EXISTS `users` (`id` INTEGER auto_increment , `email` VARCHAR(45) NOT NULL, `password` VARCHAR(255) NOT NULL, `created_at` DATETIME NOT NULL, `updated_at` DATETIME NOT NULL, PRIMARY KEY (`id`)) ENGINE=InnoDB DEFAULT CHARSET=utf8mb4 COLLATE utf8mb4_general_ci;
2022-05-28 15:43:21 info: 7ms Executed (default): SHOW INDEX FROM `users`
2022-05-28 15:44:45 info: =================================
2022-05-28 15:44:45 info: ======= ENV: development =======
2022-05-28 15:44:45 info: 🚀 App listening on the port 3008
2022-05-28 15:44:45 info: =================================
2022-05-28 15:44:45 info: 4ms Executed (default): SELECT 1+1 AS result
2022-05-28 15:44:45 info: 6ms Executed (default): CREATE TABLE IF NOT EXISTS `users` (`id` INTEGER auto_increment , `email` VARCHAR(45) NOT NULL, `password` VARCHAR(255) NOT NULL, `name` VARCHAR(45) NOT NULL, `role` VARCHAR(45) NOT NULL, `phone_number` VARCHAR(45) NOT NULL, `address` VARCHAR(45) NOT NULL, `created_at` DATETIME NOT NULL, `updated_at` DATETIME NOT NULL, PRIMARY KEY (`id`)) ENGINE=InnoDB DEFAULT CHARSET=utf8mb4 COLLATE utf8mb4_general_ci;
2022-05-28 15:44:45 info: 7ms Executed (default): SHOW INDEX FROM `users`
2022-05-28 15:51:24 info: =================================
2022-05-28 15:51:24 info: ======= ENV: development =======
2022-05-28 15:51:24 info: 🚀 App listening on the port 3008
2022-05-28 15:51:24 info: =================================
2022-05-28 15:51:24 info: 3ms Executed (default): SELECT 1+1 AS result
2022-05-28 15:51:24 info: 4ms Executed (default): CREATE TABLE IF NOT EXISTS `users` (`id` INTEGER auto_increment , `email` VARCHAR(45) NOT NULL, `password` VARCHAR(255) NOT NULL, `name` VARCHAR(45) NOT NULL, `role` VARCHAR(45) NOT NULL, `phone_number` VARCHAR(45) NOT NULL, `address` VARCHAR(45) NOT NULL, `created_at` DATETIME NOT NULL, `updated_at` DATETIME NOT NULL, PRIMARY KEY (`id`)) ENGINE=InnoDB DEFAULT CHARSET=utf8mb4 COLLATE utf8mb4_general_ci;
2022-05-28 15:51:24 info: 5ms Executed (default): SHOW INDEX FROM `users`
2022-05-28 15:51:30 info: =================================
2022-05-28 15:51:30 info: ======= ENV: development =======
2022-05-28 15:51:30 info: 🚀 App listening on the port 3008
2022-05-28 15:51:30 info: =================================
2022-05-28 15:51:30 info: 3ms Executed (default): SELECT 1+1 AS result
2022-05-28 15:51:30 info: 5ms Executed (default): CREATE TABLE IF NOT EXISTS `users` (`id` INTEGER auto_increment , `email` VARCHAR(45) NOT NULL, `password` VARCHAR(255) NOT NULL, `name` VARCHAR(45) NOT NULL, `role` VARCHAR(45) NOT NULL, `phone_number` VARCHAR(45) NOT NULL, `address` VARCHAR(45) NOT NULL, `email_status` VARCHAR(45) NOT NULL, `created_at` DATETIME NOT NULL, `updated_at` DATETIME NOT NULL, PRIMARY KEY (`id`)) ENGINE=InnoDB DEFAULT CHARSET=utf8mb4 COLLATE utf8mb4_general_ci;
2022-05-28 15:51:30 info: 6ms Executed (default): SHOW INDEX FROM `users`
2022-05-28 15:53:07 info: =================================
2022-05-28 15:53:07 info: ======= ENV: development =======
2022-05-28 15:53:07 info: 🚀 App listening on the port 3008
2022-05-28 15:53:07 info: =================================
2022-05-28 15:53:07 info: 3ms Executed (default): SELECT 1+1 AS result
2022-05-28 15:53:07 info: 28ms Executed (default): CREATE TABLE IF NOT EXISTS `users` (`id` INTEGER auto_increment , `email` VARCHAR(45) NOT NULL, `password` VARCHAR(255) NOT NULL, `name` VARCHAR(45) NOT NULL, `role` VARCHAR(45) NOT NULL, `phone_number` VARCHAR(45) NOT NULL, `address` VARCHAR(45) NOT NULL, `email_status` VARCHAR(45) NOT NULL, `created_at` DATETIME NOT NULL, `updated_at` DATETIME NOT NULL, PRIMARY KEY (`id`)) ENGINE=InnoDB DEFAULT CHARSET=utf8mb4 COLLATE utf8mb4_general_ci;
2022-05-28 15:53:07 info: 9ms Executed (default): SHOW INDEX FROM `users`
2022-05-28 15:55:28 info: [0mGET /api/v1/products [33m404[0m 12.211 ms - 154[0m
2022-05-28 15:55:32 info: [0mGET /api/v1/products [33m404[0m 3.991 ms - 154[0m
2022-05-28 15:55:53 info: [0mOPTIONS /api/v1/login [32m204[0m 0.625 ms - 0[0m
2022-05-28 15:55:53 info: 3ms Executed (default): SELECT `id`, `email`, `password`, `name`, `role`, `phone_number` AS `phoneNumber`, `address`, `email_status` AS `emailStatus`, `created_at` AS `createdAt`, `updated_at` AS `updatedAt` FROM `users` AS `UserModel` WHERE `UserModel`.`email` = 'ummerzuhair5@gmail.com' LIMIT 1;
2022-05-28 15:55:53 info: [0mPOST /api/v1/login [33m409[0m 65.378 ms - 71[0m
2022-05-28 15:55:53 info: [0mGET /api/v1/products [33m404[0m 2.024 ms - 154[0m
2022-05-28 15:58:21 info: =================================
2022-05-28 15:58:21 info: ======= ENV: development =======
2022-05-28 15:58:21 info: 🚀 App listening on the port 3008
2022-05-28 15:58:21 info: =================================
2022-05-28 15:58:21 info: 2ms Executed (default): SELECT 1+1 AS result
2022-05-28 15:58:21 info: 5ms Executed (default): CREATE TABLE IF NOT EXISTS `users` (`id` INTEGER auto_increment , `email` VARCHAR(45) NOT NULL, `password` VARCHAR(255) NOT NULL, `name` VARCHAR(45) NOT NULL, `role` VARCHAR(45) NOT NULL, `phone_number` VARCHAR(45) NOT NULL, `address` VARCHAR(45) NOT NULL, `email_status` VARCHAR(45) NOT NULL, `created_at` DATETIME NOT NULL, `updated_at` DATETIME NOT NULL, PRIMARY KEY (`id`)) ENGINE=InnoDB DEFAULT CHARSET=utf8mb4 COLLATE utf8mb4_general_ci;
2022-05-28 15:58:21 info: 10ms Executed (default): SHOW INDEX FROM `users`
2022-05-28 16:04:05 info: =================================
2022-05-28 16:04:05 info: ======= ENV: development =======
2022-05-28 16:04:05 info: 🚀 App listening on the port 3008
2022-05-28 16:04:05 info: =================================
2022-05-28 16:04:05 info: 3ms Executed (default): SELECT 1+1 AS result
2022-05-28 16:04:05 info: 6ms Executed (default): CREATE TABLE IF NOT EXISTS `users` (`id` INTEGER auto_increment , `email` VARCHAR(45) NOT NULL, `password` VARCHAR(255) NOT NULL, `name` VARCHAR(45) NOT NULL, `role` VARCHAR(45) NOT NULL, `phone_number` VARCHAR(45) NOT NULL, `address` VARCHAR(45) NOT NULL, `email_status` VARCHAR(45) NOT NULL, `created_at` DATETIME NOT NULL, `updated_at` DATETIME NOT NULL, PRIMARY KEY (`id`)) ENGINE=InnoDB DEFAULT CHARSET=utf8mb4 COLLATE utf8mb4_general_ci;
2022-05-28 16:04:05 info: 5ms Executed (default): SHOW INDEX FROM `users`
2022-05-28 16:22:11 info: =================================
2022-05-28 16:22:11 info: ======= ENV: development =======
2022-05-28 16:22:11 info: 🚀 App listening on the port 3008
2022-05-28 16:22:11 info: =================================
2022-05-28 16:22:11 info: 2ms Executed (default): SELECT 1+1 AS result
2022-05-28 16:22:11 info: 4ms Executed (default): CREATE TABLE IF NOT EXISTS `users` (`id` INTEGER auto_increment , `email` VARCHAR(45) NOT NULL, `password` VARCHAR(255) NOT NULL, `name` VARCHAR(45) NOT NULL, `role` VARCHAR(45) NOT NULL, `phone_number` VARCHAR(45) NOT NULL, `address` VARCHAR(45) NOT NULL, `email_status` VARCHAR(45) NOT NULL, `created_at` DATETIME NOT NULL, `updated_at` DATETIME NOT NULL, PRIMARY KEY (`id`)) ENGINE=InnoDB DEFAULT CHARSET=utf8mb4 COLLATE utf8mb4_general_ci;
2022-05-28 16:22:11 info: 5ms Executed (default): SHOW INDEX FROM `users`
