2022-06-06 13:49:21 info: =================================
2022-06-06 13:49:21 info: ======= ENV: development =======
2022-06-06 13:49:21 info: 🚀 App listening on the port 3008
2022-06-06 13:49:21 info: =================================
2022-06-06 13:49:22 info: 3ms Executed (default): SELECT 1+1 AS result
2022-06-06 13:49:22 info: 32ms Executed (default): CREATE TABLE IF NOT EXISTS `users` (`id` INTEGER auto_increment , `email` VARCHAR(45) NOT NULL, `password` VARCHAR(255) NOT NULL, `name` VARCHAR(45) NOT NULL, `role` VARCHAR(45) NOT NULL, `phone_number` INTEGER NOT NULL, `address` VARCHAR(45) NOT NULL, `email_status` VARCHAR(45) NOT NULL, `created_at` DATETIME NOT NULL, `updated_at` DATETIME NOT NULL, PRIMARY KEY (`id`)) ENGINE=InnoDB DEFAULT CHARSET=utf8mb4 COLLATE utf8mb4_general_ci;
2022-06-06 13:49:22 info: 16ms Executed (default): SHOW INDEX FROM `users`
2022-06-06 13:49:22 info: 7ms Executed (default): CREATE TABLE IF NOT EXISTS `productBuilder` (`id` INTEGER auto_increment , `fabric_id` INTEGER NOT NULL, `measuring_for` VARCHAR(45) NOT NULL, `type_of_room` VARCHAR(255) NOT NULL, `kind_of_room` VARCHAR(45) NOT NULL, `window_name` VARCHAR(45) NOT NULL, `pole_or_track_status` VARCHAR(45) NOT NULL, `width` INTEGER NOT NULL, `height` INTEGER NOT NULL, `panel` VARCHAR(45) NOT NULL, `style` VARCHAR(45) NOT NULL, `lining` VARCHAR(45) NOT NULL, `pole_and_track` VARCHAR(45) NOT NULL, `pooling` VARCHAR(45) NOT NULL, `total_price` INTEGER NOT NULL, `product_type` VARCHAR(45) NOT NULL, `created_at` DATETIME NOT NULL, `updated_at` DATETIME NOT NULL, PRIMARY KEY (`id`)) ENGINE=InnoDB DEFAULT CHARSET=utf8mb4 COLLATE utf8mb4_general_ci;
2022-06-06 13:49:22 info: 6ms Executed (default): SHOW INDEX FROM `productBuilder`
2022-06-06 13:49:22 info: 6ms Executed (default): CREATE TABLE IF NOT EXISTS `fabric` (`id` INTEGER auto_increment , `product_builder_id` INTEGER NOT NULL, `name` VARCHAR(45) NOT NULL, `color` VARCHAR(255) NOT NULL, `price` INTEGER NOT NULL, `category` VARCHAR(45) NOT NULL, `milled_country_name` VARCHAR(45) NOT NULL, `composition` VARCHAR(45) NOT NULL, `cleaning` VARCHAR(45) NOT NULL, `small_curtains` INTEGER NOT NULL, `medium_curtains` INTEGER NOT NULL, `large_curtains` INTEGER NOT NULL, `fabric_type` VARCHAR(45) NOT NULL, `created_at` DATETIME NOT NULL, `updated_at` DATETIME NOT NULL, PRIMARY KEY (`id`)) ENGINE=InnoDB DEFAULT CHARSET=utf8mb4 COLLATE utf8mb4_general_ci;
2022-06-06 13:49:22 info: 5ms Executed (default): SHOW INDEX FROM `fabric`
2022-06-06 14:17:22 info: 6ms Executed (default): SELECT `id`, `product_builder_id`, `name`, `color`, `price`, `category`, `milled_country_name`, `composition`, `cleaning`, `small_curtains`, `medium_curtains`, `large_curtains`, `fabric_type`, `created_at` AS `createdAt`, `updated_at` AS `updatedAt` FROM `fabric` AS `FabricModel`;
2022-06-06 14:17:22 info: [0mGET /api/v1/fabric [32m200[0m 55.187 ms - 54[0m
2022-06-06 14:17:43 info: 5ms Executed (default): SELECT `id`, `fabric_id`, `measuring_for`, `type_of_room`, `kind_of_room`, `window_name`, `pole_or_track_status`, `width`, `height`, `panel`, `style`, `lining`, `pole_and_track`, `pooling`, `total_price`, `product_type`, `created_at` AS `createdAt`, `updated_at` AS `updatedAt` FROM `productBuilder` AS `ProductBuilderModel`;
2022-06-06 14:17:43 info: [0mGET /api/v1/productBuilder [32m200[0m 16.157 ms - 54[0m
2022-06-06 14:17:53 info: 3ms Executed (default): SELECT `id`, `product_builder_id`, `name`, `color`, `price`, `category`, `milled_country_name`, `composition`, `cleaning`, `small_curtains`, `medium_curtains`, `large_curtains`, `fabric_type`, `created_at` AS `createdAt`, `updated_at` AS `updatedAt` FROM `fabric` AS `FabricModel`;
2022-06-06 14:17:53 info: [0mGET /api/v1/fabric [32m200[0m 7.275 ms - 54[0m
2022-06-06 14:18:19 info: =================================
2022-06-06 14:18:19 info: ======= ENV: development =======
2022-06-06 14:18:19 info: 🚀 App listening on the port 3008
2022-06-06 14:18:19 info: =================================
2022-06-06 14:18:19 info: 2ms Executed (default): SELECT 1+1 AS result
2022-06-06 14:18:19 info: 5ms Executed (default): CREATE TABLE IF NOT EXISTS `users` (`id` INTEGER auto_increment , `email` VARCHAR(45) NOT NULL, `password` VARCHAR(255) NOT NULL, `name` VARCHAR(45) NOT NULL, `role` VARCHAR(45) NOT NULL, `phone_number` INTEGER NOT NULL, `address` VARCHAR(45) NOT NULL, `email_status` VARCHAR(45) NOT NULL, `created_at` DATETIME NOT NULL, `updated_at` DATETIME NOT NULL, PRIMARY KEY (`id`)) ENGINE=InnoDB DEFAULT CHARSET=utf8mb4 COLLATE utf8mb4_general_ci;
2022-06-06 14:18:19 info: 7ms Executed (default): SHOW INDEX FROM `users`
2022-06-06 14:18:19 info: 3ms Executed (default): CREATE TABLE IF NOT EXISTS `productBuilder` (`id` INTEGER auto_increment , `fabric_id` INTEGER NOT NULL, `measuring_for` VARCHAR(45) NOT NULL, `type_of_room` VARCHAR(255) NOT NULL, `kind_of_room` VARCHAR(45) NOT NULL, `window_name` VARCHAR(45) NOT NULL, `pole_or_track_status` VARCHAR(45) NOT NULL, `width` INTEGER NOT NULL, `height` INTEGER NOT NULL, `panel` VARCHAR(45) NOT NULL, `style` VARCHAR(45) NOT NULL, `lining` VARCHAR(45) NOT NULL, `pole_and_track` VARCHAR(45) NOT NULL, `pooling` VARCHAR(45) NOT NULL, `total_price` INTEGER NOT NULL, `product_type` VARCHAR(45) NOT NULL, `created_at` DATETIME NOT NULL, `updated_at` DATETIME NOT NULL, PRIMARY KEY (`id`)) ENGINE=InnoDB DEFAULT CHARSET=utf8mb4 COLLATE utf8mb4_general_ci;
2022-06-06 14:18:19 info: 4ms Executed (default): SHOW INDEX FROM `productBuilder`
2022-06-06 14:18:19 info: 3ms Executed (default): CREATE TABLE IF NOT EXISTS `fabric` (`id` INTEGER auto_increment , `product_builder_id` INTEGER NOT NULL, `name` VARCHAR(45) NOT NULL, `color` VARCHAR(255) NOT NULL, `price` INTEGER NOT NULL, `category` VARCHAR(45) NOT NULL, `milled_country_name` VARCHAR(45) NOT NULL, `composition` VARCHAR(45) NOT NULL, `cleaning` VARCHAR(45) NOT NULL, `small_curtains` INTEGER NOT NULL, `medium_curtains` INTEGER NOT NULL, `large_curtains` INTEGER NOT NULL, `fabric_type` VARCHAR(45) NOT NULL, `created_at` DATETIME NOT NULL, `updated_at` DATETIME NOT NULL, PRIMARY KEY (`id`)) ENGINE=InnoDB DEFAULT CHARSET=utf8mb4 COLLATE utf8mb4_general_ci;
2022-06-06 14:18:19 info: 3ms Executed (default): SHOW INDEX FROM `fabric`
2022-06-06 14:18:20 info: 2ms Executed (default): SELECT `id`, `product_builder_id`, `name`, `color`, `price`, `category`, `milled_country_name`, `composition`, `cleaning`, `small_curtains`, `medium_curtains`, `large_curtains`, `fabric_type`, `created_at` AS `createdAt`, `updated_at` AS `updatedAt` FROM `fabric` AS `FabricModel`;
2022-06-06 14:18:20 info: [0mGET /api/v1/fabric [32m200[0m 35.000 ms - 45[0m
2022-06-06 14:49:00 info: =================================
2022-06-06 14:49:00 info: ======= ENV: development =======
2022-06-06 14:49:00 info: 🚀 App listening on the port 3008
2022-06-06 14:49:00 info: =================================
2022-06-06 14:49:00 info: 2ms Executed (default): SELECT 1+1 AS result
2022-06-06 14:49:00 info: 6ms Executed (default): CREATE TABLE IF NOT EXISTS `users` (`id` INTEGER auto_increment , `email` VARCHAR(45) NOT NULL, `password` VARCHAR(255) NOT NULL, `name` VARCHAR(45) NOT NULL, `role` VARCHAR(45) NOT NULL, `phone_number` INTEGER NOT NULL, `address` VARCHAR(45) NOT NULL, `email_status` VARCHAR(45) NOT NULL, `created_at` DATETIME NOT NULL, `updated_at` DATETIME NOT NULL, PRIMARY KEY (`id`)) ENGINE=InnoDB DEFAULT CHARSET=utf8mb4 COLLATE utf8mb4_general_ci;
2022-06-06 14:49:00 info: 8ms Executed (default): SHOW INDEX FROM `users`
2022-06-06 14:49:00 info: 3ms Executed (default): CREATE TABLE IF NOT EXISTS `productBuilder` (`id` INTEGER auto_increment , `fabric_id` INTEGER NOT NULL, `measuring_for` VARCHAR(45) NOT NULL, `type_of_room` VARCHAR(255) NOT NULL, `kind_of_room` VARCHAR(45) NOT NULL, `window_name` VARCHAR(45) NOT NULL, `pole_or_track_status` VARCHAR(45) NOT NULL, `width` INTEGER NOT NULL, `height` INTEGER NOT NULL, `panel` VARCHAR(45) NOT NULL, `style` VARCHAR(45) NOT NULL, `lining` VARCHAR(45) NOT NULL, `pole_and_track` VARCHAR(45) NOT NULL, `pooling` VARCHAR(45) NOT NULL, `total_price` INTEGER NOT NULL, `product_type` VARCHAR(45) NOT NULL, `created_at` DATETIME NOT NULL, `updated_at` DATETIME NOT NULL, PRIMARY KEY (`id`)) ENGINE=InnoDB DEFAULT CHARSET=utf8mb4 COLLATE utf8mb4_general_ci;
2022-06-06 14:49:00 info: 3ms Executed (default): SHOW INDEX FROM `productBuilder`
2022-06-06 14:49:00 info: 3ms Executed (default): CREATE TABLE IF NOT EXISTS `fabric` (`id` INTEGER auto_increment , `product_builder_id` INTEGER NOT NULL, `name` VARCHAR(45) NOT NULL, `color` VARCHAR(255) NOT NULL, `price` INTEGER NOT NULL, `category` VARCHAR(45) NOT NULL, `milled_country_name` VARCHAR(45) NOT NULL, `composition` VARCHAR(45) NOT NULL, `cleaning` VARCHAR(45) NOT NULL, `small_curtains` INTEGER NOT NULL, `medium_curtains` INTEGER NOT NULL, `large_curtains` INTEGER NOT NULL, `fabric_type` VARCHAR(45) NOT NULL, `created_at` DATETIME NOT NULL, `updated_at` DATETIME NOT NULL, PRIMARY KEY (`id`)) ENGINE=InnoDB DEFAULT CHARSET=utf8mb4 COLLATE utf8mb4_general_ci;
2022-06-06 14:49:00 info: 3ms Executed (default): SHOW INDEX FROM `fabric`
2022-06-06 14:57:31 info: =================================
2022-06-06 14:57:31 info: ======= ENV: development =======
2022-06-06 14:57:31 info: 🚀 App listening on the port 3008
2022-06-06 14:57:31 info: =================================
2022-06-06 14:57:31 info: 3ms Executed (default): SELECT 1+1 AS result
2022-06-06 14:57:31 info: 5ms Executed (default): CREATE TABLE IF NOT EXISTS `users` (`id` INTEGER auto_increment , `email` VARCHAR(45) NOT NULL, `password` VARCHAR(255) NOT NULL, `name` VARCHAR(45) NOT NULL, `role` VARCHAR(45) NOT NULL, `phone_number` INTEGER NOT NULL, `address` VARCHAR(45) NOT NULL, `email_status` VARCHAR(45) NOT NULL, `created_at` DATETIME NOT NULL, `updated_at` DATETIME NOT NULL, PRIMARY KEY (`id`)) ENGINE=InnoDB DEFAULT CHARSET=utf8mb4 COLLATE utf8mb4_general_ci;
2022-06-06 14:57:31 info: 6ms Executed (default): SHOW INDEX FROM `users`
2022-06-06 14:57:31 info: 3ms Executed (default): CREATE TABLE IF NOT EXISTS `productBuilder` (`id` INTEGER auto_increment , `fabric_id` INTEGER NOT NULL, `measuring_for` VARCHAR(45) NOT NULL, `type_of_room` VARCHAR(255) NOT NULL, `kind_of_room` VARCHAR(45) NOT NULL, `window_name` VARCHAR(45) NOT NULL, `pole_or_track_status` VARCHAR(45) NOT NULL, `width` INTEGER NOT NULL, `height` INTEGER NOT NULL, `panel` VARCHAR(45) NOT NULL, `style` VARCHAR(45) NOT NULL, `lining` VARCHAR(45) NOT NULL, `pole_and_track` VARCHAR(45) NOT NULL, `pooling` VARCHAR(45) NOT NULL, `total_price` INTEGER NOT NULL, `product_type` VARCHAR(45) NOT NULL, `created_at` DATETIME NOT NULL, `updated_at` DATETIME NOT NULL, PRIMARY KEY (`id`)) ENGINE=InnoDB DEFAULT CHARSET=utf8mb4 COLLATE utf8mb4_general_ci;
2022-06-06 14:57:31 info: 4ms Executed (default): SHOW INDEX FROM `productBuilder`
2022-06-06 14:57:31 info: 3ms Executed (default): CREATE TABLE IF NOT EXISTS `fabric` (`id` INTEGER auto_increment , `product_builder_id` INTEGER NOT NULL, `name` VARCHAR(45) NOT NULL, `color` VARCHAR(255) NOT NULL, `price` INTEGER NOT NULL, `category` VARCHAR(45) NOT NULL, `milled_country_name` VARCHAR(45) NOT NULL, `composition` VARCHAR(45) NOT NULL, `cleaning` VARCHAR(45) NOT NULL, `small_curtains` INTEGER NOT NULL, `medium_curtains` INTEGER NOT NULL, `large_curtains` INTEGER NOT NULL, `fabric_type` VARCHAR(45) NOT NULL, `created_at` DATETIME NOT NULL, `updated_at` DATETIME NOT NULL, PRIMARY KEY (`id`)) ENGINE=InnoDB DEFAULT CHARSET=utf8mb4 COLLATE utf8mb4_general_ci;
2022-06-06 14:57:31 info: 3ms Executed (default): SHOW INDEX FROM `fabric`
2022-06-06 14:58:30 info: =================================
2022-06-06 14:58:30 info: ======= ENV: development =======
2022-06-06 14:58:30 info: 🚀 App listening on the port 3008
2022-06-06 14:58:30 info: =================================
2022-06-06 14:58:30 info: 2ms Executed (default): SELECT 1+1 AS result
2022-06-06 14:58:30 info: 5ms Executed (default): CREATE TABLE IF NOT EXISTS `users` (`id` INTEGER auto_increment , `email` VARCHAR(45) NOT NULL, `password` VARCHAR(255) NOT NULL, `name` VARCHAR(45) NOT NULL, `role` VARCHAR(45) NOT NULL, `phone_number` INTEGER NOT NULL, `address` VARCHAR(45) NOT NULL, `email_status` VARCHAR(45) NOT NULL, `created_at` DATETIME NOT NULL, `updated_at` DATETIME NOT NULL, PRIMARY KEY (`id`)) ENGINE=InnoDB DEFAULT CHARSET=utf8mb4 COLLATE utf8mb4_general_ci;
2022-06-06 14:58:30 info: 7ms Executed (default): SHOW INDEX FROM `users`
2022-06-06 14:58:30 info: 3ms Executed (default): CREATE TABLE IF NOT EXISTS `productBuilder` (`id` INTEGER auto_increment , `fabric_id` INTEGER NOT NULL, `measuring_for` VARCHAR(45) NOT NULL, `type_of_room` VARCHAR(255) NOT NULL, `kind_of_room` VARCHAR(45) NOT NULL, `window_name` VARCHAR(45) NOT NULL, `pole_or_track_status` VARCHAR(45) NOT NULL, `width` INTEGER NOT NULL, `height` INTEGER NOT NULL, `panel` VARCHAR(45) NOT NULL, `style` VARCHAR(45) NOT NULL, `lining` VARCHAR(45) NOT NULL, `pole_and_track` VARCHAR(45) NOT NULL, `pooling` VARCHAR(45) NOT NULL, `total_price` INTEGER NOT NULL, `product_type` VARCHAR(45) NOT NULL, `created_at` DATETIME NOT NULL, `updated_at` DATETIME NOT NULL, PRIMARY KEY (`id`)) ENGINE=InnoDB DEFAULT CHARSET=utf8mb4 COLLATE utf8mb4_general_ci;
2022-06-06 14:58:30 info: 4ms Executed (default): SHOW INDEX FROM `productBuilder`
2022-06-06 14:58:30 info: 3ms Executed (default): CREATE TABLE IF NOT EXISTS `fabric` (`id` INTEGER auto_increment , `product_builder_id` INTEGER NOT NULL, `name` VARCHAR(45) NOT NULL, `color` VARCHAR(255) NOT NULL, `price` INTEGER NOT NULL, `category` VARCHAR(45) NOT NULL, `milled_country_name` VARCHAR(45) NOT NULL, `composition` VARCHAR(45) NOT NULL, `cleaning` VARCHAR(45) NOT NULL, `small_curtains` INTEGER NOT NULL, `medium_curtains` INTEGER NOT NULL, `large_curtains` INTEGER NOT NULL, `fabric_type` VARCHAR(45) NOT NULL, `created_at` DATETIME NOT NULL, `updated_at` DATETIME NOT NULL, PRIMARY KEY (`id`)) ENGINE=InnoDB DEFAULT CHARSET=utf8mb4 COLLATE utf8mb4_general_ci;
2022-06-06 14:58:30 info: 4ms Executed (default): SHOW INDEX FROM `fabric`
2022-06-06 15:00:30 info: =================================
2022-06-06 15:00:30 info: ======= ENV: development =======
2022-06-06 15:00:30 info: 🚀 App listening on the port 3008
2022-06-06 15:00:30 info: =================================
2022-06-06 15:00:30 info: 3ms Executed (default): SELECT 1+1 AS result
2022-06-06 15:00:30 info: 8ms Executed (default): CREATE TABLE IF NOT EXISTS `users` (`id` INTEGER auto_increment , `email` VARCHAR(45) NOT NULL, `password` VARCHAR(255) NOT NULL, `name` VARCHAR(45) NOT NULL, `role` VARCHAR(45) NOT NULL, `phone_number` INTEGER NOT NULL, `address` VARCHAR(45) NOT NULL, `email_status` VARCHAR(45) NOT NULL, `created_at` DATETIME NOT NULL, `updated_at` DATETIME NOT NULL, PRIMARY KEY (`id`)) ENGINE=InnoDB DEFAULT CHARSET=utf8mb4 COLLATE utf8mb4_general_ci;
2022-06-06 15:00:30 info: 8ms Executed (default): SHOW INDEX FROM `users`
2022-06-06 15:00:30 info: 4ms Executed (default): CREATE TABLE IF NOT EXISTS `productBuilder` (`id` INTEGER auto_increment , `fabric_id` INTEGER NOT NULL, `measuring_for` VARCHAR(45) NOT NULL, `type_of_room` VARCHAR(255) NOT NULL, `kind_of_room` VARCHAR(45) NOT NULL, `window_name` VARCHAR(45) NOT NULL, `pole_or_track_status` VARCHAR(45) NOT NULL, `width` INTEGER NOT NULL, `height` INTEGER NOT NULL, `panel` VARCHAR(45) NOT NULL, `style` VARCHAR(45) NOT NULL, `lining` VARCHAR(45) NOT NULL, `pole_and_track` VARCHAR(45) NOT NULL, `pooling` VARCHAR(45) NOT NULL, `total_price` INTEGER NOT NULL, `product_type` VARCHAR(45) NOT NULL, `created_at` DATETIME NOT NULL, `updated_at` DATETIME NOT NULL, PRIMARY KEY (`id`)) ENGINE=InnoDB DEFAULT CHARSET=utf8mb4 COLLATE utf8mb4_general_ci;
2022-06-06 15:00:30 info: 4ms Executed (default): SHOW INDEX FROM `productBuilder`
2022-06-06 15:00:30 info: 3ms Executed (default): CREATE TABLE IF NOT EXISTS `fabric` (`id` INTEGER auto_increment , `product_builder_id` INTEGER NOT NULL, `name` VARCHAR(45) NOT NULL, `color` VARCHAR(255) NOT NULL, `price` INTEGER NOT NULL, `category` VARCHAR(45) NOT NULL, `milled_country_name` VARCHAR(45) NOT NULL, `composition` VARCHAR(45) NOT NULL, `cleaning` VARCHAR(45) NOT NULL, `small_curtains` INTEGER NOT NULL, `medium_curtains` INTEGER NOT NULL, `large_curtains` INTEGER NOT NULL, `fabric_type` VARCHAR(45) NOT NULL, `created_at` DATETIME NOT NULL, `updated_at` DATETIME NOT NULL, PRIMARY KEY (`id`)) ENGINE=InnoDB DEFAULT CHARSET=utf8mb4 COLLATE utf8mb4_general_ci;
2022-06-06 15:00:30 info: 4ms Executed (default): SHOW INDEX FROM `fabric`
2022-06-06 15:00:36 info: =================================
2022-06-06 15:00:36 info: ======= ENV: development =======
2022-06-06 15:00:36 info: 🚀 App listening on the port 3008
2022-06-06 15:00:36 info: =================================
2022-06-06 15:00:36 info: 3ms Executed (default): SELECT 1+1 AS result
2022-06-06 15:00:36 info: 7ms Executed (default): CREATE TABLE IF NOT EXISTS `users` (`id` INTEGER auto_increment , `email` VARCHAR(45) NOT NULL, `password` VARCHAR(255) NOT NULL, `name` VARCHAR(45) NOT NULL, `role` VARCHAR(45) NOT NULL, `phone_number` INTEGER NOT NULL, `address` VARCHAR(45) NOT NULL, `email_status` VARCHAR(45) NOT NULL, `created_at` DATETIME NOT NULL, `updated_at` DATETIME NOT NULL, PRIMARY KEY (`id`)) ENGINE=InnoDB DEFAULT CHARSET=utf8mb4 COLLATE utf8mb4_general_ci;
2022-06-06 15:00:36 info: 7ms Executed (default): SHOW INDEX FROM `users`
2022-06-06 15:00:36 info: 3ms Executed (default): CREATE TABLE IF NOT EXISTS `productBuilder` (`id` INTEGER auto_increment , `fabric_id` INTEGER NOT NULL, `measuring_for` VARCHAR(45) NOT NULL, `type_of_room` VARCHAR(255) NOT NULL, `kind_of_room` VARCHAR(45) NOT NULL, `window_name` VARCHAR(45) NOT NULL, `pole_or_track_status` VARCHAR(45) NOT NULL, `width` INTEGER NOT NULL, `height` INTEGER NOT NULL, `panel` VARCHAR(45) NOT NULL, `style` VARCHAR(45) NOT NULL, `lining` VARCHAR(45) NOT NULL, `pole_and_track` VARCHAR(45) NOT NULL, `pooling` VARCHAR(45) NOT NULL, `total_price` INTEGER NOT NULL, `product_type` VARCHAR(45) NOT NULL, `created_at` DATETIME NOT NULL, `updated_at` DATETIME NOT NULL, PRIMARY KEY (`id`)) ENGINE=InnoDB DEFAULT CHARSET=utf8mb4 COLLATE utf8mb4_general_ci;
2022-06-06 15:00:36 info: 4ms Executed (default): SHOW INDEX FROM `productBuilder`
2022-06-06 15:00:36 info: 3ms Executed (default): CREATE TABLE IF NOT EXISTS `fabric` (`id` INTEGER auto_increment , `product_builder_id` INTEGER NOT NULL, `name` VARCHAR(45) NOT NULL, `color` VARCHAR(255) NOT NULL, `price` INTEGER NOT NULL, `category` VARCHAR(45) NOT NULL, `milled_country_name` VARCHAR(45) NOT NULL, `composition` VARCHAR(45) NOT NULL, `cleaning` VARCHAR(45) NOT NULL, `small_curtains` INTEGER NOT NULL, `medium_curtains` INTEGER NOT NULL, `large_curtains` INTEGER NOT NULL, `fabric_type` VARCHAR(45) NOT NULL, `created_at` DATETIME NOT NULL, `updated_at` DATETIME NOT NULL, PRIMARY KEY (`id`)) ENGINE=InnoDB DEFAULT CHARSET=utf8mb4 COLLATE utf8mb4_general_ci;
2022-06-06 15:00:36 info: 2ms Executed (default): SHOW INDEX FROM `fabric`
2022-06-06 15:08:59 info: =================================
2022-06-06 15:08:59 info: ======= ENV: development =======
2022-06-06 15:08:59 info: 🚀 App listening on the port 3008
2022-06-06 15:08:59 info: =================================
2022-06-06 15:08:59 info: 2ms Executed (default): SELECT 1+1 AS result
2022-06-06 15:08:59 info: 7ms Executed (default): CREATE TABLE IF NOT EXISTS `users` (`id` INTEGER auto_increment , `email` VARCHAR(45) NOT NULL, `password` VARCHAR(255) NOT NULL, `name` VARCHAR(45) NOT NULL, `role` VARCHAR(45) NOT NULL, `phone_number` INTEGER NOT NULL, `address` VARCHAR(45) NOT NULL, `email_status` VARCHAR(45) NOT NULL, `created_at` DATETIME NOT NULL, `updated_at` DATETIME NOT NULL, PRIMARY KEY (`id`)) ENGINE=InnoDB DEFAULT CHARSET=utf8mb4 COLLATE utf8mb4_general_ci;
2022-06-06 15:08:59 info: 7ms Executed (default): SHOW INDEX FROM `users`
2022-06-06 15:08:59 info: 4ms Executed (default): CREATE TABLE IF NOT EXISTS `productBuilder` (`id` INTEGER auto_increment , `fabric_id` INTEGER NOT NULL, `measuring_for` VARCHAR(45) NOT NULL, `type_of_room` VARCHAR(255) NOT NULL, `kind_of_room` VARCHAR(45) NOT NULL, `window_name` VARCHAR(45) NOT NULL, `pole_or_track_status` VARCHAR(45) NOT NULL, `width` INTEGER NOT NULL, `height` INTEGER NOT NULL, `panel` VARCHAR(45) NOT NULL, `style` VARCHAR(45) NOT NULL, `lining` VARCHAR(45) NOT NULL, `pole_and_track` VARCHAR(45) NOT NULL, `pooling` VARCHAR(45) NOT NULL, `total_price` INTEGER NOT NULL, `product_type` VARCHAR(45) NOT NULL, `created_at` DATETIME NOT NULL, `updated_at` DATETIME NOT NULL, PRIMARY KEY (`id`)) ENGINE=InnoDB DEFAULT CHARSET=utf8mb4 COLLATE utf8mb4_general_ci;
2022-06-06 15:08:59 info: 3ms Executed (default): SHOW INDEX FROM `productBuilder`
2022-06-06 15:08:59 info: 3ms Executed (default): CREATE TABLE IF NOT EXISTS `fabric` (`id` INTEGER auto_increment , `product_builder_id` INTEGER NOT NULL, `name` VARCHAR(45) NOT NULL, `color` VARCHAR(255) NOT NULL, `price` INTEGER NOT NULL, `category` VARCHAR(45) NOT NULL, `milled_country_name` VARCHAR(45) NOT NULL, `composition` VARCHAR(45) NOT NULL, `cleaning` VARCHAR(45) NOT NULL, `small_curtains` INTEGER NOT NULL, `medium_curtains` INTEGER NOT NULL, `large_curtains` INTEGER NOT NULL, `fabric_type` VARCHAR(45) NOT NULL, `created_at` DATETIME NOT NULL, `updated_at` DATETIME NOT NULL, PRIMARY KEY (`id`)) ENGINE=InnoDB DEFAULT CHARSET=utf8mb4 COLLATE utf8mb4_general_ci;
2022-06-06 15:08:59 info: 3ms Executed (default): SHOW INDEX FROM `fabric`
2022-06-06 15:09:03 info: =================================
2022-06-06 15:09:03 info: ======= ENV: development =======
2022-06-06 15:09:03 info: 🚀 App listening on the port 3008
2022-06-06 15:09:03 info: =================================
2022-06-06 15:09:03 info: 9ms Executed (default): SELECT 1+1 AS result
2022-06-06 15:09:03 info: 11ms Executed (default): CREATE TABLE IF NOT EXISTS `users` (`id` INTEGER auto_increment , `email` VARCHAR(45) NOT NULL, `password` VARCHAR(255) NOT NULL, `name` VARCHAR(45) NOT NULL, `role` VARCHAR(45) NOT NULL, `phone_number` INTEGER NOT NULL, `address` VARCHAR(45) NOT NULL, `email_status` VARCHAR(45) NOT NULL, `created_at` DATETIME NOT NULL, `updated_at` DATETIME NOT NULL, PRIMARY KEY (`id`)) ENGINE=InnoDB DEFAULT CHARSET=utf8mb4 COLLATE utf8mb4_general_ci;
2022-06-06 15:09:03 info: 7ms Executed (default): SHOW INDEX FROM `users`
2022-06-06 15:09:03 info: 3ms Executed (default): CREATE TABLE IF NOT EXISTS `productBuilder` (`id` INTEGER auto_increment , `fabric_id` INTEGER NOT NULL, `measuring_for` VARCHAR(45) NOT NULL, `type_of_room` VARCHAR(255) NOT NULL, `kind_of_room` VARCHAR(45) NOT NULL, `window_name` VARCHAR(45) NOT NULL, `pole_or_track_status` VARCHAR(45) NOT NULL, `width` INTEGER NOT NULL, `height` INTEGER NOT NULL, `panel` VARCHAR(45) NOT NULL, `style` VARCHAR(45) NOT NULL, `lining` VARCHAR(45) NOT NULL, `pole_and_track` VARCHAR(45) NOT NULL, `pooling` VARCHAR(45) NOT NULL, `total_price` INTEGER NOT NULL, `product_type` VARCHAR(45) NOT NULL, `created_at` DATETIME NOT NULL, `updated_at` DATETIME NOT NULL, PRIMARY KEY (`id`)) ENGINE=InnoDB DEFAULT CHARSET=utf8mb4 COLLATE utf8mb4_general_ci;
2022-06-06 15:09:03 info: 4ms Executed (default): SHOW INDEX FROM `productBuilder`
2022-06-06 15:09:03 info: 3ms Executed (default): CREATE TABLE IF NOT EXISTS `fabric` (`id` INTEGER auto_increment , `product_builder_id` INTEGER NOT NULL, `name` VARCHAR(45) NOT NULL, `color` VARCHAR(255) NOT NULL, `price` INTEGER NOT NULL, `category` VARCHAR(45) NOT NULL, `milled_country_name` VARCHAR(45) NOT NULL, `composition` VARCHAR(45) NOT NULL, `cleaning` VARCHAR(45) NOT NULL, `small_curtains` INTEGER NOT NULL, `medium_curtains` INTEGER NOT NULL, `large_curtains` INTEGER NOT NULL, `fabric_type` VARCHAR(45) NOT NULL, `created_at` DATETIME NOT NULL, `updated_at` DATETIME NOT NULL, PRIMARY KEY (`id`)) ENGINE=InnoDB DEFAULT CHARSET=utf8mb4 COLLATE utf8mb4_general_ci;
2022-06-06 15:09:03 info: 2ms Executed (default): SHOW INDEX FROM `fabric`
2022-06-06 15:16:42 info: =================================
2022-06-06 15:16:42 info: ======= ENV: development =======
2022-06-06 15:16:42 info: 🚀 App listening on the port 3008
2022-06-06 15:16:42 info: =================================
2022-06-06 15:16:42 info: 4ms Executed (default): SELECT 1+1 AS result
2022-06-06 15:16:42 info: 6ms Executed (default): CREATE TABLE IF NOT EXISTS `users` (`id` INTEGER auto_increment , `email` VARCHAR(45) NOT NULL, `password` VARCHAR(255) NOT NULL, `name` VARCHAR(45) NOT NULL, `role` VARCHAR(45) NOT NULL, `phone_number` INTEGER NOT NULL, `address` VARCHAR(45) NOT NULL, `email_status` VARCHAR(45) NOT NULL, `created_at` DATETIME NOT NULL, `updated_at` DATETIME NOT NULL, PRIMARY KEY (`id`)) ENGINE=InnoDB DEFAULT CHARSET=utf8mb4 COLLATE utf8mb4_general_ci;
2022-06-06 15:16:42 info: 7ms Executed (default): SHOW INDEX FROM `users`
2022-06-06 15:16:42 info: 3ms Executed (default): CREATE TABLE IF NOT EXISTS `productBuilder` (`id` INTEGER auto_increment , `fabric_id` INTEGER NOT NULL, `measuring_for` VARCHAR(45) NOT NULL, `type_of_room` VARCHAR(255) NOT NULL, `kind_of_room` VARCHAR(45) NOT NULL, `window_name` VARCHAR(45) NOT NULL, `pole_or_track_status` VARCHAR(45) NOT NULL, `width` INTEGER NOT NULL, `height` INTEGER NOT NULL, `panel` VARCHAR(45) NOT NULL, `style` VARCHAR(45) NOT NULL, `lining` VARCHAR(45) NOT NULL, `pole_and_track` VARCHAR(45) NOT NULL, `pooling` VARCHAR(45) NOT NULL, `total_price` INTEGER NOT NULL, `product_type` VARCHAR(45) NOT NULL, `created_at` DATETIME NOT NULL, `updated_at` DATETIME NOT NULL, PRIMARY KEY (`id`)) ENGINE=InnoDB DEFAULT CHARSET=utf8mb4 COLLATE utf8mb4_general_ci;
2022-06-06 15:16:42 info: 3ms Executed (default): SHOW INDEX FROM `productBuilder`
2022-06-06 15:16:42 info: 7ms Executed (default): CREATE TABLE IF NOT EXISTS `fabric` (`id` INTEGER auto_increment , `product_builder_id` INTEGER NOT NULL, `name` VARCHAR(45) NOT NULL, `color` VARCHAR(255) NOT NULL, `price` INTEGER NOT NULL, `category` VARCHAR(45) NOT NULL, `milled_country_name` VARCHAR(45) NOT NULL, `composition` VARCHAR(45) NOT NULL, `cleaning` VARCHAR(45) NOT NULL, `small_curtains` INTEGER NOT NULL, `medium_curtains` INTEGER NOT NULL, `large_curtains` INTEGER NOT NULL, `fabric_type` VARCHAR(45) NOT NULL, `created_at` DATETIME NOT NULL, `updated_at` DATETIME NOT NULL, PRIMARY KEY (`id`)) ENGINE=InnoDB DEFAULT CHARSET=utf8mb4 COLLATE utf8mb4_general_ci;
2022-06-06 15:16:42 info: 3ms Executed (default): SHOW INDEX FROM `fabric`
2022-06-06 15:18:58 info: =================================
2022-06-06 15:18:58 info: ======= ENV: development =======
2022-06-06 15:18:58 info: 🚀 App listening on the port 3008
2022-06-06 15:18:58 info: =================================
2022-06-06 15:18:58 info: 4ms Executed (default): SELECT 1+1 AS result
2022-06-06 15:18:58 info: 12ms Executed (default): CREATE TABLE IF NOT EXISTS `users` (`id` INTEGER auto_increment , `email` VARCHAR(45) NOT NULL, `password` VARCHAR(255) NOT NULL, `name` VARCHAR(45) NOT NULL, `role` VARCHAR(45) NOT NULL, `phone_number` INTEGER NOT NULL, `address` VARCHAR(45) NOT NULL, `email_status` VARCHAR(45) NOT NULL, `created_at` DATETIME NOT NULL, `updated_at` DATETIME NOT NULL, PRIMARY KEY (`id`)) ENGINE=InnoDB DEFAULT CHARSET=utf8mb4 COLLATE utf8mb4_general_ci;
2022-06-06 15:18:58 info: 6ms Executed (default): SHOW INDEX FROM `users`
2022-06-06 15:18:58 info: 2ms Executed (default): CREATE TABLE IF NOT EXISTS `productBuilder` (`id` INTEGER auto_increment , `fabric_id` INTEGER NOT NULL, `measuring_for` VARCHAR(45) NOT NULL, `type_of_room` VARCHAR(255) NOT NULL, `kind_of_room` VARCHAR(45) NOT NULL, `window_name` VARCHAR(45) NOT NULL, `pole_or_track_status` VARCHAR(45) NOT NULL, `width` INTEGER NOT NULL, `height` INTEGER NOT NULL, `panel` VARCHAR(45) NOT NULL, `style` VARCHAR(45) NOT NULL, `lining` VARCHAR(45) NOT NULL, `pole_and_track` VARCHAR(45) NOT NULL, `pooling` VARCHAR(45) NOT NULL, `total_price` INTEGER NOT NULL, `product_type` VARCHAR(45) NOT NULL, `created_at` DATETIME NOT NULL, `updated_at` DATETIME NOT NULL, PRIMARY KEY (`id`)) ENGINE=InnoDB DEFAULT CHARSET=utf8mb4 COLLATE utf8mb4_general_ci;
2022-06-06 15:18:58 info: 3ms Executed (default): SHOW INDEX FROM `productBuilder`
2022-06-06 15:18:58 info: 3ms Executed (default): CREATE TABLE IF NOT EXISTS `fabric` (`id` INTEGER auto_increment , `product_builder_id` INTEGER NOT NULL, `name` VARCHAR(45) NOT NULL, `color` VARCHAR(255) NOT NULL, `price` INTEGER NOT NULL, `category` VARCHAR(45) NOT NULL, `milled_country_name` VARCHAR(45) NOT NULL, `composition` VARCHAR(45) NOT NULL, `cleaning` VARCHAR(45) NOT NULL, `small_curtains` INTEGER NOT NULL, `medium_curtains` INTEGER NOT NULL, `large_curtains` INTEGER NOT NULL, `fabric_type` VARCHAR(45) NOT NULL, `created_at` DATETIME NOT NULL, `updated_at` DATETIME NOT NULL, PRIMARY KEY (`id`)) ENGINE=InnoDB DEFAULT CHARSET=utf8mb4 COLLATE utf8mb4_general_ci;
2022-06-06 15:18:58 info: 3ms Executed (default): SHOW INDEX FROM `fabric`
2022-06-06 15:19:19 info: =================================
2022-06-06 15:19:19 info: ======= ENV: development =======
2022-06-06 15:19:19 info: 🚀 App listening on the port 3008
2022-06-06 15:19:19 info: =================================
2022-06-06 15:19:19 info: 3ms Executed (default): SELECT 1+1 AS result
2022-06-06 15:19:19 info: 5ms Executed (default): CREATE TABLE IF NOT EXISTS `users` (`id` INTEGER auto_increment , `email` VARCHAR(45) NOT NULL, `password` VARCHAR(255) NOT NULL, `name` VARCHAR(45) NOT NULL, `role` VARCHAR(45) NOT NULL, `phone_number` INTEGER NOT NULL, `address` VARCHAR(45) NOT NULL, `email_status` VARCHAR(45) NOT NULL, `created_at` DATETIME NOT NULL, `updated_at` DATETIME NOT NULL, PRIMARY KEY (`id`)) ENGINE=InnoDB DEFAULT CHARSET=utf8mb4 COLLATE utf8mb4_general_ci;
2022-06-06 15:19:19 info: 7ms Executed (default): SHOW INDEX FROM `users`
2022-06-06 15:19:19 info: 3ms Executed (default): CREATE TABLE IF NOT EXISTS `productBuilder` (`id` INTEGER auto_increment , `fabric_id` INTEGER NOT NULL, `measuring_for` VARCHAR(45) NOT NULL, `type_of_room` VARCHAR(255) NOT NULL, `kind_of_room` VARCHAR(45) NOT NULL, `window_name` VARCHAR(45) NOT NULL, `pole_or_track_status` VARCHAR(45) NOT NULL, `width` INTEGER NOT NULL, `height` INTEGER NOT NULL, `panel` VARCHAR(45) NOT NULL, `style` VARCHAR(45) NOT NULL, `lining` VARCHAR(45) NOT NULL, `pole_and_track` VARCHAR(45) NOT NULL, `pooling` VARCHAR(45) NOT NULL, `total_price` INTEGER NOT NULL, `product_type` VARCHAR(45) NOT NULL, `created_at` DATETIME NOT NULL, `updated_at` DATETIME NOT NULL, PRIMARY KEY (`id`)) ENGINE=InnoDB DEFAULT CHARSET=utf8mb4 COLLATE utf8mb4_general_ci;
2022-06-06 15:19:19 info: 4ms Executed (default): SHOW INDEX FROM `productBuilder`
2022-06-06 15:19:19 info: 2ms Executed (default): CREATE TABLE IF NOT EXISTS `fabric` (`id` INTEGER auto_increment , `product_builder_id` INTEGER NOT NULL, `name` VARCHAR(45) NOT NULL, `color` VARCHAR(255) NOT NULL, `price` INTEGER NOT NULL, `category` VARCHAR(45) NOT NULL, `milled_country_name` VARCHAR(45) NOT NULL, `composition` VARCHAR(45) NOT NULL, `cleaning` VARCHAR(45) NOT NULL, `small_curtains` INTEGER NOT NULL, `medium_curtains` INTEGER NOT NULL, `large_curtains` INTEGER NOT NULL, `fabric_type` VARCHAR(45) NOT NULL, `created_at` DATETIME NOT NULL, `updated_at` DATETIME NOT NULL, PRIMARY KEY (`id`)) ENGINE=InnoDB DEFAULT CHARSET=utf8mb4 COLLATE utf8mb4_general_ci;
2022-06-06 15:19:19 info: 3ms Executed (default): SHOW INDEX FROM `fabric`
2022-06-06 15:25:24 info: =================================
2022-06-06 15:25:24 info: ======= ENV: development =======
2022-06-06 15:25:24 info: 🚀 App listening on the port 3008
2022-06-06 15:25:24 info: =================================
2022-06-06 15:25:24 info: 2ms Executed (default): SELECT 1+1 AS result
2022-06-06 15:25:24 info: 8ms Executed (default): CREATE TABLE IF NOT EXISTS `users` (`id` INTEGER auto_increment , `email` VARCHAR(45) NOT NULL, `password` VARCHAR(255) NOT NULL, `name` VARCHAR(45) NOT NULL, `role` VARCHAR(45) NOT NULL, `phone_number` INTEGER NOT NULL, `address` VARCHAR(45) NOT NULL, `email_status` VARCHAR(45) NOT NULL, `created_at` DATETIME NOT NULL, `updated_at` DATETIME NOT NULL, PRIMARY KEY (`id`)) ENGINE=InnoDB DEFAULT CHARSET=utf8mb4 COLLATE utf8mb4_general_ci;
2022-06-06 15:25:24 info: 6ms Executed (default): SHOW INDEX FROM `users`
2022-06-06 15:25:24 info: 3ms Executed (default): CREATE TABLE IF NOT EXISTS `productBuilder` (`id` INTEGER auto_increment , `fabric_id` INTEGER NOT NULL, `measuring_for` VARCHAR(45) NOT NULL, `type_of_room` VARCHAR(255) NOT NULL, `kind_of_room` VARCHAR(45) NOT NULL, `window_name` VARCHAR(45) NOT NULL, `pole_or_track_status` VARCHAR(45) NOT NULL, `width` INTEGER NOT NULL, `height` INTEGER NOT NULL, `panel` VARCHAR(45) NOT NULL, `style` VARCHAR(45) NOT NULL, `lining` VARCHAR(45) NOT NULL, `pole_and_track` VARCHAR(45) NOT NULL, `pooling` VARCHAR(45) NOT NULL, `total_price` INTEGER NOT NULL, `product_type` VARCHAR(45) NOT NULL, `created_at` DATETIME NOT NULL, `updated_at` DATETIME NOT NULL, PRIMARY KEY (`id`)) ENGINE=InnoDB DEFAULT CHARSET=utf8mb4 COLLATE utf8mb4_general_ci;
2022-06-06 15:25:24 info: 4ms Executed (default): SHOW INDEX FROM `productBuilder`
2022-06-06 15:25:24 info: 3ms Executed (default): CREATE TABLE IF NOT EXISTS `fabric` (`id` INTEGER auto_increment , `product_builder_id` INTEGER NOT NULL, `name` VARCHAR(45) NOT NULL, `color` VARCHAR(255) NOT NULL, `price` INTEGER NOT NULL, `category` VARCHAR(45) NOT NULL, `milled_country_name` VARCHAR(45) NOT NULL, `composition` VARCHAR(45) NOT NULL, `cleaning` VARCHAR(45) NOT NULL, `small_curtains` INTEGER NOT NULL, `medium_curtains` INTEGER NOT NULL, `large_curtains` INTEGER NOT NULL, `fabric_type` VARCHAR(45) NOT NULL, `created_at` DATETIME NOT NULL, `updated_at` DATETIME NOT NULL, PRIMARY KEY (`id`)) ENGINE=InnoDB DEFAULT CHARSET=utf8mb4 COLLATE utf8mb4_general_ci;
2022-06-06 15:25:24 info: 3ms Executed (default): SHOW INDEX FROM `fabric`
2022-06-06 16:42:10 info: =================================
2022-06-06 16:42:10 info: ======= ENV: development =======
2022-06-06 16:42:10 info: 🚀 App listening on the port 3008
2022-06-06 16:42:10 info: =================================
2022-06-06 16:42:10 info: 3ms Executed (default): SELECT 1+1 AS result
2022-06-06 16:42:10 info: 7ms Executed (default): CREATE TABLE IF NOT EXISTS `users` (`id` INTEGER auto_increment , `email` VARCHAR(45) NOT NULL, `password` VARCHAR(255) NOT NULL, `name` VARCHAR(45) NOT NULL, `role` VARCHAR(45) NOT NULL, `phone_number` INTEGER NOT NULL, `address` VARCHAR(45) NOT NULL, `email_status` VARCHAR(45) NOT NULL, `created_at` DATETIME NOT NULL, `updated_at` DATETIME NOT NULL, PRIMARY KEY (`id`)) ENGINE=InnoDB DEFAULT CHARSET=utf8mb4 COLLATE utf8mb4_general_ci;
2022-06-06 16:42:10 info: 6ms Executed (default): SHOW INDEX FROM `users`
2022-06-06 16:42:10 info: 3ms Executed (default): CREATE TABLE IF NOT EXISTS `productBuilder` (`id` INTEGER auto_increment , `fabric_id` INTEGER NOT NULL, `measuring_for` VARCHAR(45) NOT NULL, `type_of_room` VARCHAR(255) NOT NULL, `kind_of_room` VARCHAR(45) NOT NULL, `window_name` VARCHAR(45) NOT NULL, `pole_or_track_status` VARCHAR(45) NOT NULL, `width` INTEGER NOT NULL, `height` INTEGER NOT NULL, `panel` VARCHAR(45) NOT NULL, `style` VARCHAR(45) NOT NULL, `lining` VARCHAR(45) NOT NULL, `pole_and_track` VARCHAR(45) NOT NULL, `pooling` VARCHAR(45) NOT NULL, `total_price` INTEGER NOT NULL, `product_type` VARCHAR(45) NOT NULL, `created_at` DATETIME NOT NULL, `updated_at` DATETIME NOT NULL, PRIMARY KEY (`id`)) ENGINE=InnoDB DEFAULT CHARSET=utf8mb4 COLLATE utf8mb4_general_ci;
2022-06-06 16:42:10 info: 2ms Executed (default): SHOW INDEX FROM `productBuilder`
2022-06-06 16:42:10 info: 1ms Executed (default): CREATE TABLE IF NOT EXISTS `fabric` (`id` INTEGER auto_increment , `product_builder_id` INTEGER NOT NULL, `name` VARCHAR(45) NOT NULL, `color` VARCHAR(255) NOT NULL, `price` INTEGER NOT NULL, `category` VARCHAR(45) NOT NULL, `milled_country_name` VARCHAR(45) NOT NULL, `composition` VARCHAR(45) NOT NULL, `cleaning` VARCHAR(45) NOT NULL, `small_curtains` INTEGER NOT NULL, `medium_curtains` INTEGER NOT NULL, `large_curtains` INTEGER NOT NULL, `fabric_type` VARCHAR(45) NOT NULL, `created_at` DATETIME NOT NULL, `updated_at` DATETIME NOT NULL, PRIMARY KEY (`id`)) ENGINE=InnoDB DEFAULT CHARSET=utf8mb4 COLLATE utf8mb4_general_ci;
2022-06-06 16:42:10 info: 2ms Executed (default): SHOW INDEX FROM `fabric`
2022-06-06 16:48:01 info: =================================
2022-06-06 16:48:01 info: ======= ENV: development =======
2022-06-06 16:48:01 info: 🚀 App listening on the port 3008
2022-06-06 16:48:01 info: =================================
2022-06-06 16:48:01 info: 3ms Executed (default): SELECT 1+1 AS result
2022-06-06 16:48:01 info: 5ms Executed (default): CREATE TABLE IF NOT EXISTS `users` (`id` INTEGER auto_increment , `email` VARCHAR(45) NOT NULL, `password` VARCHAR(255) NOT NULL, `name` VARCHAR(45) NOT NULL, `role` VARCHAR(45) NOT NULL, `phone_number` INTEGER NOT NULL, `address` VARCHAR(45) NOT NULL, `email_status` VARCHAR(45) NOT NULL, `created_at` DATETIME NOT NULL, `updated_at` DATETIME NOT NULL, PRIMARY KEY (`id`)) ENGINE=InnoDB DEFAULT CHARSET=utf8mb4 COLLATE utf8mb4_general_ci;
2022-06-06 16:48:01 info: 3ms Executed (default): SHOW INDEX FROM `users`
2022-06-06 16:48:01 info: 1ms Executed (default): CREATE TABLE IF NOT EXISTS `productBuilder` (`id` INTEGER auto_increment , `fabric_id` INTEGER NOT NULL, `measuring_for` VARCHAR(45) NOT NULL, `type_of_room` VARCHAR(255) NOT NULL, `kind_of_room` VARCHAR(45) NOT NULL, `window_name` VARCHAR(45) NOT NULL, `pole_or_track_status` VARCHAR(45) NOT NULL, `width` INTEGER NOT NULL, `height` INTEGER NOT NULL, `panel` VARCHAR(45) NOT NULL, `curtain_close` VARCHAR(45) NOT NULL, `style` VARCHAR(45) NOT NULL, `lining` VARCHAR(45) NOT NULL, `pole_and_track` VARCHAR(45) NOT NULL, `pole_material` VARCHAR(45) NOT NULL, `pole_diameter` INTEGER NOT NULL, `pol_end` VARCHAR(45) NOT NULL, `pol_finish` VARCHAR(45) NOT NULL, `track_end` VARCHAR(45) NOT NULL, `track_finish` VARCHAR(45) NOT NULL, `pooling` VARCHAR(45) NOT NULL, `total_price` INTEGER NOT NULL, `product_type` VARCHAR(45) NOT NULL, `created_at` DATETIME NOT NULL, `updated_at` DATETIME NOT NULL, PRIMARY KEY (`id`)) ENGINE=InnoDB DEFAULT CHARSET=utf8mb4 COLLATE utf8mb4_general_ci;
2022-06-06 16:48:01 info: 2ms Executed (default): SHOW INDEX FROM `productBuilder`
2022-06-06 16:48:01 info: 2ms Executed (default): CREATE TABLE IF NOT EXISTS `fabric` (`id` INTEGER auto_increment , `product_builder_id` INTEGER NOT NULL, `name` VARCHAR(45) NOT NULL, `color` VARCHAR(255) NOT NULL, `price` INTEGER NOT NULL, `category` VARCHAR(45) NOT NULL, `milled_country_name` VARCHAR(45) NOT NULL, `composition` VARCHAR(45) NOT NULL, `cleaning` VARCHAR(45) NOT NULL, `small_curtains` INTEGER NOT NULL, `medium_curtains` INTEGER NOT NULL, `large_curtains` INTEGER NOT NULL, `fabric_type` VARCHAR(45) NOT NULL, `created_at` DATETIME NOT NULL, `updated_at` DATETIME NOT NULL, PRIMARY KEY (`id`)) ENGINE=InnoDB DEFAULT CHARSET=utf8mb4 COLLATE utf8mb4_general_ci;
2022-06-06 16:48:01 info: 2ms Executed (default): SHOW INDEX FROM `fabric`
2022-06-06 16:49:09 info: =================================
2022-06-06 16:49:09 info: ======= ENV: development =======
2022-06-06 16:49:09 info: 🚀 App listening on the port 3008
2022-06-06 16:49:09 info: =================================
2022-06-06 16:49:09 info: 2ms Executed (default): SELECT 1+1 AS result
2022-06-06 16:49:09 info: 4ms Executed (default): CREATE TABLE IF NOT EXISTS `users` (`id` INTEGER auto_increment , `email` VARCHAR(45) NOT NULL, `password` VARCHAR(255) NOT NULL, `name` VARCHAR(45) NOT NULL, `role` VARCHAR(45) NOT NULL, `phone_number` INTEGER NOT NULL, `address` VARCHAR(45) NOT NULL, `email_status` VARCHAR(45) NOT NULL, `created_at` DATETIME NOT NULL, `updated_at` DATETIME NOT NULL, PRIMARY KEY (`id`)) ENGINE=InnoDB DEFAULT CHARSET=utf8mb4 COLLATE utf8mb4_general_ci;
2022-06-06 16:49:10 info: 7ms Executed (default): SHOW INDEX FROM `users`
2022-06-06 16:49:10 info: 36ms Executed (default): CREATE TABLE IF NOT EXISTS `productBuilder` (`id` INTEGER auto_increment , `fabric_id` INTEGER NOT NULL, `measuring_for` VARCHAR(45) NOT NULL, `type_of_room` VARCHAR(255) NOT NULL, `kind_of_room` VARCHAR(45) NOT NULL, `window_name` VARCHAR(45) NOT NULL, `pole_or_track_status` VARCHAR(45) NOT NULL, `width` INTEGER NOT NULL, `height` INTEGER NOT NULL, `panel` VARCHAR(45) NOT NULL, `curtain_close` VARCHAR(45) NOT NULL, `style` VARCHAR(45) NOT NULL, `lining` VARCHAR(45) NOT NULL, `pole_and_track` VARCHAR(45) NOT NULL, `pole_material` VARCHAR(45) NOT NULL, `pole_diameter` INTEGER NOT NULL, `pol_end` VARCHAR(45) NOT NULL, `pol_finish` VARCHAR(45) NOT NULL, `track_end` VARCHAR(45) NOT NULL, `track_finish` VARCHAR(45) NOT NULL, `pooling` VARCHAR(45) NOT NULL, `total_price` INTEGER NOT NULL, `product_type` VARCHAR(45) NOT NULL, `created_at` DATETIME NOT NULL, `updated_at` DATETIME NOT NULL, PRIMARY KEY (`id`)) ENGINE=InnoDB DEFAULT CHARSET=utf8mb4 COLLATE utf8mb4_general_ci;
2022-06-06 16:49:10 info: 6ms Executed (default): SHOW INDEX FROM `productBuilder`
2022-06-06 16:49:10 info: 2ms Executed (default): CREATE TABLE IF NOT EXISTS `fabric` (`id` INTEGER auto_increment , `product_builder_id` INTEGER NOT NULL, `name` VARCHAR(45) NOT NULL, `color` VARCHAR(255) NOT NULL, `price` INTEGER NOT NULL, `category` VARCHAR(45) NOT NULL, `milled_country_name` VARCHAR(45) NOT NULL, `composition` VARCHAR(45) NOT NULL, `cleaning` VARCHAR(45) NOT NULL, `small_curtains` INTEGER NOT NULL, `medium_curtains` INTEGER NOT NULL, `large_curtains` INTEGER NOT NULL, `fabric_type` VARCHAR(45) NOT NULL, `created_at` DATETIME NOT NULL, `updated_at` DATETIME NOT NULL, PRIMARY KEY (`id`)) ENGINE=InnoDB DEFAULT CHARSET=utf8mb4 COLLATE utf8mb4_general_ci;
2022-06-06 16:49:10 info: 3ms Executed (default): SHOW INDEX FROM `fabric`
2022-06-06 16:53:24 info: =================================
2022-06-06 16:53:24 info: ======= ENV: development =======
2022-06-06 16:53:24 info: 🚀 App listening on the port 3008
2022-06-06 16:53:24 info: =================================
2022-06-06 16:53:24 info: 2ms Executed (default): SELECT 1+1 AS result
2022-06-06 16:53:24 info: 5ms Executed (default): CREATE TABLE IF NOT EXISTS `users` (`id` INTEGER auto_increment , `email` VARCHAR(45) NOT NULL, `password` VARCHAR(255) NOT NULL, `name` VARCHAR(45) NOT NULL, `role` VARCHAR(45) NOT NULL, `phone_number` INTEGER NOT NULL, `address` VARCHAR(45) NOT NULL, `email_status` VARCHAR(45) NOT NULL, `created_at` DATETIME NOT NULL, `updated_at` DATETIME NOT NULL, PRIMARY KEY (`id`)) ENGINE=InnoDB DEFAULT CHARSET=utf8mb4 COLLATE utf8mb4_general_ci;
2022-06-06 16:53:24 info: 6ms Executed (default): SHOW INDEX FROM `users`
2022-06-06 16:53:24 info: 6ms Executed (default): CREATE TABLE IF NOT EXISTS `productBuilder` (`id` INTEGER auto_increment , `fabric_id` INTEGER NOT NULL, `measuring_for` VARCHAR(45) NOT NULL, `type_of_room` VARCHAR(255) NOT NULL, `kind_of_room` VARCHAR(45) NOT NULL, `window_name` VARCHAR(45) NOT NULL, `pole_or_track_status` VARCHAR(45) NOT NULL, `width` INTEGER NOT NULL, `height` INTEGER NOT NULL, `panel` VARCHAR(45) NOT NULL, `curtain_close` VARCHAR(45) NOT NULL, `style` VARCHAR(45) NOT NULL, `lining` VARCHAR(45) NOT NULL, `pole_and_track` VARCHAR(45) NOT NULL, `pole_material` VARCHAR(45) NOT NULL, `pole_diameter` INTEGER NOT NULL, `pol_end` VARCHAR(45) NOT NULL, `pol_finish` VARCHAR(45) NOT NULL, `track_end` VARCHAR(45) NOT NULL, `track_finish` VARCHAR(45) NOT NULL, `pooling` VARCHAR(45) NOT NULL, `total_price` INTEGER NOT NULL, `product_type` VARCHAR(45) NOT NULL, `created_at` DATETIME NOT NULL, `updated_at` DATETIME NOT NULL, PRIMARY KEY (`id`)) ENGINE=InnoDB DEFAULT CHARSET=utf8mb4 COLLATE utf8mb4_general_ci;
2022-06-06 16:53:24 info: 3ms Executed (default): SHOW INDEX FROM `productBuilder`
2022-06-06 16:53:24 info: 2ms Executed (default): CREATE TABLE IF NOT EXISTS `fabric` (`id` INTEGER auto_increment , `product_builder_id` INTEGER NOT NULL, `name` VARCHAR(45) NOT NULL, `color` VARCHAR(255) NOT NULL, `price` INTEGER NOT NULL, `category` VARCHAR(45) NOT NULL, `milled_country_name` VARCHAR(45) NOT NULL, `composition` VARCHAR(45) NOT NULL, `cleaning` VARCHAR(45) NOT NULL, `small_curtains` INTEGER NOT NULL, `medium_curtains` INTEGER NOT NULL, `large_curtains` INTEGER NOT NULL, `fabric_type` VARCHAR(45) NOT NULL, `created_at` DATETIME NOT NULL, `updated_at` DATETIME NOT NULL, PRIMARY KEY (`id`)) ENGINE=InnoDB DEFAULT CHARSET=utf8mb4 COLLATE utf8mb4_general_ci;
2022-06-06 16:53:24 info: 3ms Executed (default): SHOW INDEX FROM `fabric`
2022-06-06 16:56:32 info: =================================
2022-06-06 16:56:32 info: ======= ENV: development =======
2022-06-06 16:56:32 info: 🚀 App listening on the port 3008
2022-06-06 16:56:32 info: =================================
2022-06-06 16:56:32 info: 3ms Executed (default): SELECT 1+1 AS result
2022-06-06 16:56:32 info: 8ms Executed (default): CREATE TABLE IF NOT EXISTS `users` (`id` INTEGER auto_increment , `email` VARCHAR(45) NOT NULL, `password` VARCHAR(255) NOT NULL, `name` VARCHAR(45) NOT NULL, `role` VARCHAR(45) NOT NULL, `phone_number` INTEGER NOT NULL, `address` VARCHAR(45) NOT NULL, `email_status` VARCHAR(45) NOT NULL, `created_at` DATETIME NOT NULL, `updated_at` DATETIME NOT NULL, PRIMARY KEY (`id`)) ENGINE=InnoDB DEFAULT CHARSET=utf8mb4 COLLATE utf8mb4_general_ci;
2022-06-06 16:56:32 info: 8ms Executed (default): SHOW INDEX FROM `users`
2022-06-06 16:56:32 info: 3ms Executed (default): CREATE TABLE IF NOT EXISTS `productBuilder` (`id` INTEGER auto_increment , `fabric_id` INTEGER NOT NULL, `measuring_for` VARCHAR(45) NOT NULL, `type_of_room` VARCHAR(255) NOT NULL, `kind_of_room` VARCHAR(45) NOT NULL, `window_name` VARCHAR(45) NOT NULL, `pole_or_track_status` VARCHAR(45) NOT NULL, `width` INTEGER NOT NULL, `height` INTEGER NOT NULL, `panel` VARCHAR(45) NOT NULL, `curtain_close` VARCHAR(45) NOT NULL, `style` VARCHAR(45) NOT NULL, `lining` VARCHAR(45) NOT NULL, `pole_and_track` VARCHAR(45) NOT NULL, `pole_material` VARCHAR(45) NOT NULL, `pole_diameter` INTEGER NOT NULL, `pol_end` VARCHAR(45) NOT NULL, `pol_finish` VARCHAR(45) NOT NULL, `track_end` VARCHAR(45) NOT NULL, `track_finish` VARCHAR(45) NOT NULL, `pooling` VARCHAR(45) NOT NULL, `total_price` INTEGER NOT NULL, `product_type` VARCHAR(45) NOT NULL, `created_at` DATETIME NOT NULL, `updated_at` DATETIME NOT NULL, PRIMARY KEY (`id`)) ENGINE=InnoDB DEFAULT CHARSET=utf8mb4 COLLATE utf8mb4_general_ci;
2022-06-06 16:56:32 info: 4ms Executed (default): SHOW INDEX FROM `productBuilder`
2022-06-06 16:56:32 info: 3ms Executed (default): CREATE TABLE IF NOT EXISTS `fabric` (`id` INTEGER auto_increment , `product_builder_id` INTEGER NOT NULL, `name` VARCHAR(45) NOT NULL, `color` VARCHAR(255) NOT NULL, `price` INTEGER NOT NULL, `category` VARCHAR(45) NOT NULL, `milled_country_name` VARCHAR(45) NOT NULL, `composition` VARCHAR(45) NOT NULL, `cleaning` VARCHAR(45) NOT NULL, `small_curtains` INTEGER NOT NULL, `medium_curtains` INTEGER NOT NULL, `large_curtains` INTEGER NOT NULL, `fabric_type` VARCHAR(45) NOT NULL, `created_at` DATETIME NOT NULL, `updated_at` DATETIME NOT NULL, PRIMARY KEY (`id`)) ENGINE=InnoDB DEFAULT CHARSET=utf8mb4 COLLATE utf8mb4_general_ci;
2022-06-06 16:56:32 info: 3ms Executed (default): SHOW INDEX FROM `fabric`
2022-06-06 17:36:11 info: =================================
2022-06-06 17:36:11 info: 4ms Executed (default): SELECT 1+1 AS result
2022-06-06 17:36:11 info: 18ms Executed (default): CREATE TABLE IF NOT EXISTS `users` (`id` INTEGER auto_increment , `email` VARCHAR(45) NOT NULL, `password` VARCHAR(255) NOT NULL, `name` VARCHAR(45) NOT NULL, `role` VARCHAR(45) NOT NULL, `phone_number` INTEGER NOT NULL, `address` VARCHAR(45) NOT NULL, `email_status` VARCHAR(45) NOT NULL, `created_at` DATETIME NOT NULL, `updated_at` DATETIME NOT NULL, PRIMARY KEY (`id`)) ENGINE=InnoDB DEFAULT CHARSET=utf8mb4 COLLATE utf8mb4_general_ci;
2022-06-06 17:36:11 info: 14ms Executed (default): SHOW INDEX FROM `users`
2022-06-06 17:36:11 info: 7ms Executed (default): CREATE TABLE IF NOT EXISTS `productBuilder` (`id` INTEGER auto_increment , `fabric_id` INTEGER NOT NULL, `measuring_for` VARCHAR(45) NOT NULL, `type_of_room` VARCHAR(255) NOT NULL, `kind_of_room` VARCHAR(45) NOT NULL, `window_name` VARCHAR(45) NOT NULL, `pole_or_track_status` VARCHAR(45) NOT NULL, `width` INTEGER NOT NULL, `height` INTEGER NOT NULL, `panel` VARCHAR(45) NOT NULL, `curtain_close` VARCHAR(45) NOT NULL, `style` VARCHAR(45) NOT NULL, `lining` VARCHAR(45) NOT NULL, `pole_and_track` VARCHAR(45) NOT NULL, `pole_material` VARCHAR(45) NOT NULL, `pole_diameter` INTEGER NOT NULL, `pol_end` VARCHAR(45) NOT NULL, `pol_finish` VARCHAR(45) NOT NULL, `track_end` VARCHAR(45) NOT NULL, `track_finish` VARCHAR(45) NOT NULL, `pooling` VARCHAR(45) NOT NULL, `total_price` INTEGER NOT NULL, `product_type` VARCHAR(45) NOT NULL, `created_at` DATETIME NOT NULL, `updated_at` DATETIME NOT NULL, PRIMARY KEY (`id`)) ENGINE=InnoDB DEFAULT CHARSET=utf8mb4 COLLATE utf8mb4_general_ci;
2022-06-06 17:36:11 info: 5ms Executed (default): SHOW INDEX FROM `productBuilder`
2022-06-06 17:36:11 info: 3ms Executed (default): CREATE TABLE IF NOT EXISTS `fabric` (`id` INTEGER auto_increment , `product_builder_id` INTEGER NOT NULL, `name` VARCHAR(45) NOT NULL, `color` VARCHAR(255) NOT NULL, `price` INTEGER NOT NULL, `category` VARCHAR(45) NOT NULL, `milled_country_name` VARCHAR(45) NOT NULL, `composition` VARCHAR(45) NOT NULL, `cleaning` VARCHAR(45) NOT NULL, `small_curtains` INTEGER NOT NULL, `medium_curtains` INTEGER NOT NULL, `large_curtains` INTEGER NOT NULL, `fabric_type` VARCHAR(45) NOT NULL, `created_at` DATETIME NOT NULL, `updated_at` DATETIME NOT NULL, PRIMARY KEY (`id`)) ENGINE=InnoDB DEFAULT CHARSET=utf8mb4 COLLATE utf8mb4_general_ci;
2022-06-06 17:36:11 info: 4ms Executed (default): SHOW INDEX FROM `fabric`
