2022-06-27 11:47:58 info: =================================
2022-06-27 11:47:58 info: ======= ENV: development =======
2022-06-27 11:47:58 info: 🚀 App listening on the port 3008
2022-06-27 11:47:58 info: =================================
2022-06-27 11:47:58 info: 1ms Executed (default): SELECT 1+1 AS result
2022-06-27 11:47:58 info: 11ms Executed (default): CREATE TABLE IF NOT EXISTS `users` (`id` INTEGER auto_increment , `email` VARCHAR(45) NOT NULL, `password` VARCHAR(255) NOT NULL, `name` VARCHAR(45) NOT NULL, `role` VARCHAR(45) NOT NULL, `phone_number` INTEGER NOT NULL, `address` VARCHAR(45) NOT NULL, `email_status` VARCHAR(45) NOT NULL, `created_at` DATETIME NOT NULL, `updated_at` DATETIME NOT NULL, PRIMARY KEY (`id`)) ENGINE=InnoDB DEFAULT CHARSET=utf8mb4 COLLATE utf8mb4_general_ci;
2022-06-27 11:47:58 info: 5ms Executed (default): SHOW INDEX FROM `users`
2022-06-27 11:47:58 info: 3ms Executed (default): CREATE TABLE IF NOT EXISTS `productBuilder` (`id` INTEGER auto_increment , `fabric_id` INTEGER NOT NULL, `user_id` INTEGER NOT NULL, `measuring_for` VARCHAR(45) NOT NULL, `type_of_room` VARCHAR(255) NOT NULL, `kind_of_room` VARCHAR(45) NOT NULL, `window_name` VARCHAR(45) NOT NULL, `pole_or_track_status` VARCHAR(45) NOT NULL, `width` INTEGER NOT NULL, `height` INTEGER NOT NULL, `panel` VARCHAR(45) NOT NULL, `curtain_close` VARCHAR(45) NOT NULL, `style` VARCHAR(45) NOT NULL, `lining` VARCHAR(45) NOT NULL, `pole_and_track` VARCHAR(45) NOT NULL, `pole_material` VARCHAR(45) NOT NULL, `pole_diameter` INTEGER NOT NULL, `pol_end` VARCHAR(45) NOT NULL, `pol_finish` VARCHAR(45) NOT NULL, `track_end` VARCHAR(45) NOT NULL, `track_finish` VARCHAR(45) NOT NULL, `pooling` VARCHAR(45) NOT NULL, `total_price` INTEGER NOT NULL, `image` VARCHAR(255) NOT NULL, `created_at` DATETIME NOT NULL, `updated_at` DATETIME NOT NULL, PRIMARY KEY (`id`)) ENGINE=InnoDB DEFAULT CHARSET=utf8mb4 COLLATE utf8mb4_general_ci;
2022-06-27 11:47:58 info: 4ms Executed (default): SHOW INDEX FROM `productBuilder`
2022-06-27 11:47:58 info: 21ms Executed (default): CREATE TABLE IF NOT EXISTS `fabric` (`id` INTEGER auto_increment , `name` VARCHAR(45) NOT NULL, `fabric_type` VARCHAR(45) NOT NULL, `starting_price` INTEGER NOT NULL, `color` VARCHAR(45) NOT NULL, `material_type` VARCHAR(45) NOT NULL, `price_per_meter` INTEGER NOT NULL, `category` VARCHAR(45) NOT NULL, `milled_country_name` VARCHAR(45) NOT NULL, `composition` VARCHAR(45) NOT NULL, `cleaning` VARCHAR(45) NOT NULL, `small_curtains` INTEGER NOT NULL, `medium_curtains` INTEGER NOT NULL, `large_curtains` INTEGER NOT NULL, `image` VARCHAR(255) NOT NULL, `created_at` DATETIME NOT NULL, `updated_at` DATETIME NOT NULL, PRIMARY KEY (`id`)) ENGINE=InnoDB DEFAULT CHARSET=utf8mb4 COLLATE utf8mb4_general_ci;
2022-06-27 11:47:58 info: 3ms Executed (default): SHOW INDEX FROM `fabric`
2022-06-27 11:47:58 info: 3ms Executed (default): CREATE TABLE IF NOT EXISTS `style` (`id` INTEGER auto_increment , `style_type` VARCHAR(45) NOT NULL, `height` INTEGER NOT NULL, `width` INTEGER NOT NULL, `price` INTEGER NOT NULL, `created_at` DATETIME NOT NULL, `updated_at` DATETIME NOT NULL, PRIMARY KEY (`id`)) ENGINE=InnoDB DEFAULT CHARSET=utf8mb4 COLLATE utf8mb4_general_ci;
2022-06-27 11:47:58 info: 2ms Executed (default): SHOW INDEX FROM `style`
2022-06-27 11:47:58 info: 3ms Executed (default): CREATE TABLE IF NOT EXISTS `cart` (`id` INTEGER auto_increment , `product_builder_id` INTEGER NOT NULL, `user_id` INTEGER NOT NULL, `count` INTEGER NOT NULL, `created_at` DATETIME NOT NULL, `updated_at` DATETIME NOT NULL, PRIMARY KEY (`id`)) ENGINE=InnoDB DEFAULT CHARSET=utf8mb4 COLLATE utf8mb4_general_ci;
2022-06-27 11:47:58 info: 4ms Executed (default): SHOW INDEX FROM `cart`
2022-06-27 11:47:58 info: 3ms Executed (default): CREATE TABLE IF NOT EXISTS `order` (`id` INTEGER auto_increment , `product_builder_id` INTEGER NOT NULL, `user_id` INTEGER NOT NULL, `cart_id` INTEGER NOT NULL, `status` VARCHAR(45) NOT NULL, `shipping_address` VARCHAR(255) NOT NULL, `mobile_number` VARCHAR(45) NOT NULL, `payment_status` VARCHAR(45) NOT NULL, `created_at` DATETIME NOT NULL, `updated_at` DATETIME NOT NULL, PRIMARY KEY (`id`)) ENGINE=InnoDB DEFAULT CHARSET=utf8mb4 COLLATE utf8mb4_general_ci;
2022-06-27 11:47:58 info: 1ms Executed (default): SHOW INDEX FROM `order`
2022-06-27 11:47:58 info: 2ms Executed (default): CREATE TABLE IF NOT EXISTS `payment` (`id` INTEGER auto_increment , `invoice` VARCHAR(255) NOT NULL, `amount` INTEGER NOT NULL, `order_id` INTEGER NOT NULL, `transaction_id` INTEGER NOT NULL, `payment_id` INTEGER NOT NULL, `transaction_status` VARCHAR(45) NOT NULL, `created_at` DATETIME NOT NULL, `updated_at` DATETIME NOT NULL, PRIMARY KEY (`id`)) ENGINE=InnoDB DEFAULT CHARSET=utf8mb4 COLLATE utf8mb4_general_ci;
2022-06-27 11:47:58 info: 3ms Executed (default): SHOW INDEX FROM `payment`
2022-06-27 11:51:27 info: =================================
2022-06-27 11:51:27 info: ======= ENV: development =======
2022-06-27 11:51:27 info: 🚀 App listening on the port 3008
2022-06-27 11:51:27 info: =================================
2022-06-27 11:51:27 info: 1ms Executed (default): SELECT 1+1 AS result
2022-06-27 11:51:27 info: 3ms Executed (default): CREATE TABLE IF NOT EXISTS `users` (`id` INTEGER auto_increment , `email` VARCHAR(45) NOT NULL, `password` VARCHAR(255) NOT NULL, `name` VARCHAR(45) NOT NULL, `role` VARCHAR(45) NOT NULL, `phone_number` INTEGER NOT NULL, `address` VARCHAR(45) NOT NULL, `email_status` VARCHAR(45) NOT NULL, `created_at` DATETIME NOT NULL, `updated_at` DATETIME NOT NULL, PRIMARY KEY (`id`)) ENGINE=InnoDB DEFAULT CHARSET=utf8mb4 COLLATE utf8mb4_general_ci;
2022-06-27 11:51:27 info: 3ms Executed (default): SHOW INDEX FROM `users`
2022-06-27 11:51:27 info: 2ms Executed (default): CREATE TABLE IF NOT EXISTS `productBuilder` (`id` INTEGER auto_increment , `fabric_id` INTEGER NOT NULL, `user_id` INTEGER NOT NULL, `measuring_for` VARCHAR(45) NOT NULL, `type_of_room` VARCHAR(255) NOT NULL, `kind_of_room` VARCHAR(45) NOT NULL, `window_name` VARCHAR(45) NOT NULL, `pole_or_track_status` VARCHAR(45) NOT NULL, `width` INTEGER NOT NULL, `height` INTEGER NOT NULL, `panel` VARCHAR(45) NOT NULL, `curtain_close` VARCHAR(45) NOT NULL, `style` VARCHAR(45) NOT NULL, `lining` VARCHAR(45) NOT NULL, `pole_and_track` VARCHAR(45) NOT NULL, `pole_material` VARCHAR(45) NOT NULL, `pole_diameter` INTEGER NOT NULL, `pol_end` VARCHAR(45) NOT NULL, `pol_finish` VARCHAR(45) NOT NULL, `track_end` VARCHAR(45) NOT NULL, `track_finish` VARCHAR(45) NOT NULL, `pooling` VARCHAR(45) NOT NULL, `total_price` INTEGER NOT NULL, `image` VARCHAR(255) NOT NULL, `created_at` DATETIME NOT NULL, `updated_at` DATETIME NOT NULL, PRIMARY KEY (`id`)) ENGINE=InnoDB DEFAULT CHARSET=utf8mb4 COLLATE utf8mb4_general_ci;
2022-06-27 11:51:27 info: 2ms Executed (default): SHOW INDEX FROM `productBuilder`
2022-06-27 11:51:27 info: 2ms Executed (default): CREATE TABLE IF NOT EXISTS `fabric` (`id` INTEGER auto_increment , `name` VARCHAR(45) NOT NULL, `fabric_type` VARCHAR(45) NOT NULL, `starting_price` INTEGER NOT NULL, `color` VARCHAR(45) NOT NULL, `material_type` VARCHAR(45) NOT NULL, `price_per_meter` INTEGER NOT NULL, `category` VARCHAR(45) NOT NULL, `milled_country_name` VARCHAR(45) NOT NULL, `composition` VARCHAR(45) NOT NULL, `cleaning` VARCHAR(45) NOT NULL, `small_curtains` INTEGER NOT NULL, `medium_curtains` INTEGER NOT NULL, `large_curtains` INTEGER NOT NULL, `image` VARCHAR(255) NOT NULL, `created_at` DATETIME NOT NULL, `updated_at` DATETIME NOT NULL, PRIMARY KEY (`id`)) ENGINE=InnoDB DEFAULT CHARSET=utf8mb4 COLLATE utf8mb4_general_ci;
2022-06-27 11:51:27 info: 1ms Executed (default): SHOW INDEX FROM `fabric`
2022-06-27 11:51:27 info: 2ms Executed (default): CREATE TABLE IF NOT EXISTS `style` (`id` INTEGER auto_increment , `style_type` VARCHAR(45) NOT NULL, `height` INTEGER NOT NULL, `width` INTEGER NOT NULL, `price` INTEGER NOT NULL, `created_at` DATETIME NOT NULL, `updated_at` DATETIME NOT NULL, PRIMARY KEY (`id`)) ENGINE=InnoDB DEFAULT CHARSET=utf8mb4 COLLATE utf8mb4_general_ci;
2022-06-27 11:51:27 info: 1ms Executed (default): SHOW INDEX FROM `style`
2022-06-27 11:51:27 info: 2ms Executed (default): CREATE TABLE IF NOT EXISTS `cart` (`id` INTEGER auto_increment , `product_builder_id` INTEGER NOT NULL, `user_id` INTEGER NOT NULL, `count` INTEGER NOT NULL, `created_at` DATETIME NOT NULL, `updated_at` DATETIME NOT NULL, PRIMARY KEY (`id`)) ENGINE=InnoDB DEFAULT CHARSET=utf8mb4 COLLATE utf8mb4_general_ci;
2022-06-27 11:51:27 info: 1ms Executed (default): SHOW INDEX FROM `cart`
2022-06-27 11:51:27 info: 2ms Executed (default): CREATE TABLE IF NOT EXISTS `order` (`id` INTEGER auto_increment , `product_builder_id` INTEGER NOT NULL, `user_id` INTEGER NOT NULL, `cart_id` INTEGER NOT NULL, `status` VARCHAR(45) NOT NULL, `shipping_address` VARCHAR(255) NOT NULL, `mobile_number` VARCHAR(45) NOT NULL, `payment_status` VARCHAR(45) NOT NULL, `created_at` DATETIME NOT NULL, `updated_at` DATETIME NOT NULL, PRIMARY KEY (`id`)) ENGINE=InnoDB DEFAULT CHARSET=utf8mb4 COLLATE utf8mb4_general_ci;
2022-06-27 11:51:27 info: 2ms Executed (default): SHOW INDEX FROM `order`
2022-06-27 11:51:27 info: 2ms Executed (default): CREATE TABLE IF NOT EXISTS `payment` (`id` INTEGER auto_increment , `invoice` VARCHAR(255) NOT NULL, `amount` INTEGER NOT NULL, `order_id` INTEGER NOT NULL, `transaction_id` INTEGER NOT NULL, `payment_id` INTEGER NOT NULL, `transaction_status` VARCHAR(45) NOT NULL, `created_at` DATETIME NOT NULL, `updated_at` DATETIME NOT NULL, PRIMARY KEY (`id`)) ENGINE=InnoDB DEFAULT CHARSET=utf8mb4 COLLATE utf8mb4_general_ci;
2022-06-27 11:51:27 info: 1ms Executed (default): SHOW INDEX FROM `payment`
