2022-06-10 09:54:00 info: =================================
2022-06-10 09:54:00 info: ======= ENV: development =======
2022-06-10 09:54:00 info: 🚀 App listening on the port 3008
2022-06-10 09:54:00 info: =================================
2022-06-10 09:54:00 info: 2ms Executed (default): SELECT 1+1 AS result
2022-06-10 09:54:00 info: 16ms Executed (default): CREATE TABLE IF NOT EXISTS `users` (`id` INTEGER auto_increment , `email` VARCHAR(45) NOT NULL, `password` VARCHAR(255) NOT NULL, `name` VARCHAR(45) NOT NULL, `role` VARCHAR(45) NOT NULL, `phone_number` INTEGER NOT NULL, `address` VARCHAR(45) NOT NULL, `email_status` VARCHAR(45) NOT NULL, `created_at` DATETIME NOT NULL, `updated_at` DATETIME NOT NULL, PRIMARY KEY (`id`)) ENGINE=InnoDB DEFAULT CHARSET=utf8mb4 COLLATE utf8mb4_general_ci;
2022-06-10 09:54:00 info: 12ms Executed (default): SHOW INDEX FROM `users`
2022-06-10 09:54:00 info: 7ms Executed (default): CREATE TABLE IF NOT EXISTS `productBuilder` (`id` INTEGER auto_increment , `fabric_id` INTEGER NOT NULL, `measuring_for` VARCHAR(45) NOT NULL, `type_of_room` VARCHAR(255) NOT NULL, `kind_of_room` VARCHAR(45) NOT NULL, `window_name` VARCHAR(45) NOT NULL, `pole_or_track_status` VARCHAR(45) NOT NULL, `width` INTEGER NOT NULL, `height` INTEGER NOT NULL, `panel` VARCHAR(45) NOT NULL, `curtain_close` VARCHAR(45) NOT NULL, `style` VARCHAR(45) NOT NULL, `lining` VARCHAR(45) NOT NULL, `pole_and_track` VARCHAR(45) NOT NULL, `pole_material` VARCHAR(45) NOT NULL, `pole_diameter` INTEGER NOT NULL, `pol_end` VARCHAR(45) NOT NULL, `pol_finish` VARCHAR(45) NOT NULL, `track_end` VARCHAR(45) NOT NULL, `track_finish` VARCHAR(45) NOT NULL, `pooling` VARCHAR(45) NOT NULL, `total_price` INTEGER NOT NULL, `product_type` VARCHAR(45) NOT NULL, `created_at` DATETIME NOT NULL, `updated_at` DATETIME NOT NULL, PRIMARY KEY (`id`)) ENGINE=InnoDB DEFAULT CHARSET=utf8mb4 COLLATE utf8mb4_general_ci;
2022-06-10 09:54:00 info: 4ms Executed (default): SHOW INDEX FROM `productBuilder`
2022-06-10 09:54:00 info: 7ms Executed (default): CREATE TABLE IF NOT EXISTS `fabric` (`id` INTEGER auto_increment , `name` VARCHAR(45) NOT NULL, `fabric_type` VARCHAR(45) NOT NULL, `starting_price` INTEGER NOT NULL, `color` VARCHAR(255) NOT NULL, `price_per_meter` INTEGER NOT NULL, `category` VARCHAR(45) NOT NULL, `milled_country_name` VARCHAR(45) NOT NULL, `composition` VARCHAR(45) NOT NULL, `cleaning` VARCHAR(45) NOT NULL, `small_curtains` INTEGER NOT NULL, `medium_curtains` INTEGER NOT NULL, `large_curtains` INTEGER NOT NULL, `created_at` DATETIME NOT NULL, `updated_at` DATETIME NOT NULL, PRIMARY KEY (`id`)) ENGINE=InnoDB DEFAULT CHARSET=utf8mb4 COLLATE utf8mb4_general_ci;
2022-06-10 09:54:00 info: 3ms Executed (default): SHOW INDEX FROM `fabric`
2022-06-10 09:54:00 info: 4ms Executed (default): CREATE TABLE IF NOT EXISTS `style` (`id` INTEGER auto_increment , `fabric_type` VARCHAR(45) NOT NULL, `height` INTEGER NOT NULL, `width` INTEGER NOT NULL, `price` INTEGER NOT NULL, `created_at` DATETIME NOT NULL, `updated_at` DATETIME NOT NULL, PRIMARY KEY (`id`)) ENGINE=InnoDB DEFAULT CHARSET=utf8mb4 COLLATE utf8mb4_general_ci;
2022-06-10 09:54:00 info: 3ms Executed (default): SHOW INDEX FROM `style`
2022-06-10 09:54:00 info: 3ms Executed (default): CREATE TABLE IF NOT EXISTS `cart` (`id` INTEGER auto_increment , `product_builder_id` INTEGER NOT NULL, `user_id` INTEGER NOT NULL, `count` INTEGER NOT NULL, `created_at` DATETIME NOT NULL, `updated_at` DATETIME NOT NULL, PRIMARY KEY (`id`)) ENGINE=InnoDB DEFAULT CHARSET=utf8mb4 COLLATE utf8mb4_general_ci;
2022-06-10 09:54:00 info: 3ms Executed (default): SHOW INDEX FROM `cart`
2022-06-10 09:54:00 info: 6ms Executed (default): CREATE TABLE IF NOT EXISTS `order` (`id` INTEGER auto_increment , `product_builder_id` INTEGER NOT NULL, `user_id` INTEGER NOT NULL, `cart_id` INTEGER NOT NULL, `status` VARCHAR(45) NOT NULL, `shipping_address` VARCHAR(255) NOT NULL, `mobile_number` VARCHAR(45) NOT NULL, `payment_status` VARCHAR(45) NOT NULL, `created_at` DATETIME NOT NULL, `updated_at` DATETIME NOT NULL, PRIMARY KEY (`id`)) ENGINE=InnoDB DEFAULT CHARSET=utf8mb4 COLLATE utf8mb4_general_ci;
2022-06-10 09:54:00 info: 3ms Executed (default): SHOW INDEX FROM `order`
2022-06-10 09:54:00 info: 4ms Executed (default): CREATE TABLE IF NOT EXISTS `payment` (`id` INTEGER auto_increment , `invoice` VARCHAR(255) NOT NULL, `amount` INTEGER NOT NULL, `order_id` INTEGER NOT NULL, `transaction_id` INTEGER NOT NULL, `payment_id` INTEGER NOT NULL, `transaction_status` VARCHAR(45) NOT NULL, `created_at` DATETIME NOT NULL, `updated_at` DATETIME NOT NULL, PRIMARY KEY (`id`)) ENGINE=InnoDB DEFAULT CHARSET=utf8mb4 COLLATE utf8mb4_general_ci;
2022-06-10 09:54:00 info: 4ms Executed (default): SHOW INDEX FROM `payment`
2022-06-10 11:47:39 info: =================================
2022-06-10 11:47:39 info: ======= ENV: development =======
2022-06-10 11:47:39 info: 🚀 App listening on the port 3008
2022-06-10 11:47:39 info: =================================
2022-06-10 11:47:39 info: 2ms Executed (default): SELECT 1+1 AS result
2022-06-10 11:47:39 info: 23ms Executed (default): CREATE TABLE IF NOT EXISTS `users` (`id` INTEGER auto_increment , `email` VARCHAR(45) NOT NULL, `password` VARCHAR(255) NOT NULL, `name` VARCHAR(45) NOT NULL, `role` VARCHAR(45) NOT NULL, `phone_number` INTEGER NOT NULL, `address` VARCHAR(45) NOT NULL, `email_status` VARCHAR(45) NOT NULL, `created_at` DATETIME NOT NULL, `updated_at` DATETIME NOT NULL, PRIMARY KEY (`id`)) ENGINE=InnoDB DEFAULT CHARSET=utf8mb4 COLLATE utf8mb4_general_ci;
2022-06-10 11:47:39 info: 22ms Executed (default): SHOW INDEX FROM `users`
2022-06-10 11:47:39 info: 3ms Executed (default): CREATE TABLE IF NOT EXISTS `productBuilder` (`id` INTEGER auto_increment , `fabric_id` INTEGER NOT NULL, `measuring_for` VARCHAR(45) NOT NULL, `type_of_room` VARCHAR(255) NOT NULL, `kind_of_room` VARCHAR(45) NOT NULL, `window_name` VARCHAR(45) NOT NULL, `pole_or_track_status` VARCHAR(45) NOT NULL, `width` INTEGER NOT NULL, `height` INTEGER NOT NULL, `panel` VARCHAR(45) NOT NULL, `curtain_close` VARCHAR(45) NOT NULL, `style` VARCHAR(45) NOT NULL, `lining` VARCHAR(45) NOT NULL, `pole_and_track` VARCHAR(45) NOT NULL, `pole_material` VARCHAR(45) NOT NULL, `pole_diameter` INTEGER NOT NULL, `pol_end` VARCHAR(45) NOT NULL, `pol_finish` VARCHAR(45) NOT NULL, `track_end` VARCHAR(45) NOT NULL, `track_finish` VARCHAR(45) NOT NULL, `pooling` VARCHAR(45) NOT NULL, `total_price` INTEGER NOT NULL, `product_type` VARCHAR(45) NOT NULL, `created_at` DATETIME NOT NULL, `updated_at` DATETIME NOT NULL, PRIMARY KEY (`id`)) ENGINE=InnoDB DEFAULT CHARSET=utf8mb4 COLLATE utf8mb4_general_ci;
2022-06-10 11:47:39 info: 6ms Executed (default): SHOW INDEX FROM `productBuilder`
2022-06-10 11:47:39 info: 3ms Executed (default): CREATE TABLE IF NOT EXISTS `fabric` (`id` INTEGER auto_increment , `name` VARCHAR(45) NOT NULL, `fabric_type` VARCHAR(45) NOT NULL, `starting_price` INTEGER NOT NULL, `color` VARCHAR(255) NOT NULL, `price_per_meter` INTEGER NOT NULL, `category` VARCHAR(45) NOT NULL, `milled_country_name` VARCHAR(45) NOT NULL, `composition` VARCHAR(45) NOT NULL, `cleaning` VARCHAR(255) NOT NULL, `small_curtains` INTEGER NOT NULL, `medium_curtains` INTEGER NOT NULL, `large_curtains` INTEGER NOT NULL, `created_at` DATETIME NOT NULL, `updated_at` DATETIME NOT NULL, PRIMARY KEY (`id`)) ENGINE=InnoDB DEFAULT CHARSET=utf8mb4 COLLATE utf8mb4_general_ci;
2022-06-10 11:47:39 info: 4ms Executed (default): SHOW INDEX FROM `fabric`
2022-06-10 11:47:39 info: 3ms Executed (default): CREATE TABLE IF NOT EXISTS `style` (`id` INTEGER auto_increment , `fabric_type` VARCHAR(45) NOT NULL, `height` INTEGER NOT NULL, `width` INTEGER NOT NULL, `price` INTEGER NOT NULL, `created_at` DATETIME NOT NULL, `updated_at` DATETIME NOT NULL, PRIMARY KEY (`id`)) ENGINE=InnoDB DEFAULT CHARSET=utf8mb4 COLLATE utf8mb4_general_ci;
2022-06-10 11:47:39 info: 7ms Executed (default): SHOW INDEX FROM `style`
2022-06-10 11:47:39 info: 3ms Executed (default): CREATE TABLE IF NOT EXISTS `cart` (`id` INTEGER auto_increment , `product_builder_id` INTEGER NOT NULL, `user_id` INTEGER NOT NULL, `count` INTEGER NOT NULL, `created_at` DATETIME NOT NULL, `updated_at` DATETIME NOT NULL, PRIMARY KEY (`id`)) ENGINE=InnoDB DEFAULT CHARSET=utf8mb4 COLLATE utf8mb4_general_ci;
2022-06-10 11:47:39 info: 4ms Executed (default): SHOW INDEX FROM `cart`
2022-06-10 11:47:39 info: 3ms Executed (default): CREATE TABLE IF NOT EXISTS `order` (`id` INTEGER auto_increment , `product_builder_id` INTEGER NOT NULL, `user_id` INTEGER NOT NULL, `cart_id` INTEGER NOT NULL, `status` VARCHAR(45) NOT NULL, `shipping_address` VARCHAR(255) NOT NULL, `mobile_number` VARCHAR(45) NOT NULL, `payment_status` VARCHAR(45) NOT NULL, `created_at` DATETIME NOT NULL, `updated_at` DATETIME NOT NULL, PRIMARY KEY (`id`)) ENGINE=InnoDB DEFAULT CHARSET=utf8mb4 COLLATE utf8mb4_general_ci;
2022-06-10 11:47:39 info: 3ms Executed (default): SHOW INDEX FROM `order`
2022-06-10 11:47:39 info: 4ms Executed (default): CREATE TABLE IF NOT EXISTS `payment` (`id` INTEGER auto_increment , `invoice` VARCHAR(255) NOT NULL, `amount` INTEGER NOT NULL, `order_id` INTEGER NOT NULL, `transaction_id` INTEGER NOT NULL, `payment_id` INTEGER NOT NULL, `transaction_status` VARCHAR(45) NOT NULL, `created_at` DATETIME NOT NULL, `updated_at` DATETIME NOT NULL, PRIMARY KEY (`id`)) ENGINE=InnoDB DEFAULT CHARSET=utf8mb4 COLLATE utf8mb4_general_ci;
2022-06-10 11:47:39 info: 2ms Executed (default): SHOW INDEX FROM `payment`
2022-06-10 11:48:54 info: =================================
2022-06-10 11:48:54 info: ======= ENV: development =======
2022-06-10 11:48:54 info: 🚀 App listening on the port 3008
2022-06-10 11:48:54 info: =================================
2022-06-10 11:48:54 info: 3ms Executed (default): SELECT 1+1 AS result
2022-06-10 11:48:54 info: 47ms Executed (default): CREATE TABLE IF NOT EXISTS `users` (`id` INTEGER auto_increment , `email` VARCHAR(45) NOT NULL, `password` VARCHAR(255) NOT NULL, `name` VARCHAR(45) NOT NULL, `role` VARCHAR(45) NOT NULL, `phone_number` INTEGER NOT NULL, `address` VARCHAR(45) NOT NULL, `email_status` VARCHAR(45) NOT NULL, `created_at` DATETIME NOT NULL, `updated_at` DATETIME NOT NULL, PRIMARY KEY (`id`)) ENGINE=InnoDB DEFAULT CHARSET=utf8mb4 COLLATE utf8mb4_general_ci;
2022-06-10 11:48:54 info: 11ms Executed (default): SHOW INDEX FROM `users`
2022-06-10 11:48:54 info: 9ms Executed (default): CREATE TABLE IF NOT EXISTS `productBuilder` (`id` INTEGER auto_increment , `fabric_id` INTEGER NOT NULL, `measuring_for` VARCHAR(45) NOT NULL, `type_of_room` VARCHAR(255) NOT NULL, `kind_of_room` VARCHAR(45) NOT NULL, `window_name` VARCHAR(45) NOT NULL, `pole_or_track_status` VARCHAR(45) NOT NULL, `width` INTEGER NOT NULL, `height` INTEGER NOT NULL, `panel` VARCHAR(45) NOT NULL, `curtain_close` VARCHAR(45) NOT NULL, `style` VARCHAR(45) NOT NULL, `lining` VARCHAR(45) NOT NULL, `pole_and_track` VARCHAR(45) NOT NULL, `pole_material` VARCHAR(45) NOT NULL, `pole_diameter` INTEGER NOT NULL, `pol_end` VARCHAR(45) NOT NULL, `pol_finish` VARCHAR(45) NOT NULL, `track_end` VARCHAR(45) NOT NULL, `track_finish` VARCHAR(45) NOT NULL, `pooling` VARCHAR(45) NOT NULL, `total_price` INTEGER NOT NULL, `product_type` VARCHAR(45) NOT NULL, `created_at` DATETIME NOT NULL, `updated_at` DATETIME NOT NULL, PRIMARY KEY (`id`)) ENGINE=InnoDB DEFAULT CHARSET=utf8mb4 COLLATE utf8mb4_general_ci;
2022-06-10 11:48:54 info: 4ms Executed (default): SHOW INDEX FROM `productBuilder`
2022-06-10 11:48:54 info: 34ms Executed (default): CREATE TABLE IF NOT EXISTS `fabric` (`id` INTEGER auto_increment , `name` VARCHAR(45) NOT NULL, `fabric_type` VARCHAR(45) NOT NULL, `starting_price` INTEGER NOT NULL, `color` VARCHAR(255) NOT NULL, `price_per_meter` INTEGER NOT NULL, `category` VARCHAR(45) NOT NULL, `milled_country_name` VARCHAR(45) NOT NULL, `composition` VARCHAR(45) NOT NULL, `cleaning` VARCHAR(255) NOT NULL, `small_curtains` INTEGER NOT NULL, `medium_curtains` INTEGER NOT NULL, `large_curtains` INTEGER NOT NULL, `created_at` DATETIME NOT NULL, `updated_at` DATETIME NOT NULL, PRIMARY KEY (`id`)) ENGINE=InnoDB DEFAULT CHARSET=utf8mb4 COLLATE utf8mb4_general_ci;
2022-06-10 11:48:54 info: 5ms Executed (default): SHOW INDEX FROM `fabric`
2022-06-10 11:48:54 info: 2ms Executed (default): CREATE TABLE IF NOT EXISTS `style` (`id` INTEGER auto_increment , `fabric_type` VARCHAR(45) NOT NULL, `height` INTEGER NOT NULL, `width` INTEGER NOT NULL, `price` INTEGER NOT NULL, `created_at` DATETIME NOT NULL, `updated_at` DATETIME NOT NULL, PRIMARY KEY (`id`)) ENGINE=InnoDB DEFAULT CHARSET=utf8mb4 COLLATE utf8mb4_general_ci;
2022-06-10 11:48:54 info: 3ms Executed (default): SHOW INDEX FROM `style`
2022-06-10 11:48:54 info: 3ms Executed (default): CREATE TABLE IF NOT EXISTS `cart` (`id` INTEGER auto_increment , `product_builder_id` INTEGER NOT NULL, `user_id` INTEGER NOT NULL, `count` INTEGER NOT NULL, `created_at` DATETIME NOT NULL, `updated_at` DATETIME NOT NULL, PRIMARY KEY (`id`)) ENGINE=InnoDB DEFAULT CHARSET=utf8mb4 COLLATE utf8mb4_general_ci;
2022-06-10 11:48:54 info: 3ms Executed (default): SHOW INDEX FROM `cart`
2022-06-10 11:48:54 info: 2ms Executed (default): CREATE TABLE IF NOT EXISTS `order` (`id` INTEGER auto_increment , `product_builder_id` INTEGER NOT NULL, `user_id` INTEGER NOT NULL, `cart_id` INTEGER NOT NULL, `status` VARCHAR(45) NOT NULL, `shipping_address` VARCHAR(255) NOT NULL, `mobile_number` VARCHAR(45) NOT NULL, `payment_status` VARCHAR(45) NOT NULL, `created_at` DATETIME NOT NULL, `updated_at` DATETIME NOT NULL, PRIMARY KEY (`id`)) ENGINE=InnoDB DEFAULT CHARSET=utf8mb4 COLLATE utf8mb4_general_ci;
2022-06-10 11:48:54 info: 3ms Executed (default): SHOW INDEX FROM `order`
2022-06-10 11:48:54 info: 3ms Executed (default): CREATE TABLE IF NOT EXISTS `payment` (`id` INTEGER auto_increment , `invoice` VARCHAR(255) NOT NULL, `amount` INTEGER NOT NULL, `order_id` INTEGER NOT NULL, `transaction_id` INTEGER NOT NULL, `payment_id` INTEGER NOT NULL, `transaction_status` VARCHAR(45) NOT NULL, `created_at` DATETIME NOT NULL, `updated_at` DATETIME NOT NULL, PRIMARY KEY (`id`)) ENGINE=InnoDB DEFAULT CHARSET=utf8mb4 COLLATE utf8mb4_general_ci;
2022-06-10 11:48:54 info: 2ms Executed (default): SHOW INDEX FROM `payment`
2022-06-10 12:00:09 info: [0mGET /api-docs/ [36m304[0m 11.895 ms - -[0m
2022-06-10 12:00:09 info: [0mGET /api-docs/swagger-ui-init.js [32m200[0m 2.029 ms - -[0m
2022-06-10 12:00:09 info: [0mGET /api-docs/swagger-ui.css [32m200[0m 18.350 ms - -[0m
2022-06-10 12:00:09 info: [0mGET /api-docs/swagger-ui-standalone-preset.js [32m200[0m 13.677 ms - -[0m
2022-06-10 12:00:09 info: [0mGET /api-docs/swagger-ui-bundle.js [32m200[0m 18.682 ms - -[0m
2022-06-10 12:00:09 info: [0mGET /api-docs/favicon-32x32.png [32m200[0m 1.944 ms - 628[0m
2022-06-10 12:00:15 info: [0mGET /api-docs/ [36m304[0m 2.480 ms - -[0m
2022-06-10 12:00:15 info: [0mGET /api-docs/swagger-ui-init.js [36m304[0m 0.887 ms - -[0m
2022-06-10 12:00:15 info: [0mGET /api-docs/swagger-ui.css [36m304[0m 9.629 ms - -[0m
2022-06-10 12:00:15 info: [0mGET /api-docs/swagger-ui-bundle.js [36m304[0m 9.581 ms - -[0m
2022-06-10 12:00:15 info: [0mGET /api-docs/swagger-ui-standalone-preset.js [36m304[0m 8.662 ms - -[0m
2022-06-10 12:00:15 info: [0mGET /api-docs/favicon-32x32.png [36m304[0m 1.380 ms - -[0m
2022-06-10 12:03:00 info: =================================
2022-06-10 12:03:00 info: ======= ENV: development =======
2022-06-10 12:03:00 info: 🚀 App listening on the port 3008
2022-06-10 12:03:00 info: =================================
2022-06-10 12:03:00 info: 3ms Executed (default): SELECT 1+1 AS result
2022-06-10 12:03:00 info: 4ms Executed (default): CREATE TABLE IF NOT EXISTS `users` (`id` INTEGER auto_increment , `email` VARCHAR(45) NOT NULL, `password` VARCHAR(255) NOT NULL, `name` VARCHAR(45) NOT NULL, `role` VARCHAR(45) NOT NULL, `phone_number` INTEGER NOT NULL, `address` VARCHAR(45) NOT NULL, `email_status` VARCHAR(45) NOT NULL, `created_at` DATETIME NOT NULL, `updated_at` DATETIME NOT NULL, PRIMARY KEY (`id`)) ENGINE=InnoDB DEFAULT CHARSET=utf8mb4 COLLATE utf8mb4_general_ci;
2022-06-10 12:03:00 info: 6ms Executed (default): SHOW INDEX FROM `users`
2022-06-10 12:03:00 info: 2ms Executed (default): CREATE TABLE IF NOT EXISTS `productBuilder` (`id` INTEGER auto_increment , `fabric_id` INTEGER NOT NULL, `measuring_for` VARCHAR(45) NOT NULL, `type_of_room` VARCHAR(255) NOT NULL, `kind_of_room` VARCHAR(45) NOT NULL, `window_name` VARCHAR(45) NOT NULL, `pole_or_track_status` VARCHAR(45) NOT NULL, `width` INTEGER NOT NULL, `height` INTEGER NOT NULL, `panel` VARCHAR(45) NOT NULL, `curtain_close` VARCHAR(45) NOT NULL, `style` VARCHAR(45) NOT NULL, `lining` VARCHAR(45) NOT NULL, `pole_and_track` VARCHAR(45) NOT NULL, `pole_material` VARCHAR(45) NOT NULL, `pole_diameter` INTEGER NOT NULL, `pol_end` VARCHAR(45) NOT NULL, `pol_finish` VARCHAR(45) NOT NULL, `track_end` VARCHAR(45) NOT NULL, `track_finish` VARCHAR(45) NOT NULL, `pooling` VARCHAR(45) NOT NULL, `total_price` INTEGER NOT NULL, `product_type` VARCHAR(45) NOT NULL, `created_at` DATETIME NOT NULL, `updated_at` DATETIME NOT NULL, PRIMARY KEY (`id`)) ENGINE=InnoDB DEFAULT CHARSET=utf8mb4 COLLATE utf8mb4_general_ci;
2022-06-10 12:03:00 info: 3ms Executed (default): SHOW INDEX FROM `productBuilder`
2022-06-10 12:03:00 info: 3ms Executed (default): CREATE TABLE IF NOT EXISTS `fabric` (`id` INTEGER auto_increment , `name` VARCHAR(45) NOT NULL, `fabric_type` VARCHAR(45) NOT NULL, `starting_price` INTEGER NOT NULL, `color` VARCHAR(255) NOT NULL, `price_per_meter` INTEGER NOT NULL, `category` VARCHAR(45) NOT NULL, `milled_country_name` VARCHAR(45) NOT NULL, `composition` VARCHAR(45) NOT NULL, `cleaning` VARCHAR(255) NOT NULL, `small_curtains` INTEGER NOT NULL, `medium_curtains` INTEGER NOT NULL, `large_curtains` INTEGER NOT NULL, `created_at` DATETIME NOT NULL, `updated_at` DATETIME NOT NULL, PRIMARY KEY (`id`)) ENGINE=InnoDB DEFAULT CHARSET=utf8mb4 COLLATE utf8mb4_general_ci;
2022-06-10 12:03:00 info: 3ms Executed (default): SHOW INDEX FROM `fabric`
2022-06-10 12:03:00 info: 2ms Executed (default): CREATE TABLE IF NOT EXISTS `style` (`id` INTEGER auto_increment , `fabric_type` VARCHAR(45) NOT NULL, `height` INTEGER NOT NULL, `width` INTEGER NOT NULL, `price` INTEGER NOT NULL, `created_at` DATETIME NOT NULL, `updated_at` DATETIME NOT NULL, PRIMARY KEY (`id`)) ENGINE=InnoDB DEFAULT CHARSET=utf8mb4 COLLATE utf8mb4_general_ci;
2022-06-10 12:03:00 info: 3ms Executed (default): SHOW INDEX FROM `style`
2022-06-10 12:03:00 info: 2ms Executed (default): CREATE TABLE IF NOT EXISTS `cart` (`id` INTEGER auto_increment , `product_builder_id` INTEGER NOT NULL, `user_id` INTEGER NOT NULL, `count` INTEGER NOT NULL, `created_at` DATETIME NOT NULL, `updated_at` DATETIME NOT NULL, PRIMARY KEY (`id`)) ENGINE=InnoDB DEFAULT CHARSET=utf8mb4 COLLATE utf8mb4_general_ci;
2022-06-10 12:03:00 info: 3ms Executed (default): SHOW INDEX FROM `cart`
2022-06-10 12:03:00 info: 3ms Executed (default): CREATE TABLE IF NOT EXISTS `order` (`id` INTEGER auto_increment , `product_builder_id` INTEGER NOT NULL, `user_id` INTEGER NOT NULL, `cart_id` INTEGER NOT NULL, `status` VARCHAR(45) NOT NULL, `shipping_address` VARCHAR(255) NOT NULL, `mobile_number` VARCHAR(45) NOT NULL, `payment_status` VARCHAR(45) NOT NULL, `created_at` DATETIME NOT NULL, `updated_at` DATETIME NOT NULL, PRIMARY KEY (`id`)) ENGINE=InnoDB DEFAULT CHARSET=utf8mb4 COLLATE utf8mb4_general_ci;
2022-06-10 12:03:00 info: 3ms Executed (default): SHOW INDEX FROM `order`
2022-06-10 12:03:00 info: 3ms Executed (default): CREATE TABLE IF NOT EXISTS `payment` (`id` INTEGER auto_increment , `invoice` VARCHAR(255) NOT NULL, `amount` INTEGER NOT NULL, `order_id` INTEGER NOT NULL, `transaction_id` INTEGER NOT NULL, `payment_id` INTEGER NOT NULL, `transaction_status` VARCHAR(45) NOT NULL, `created_at` DATETIME NOT NULL, `updated_at` DATETIME NOT NULL, PRIMARY KEY (`id`)) ENGINE=InnoDB DEFAULT CHARSET=utf8mb4 COLLATE utf8mb4_general_ci;
2022-06-10 12:03:00 info: 3ms Executed (default): SHOW INDEX FROM `payment`
2022-06-10 12:03:05 info: [0mGET /api-docs/ [36m304[0m 13.900 ms - -[0m
2022-06-10 12:03:05 info: [0mGET /api-docs/swagger-ui.css [36m304[0m 4.973 ms - -[0m
2022-06-10 12:03:05 info: [0mGET /api-docs/swagger-ui-bundle.js [36m304[0m 2.003 ms - -[0m
2022-06-10 12:03:05 info: [0mGET /api-docs/swagger-ui-standalone-preset.js [36m304[0m 9.014 ms - -[0m
2022-06-10 12:03:05 info: [0mGET /api-docs/swagger-ui-init.js [32m200[0m 5.744 ms - -[0m
2022-06-10 12:03:05 info: [0mGET /api-docs/favicon-32x32.png [36m304[0m 1.315 ms - -[0m
2022-06-10 12:03:54 info: [0mGET /api-docs/ [36m304[0m 4.254 ms - -[0m
2022-06-10 12:03:54 info: [0mGET /api-docs/swagger-ui.css [36m304[0m 1.365 ms - -[0m
2022-06-10 12:03:54 info: [0mGET /api-docs/swagger-ui-bundle.js [36m304[0m 2.004 ms - -[0m
2022-06-10 12:03:54 info: [0mGET /api-docs/swagger-ui-init.js [36m304[0m 1.071 ms - -[0m
2022-06-10 12:03:54 info: [0mGET /api-docs/swagger-ui-standalone-preset.js [36m304[0m 1.340 ms - -[0m
2022-06-10 12:03:55 info: [0mGET /api-docs/favicon-32x32.png [36m304[0m 1.572 ms - -[0m
2022-06-10 12:05:19 info: =================================
2022-06-10 12:05:19 info: ======= ENV: development =======
2022-06-10 12:05:19 info: 🚀 App listening on the port 3008
2022-06-10 12:05:19 info: =================================
2022-06-10 12:05:19 info: 3ms Executed (default): SELECT 1+1 AS result
2022-06-10 12:05:19 info: 5ms Executed (default): CREATE TABLE IF NOT EXISTS `users` (`id` INTEGER auto_increment , `email` VARCHAR(45) NOT NULL, `password` VARCHAR(255) NOT NULL, `name` VARCHAR(45) NOT NULL, `role` VARCHAR(45) NOT NULL, `phone_number` INTEGER NOT NULL, `address` VARCHAR(45) NOT NULL, `email_status` VARCHAR(45) NOT NULL, `created_at` DATETIME NOT NULL, `updated_at` DATETIME NOT NULL, PRIMARY KEY (`id`)) ENGINE=InnoDB DEFAULT CHARSET=utf8mb4 COLLATE utf8mb4_general_ci;
2022-06-10 12:05:19 info: 7ms Executed (default): SHOW INDEX FROM `users`
2022-06-10 12:05:19 info: 2ms Executed (default): CREATE TABLE IF NOT EXISTS `productBuilder` (`id` INTEGER auto_increment , `fabric_id` INTEGER NOT NULL, `measuring_for` VARCHAR(45) NOT NULL, `type_of_room` VARCHAR(255) NOT NULL, `kind_of_room` VARCHAR(45) NOT NULL, `window_name` VARCHAR(45) NOT NULL, `pole_or_track_status` VARCHAR(45) NOT NULL, `width` INTEGER NOT NULL, `height` INTEGER NOT NULL, `panel` VARCHAR(45) NOT NULL, `curtain_close` VARCHAR(45) NOT NULL, `style` VARCHAR(45) NOT NULL, `lining` VARCHAR(45) NOT NULL, `pole_and_track` VARCHAR(45) NOT NULL, `pole_material` VARCHAR(45) NOT NULL, `pole_diameter` INTEGER NOT NULL, `pol_end` VARCHAR(45) NOT NULL, `pol_finish` VARCHAR(45) NOT NULL, `track_end` VARCHAR(45) NOT NULL, `track_finish` VARCHAR(45) NOT NULL, `pooling` VARCHAR(45) NOT NULL, `total_price` INTEGER NOT NULL, `product_type` VARCHAR(45) NOT NULL, `created_at` DATETIME NOT NULL, `updated_at` DATETIME NOT NULL, PRIMARY KEY (`id`)) ENGINE=InnoDB DEFAULT CHARSET=utf8mb4 COLLATE utf8mb4_general_ci;
2022-06-10 12:05:19 info: 3ms Executed (default): SHOW INDEX FROM `productBuilder`
2022-06-10 12:05:19 info: 2ms Executed (default): CREATE TABLE IF NOT EXISTS `fabric` (`id` INTEGER auto_increment , `name` VARCHAR(45) NOT NULL, `fabric_type` VARCHAR(45) NOT NULL, `starting_price` INTEGER NOT NULL, `color` VARCHAR(255) NOT NULL, `price_per_meter` INTEGER NOT NULL, `category` VARCHAR(45) NOT NULL, `milled_country_name` VARCHAR(45) NOT NULL, `composition` VARCHAR(45) NOT NULL, `cleaning` VARCHAR(255) NOT NULL, `small_curtains` INTEGER NOT NULL, `medium_curtains` INTEGER NOT NULL, `large_curtains` INTEGER NOT NULL, `created_at` DATETIME NOT NULL, `updated_at` DATETIME NOT NULL, PRIMARY KEY (`id`)) ENGINE=InnoDB DEFAULT CHARSET=utf8mb4 COLLATE utf8mb4_general_ci;
2022-06-10 12:05:19 info: 2ms Executed (default): SHOW INDEX FROM `fabric`
2022-06-10 12:05:19 info: 2ms Executed (default): CREATE TABLE IF NOT EXISTS `style` (`id` INTEGER auto_increment , `fabric_type` VARCHAR(45) NOT NULL, `height` INTEGER NOT NULL, `width` INTEGER NOT NULL, `price` INTEGER NOT NULL, `created_at` DATETIME NOT NULL, `updated_at` DATETIME NOT NULL, PRIMARY KEY (`id`)) ENGINE=InnoDB DEFAULT CHARSET=utf8mb4 COLLATE utf8mb4_general_ci;
2022-06-10 12:05:19 info: 3ms Executed (default): SHOW INDEX FROM `style`
2022-06-10 12:05:19 info: 2ms Executed (default): CREATE TABLE IF NOT EXISTS `cart` (`id` INTEGER auto_increment , `product_builder_id` INTEGER NOT NULL, `user_id` INTEGER NOT NULL, `count` INTEGER NOT NULL, `created_at` DATETIME NOT NULL, `updated_at` DATETIME NOT NULL, PRIMARY KEY (`id`)) ENGINE=InnoDB DEFAULT CHARSET=utf8mb4 COLLATE utf8mb4_general_ci;
2022-06-10 12:05:19 info: 2ms Executed (default): SHOW INDEX FROM `cart`
2022-06-10 12:05:19 info: 3ms Executed (default): CREATE TABLE IF NOT EXISTS `order` (`id` INTEGER auto_increment , `product_builder_id` INTEGER NOT NULL, `user_id` INTEGER NOT NULL, `cart_id` INTEGER NOT NULL, `status` VARCHAR(45) NOT NULL, `shipping_address` VARCHAR(255) NOT NULL, `mobile_number` VARCHAR(45) NOT NULL, `payment_status` VARCHAR(45) NOT NULL, `created_at` DATETIME NOT NULL, `updated_at` DATETIME NOT NULL, PRIMARY KEY (`id`)) ENGINE=InnoDB DEFAULT CHARSET=utf8mb4 COLLATE utf8mb4_general_ci;
2022-06-10 12:05:19 info: 2ms Executed (default): SHOW INDEX FROM `order`
2022-06-10 12:05:19 info: 2ms Executed (default): CREATE TABLE IF NOT EXISTS `payment` (`id` INTEGER auto_increment , `invoice` VARCHAR(255) NOT NULL, `amount` INTEGER NOT NULL, `order_id` INTEGER NOT NULL, `transaction_id` INTEGER NOT NULL, `payment_id` INTEGER NOT NULL, `transaction_status` VARCHAR(45) NOT NULL, `created_at` DATETIME NOT NULL, `updated_at` DATETIME NOT NULL, PRIMARY KEY (`id`)) ENGINE=InnoDB DEFAULT CHARSET=utf8mb4 COLLATE utf8mb4_general_ci;
2022-06-10 12:05:19 info: 3ms Executed (default): SHOW INDEX FROM `payment`
2022-06-10 12:05:24 info: [0mGET /api-docs/ [36m304[0m 10.666 ms - -[0m
2022-06-10 12:05:24 info: [0mGET /api-docs/swagger-ui.css [36m304[0m 12.512 ms - -[0m
2022-06-10 12:05:24 info: [0mGET /api-docs/swagger-ui-bundle.js [36m304[0m 11.298 ms - -[0m
2022-06-10 12:05:24 info: [0mGET /api-docs/swagger-ui-standalone-preset.js [36m304[0m 12.786 ms - -[0m
2022-06-10 12:05:24 info: [0mGET /api-docs/swagger-ui-init.js [32m200[0m 4.719 ms - -[0m
2022-06-10 12:05:24 info: [0mGET /api-docs/favicon-32x32.png [36m304[0m 1.489 ms - -[0m
2022-06-10 12:13:43 info: [0mGET /api-docs/ [36m304[0m 2.236 ms - -[0m
2022-06-10 12:13:43 info: [0mGET /api-docs/swagger-ui.css [36m304[0m 6.519 ms - -[0m
2022-06-10 12:13:43 info: [0mGET /api-docs/swagger-ui-bundle.js [36m304[0m 6.885 ms - -[0m
2022-06-10 12:13:43 info: [0mGET /api-docs/swagger-ui-standalone-preset.js [36m304[0m 6.549 ms - -[0m
2022-06-10 12:13:43 info: [0mGET /api-docs/swagger-ui-init.js [36m304[0m 1.624 ms - -[0m
2022-06-10 12:13:43 info: [0mGET /api-docs/favicon-32x32.png [36m304[0m 1.380 ms - -[0m
2022-06-10 12:14:01 info: =================================
2022-06-10 12:14:01 info: ======= ENV: development =======
2022-06-10 12:14:01 info: 🚀 App listening on the port 3008
2022-06-10 12:14:01 info: =================================
2022-06-10 12:14:01 info: 3ms Executed (default): SELECT 1+1 AS result
2022-06-10 12:14:01 info: 4ms Executed (default): CREATE TABLE IF NOT EXISTS `users` (`id` INTEGER auto_increment , `email` VARCHAR(45) NOT NULL, `password` VARCHAR(255) NOT NULL, `name` VARCHAR(45) NOT NULL, `role` VARCHAR(45) NOT NULL, `phone_number` INTEGER NOT NULL, `address` VARCHAR(45) NOT NULL, `email_status` VARCHAR(45) NOT NULL, `created_at` DATETIME NOT NULL, `updated_at` DATETIME NOT NULL, PRIMARY KEY (`id`)) ENGINE=InnoDB DEFAULT CHARSET=utf8mb4 COLLATE utf8mb4_general_ci;
2022-06-10 12:14:01 info: 5ms Executed (default): SHOW INDEX FROM `users`
2022-06-10 12:14:01 info: 3ms Executed (default): CREATE TABLE IF NOT EXISTS `productBuilder` (`id` INTEGER auto_increment , `fabric_id` INTEGER NOT NULL, `measuring_for` VARCHAR(45) NOT NULL, `type_of_room` VARCHAR(255) NOT NULL, `kind_of_room` VARCHAR(45) NOT NULL, `window_name` VARCHAR(45) NOT NULL, `pole_or_track_status` VARCHAR(45) NOT NULL, `width` INTEGER NOT NULL, `height` INTEGER NOT NULL, `panel` VARCHAR(45) NOT NULL, `curtain_close` VARCHAR(45) NOT NULL, `style` VARCHAR(45) NOT NULL, `lining` VARCHAR(45) NOT NULL, `pole_and_track` VARCHAR(45) NOT NULL, `pole_material` VARCHAR(45) NOT NULL, `pole_diameter` INTEGER NOT NULL, `pol_end` VARCHAR(45) NOT NULL, `pol_finish` VARCHAR(45) NOT NULL, `track_end` VARCHAR(45) NOT NULL, `track_finish` VARCHAR(45) NOT NULL, `pooling` VARCHAR(45) NOT NULL, `total_price` INTEGER NOT NULL, `product_type` VARCHAR(45) NOT NULL, `created_at` DATETIME NOT NULL, `updated_at` DATETIME NOT NULL, PRIMARY KEY (`id`)) ENGINE=InnoDB DEFAULT CHARSET=utf8mb4 COLLATE utf8mb4_general_ci;
2022-06-10 12:14:01 info: 4ms Executed (default): SHOW INDEX FROM `productBuilder`
2022-06-10 12:14:01 info: 3ms Executed (default): CREATE TABLE IF NOT EXISTS `fabric` (`id` INTEGER auto_increment , `name` VARCHAR(45) NOT NULL, `fabric_type` VARCHAR(45) NOT NULL, `starting_price` INTEGER NOT NULL, `color` VARCHAR(255) NOT NULL, `price_per_meter` INTEGER NOT NULL, `category` VARCHAR(45) NOT NULL, `milled_country_name` VARCHAR(45) NOT NULL, `composition` VARCHAR(45) NOT NULL, `cleaning` VARCHAR(255) NOT NULL, `small_curtains` INTEGER NOT NULL, `medium_curtains` INTEGER NOT NULL, `large_curtains` INTEGER NOT NULL, `created_at` DATETIME NOT NULL, `updated_at` DATETIME NOT NULL, PRIMARY KEY (`id`)) ENGINE=InnoDB DEFAULT CHARSET=utf8mb4 COLLATE utf8mb4_general_ci;
2022-06-10 12:14:01 info: 3ms Executed (default): SHOW INDEX FROM `fabric`
2022-06-10 12:14:01 info: 2ms Executed (default): CREATE TABLE IF NOT EXISTS `style` (`id` INTEGER auto_increment , `fabric_type` VARCHAR(45) NOT NULL, `height` INTEGER NOT NULL, `width` INTEGER NOT NULL, `price` INTEGER NOT NULL, `created_at` DATETIME NOT NULL, `updated_at` DATETIME NOT NULL, PRIMARY KEY (`id`)) ENGINE=InnoDB DEFAULT CHARSET=utf8mb4 COLLATE utf8mb4_general_ci;
2022-06-10 12:14:01 info: 3ms Executed (default): SHOW INDEX FROM `style`
2022-06-10 12:14:01 info: 2ms Executed (default): CREATE TABLE IF NOT EXISTS `cart` (`id` INTEGER auto_increment , `product_builder_id` INTEGER NOT NULL, `user_id` INTEGER NOT NULL, `count` INTEGER NOT NULL, `created_at` DATETIME NOT NULL, `updated_at` DATETIME NOT NULL, PRIMARY KEY (`id`)) ENGINE=InnoDB DEFAULT CHARSET=utf8mb4 COLLATE utf8mb4_general_ci;
2022-06-10 12:14:01 info: 3ms Executed (default): SHOW INDEX FROM `cart`
2022-06-10 12:14:01 info: 2ms Executed (default): CREATE TABLE IF NOT EXISTS `order` (`id` INTEGER auto_increment , `product_builder_id` INTEGER NOT NULL, `user_id` INTEGER NOT NULL, `cart_id` INTEGER NOT NULL, `status` VARCHAR(45) NOT NULL, `shipping_address` VARCHAR(255) NOT NULL, `mobile_number` VARCHAR(45) NOT NULL, `payment_status` VARCHAR(45) NOT NULL, `created_at` DATETIME NOT NULL, `updated_at` DATETIME NOT NULL, PRIMARY KEY (`id`)) ENGINE=InnoDB DEFAULT CHARSET=utf8mb4 COLLATE utf8mb4_general_ci;
2022-06-10 12:14:01 info: 5ms Executed (default): SHOW INDEX FROM `order`
2022-06-10 12:14:01 info: 3ms Executed (default): CREATE TABLE IF NOT EXISTS `payment` (`id` INTEGER auto_increment , `invoice` VARCHAR(255) NOT NULL, `amount` INTEGER NOT NULL, `order_id` INTEGER NOT NULL, `transaction_id` INTEGER NOT NULL, `payment_id` INTEGER NOT NULL, `transaction_status` VARCHAR(45) NOT NULL, `created_at` DATETIME NOT NULL, `updated_at` DATETIME NOT NULL, PRIMARY KEY (`id`)) ENGINE=InnoDB DEFAULT CHARSET=utf8mb4 COLLATE utf8mb4_general_ci;
2022-06-10 12:14:01 info: 3ms Executed (default): SHOW INDEX FROM `payment`
2022-06-10 12:14:05 info: [0mGET /api-docs/ [36m304[0m 11.340 ms - -[0m
2022-06-10 12:14:05 info: [0mGET /api-docs/swagger-ui.css [36m304[0m 8.049 ms - -[0m
2022-06-10 12:14:05 info: [0mGET /api-docs/swagger-ui-bundle.js [36m304[0m 5.196 ms - -[0m
2022-06-10 12:14:05 info: [0mGET /api-docs/swagger-ui-standalone-preset.js [36m304[0m 9.477 ms - -[0m
2022-06-10 12:14:05 info: [0mGET /api-docs/swagger-ui-init.js [32m200[0m 5.584 ms - -[0m
2022-06-10 12:14:06 info: [0mGET /api-docs/favicon-32x32.png [36m304[0m 1.121 ms - -[0m
2022-06-10 12:20:49 info: =================================
2022-06-10 12:20:49 info: ======= ENV: development =======
2022-06-10 12:20:49 info: 🚀 App listening on the port 3008
2022-06-10 12:20:49 info: =================================
2022-06-10 12:20:49 info: 3ms Executed (default): SELECT 1+1 AS result
2022-06-10 12:20:49 info: 5ms Executed (default): CREATE TABLE IF NOT EXISTS `users` (`id` INTEGER auto_increment , `email` VARCHAR(45) NOT NULL, `password` VARCHAR(255) NOT NULL, `name` VARCHAR(45) NOT NULL, `role` VARCHAR(45) NOT NULL, `phone_number` INTEGER NOT NULL, `address` VARCHAR(45) NOT NULL, `email_status` VARCHAR(45) NOT NULL, `created_at` DATETIME NOT NULL, `updated_at` DATETIME NOT NULL, PRIMARY KEY (`id`)) ENGINE=InnoDB DEFAULT CHARSET=utf8mb4 COLLATE utf8mb4_general_ci;
2022-06-10 12:20:49 info: 5ms Executed (default): SHOW INDEX FROM `users`
2022-06-10 12:20:49 info: 3ms Executed (default): CREATE TABLE IF NOT EXISTS `productBuilder` (`id` INTEGER auto_increment , `fabric_id` INTEGER NOT NULL, `measuring_for` VARCHAR(45) NOT NULL, `type_of_room` VARCHAR(255) NOT NULL, `kind_of_room` VARCHAR(45) NOT NULL, `window_name` VARCHAR(45) NOT NULL, `pole_or_track_status` VARCHAR(45) NOT NULL, `width` INTEGER NOT NULL, `height` INTEGER NOT NULL, `panel` VARCHAR(45) NOT NULL, `curtain_close` VARCHAR(45) NOT NULL, `style` VARCHAR(45) NOT NULL, `lining` VARCHAR(45) NOT NULL, `pole_and_track` VARCHAR(45) NOT NULL, `pole_material` VARCHAR(45) NOT NULL, `pole_diameter` INTEGER NOT NULL, `pol_end` VARCHAR(45) NOT NULL, `pol_finish` VARCHAR(45) NOT NULL, `track_end` VARCHAR(45) NOT NULL, `track_finish` VARCHAR(45) NOT NULL, `pooling` VARCHAR(45) NOT NULL, `total_price` INTEGER NOT NULL, `product_type` VARCHAR(45) NOT NULL, `created_at` DATETIME NOT NULL, `updated_at` DATETIME NOT NULL, PRIMARY KEY (`id`)) ENGINE=InnoDB DEFAULT CHARSET=utf8mb4 COLLATE utf8mb4_general_ci;
2022-06-10 12:20:49 info: 4ms Executed (default): SHOW INDEX FROM `productBuilder`
2022-06-10 12:20:49 info: 3ms Executed (default): CREATE TABLE IF NOT EXISTS `fabric` (`id` INTEGER auto_increment , `name` VARCHAR(45) NOT NULL, `fabric_type` VARCHAR(45) NOT NULL, `starting_price` INTEGER NOT NULL, `color` VARCHAR(255) NOT NULL, `price_per_meter` INTEGER NOT NULL, `category` VARCHAR(45) NOT NULL, `milled_country_name` VARCHAR(45) NOT NULL, `composition` VARCHAR(45) NOT NULL, `cleaning` VARCHAR(255) NOT NULL, `small_curtains` INTEGER NOT NULL, `medium_curtains` INTEGER NOT NULL, `large_curtains` INTEGER NOT NULL, `created_at` DATETIME NOT NULL, `updated_at` DATETIME NOT NULL, PRIMARY KEY (`id`)) ENGINE=InnoDB DEFAULT CHARSET=utf8mb4 COLLATE utf8mb4_general_ci;
2022-06-10 12:20:49 info: 3ms Executed (default): SHOW INDEX FROM `fabric`
2022-06-10 12:20:49 info: 3ms Executed (default): CREATE TABLE IF NOT EXISTS `style` (`id` INTEGER auto_increment , `fabric_type` VARCHAR(45) NOT NULL, `height` INTEGER NOT NULL, `width` INTEGER NOT NULL, `price` INTEGER NOT NULL, `created_at` DATETIME NOT NULL, `updated_at` DATETIME NOT NULL, PRIMARY KEY (`id`)) ENGINE=InnoDB DEFAULT CHARSET=utf8mb4 COLLATE utf8mb4_general_ci;
2022-06-10 12:20:49 info: 3ms Executed (default): SHOW INDEX FROM `style`
2022-06-10 12:20:49 info: 3ms Executed (default): CREATE TABLE IF NOT EXISTS `cart` (`id` INTEGER auto_increment , `product_builder_id` INTEGER NOT NULL, `user_id` INTEGER NOT NULL, `count` INTEGER NOT NULL, `created_at` DATETIME NOT NULL, `updated_at` DATETIME NOT NULL, PRIMARY KEY (`id`)) ENGINE=InnoDB DEFAULT CHARSET=utf8mb4 COLLATE utf8mb4_general_ci;
2022-06-10 12:20:49 info: 3ms Executed (default): SHOW INDEX FROM `cart`
2022-06-10 12:20:49 info: 3ms Executed (default): CREATE TABLE IF NOT EXISTS `order` (`id` INTEGER auto_increment , `product_builder_id` INTEGER NOT NULL, `user_id` INTEGER NOT NULL, `cart_id` INTEGER NOT NULL, `status` VARCHAR(45) NOT NULL, `shipping_address` VARCHAR(255) NOT NULL, `mobile_number` VARCHAR(45) NOT NULL, `payment_status` VARCHAR(45) NOT NULL, `created_at` DATETIME NOT NULL, `updated_at` DATETIME NOT NULL, PRIMARY KEY (`id`)) ENGINE=InnoDB DEFAULT CHARSET=utf8mb4 COLLATE utf8mb4_general_ci;
2022-06-10 12:20:49 info: 2ms Executed (default): SHOW INDEX FROM `order`
2022-06-10 12:20:49 info: 3ms Executed (default): CREATE TABLE IF NOT EXISTS `payment` (`id` INTEGER auto_increment , `invoice` VARCHAR(255) NOT NULL, `amount` INTEGER NOT NULL, `order_id` INTEGER NOT NULL, `transaction_id` INTEGER NOT NULL, `payment_id` INTEGER NOT NULL, `transaction_status` VARCHAR(45) NOT NULL, `created_at` DATETIME NOT NULL, `updated_at` DATETIME NOT NULL, PRIMARY KEY (`id`)) ENGINE=InnoDB DEFAULT CHARSET=utf8mb4 COLLATE utf8mb4_general_ci;
2022-06-10 12:20:49 info: 3ms Executed (default): SHOW INDEX FROM `payment`
2022-06-10 12:21:03 info: =================================
2022-06-10 12:21:03 info: ======= ENV: development =======
2022-06-10 12:21:03 info: 🚀 App listening on the port 3008
2022-06-10 12:21:03 info: =================================
2022-06-10 12:21:03 info: 2ms Executed (default): SELECT 1+1 AS result
2022-06-10 12:21:03 info: 9ms Executed (default): CREATE TABLE IF NOT EXISTS `users` (`id` INTEGER auto_increment , `email` VARCHAR(45) NOT NULL, `password` VARCHAR(255) NOT NULL, `name` VARCHAR(45) NOT NULL, `role` VARCHAR(45) NOT NULL, `phone_number` INTEGER NOT NULL, `address` VARCHAR(45) NOT NULL, `email_status` VARCHAR(45) NOT NULL, `created_at` DATETIME NOT NULL, `updated_at` DATETIME NOT NULL, PRIMARY KEY (`id`)) ENGINE=InnoDB DEFAULT CHARSET=utf8mb4 COLLATE utf8mb4_general_ci;
2022-06-10 12:21:03 info: 7ms Executed (default): SHOW INDEX FROM `users`
2022-06-10 12:21:03 info: 2ms Executed (default): CREATE TABLE IF NOT EXISTS `productBuilder` (`id` INTEGER auto_increment , `fabric_id` INTEGER NOT NULL, `measuring_for` VARCHAR(45) NOT NULL, `type_of_room` VARCHAR(255) NOT NULL, `kind_of_room` VARCHAR(45) NOT NULL, `window_name` VARCHAR(45) NOT NULL, `pole_or_track_status` VARCHAR(45) NOT NULL, `width` INTEGER NOT NULL, `height` INTEGER NOT NULL, `panel` VARCHAR(45) NOT NULL, `curtain_close` VARCHAR(45) NOT NULL, `style` VARCHAR(45) NOT NULL, `lining` VARCHAR(45) NOT NULL, `pole_and_track` VARCHAR(45) NOT NULL, `pole_material` VARCHAR(45) NOT NULL, `pole_diameter` INTEGER NOT NULL, `pol_end` VARCHAR(45) NOT NULL, `pol_finish` VARCHAR(45) NOT NULL, `track_end` VARCHAR(45) NOT NULL, `track_finish` VARCHAR(45) NOT NULL, `pooling` VARCHAR(45) NOT NULL, `total_price` INTEGER NOT NULL, `product_type` VARCHAR(45) NOT NULL, `created_at` DATETIME NOT NULL, `updated_at` DATETIME NOT NULL, PRIMARY KEY (`id`)) ENGINE=InnoDB DEFAULT CHARSET=utf8mb4 COLLATE utf8mb4_general_ci;
2022-06-10 12:21:03 info: 4ms Executed (default): SHOW INDEX FROM `productBuilder`
2022-06-10 12:21:03 info: 3ms Executed (default): CREATE TABLE IF NOT EXISTS `fabric` (`id` INTEGER auto_increment , `name` VARCHAR(45) NOT NULL, `fabric_type` VARCHAR(45) NOT NULL, `starting_price` INTEGER NOT NULL, `color` VARCHAR(255) NOT NULL, `price_per_meter` INTEGER NOT NULL, `category` VARCHAR(45) NOT NULL, `milled_country_name` VARCHAR(45) NOT NULL, `composition` VARCHAR(45) NOT NULL, `cleaning` VARCHAR(255) NOT NULL, `small_curtains` INTEGER NOT NULL, `medium_curtains` INTEGER NOT NULL, `large_curtains` INTEGER NOT NULL, `created_at` DATETIME NOT NULL, `updated_at` DATETIME NOT NULL, PRIMARY KEY (`id`)) ENGINE=InnoDB DEFAULT CHARSET=utf8mb4 COLLATE utf8mb4_general_ci;
2022-06-10 12:21:03 info: 3ms Executed (default): SHOW INDEX FROM `fabric`
2022-06-10 12:21:03 info: 2ms Executed (default): CREATE TABLE IF NOT EXISTS `style` (`id` INTEGER auto_increment , `fabric_type` VARCHAR(45) NOT NULL, `height` INTEGER NOT NULL, `width` INTEGER NOT NULL, `price` INTEGER NOT NULL, `created_at` DATETIME NOT NULL, `updated_at` DATETIME NOT NULL, PRIMARY KEY (`id`)) ENGINE=InnoDB DEFAULT CHARSET=utf8mb4 COLLATE utf8mb4_general_ci;
2022-06-10 12:21:03 info: 2ms Executed (default): SHOW INDEX FROM `style`
2022-06-10 12:21:03 info: 3ms Executed (default): CREATE TABLE IF NOT EXISTS `cart` (`id` INTEGER auto_increment , `product_builder_id` INTEGER NOT NULL, `user_id` INTEGER NOT NULL, `count` INTEGER NOT NULL, `created_at` DATETIME NOT NULL, `updated_at` DATETIME NOT NULL, PRIMARY KEY (`id`)) ENGINE=InnoDB DEFAULT CHARSET=utf8mb4 COLLATE utf8mb4_general_ci;
2022-06-10 12:21:03 info: 3ms Executed (default): SHOW INDEX FROM `cart`
2022-06-10 12:21:03 info: 3ms Executed (default): CREATE TABLE IF NOT EXISTS `order` (`id` INTEGER auto_increment , `product_builder_id` INTEGER NOT NULL, `user_id` INTEGER NOT NULL, `cart_id` INTEGER NOT NULL, `status` VARCHAR(45) NOT NULL, `shipping_address` VARCHAR(255) NOT NULL, `mobile_number` VARCHAR(45) NOT NULL, `payment_status` VARCHAR(45) NOT NULL, `created_at` DATETIME NOT NULL, `updated_at` DATETIME NOT NULL, PRIMARY KEY (`id`)) ENGINE=InnoDB DEFAULT CHARSET=utf8mb4 COLLATE utf8mb4_general_ci;
2022-06-10 12:21:03 info: 3ms Executed (default): SHOW INDEX FROM `order`
2022-06-10 12:21:03 info: 3ms Executed (default): CREATE TABLE IF NOT EXISTS `payment` (`id` INTEGER auto_increment , `invoice` VARCHAR(255) NOT NULL, `amount` INTEGER NOT NULL, `order_id` INTEGER NOT NULL, `transaction_id` INTEGER NOT NULL, `payment_id` INTEGER NOT NULL, `transaction_status` VARCHAR(45) NOT NULL, `created_at` DATETIME NOT NULL, `updated_at` DATETIME NOT NULL, PRIMARY KEY (`id`)) ENGINE=InnoDB DEFAULT CHARSET=utf8mb4 COLLATE utf8mb4_general_ci;
2022-06-10 12:21:03 info: 3ms Executed (default): SHOW INDEX FROM `payment`
2022-06-10 12:21:08 info: [0mGET /api-docs/ [36m304[0m 11.064 ms - -[0m
2022-06-10 12:21:08 info: [0mGET /api-docs/swagger-ui.css [36m304[0m 6.159 ms - -[0m
2022-06-10 12:21:08 info: [0mGET /api-docs/swagger-ui-bundle.js [36m304[0m 4.337 ms - -[0m
2022-06-10 12:21:08 info: [0mGET /api-docs/swagger-ui-init.js [36m304[0m 1.257 ms - -[0m
2022-06-10 12:21:08 info: [0mGET /api-docs/swagger-ui-standalone-preset.js [36m304[0m 4.507 ms - -[0m
2022-06-10 12:21:08 info: [0mGET /api-docs/favicon-32x32.png [36m304[0m 1.056 ms - -[0m
2022-06-10 12:21:46 info: =================================
2022-06-10 12:21:46 info: ======= ENV: development =======
2022-06-10 12:21:46 info: 🚀 App listening on the port 3008
2022-06-10 12:21:46 info: =================================
2022-06-10 12:21:46 info: 2ms Executed (default): SELECT 1+1 AS result
2022-06-10 12:21:46 info: 4ms Executed (default): CREATE TABLE IF NOT EXISTS `users` (`id` INTEGER auto_increment , `email` VARCHAR(45) NOT NULL, `password` VARCHAR(255) NOT NULL, `name` VARCHAR(45) NOT NULL, `role` VARCHAR(45) NOT NULL, `phone_number` INTEGER NOT NULL, `address` VARCHAR(45) NOT NULL, `email_status` VARCHAR(45) NOT NULL, `created_at` DATETIME NOT NULL, `updated_at` DATETIME NOT NULL, PRIMARY KEY (`id`)) ENGINE=InnoDB DEFAULT CHARSET=utf8mb4 COLLATE utf8mb4_general_ci;
2022-06-10 12:21:46 info: 7ms Executed (default): SHOW INDEX FROM `users`
2022-06-10 12:21:46 info: 2ms Executed (default): CREATE TABLE IF NOT EXISTS `productBuilder` (`id` INTEGER auto_increment , `fabric_id` INTEGER NOT NULL, `measuring_for` VARCHAR(45) NOT NULL, `type_of_room` VARCHAR(255) NOT NULL, `kind_of_room` VARCHAR(45) NOT NULL, `window_name` VARCHAR(45) NOT NULL, `pole_or_track_status` VARCHAR(45) NOT NULL, `width` INTEGER NOT NULL, `height` INTEGER NOT NULL, `panel` VARCHAR(45) NOT NULL, `curtain_close` VARCHAR(45) NOT NULL, `style` VARCHAR(45) NOT NULL, `lining` VARCHAR(45) NOT NULL, `pole_and_track` VARCHAR(45) NOT NULL, `pole_material` VARCHAR(45) NOT NULL, `pole_diameter` INTEGER NOT NULL, `pol_end` VARCHAR(45) NOT NULL, `pol_finish` VARCHAR(45) NOT NULL, `track_end` VARCHAR(45) NOT NULL, `track_finish` VARCHAR(45) NOT NULL, `pooling` VARCHAR(45) NOT NULL, `total_price` INTEGER NOT NULL, `product_type` VARCHAR(45) NOT NULL, `created_at` DATETIME NOT NULL, `updated_at` DATETIME NOT NULL, PRIMARY KEY (`id`)) ENGINE=InnoDB DEFAULT CHARSET=utf8mb4 COLLATE utf8mb4_general_ci;
2022-06-10 12:21:46 info: 4ms Executed (default): SHOW INDEX FROM `productBuilder`
2022-06-10 12:21:46 info: 3ms Executed (default): CREATE TABLE IF NOT EXISTS `fabric` (`id` INTEGER auto_increment , `name` VARCHAR(45) NOT NULL, `fabric_type` VARCHAR(45) NOT NULL, `starting_price` INTEGER NOT NULL, `color` VARCHAR(255) NOT NULL, `price_per_meter` INTEGER NOT NULL, `category` VARCHAR(45) NOT NULL, `milled_country_name` VARCHAR(45) NOT NULL, `composition` VARCHAR(45) NOT NULL, `cleaning` VARCHAR(255) NOT NULL, `small_curtains` INTEGER NOT NULL, `medium_curtains` INTEGER NOT NULL, `large_curtains` INTEGER NOT NULL, `created_at` DATETIME NOT NULL, `updated_at` DATETIME NOT NULL, PRIMARY KEY (`id`)) ENGINE=InnoDB DEFAULT CHARSET=utf8mb4 COLLATE utf8mb4_general_ci;
2022-06-10 12:21:46 info: 2ms Executed (default): SHOW INDEX FROM `fabric`
2022-06-10 12:21:46 info: 3ms Executed (default): CREATE TABLE IF NOT EXISTS `style` (`id` INTEGER auto_increment , `fabric_type` VARCHAR(45) NOT NULL, `height` INTEGER NOT NULL, `width` INTEGER NOT NULL, `price` INTEGER NOT NULL, `created_at` DATETIME NOT NULL, `updated_at` DATETIME NOT NULL, PRIMARY KEY (`id`)) ENGINE=InnoDB DEFAULT CHARSET=utf8mb4 COLLATE utf8mb4_general_ci;
2022-06-10 12:21:46 info: 3ms Executed (default): SHOW INDEX FROM `style`
2022-06-10 12:21:46 info: 2ms Executed (default): CREATE TABLE IF NOT EXISTS `cart` (`id` INTEGER auto_increment , `product_builder_id` INTEGER NOT NULL, `user_id` INTEGER NOT NULL, `count` INTEGER NOT NULL, `created_at` DATETIME NOT NULL, `updated_at` DATETIME NOT NULL, PRIMARY KEY (`id`)) ENGINE=InnoDB DEFAULT CHARSET=utf8mb4 COLLATE utf8mb4_general_ci;
2022-06-10 12:21:46 info: 2ms Executed (default): SHOW INDEX FROM `cart`
2022-06-10 12:21:46 info: 3ms Executed (default): CREATE TABLE IF NOT EXISTS `order` (`id` INTEGER auto_increment , `product_builder_id` INTEGER NOT NULL, `user_id` INTEGER NOT NULL, `cart_id` INTEGER NOT NULL, `status` VARCHAR(45) NOT NULL, `shipping_address` VARCHAR(255) NOT NULL, `mobile_number` VARCHAR(45) NOT NULL, `payment_status` VARCHAR(45) NOT NULL, `created_at` DATETIME NOT NULL, `updated_at` DATETIME NOT NULL, PRIMARY KEY (`id`)) ENGINE=InnoDB DEFAULT CHARSET=utf8mb4 COLLATE utf8mb4_general_ci;
2022-06-10 12:21:46 info: 3ms Executed (default): SHOW INDEX FROM `order`
2022-06-10 12:21:46 info: 3ms Executed (default): CREATE TABLE IF NOT EXISTS `payment` (`id` INTEGER auto_increment , `invoice` VARCHAR(255) NOT NULL, `amount` INTEGER NOT NULL, `order_id` INTEGER NOT NULL, `transaction_id` INTEGER NOT NULL, `payment_id` INTEGER NOT NULL, `transaction_status` VARCHAR(45) NOT NULL, `created_at` DATETIME NOT NULL, `updated_at` DATETIME NOT NULL, PRIMARY KEY (`id`)) ENGINE=InnoDB DEFAULT CHARSET=utf8mb4 COLLATE utf8mb4_general_ci;
2022-06-10 12:21:46 info: 3ms Executed (default): SHOW INDEX FROM `payment`
2022-06-10 12:21:51 info: [0mGET /api-docs/ [36m304[0m 10.607 ms - -[0m
2022-06-10 12:21:51 info: [0mGET /api-docs/swagger-ui.css [36m304[0m 6.232 ms - -[0m
2022-06-10 12:21:51 info: [0mGET /api-docs/swagger-ui-bundle.js [36m304[0m 4.111 ms - -[0m
2022-06-10 12:21:51 info: [0mGET /api-docs/swagger-ui-standalone-preset.js [36m304[0m 9.724 ms - -[0m
2022-06-10 12:21:51 info: [0mGET /api-docs/swagger-ui-init.js [32m200[0m 6.015 ms - -[0m
2022-06-10 12:21:52 info: [0mGET /api-docs/favicon-32x32.png [36m304[0m 0.947 ms - -[0m
2022-06-10 12:22:07 info: [0mGET /api-docs/ [36m304[0m 3.684 ms - -[0m
2022-06-10 12:22:07 info: [0mGET /api-docs/swagger-ui-init.js [36m304[0m 0.691 ms - -[0m
2022-06-10 12:22:07 info: [0mGET /api-docs/swagger-ui.css [36m304[0m 8.518 ms - -[0m
2022-06-10 12:22:07 info: [0mGET /api-docs/swagger-ui-bundle.js [36m304[0m 8.396 ms - -[0m
2022-06-10 12:22:07 info: [0mGET /api-docs/swagger-ui-standalone-preset.js [36m304[0m 8.011 ms - -[0m
2022-06-10 12:22:07 info: [0mGET /api-docs/favicon-32x32.png [36m304[0m 0.986 ms - -[0m
2022-06-10 13:02:19 info: =================================
2022-06-10 13:02:19 info: ======= ENV: development =======
2022-06-10 13:02:19 info: 🚀 App listening on the port 3008
2022-06-10 13:02:19 info: =================================
2022-06-10 13:02:19 info: 2ms Executed (default): SELECT 1+1 AS result
2022-06-10 13:02:19 info: 4ms Executed (default): CREATE TABLE IF NOT EXISTS `users` (`id` INTEGER auto_increment , `email` VARCHAR(45) NOT NULL, `password` VARCHAR(255) NOT NULL, `name` VARCHAR(45) NOT NULL, `role` VARCHAR(45) NOT NULL, `phone_number` INTEGER NOT NULL, `address` VARCHAR(45) NOT NULL, `email_status` VARCHAR(45) NOT NULL, `created_at` DATETIME NOT NULL, `updated_at` DATETIME NOT NULL, PRIMARY KEY (`id`)) ENGINE=InnoDB DEFAULT CHARSET=utf8mb4 COLLATE utf8mb4_general_ci;
2022-06-10 13:02:19 info: 8ms Executed (default): SHOW INDEX FROM `users`
2022-06-10 13:02:19 info: 2ms Executed (default): CREATE TABLE IF NOT EXISTS `productBuilder` (`id` INTEGER auto_increment , `fabric_id` INTEGER NOT NULL, `measuring_for` VARCHAR(45) NOT NULL, `type_of_room` VARCHAR(255) NOT NULL, `kind_of_room` VARCHAR(45) NOT NULL, `window_name` VARCHAR(45) NOT NULL, `pole_or_track_status` VARCHAR(45) NOT NULL, `width` INTEGER NOT NULL, `height` INTEGER NOT NULL, `panel` VARCHAR(45) NOT NULL, `curtain_close` VARCHAR(45) NOT NULL, `style` VARCHAR(45) NOT NULL, `lining` VARCHAR(45) NOT NULL, `pole_and_track` VARCHAR(45) NOT NULL, `pole_material` VARCHAR(45) NOT NULL, `pole_diameter` INTEGER NOT NULL, `pol_end` VARCHAR(45) NOT NULL, `pol_finish` VARCHAR(45) NOT NULL, `track_end` VARCHAR(45) NOT NULL, `track_finish` VARCHAR(45) NOT NULL, `pooling` VARCHAR(45) NOT NULL, `total_price` INTEGER NOT NULL, `product_type` VARCHAR(45) NOT NULL, `created_at` DATETIME NOT NULL, `updated_at` DATETIME NOT NULL, PRIMARY KEY (`id`)) ENGINE=InnoDB DEFAULT CHARSET=utf8mb4 COLLATE utf8mb4_general_ci;
2022-06-10 13:02:19 info: 4ms Executed (default): SHOW INDEX FROM `productBuilder`
2022-06-10 13:02:19 info: 3ms Executed (default): CREATE TABLE IF NOT EXISTS `fabric` (`id` INTEGER auto_increment , `name` VARCHAR(45) NOT NULL, `fabric_type` VARCHAR(45) NOT NULL, `starting_price` INTEGER NOT NULL, `color` VARCHAR(255) NOT NULL, `price_per_meter` INTEGER NOT NULL, `category` VARCHAR(45) NOT NULL, `milled_country_name` VARCHAR(45) NOT NULL, `composition` VARCHAR(45) NOT NULL, `cleaning` VARCHAR(255) NOT NULL, `small_curtains` INTEGER NOT NULL, `medium_curtains` INTEGER NOT NULL, `large_curtains` INTEGER NOT NULL, `created_at` DATETIME NOT NULL, `updated_at` DATETIME NOT NULL, PRIMARY KEY (`id`)) ENGINE=InnoDB DEFAULT CHARSET=utf8mb4 COLLATE utf8mb4_general_ci;
2022-06-10 13:02:19 info: 2ms Executed (default): SHOW INDEX FROM `fabric`
2022-06-10 13:02:19 info: 3ms Executed (default): CREATE TABLE IF NOT EXISTS `style` (`id` INTEGER auto_increment , `fabric_type` VARCHAR(45) NOT NULL, `height` INTEGER NOT NULL, `width` INTEGER NOT NULL, `price` INTEGER NOT NULL, `created_at` DATETIME NOT NULL, `updated_at` DATETIME NOT NULL, PRIMARY KEY (`id`)) ENGINE=InnoDB DEFAULT CHARSET=utf8mb4 COLLATE utf8mb4_general_ci;
2022-06-10 13:02:19 info: 4ms Executed (default): SHOW INDEX FROM `style`
2022-06-10 13:02:19 info: 2ms Executed (default): CREATE TABLE IF NOT EXISTS `cart` (`id` INTEGER auto_increment , `product_builder_id` INTEGER NOT NULL, `user_id` INTEGER NOT NULL, `count` INTEGER NOT NULL, `created_at` DATETIME NOT NULL, `updated_at` DATETIME NOT NULL, PRIMARY KEY (`id`)) ENGINE=InnoDB DEFAULT CHARSET=utf8mb4 COLLATE utf8mb4_general_ci;
2022-06-10 13:02:19 info: 3ms Executed (default): SHOW INDEX FROM `cart`
2022-06-10 13:02:19 info: 3ms Executed (default): CREATE TABLE IF NOT EXISTS `order` (`id` INTEGER auto_increment , `product_builder_id` INTEGER NOT NULL, `user_id` INTEGER NOT NULL, `cart_id` INTEGER NOT NULL, `status` VARCHAR(45) NOT NULL, `shipping_address` VARCHAR(255) NOT NULL, `mobile_number` VARCHAR(45) NOT NULL, `payment_status` VARCHAR(45) NOT NULL, `created_at` DATETIME NOT NULL, `updated_at` DATETIME NOT NULL, PRIMARY KEY (`id`)) ENGINE=InnoDB DEFAULT CHARSET=utf8mb4 COLLATE utf8mb4_general_ci;
2022-06-10 13:02:19 info: 4ms Executed (default): SHOW INDEX FROM `order`
2022-06-10 13:02:19 info: 3ms Executed (default): CREATE TABLE IF NOT EXISTS `payment` (`id` INTEGER auto_increment , `invoice` VARCHAR(255) NOT NULL, `amount` INTEGER NOT NULL, `order_id` INTEGER NOT NULL, `transaction_id` INTEGER NOT NULL, `payment_id` INTEGER NOT NULL, `transaction_status` VARCHAR(45) NOT NULL, `created_at` DATETIME NOT NULL, `updated_at` DATETIME NOT NULL, PRIMARY KEY (`id`)) ENGINE=InnoDB DEFAULT CHARSET=utf8mb4 COLLATE utf8mb4_general_ci;
2022-06-10 13:02:19 info: 3ms Executed (default): SHOW INDEX FROM `payment`
2022-06-10 13:02:29 info: =================================
2022-06-10 13:02:29 info: ======= ENV: development =======
2022-06-10 13:02:29 info: 🚀 App listening on the port 3008
2022-06-10 13:02:29 info: =================================
2022-06-10 13:02:29 info: 3ms Executed (default): SELECT 1+1 AS result
2022-06-10 13:02:29 info: 4ms Executed (default): CREATE TABLE IF NOT EXISTS `users` (`id` INTEGER auto_increment , `email` VARCHAR(45) NOT NULL, `password` VARCHAR(255) NOT NULL, `name` VARCHAR(45) NOT NULL, `role` VARCHAR(45) NOT NULL, `phone_number` INTEGER NOT NULL, `address` VARCHAR(45) NOT NULL, `email_status` VARCHAR(45) NOT NULL, `created_at` DATETIME NOT NULL, `updated_at` DATETIME NOT NULL, PRIMARY KEY (`id`)) ENGINE=InnoDB DEFAULT CHARSET=utf8mb4 COLLATE utf8mb4_general_ci;
2022-06-10 13:02:29 info: 6ms Executed (default): SHOW INDEX FROM `users`
2022-06-10 13:02:29 info: 2ms Executed (default): CREATE TABLE IF NOT EXISTS `productBuilder` (`id` INTEGER auto_increment , `fabric_id` INTEGER NOT NULL, `measuring_for` VARCHAR(45) NOT NULL, `type_of_room` VARCHAR(255) NOT NULL, `kind_of_room` VARCHAR(45) NOT NULL, `window_name` VARCHAR(45) NOT NULL, `pole_or_track_status` VARCHAR(45) NOT NULL, `width` INTEGER NOT NULL, `height` INTEGER NOT NULL, `panel` VARCHAR(45) NOT NULL, `curtain_close` VARCHAR(45) NOT NULL, `style` VARCHAR(45) NOT NULL, `lining` VARCHAR(45) NOT NULL, `pole_and_track` VARCHAR(45) NOT NULL, `pole_material` VARCHAR(45) NOT NULL, `pole_diameter` INTEGER NOT NULL, `pol_end` VARCHAR(45) NOT NULL, `pol_finish` VARCHAR(45) NOT NULL, `track_end` VARCHAR(45) NOT NULL, `track_finish` VARCHAR(45) NOT NULL, `pooling` VARCHAR(45) NOT NULL, `total_price` INTEGER NOT NULL, `created_at` DATETIME NOT NULL, `updated_at` DATETIME NOT NULL, PRIMARY KEY (`id`)) ENGINE=InnoDB DEFAULT CHARSET=utf8mb4 COLLATE utf8mb4_general_ci;
2022-06-10 13:02:29 info: 3ms Executed (default): SHOW INDEX FROM `productBuilder`
2022-06-10 13:02:29 info: 3ms Executed (default): CREATE TABLE IF NOT EXISTS `fabric` (`id` INTEGER auto_increment , `name` VARCHAR(45) NOT NULL, `fabric_type` VARCHAR(45) NOT NULL, `starting_price` INTEGER NOT NULL, `color` VARCHAR(255) NOT NULL, `price_per_meter` INTEGER NOT NULL, `category` VARCHAR(45) NOT NULL, `milled_country_name` VARCHAR(45) NOT NULL, `composition` VARCHAR(45) NOT NULL, `cleaning` VARCHAR(255) NOT NULL, `small_curtains` INTEGER NOT NULL, `medium_curtains` INTEGER NOT NULL, `large_curtains` INTEGER NOT NULL, `created_at` DATETIME NOT NULL, `updated_at` DATETIME NOT NULL, PRIMARY KEY (`id`)) ENGINE=InnoDB DEFAULT CHARSET=utf8mb4 COLLATE utf8mb4_general_ci;
2022-06-10 13:02:29 info: 3ms Executed (default): SHOW INDEX FROM `fabric`
2022-06-10 13:02:29 info: 6ms Executed (default): CREATE TABLE IF NOT EXISTS `style` (`id` INTEGER auto_increment , `fabric_type` VARCHAR(45) NOT NULL, `height` INTEGER NOT NULL, `width` INTEGER NOT NULL, `price` INTEGER NOT NULL, `created_at` DATETIME NOT NULL, `updated_at` DATETIME NOT NULL, PRIMARY KEY (`id`)) ENGINE=InnoDB DEFAULT CHARSET=utf8mb4 COLLATE utf8mb4_general_ci;
2022-06-10 13:02:29 info: 3ms Executed (default): SHOW INDEX FROM `style`
2022-06-10 13:02:29 info: 3ms Executed (default): CREATE TABLE IF NOT EXISTS `cart` (`id` INTEGER auto_increment , `product_builder_id` INTEGER NOT NULL, `user_id` INTEGER NOT NULL, `count` INTEGER NOT NULL, `created_at` DATETIME NOT NULL, `updated_at` DATETIME NOT NULL, PRIMARY KEY (`id`)) ENGINE=InnoDB DEFAULT CHARSET=utf8mb4 COLLATE utf8mb4_general_ci;
2022-06-10 13:02:29 info: 3ms Executed (default): SHOW INDEX FROM `cart`
2022-06-10 13:02:29 info: 2ms Executed (default): CREATE TABLE IF NOT EXISTS `order` (`id` INTEGER auto_increment , `product_builder_id` INTEGER NOT NULL, `user_id` INTEGER NOT NULL, `cart_id` INTEGER NOT NULL, `status` VARCHAR(45) NOT NULL, `shipping_address` VARCHAR(255) NOT NULL, `mobile_number` VARCHAR(45) NOT NULL, `payment_status` VARCHAR(45) NOT NULL, `created_at` DATETIME NOT NULL, `updated_at` DATETIME NOT NULL, PRIMARY KEY (`id`)) ENGINE=InnoDB DEFAULT CHARSET=utf8mb4 COLLATE utf8mb4_general_ci;
2022-06-10 13:02:29 info: 3ms Executed (default): SHOW INDEX FROM `order`
2022-06-10 13:02:29 info: 3ms Executed (default): CREATE TABLE IF NOT EXISTS `payment` (`id` INTEGER auto_increment , `invoice` VARCHAR(255) NOT NULL, `amount` INTEGER NOT NULL, `order_id` INTEGER NOT NULL, `transaction_id` INTEGER NOT NULL, `payment_id` INTEGER NOT NULL, `transaction_status` VARCHAR(45) NOT NULL, `created_at` DATETIME NOT NULL, `updated_at` DATETIME NOT NULL, PRIMARY KEY (`id`)) ENGINE=InnoDB DEFAULT CHARSET=utf8mb4 COLLATE utf8mb4_general_ci;
2022-06-10 13:02:29 info: 2ms Executed (default): SHOW INDEX FROM `payment`
2022-06-10 13:02:48 info: =================================
2022-06-10 13:02:48 info: ======= ENV: development =======
2022-06-10 13:02:48 info: 🚀 App listening on the port 3008
2022-06-10 13:02:48 info: =================================
2022-06-10 13:02:49 info: 2ms Executed (default): SELECT 1+1 AS result
2022-06-10 13:02:49 info: 4ms Executed (default): CREATE TABLE IF NOT EXISTS `users` (`id` INTEGER auto_increment , `email` VARCHAR(45) NOT NULL, `password` VARCHAR(255) NOT NULL, `name` VARCHAR(45) NOT NULL, `role` VARCHAR(45) NOT NULL, `phone_number` INTEGER NOT NULL, `address` VARCHAR(45) NOT NULL, `email_status` VARCHAR(45) NOT NULL, `created_at` DATETIME NOT NULL, `updated_at` DATETIME NOT NULL, PRIMARY KEY (`id`)) ENGINE=InnoDB DEFAULT CHARSET=utf8mb4 COLLATE utf8mb4_general_ci;
2022-06-10 13:02:49 info: 6ms Executed (default): SHOW INDEX FROM `users`
2022-06-10 13:02:49 info: 2ms Executed (default): CREATE TABLE IF NOT EXISTS `productBuilder` (`id` INTEGER auto_increment , `fabric_id` INTEGER NOT NULL, `measuring_for` VARCHAR(45) NOT NULL, `type_of_room` VARCHAR(255) NOT NULL, `kind_of_room` VARCHAR(45) NOT NULL, `window_name` VARCHAR(45) NOT NULL, `pole_or_track_status` VARCHAR(45) NOT NULL, `width` INTEGER NOT NULL, `height` INTEGER NOT NULL, `panel` VARCHAR(45) NOT NULL, `curtain_close` VARCHAR(45) NOT NULL, `style` VARCHAR(45) NOT NULL, `lining` VARCHAR(45) NOT NULL, `pole_and_track` VARCHAR(45) NOT NULL, `pole_material` VARCHAR(45) NOT NULL, `pole_diameter` INTEGER NOT NULL, `pol_end` VARCHAR(45) NOT NULL, `pol_finish` VARCHAR(45) NOT NULL, `track_end` VARCHAR(45) NOT NULL, `track_finish` VARCHAR(45) NOT NULL, `pooling` VARCHAR(45) NOT NULL, `total_price` INTEGER NOT NULL, `created_at` DATETIME NOT NULL, `updated_at` DATETIME NOT NULL, PRIMARY KEY (`id`)) ENGINE=InnoDB DEFAULT CHARSET=utf8mb4 COLLATE utf8mb4_general_ci;
2022-06-10 13:02:49 info: 3ms Executed (default): SHOW INDEX FROM `productBuilder`
2022-06-10 13:02:49 info: 3ms Executed (default): CREATE TABLE IF NOT EXISTS `fabric` (`id` INTEGER auto_increment , `name` VARCHAR(45) NOT NULL, `fabric_type` VARCHAR(45) NOT NULL, `starting_price` INTEGER NOT NULL, `color` VARCHAR(255) NOT NULL, `price_per_meter` INTEGER NOT NULL, `category` VARCHAR(45) NOT NULL, `milled_country_name` VARCHAR(45) NOT NULL, `composition` VARCHAR(45) NOT NULL, `cleaning` VARCHAR(255) NOT NULL, `small_curtains` INTEGER NOT NULL, `medium_curtains` INTEGER NOT NULL, `large_curtains` INTEGER NOT NULL, `created_at` DATETIME NOT NULL, `updated_at` DATETIME NOT NULL, PRIMARY KEY (`id`)) ENGINE=InnoDB DEFAULT CHARSET=utf8mb4 COLLATE utf8mb4_general_ci;
2022-06-10 13:02:49 info: 3ms Executed (default): SHOW INDEX FROM `fabric`
2022-06-10 13:02:49 info: 3ms Executed (default): CREATE TABLE IF NOT EXISTS `style` (`id` INTEGER auto_increment , `fabric_type` VARCHAR(45) NOT NULL, `height` INTEGER NOT NULL, `width` INTEGER NOT NULL, `price` INTEGER NOT NULL, `created_at` DATETIME NOT NULL, `updated_at` DATETIME NOT NULL, PRIMARY KEY (`id`)) ENGINE=InnoDB DEFAULT CHARSET=utf8mb4 COLLATE utf8mb4_general_ci;
2022-06-10 13:02:49 info: 3ms Executed (default): SHOW INDEX FROM `style`
2022-06-10 13:02:49 info: 3ms Executed (default): CREATE TABLE IF NOT EXISTS `cart` (`id` INTEGER auto_increment , `product_builder_id` INTEGER NOT NULL, `user_id` INTEGER NOT NULL, `count` INTEGER NOT NULL, `created_at` DATETIME NOT NULL, `updated_at` DATETIME NOT NULL, PRIMARY KEY (`id`)) ENGINE=InnoDB DEFAULT CHARSET=utf8mb4 COLLATE utf8mb4_general_ci;
2022-06-10 13:02:49 info: 3ms Executed (default): SHOW INDEX FROM `cart`
2022-06-10 13:02:49 info: 2ms Executed (default): CREATE TABLE IF NOT EXISTS `order` (`id` INTEGER auto_increment , `product_builder_id` INTEGER NOT NULL, `user_id` INTEGER NOT NULL, `cart_id` INTEGER NOT NULL, `status` VARCHAR(45) NOT NULL, `shipping_address` VARCHAR(255) NOT NULL, `mobile_number` VARCHAR(45) NOT NULL, `payment_status` VARCHAR(45) NOT NULL, `created_at` DATETIME NOT NULL, `updated_at` DATETIME NOT NULL, PRIMARY KEY (`id`)) ENGINE=InnoDB DEFAULT CHARSET=utf8mb4 COLLATE utf8mb4_general_ci;
2022-06-10 13:02:49 info: 3ms Executed (default): SHOW INDEX FROM `order`
2022-06-10 13:02:49 info: 3ms Executed (default): CREATE TABLE IF NOT EXISTS `payment` (`id` INTEGER auto_increment , `invoice` VARCHAR(255) NOT NULL, `amount` INTEGER NOT NULL, `order_id` INTEGER NOT NULL, `transaction_id` INTEGER NOT NULL, `payment_id` INTEGER NOT NULL, `transaction_status` VARCHAR(45) NOT NULL, `created_at` DATETIME NOT NULL, `updated_at` DATETIME NOT NULL, PRIMARY KEY (`id`)) ENGINE=InnoDB DEFAULT CHARSET=utf8mb4 COLLATE utf8mb4_general_ci;
2022-06-10 13:02:49 info: 3ms Executed (default): SHOW INDEX FROM `payment`
2022-06-10 13:02:53 info: =================================
2022-06-10 13:02:53 info: ======= ENV: development =======
2022-06-10 13:02:53 info: 🚀 App listening on the port 3008
2022-06-10 13:02:53 info: =================================
2022-06-10 13:02:53 info: 3ms Executed (default): SELECT 1+1 AS result
2022-06-10 13:02:53 info: 4ms Executed (default): CREATE TABLE IF NOT EXISTS `users` (`id` INTEGER auto_increment , `email` VARCHAR(45) NOT NULL, `password` VARCHAR(255) NOT NULL, `name` VARCHAR(45) NOT NULL, `role` VARCHAR(45) NOT NULL, `phone_number` INTEGER NOT NULL, `address` VARCHAR(45) NOT NULL, `email_status` VARCHAR(45) NOT NULL, `created_at` DATETIME NOT NULL, `updated_at` DATETIME NOT NULL, PRIMARY KEY (`id`)) ENGINE=InnoDB DEFAULT CHARSET=utf8mb4 COLLATE utf8mb4_general_ci;
2022-06-10 13:02:53 info: 6ms Executed (default): SHOW INDEX FROM `users`
2022-06-10 13:02:53 info: 3ms Executed (default): CREATE TABLE IF NOT EXISTS `productBuilder` (`id` INTEGER auto_increment , `fabric_id` INTEGER NOT NULL, `measuring_for` VARCHAR(45) NOT NULL, `type_of_room` VARCHAR(255) NOT NULL, `kind_of_room` VARCHAR(45) NOT NULL, `window_name` VARCHAR(45) NOT NULL, `pole_or_track_status` VARCHAR(45) NOT NULL, `width` INTEGER NOT NULL, `height` INTEGER NOT NULL, `panel` VARCHAR(45) NOT NULL, `curtain_close` VARCHAR(45) NOT NULL, `style` VARCHAR(45) NOT NULL, `lining` VARCHAR(45) NOT NULL, `pole_and_track` VARCHAR(45) NOT NULL, `pole_material` VARCHAR(45) NOT NULL, `pole_diameter` INTEGER NOT NULL, `pol_end` VARCHAR(45) NOT NULL, `pol_finish` VARCHAR(45) NOT NULL, `track_end` VARCHAR(45) NOT NULL, `track_finish` VARCHAR(45) NOT NULL, `pooling` VARCHAR(45) NOT NULL, `total_price` INTEGER NOT NULL, `created_at` DATETIME NOT NULL, `updated_at` DATETIME NOT NULL, PRIMARY KEY (`id`)) ENGINE=InnoDB DEFAULT CHARSET=utf8mb4 COLLATE utf8mb4_general_ci;
2022-06-10 13:02:53 info: 4ms Executed (default): SHOW INDEX FROM `productBuilder`
2022-06-10 13:02:53 info: 2ms Executed (default): CREATE TABLE IF NOT EXISTS `fabric` (`id` INTEGER auto_increment , `name` VARCHAR(45) NOT NULL, `fabric_type` VARCHAR(45) NOT NULL, `starting_price` INTEGER NOT NULL, `color` VARCHAR(255) NOT NULL, `price_per_meter` INTEGER NOT NULL, `category` VARCHAR(45) NOT NULL, `milled_country_name` VARCHAR(45) NOT NULL, `composition` VARCHAR(45) NOT NULL, `cleaning` VARCHAR(255) NOT NULL, `small_curtains` INTEGER NOT NULL, `medium_curtains` INTEGER NOT NULL, `large_curtains` INTEGER NOT NULL, `created_at` DATETIME NOT NULL, `updated_at` DATETIME NOT NULL, PRIMARY KEY (`id`)) ENGINE=InnoDB DEFAULT CHARSET=utf8mb4 COLLATE utf8mb4_general_ci;
2022-06-10 13:02:53 info: 3ms Executed (default): SHOW INDEX FROM `fabric`
2022-06-10 13:02:53 info: 2ms Executed (default): CREATE TABLE IF NOT EXISTS `style` (`id` INTEGER auto_increment , `fabric_type` VARCHAR(45) NOT NULL, `height` INTEGER NOT NULL, `width` INTEGER NOT NULL, `price` INTEGER NOT NULL, `created_at` DATETIME NOT NULL, `updated_at` DATETIME NOT NULL, PRIMARY KEY (`id`)) ENGINE=InnoDB DEFAULT CHARSET=utf8mb4 COLLATE utf8mb4_general_ci;
2022-06-10 13:02:53 info: 3ms Executed (default): SHOW INDEX FROM `style`
2022-06-10 13:02:53 info: 3ms Executed (default): CREATE TABLE IF NOT EXISTS `cart` (`id` INTEGER auto_increment , `product_builder_id` INTEGER NOT NULL, `user_id` INTEGER NOT NULL, `count` INTEGER NOT NULL, `created_at` DATETIME NOT NULL, `updated_at` DATETIME NOT NULL, PRIMARY KEY (`id`)) ENGINE=InnoDB DEFAULT CHARSET=utf8mb4 COLLATE utf8mb4_general_ci;
2022-06-10 13:02:53 info: 2ms Executed (default): SHOW INDEX FROM `cart`
2022-06-10 13:02:53 info: 3ms Executed (default): CREATE TABLE IF NOT EXISTS `order` (`id` INTEGER auto_increment , `product_builder_id` INTEGER NOT NULL, `user_id` INTEGER NOT NULL, `cart_id` INTEGER NOT NULL, `status` VARCHAR(45) NOT NULL, `shipping_address` VARCHAR(255) NOT NULL, `mobile_number` VARCHAR(45) NOT NULL, `payment_status` VARCHAR(45) NOT NULL, `created_at` DATETIME NOT NULL, `updated_at` DATETIME NOT NULL, PRIMARY KEY (`id`)) ENGINE=InnoDB DEFAULT CHARSET=utf8mb4 COLLATE utf8mb4_general_ci;
2022-06-10 13:02:53 info: 3ms Executed (default): SHOW INDEX FROM `order`
2022-06-10 13:02:53 info: 3ms Executed (default): CREATE TABLE IF NOT EXISTS `payment` (`id` INTEGER auto_increment , `invoice` VARCHAR(255) NOT NULL, `amount` INTEGER NOT NULL, `order_id` INTEGER NOT NULL, `transaction_id` INTEGER NOT NULL, `payment_id` INTEGER NOT NULL, `transaction_status` VARCHAR(45) NOT NULL, `created_at` DATETIME NOT NULL, `updated_at` DATETIME NOT NULL, PRIMARY KEY (`id`)) ENGINE=InnoDB DEFAULT CHARSET=utf8mb4 COLLATE utf8mb4_general_ci;
2022-06-10 13:02:53 info: 3ms Executed (default): SHOW INDEX FROM `payment`
2022-06-10 13:03:05 info: =================================
2022-06-10 13:03:05 info: ======= ENV: development =======
2022-06-10 13:03:05 info: 🚀 App listening on the port 3008
2022-06-10 13:03:05 info: =================================
2022-06-10 13:03:05 info: 3ms Executed (default): SELECT 1+1 AS result
2022-06-10 13:03:05 info: 5ms Executed (default): CREATE TABLE IF NOT EXISTS `users` (`id` INTEGER auto_increment , `email` VARCHAR(45) NOT NULL, `password` VARCHAR(255) NOT NULL, `name` VARCHAR(45) NOT NULL, `role` VARCHAR(45) NOT NULL, `phone_number` INTEGER NOT NULL, `address` VARCHAR(45) NOT NULL, `email_status` VARCHAR(45) NOT NULL, `created_at` DATETIME NOT NULL, `updated_at` DATETIME NOT NULL, PRIMARY KEY (`id`)) ENGINE=InnoDB DEFAULT CHARSET=utf8mb4 COLLATE utf8mb4_general_ci;
2022-06-10 13:03:05 info: 7ms Executed (default): SHOW INDEX FROM `users`
2022-06-10 13:03:05 info: 3ms Executed (default): CREATE TABLE IF NOT EXISTS `productBuilder` (`id` INTEGER auto_increment , `fabric_id` INTEGER NOT NULL, `measuring_for` VARCHAR(45) NOT NULL, `type_of_room` VARCHAR(255) NOT NULL, `kind_of_room` VARCHAR(45) NOT NULL, `window_name` VARCHAR(45) NOT NULL, `pole_or_track_status` VARCHAR(45) NOT NULL, `width` INTEGER NOT NULL, `height` INTEGER NOT NULL, `panel` VARCHAR(45) NOT NULL, `curtain_close` VARCHAR(45) NOT NULL, `style` VARCHAR(45) NOT NULL, `lining` VARCHAR(45) NOT NULL, `pole_and_track` VARCHAR(45) NOT NULL, `pole_material` VARCHAR(45) NOT NULL, `pole_diameter` INTEGER NOT NULL, `pol_end` VARCHAR(45) NOT NULL, `pol_finish` VARCHAR(45) NOT NULL, `track_end` VARCHAR(45) NOT NULL, `track_finish` VARCHAR(45) NOT NULL, `pooling` VARCHAR(45) NOT NULL, `total_price` INTEGER NOT NULL, `created_at` DATETIME NOT NULL, `updated_at` DATETIME NOT NULL, PRIMARY KEY (`id`)) ENGINE=InnoDB DEFAULT CHARSET=utf8mb4 COLLATE utf8mb4_general_ci;
2022-06-10 13:03:05 info: 3ms Executed (default): SHOW INDEX FROM `productBuilder`
2022-06-10 13:03:05 info: 3ms Executed (default): CREATE TABLE IF NOT EXISTS `fabric` (`id` INTEGER auto_increment , `name` VARCHAR(45) NOT NULL, `fabric_type` VARCHAR(45) NOT NULL, `starting_price` INTEGER NOT NULL, `color` VARCHAR(255) NOT NULL, `price_per_meter` INTEGER NOT NULL, `category` VARCHAR(45) NOT NULL, `milled_country_name` VARCHAR(45) NOT NULL, `composition` VARCHAR(45) NOT NULL, `cleaning` VARCHAR(255) NOT NULL, `small_curtains` INTEGER NOT NULL, `medium_curtains` INTEGER NOT NULL, `large_curtains` INTEGER NOT NULL, `created_at` DATETIME NOT NULL, `updated_at` DATETIME NOT NULL, PRIMARY KEY (`id`)) ENGINE=InnoDB DEFAULT CHARSET=utf8mb4 COLLATE utf8mb4_general_ci;
2022-06-10 13:03:05 info: 2ms Executed (default): SHOW INDEX FROM `fabric`
2022-06-10 13:03:06 info: 3ms Executed (default): CREATE TABLE IF NOT EXISTS `style` (`id` INTEGER auto_increment , `fabric_type` VARCHAR(45) NOT NULL, `height` INTEGER NOT NULL, `width` INTEGER NOT NULL, `price` INTEGER NOT NULL, `created_at` DATETIME NOT NULL, `updated_at` DATETIME NOT NULL, PRIMARY KEY (`id`)) ENGINE=InnoDB DEFAULT CHARSET=utf8mb4 COLLATE utf8mb4_general_ci;
2022-06-10 13:03:06 info: 3ms Executed (default): SHOW INDEX FROM `style`
2022-06-10 13:03:06 info: 3ms Executed (default): CREATE TABLE IF NOT EXISTS `cart` (`id` INTEGER auto_increment , `product_builder_id` INTEGER NOT NULL, `user_id` INTEGER NOT NULL, `count` INTEGER NOT NULL, `created_at` DATETIME NOT NULL, `updated_at` DATETIME NOT NULL, PRIMARY KEY (`id`)) ENGINE=InnoDB DEFAULT CHARSET=utf8mb4 COLLATE utf8mb4_general_ci;
2022-06-10 13:03:06 info: 3ms Executed (default): SHOW INDEX FROM `cart`
2022-06-10 13:03:06 info: 3ms Executed (default): CREATE TABLE IF NOT EXISTS `order` (`id` INTEGER auto_increment , `product_builder_id` INTEGER NOT NULL, `user_id` INTEGER NOT NULL, `cart_id` INTEGER NOT NULL, `status` VARCHAR(45) NOT NULL, `shipping_address` VARCHAR(255) NOT NULL, `mobile_number` VARCHAR(45) NOT NULL, `payment_status` VARCHAR(45) NOT NULL, `created_at` DATETIME NOT NULL, `updated_at` DATETIME NOT NULL, PRIMARY KEY (`id`)) ENGINE=InnoDB DEFAULT CHARSET=utf8mb4 COLLATE utf8mb4_general_ci;
2022-06-10 13:03:06 info: 3ms Executed (default): SHOW INDEX FROM `order`
2022-06-10 13:03:06 info: 3ms Executed (default): CREATE TABLE IF NOT EXISTS `payment` (`id` INTEGER auto_increment , `invoice` VARCHAR(255) NOT NULL, `amount` INTEGER NOT NULL, `order_id` INTEGER NOT NULL, `transaction_id` INTEGER NOT NULL, `payment_id` INTEGER NOT NULL, `transaction_status` VARCHAR(45) NOT NULL, `created_at` DATETIME NOT NULL, `updated_at` DATETIME NOT NULL, PRIMARY KEY (`id`)) ENGINE=InnoDB DEFAULT CHARSET=utf8mb4 COLLATE utf8mb4_general_ci;
2022-06-10 13:03:06 info: 3ms Executed (default): SHOW INDEX FROM `payment`
2022-06-10 13:03:17 info: =================================
2022-06-10 13:03:17 info: ======= ENV: development =======
2022-06-10 13:03:17 info: 🚀 App listening on the port 3008
2022-06-10 13:03:17 info: =================================
2022-06-10 13:03:17 info: 2ms Executed (default): SELECT 1+1 AS result
2022-06-10 13:03:17 info: 4ms Executed (default): CREATE TABLE IF NOT EXISTS `users` (`id` INTEGER auto_increment , `email` VARCHAR(45) NOT NULL, `password` VARCHAR(255) NOT NULL, `name` VARCHAR(45) NOT NULL, `role` VARCHAR(45) NOT NULL, `phone_number` INTEGER NOT NULL, `address` VARCHAR(45) NOT NULL, `email_status` VARCHAR(45) NOT NULL, `created_at` DATETIME NOT NULL, `updated_at` DATETIME NOT NULL, PRIMARY KEY (`id`)) ENGINE=InnoDB DEFAULT CHARSET=utf8mb4 COLLATE utf8mb4_general_ci;
2022-06-10 13:03:17 info: 5ms Executed (default): SHOW INDEX FROM `users`
2022-06-10 13:03:17 info: 3ms Executed (default): CREATE TABLE IF NOT EXISTS `productBuilder` (`id` INTEGER auto_increment , `fabric_id` INTEGER NOT NULL, `measuring_for` VARCHAR(45) NOT NULL, `type_of_room` VARCHAR(255) NOT NULL, `kind_of_room` VARCHAR(45) NOT NULL, `window_name` VARCHAR(45) NOT NULL, `pole_or_track_status` VARCHAR(45) NOT NULL, `width` INTEGER NOT NULL, `height` INTEGER NOT NULL, `panel` VARCHAR(45) NOT NULL, `curtain_close` VARCHAR(45) NOT NULL, `style` VARCHAR(45) NOT NULL, `lining` VARCHAR(45) NOT NULL, `pole_and_track` VARCHAR(45) NOT NULL, `pole_material` VARCHAR(45) NOT NULL, `pole_diameter` INTEGER NOT NULL, `pol_end` VARCHAR(45) NOT NULL, `pol_finish` VARCHAR(45) NOT NULL, `track_end` VARCHAR(45) NOT NULL, `track_finish` VARCHAR(45) NOT NULL, `pooling` VARCHAR(45) NOT NULL, `total_price` INTEGER NOT NULL, `created_at` DATETIME NOT NULL, `updated_at` DATETIME NOT NULL, PRIMARY KEY (`id`)) ENGINE=InnoDB DEFAULT CHARSET=utf8mb4 COLLATE utf8mb4_general_ci;
2022-06-10 13:03:17 info: 4ms Executed (default): SHOW INDEX FROM `productBuilder`
2022-06-10 13:03:17 info: 3ms Executed (default): CREATE TABLE IF NOT EXISTS `fabric` (`id` INTEGER auto_increment , `name` VARCHAR(45) NOT NULL, `fabric_type` VARCHAR(45) NOT NULL, `starting_price` INTEGER NOT NULL, `color` VARCHAR(255) NOT NULL, `price_per_meter` INTEGER NOT NULL, `category` VARCHAR(45) NOT NULL, `milled_country_name` VARCHAR(45) NOT NULL, `composition` VARCHAR(45) NOT NULL, `cleaning` VARCHAR(255) NOT NULL, `small_curtains` INTEGER NOT NULL, `medium_curtains` INTEGER NOT NULL, `large_curtains` INTEGER NOT NULL, `created_at` DATETIME NOT NULL, `updated_at` DATETIME NOT NULL, PRIMARY KEY (`id`)) ENGINE=InnoDB DEFAULT CHARSET=utf8mb4 COLLATE utf8mb4_general_ci;
2022-06-10 13:03:17 info: 4ms Executed (default): SHOW INDEX FROM `fabric`
2022-06-10 13:03:17 info: 2ms Executed (default): CREATE TABLE IF NOT EXISTS `style` (`id` INTEGER auto_increment , `fabric_type` VARCHAR(45) NOT NULL, `height` INTEGER NOT NULL, `width` INTEGER NOT NULL, `price` INTEGER NOT NULL, `created_at` DATETIME NOT NULL, `updated_at` DATETIME NOT NULL, PRIMARY KEY (`id`)) ENGINE=InnoDB DEFAULT CHARSET=utf8mb4 COLLATE utf8mb4_general_ci;
2022-06-10 13:03:17 info: 3ms Executed (default): SHOW INDEX FROM `style`
2022-06-10 13:03:17 info: 3ms Executed (default): CREATE TABLE IF NOT EXISTS `cart` (`id` INTEGER auto_increment , `product_builder_id` INTEGER NOT NULL, `user_id` INTEGER NOT NULL, `count` INTEGER NOT NULL, `created_at` DATETIME NOT NULL, `updated_at` DATETIME NOT NULL, PRIMARY KEY (`id`)) ENGINE=InnoDB DEFAULT CHARSET=utf8mb4 COLLATE utf8mb4_general_ci;
2022-06-10 13:03:17 info: 3ms Executed (default): SHOW INDEX FROM `cart`
2022-06-10 13:03:17 info: 3ms Executed (default): CREATE TABLE IF NOT EXISTS `order` (`id` INTEGER auto_increment , `product_builder_id` INTEGER NOT NULL, `user_id` INTEGER NOT NULL, `cart_id` INTEGER NOT NULL, `status` VARCHAR(45) NOT NULL, `shipping_address` VARCHAR(255) NOT NULL, `mobile_number` VARCHAR(45) NOT NULL, `payment_status` VARCHAR(45) NOT NULL, `created_at` DATETIME NOT NULL, `updated_at` DATETIME NOT NULL, PRIMARY KEY (`id`)) ENGINE=InnoDB DEFAULT CHARSET=utf8mb4 COLLATE utf8mb4_general_ci;
2022-06-10 13:03:17 info: 3ms Executed (default): SHOW INDEX FROM `order`
2022-06-10 13:03:17 info: 2ms Executed (default): CREATE TABLE IF NOT EXISTS `payment` (`id` INTEGER auto_increment , `invoice` VARCHAR(255) NOT NULL, `amount` INTEGER NOT NULL, `order_id` INTEGER NOT NULL, `transaction_id` INTEGER NOT NULL, `payment_id` INTEGER NOT NULL, `transaction_status` VARCHAR(45) NOT NULL, `created_at` DATETIME NOT NULL, `updated_at` DATETIME NOT NULL, PRIMARY KEY (`id`)) ENGINE=InnoDB DEFAULT CHARSET=utf8mb4 COLLATE utf8mb4_general_ci;
2022-06-10 13:03:17 info: 3ms Executed (default): SHOW INDEX FROM `payment`
2022-06-10 13:03:44 info: =================================
2022-06-10 13:03:44 info: ======= ENV: development =======
2022-06-10 13:03:44 info: 🚀 App listening on the port 3008
2022-06-10 13:03:44 info: =================================
2022-06-10 13:03:44 info: 2ms Executed (default): SELECT 1+1 AS result
2022-06-10 13:03:44 info: 4ms Executed (default): CREATE TABLE IF NOT EXISTS `users` (`id` INTEGER auto_increment , `email` VARCHAR(45) NOT NULL, `password` VARCHAR(255) NOT NULL, `name` VARCHAR(45) NOT NULL, `role` VARCHAR(45) NOT NULL, `phone_number` INTEGER NOT NULL, `address` VARCHAR(45) NOT NULL, `email_status` VARCHAR(45) NOT NULL, `created_at` DATETIME NOT NULL, `updated_at` DATETIME NOT NULL, PRIMARY KEY (`id`)) ENGINE=InnoDB DEFAULT CHARSET=utf8mb4 COLLATE utf8mb4_general_ci;
2022-06-10 13:03:44 info: 6ms Executed (default): SHOW INDEX FROM `users`
2022-06-10 13:03:45 info: 29ms Executed (default): CREATE TABLE IF NOT EXISTS `productBuilder` (`id` INTEGER auto_increment , `fabric_id` INTEGER NOT NULL, `measuring_for` VARCHAR(45) NOT NULL, `type_of_room` VARCHAR(255) NOT NULL, `kind_of_room` VARCHAR(45) NOT NULL, `window_name` VARCHAR(45) NOT NULL, `pole_or_track_status` VARCHAR(45) NOT NULL, `width` INTEGER NOT NULL, `height` INTEGER NOT NULL, `panel` VARCHAR(45) NOT NULL, `curtain_close` VARCHAR(45) NOT NULL, `style` VARCHAR(45) NOT NULL, `lining` VARCHAR(45) NOT NULL, `pole_and_track` VARCHAR(45) NOT NULL, `pole_material` VARCHAR(45) NOT NULL, `pole_diameter` INTEGER NOT NULL, `pol_end` VARCHAR(45) NOT NULL, `pol_finish` VARCHAR(45) NOT NULL, `track_end` VARCHAR(45) NOT NULL, `track_finish` VARCHAR(45) NOT NULL, `pooling` VARCHAR(45) NOT NULL, `total_price` INTEGER NOT NULL, `created_at` DATETIME NOT NULL, `updated_at` DATETIME NOT NULL, PRIMARY KEY (`id`)) ENGINE=InnoDB DEFAULT CHARSET=utf8mb4 COLLATE utf8mb4_general_ci;
2022-06-10 13:03:45 info: 6ms Executed (default): SHOW INDEX FROM `productBuilder`
2022-06-10 13:03:45 info: 3ms Executed (default): CREATE TABLE IF NOT EXISTS `fabric` (`id` INTEGER auto_increment , `name` VARCHAR(45) NOT NULL, `fabric_type` VARCHAR(45) NOT NULL, `starting_price` INTEGER NOT NULL, `color` VARCHAR(255) NOT NULL, `price_per_meter` INTEGER NOT NULL, `category` VARCHAR(45) NOT NULL, `milled_country_name` VARCHAR(45) NOT NULL, `composition` VARCHAR(45) NOT NULL, `cleaning` VARCHAR(255) NOT NULL, `small_curtains` INTEGER NOT NULL, `medium_curtains` INTEGER NOT NULL, `large_curtains` INTEGER NOT NULL, `created_at` DATETIME NOT NULL, `updated_at` DATETIME NOT NULL, PRIMARY KEY (`id`)) ENGINE=InnoDB DEFAULT CHARSET=utf8mb4 COLLATE utf8mb4_general_ci;
2022-06-10 13:03:45 info: 3ms Executed (default): SHOW INDEX FROM `fabric`
2022-06-10 13:03:45 info: 3ms Executed (default): CREATE TABLE IF NOT EXISTS `style` (`id` INTEGER auto_increment , `fabric_type` VARCHAR(45) NOT NULL, `height` INTEGER NOT NULL, `width` INTEGER NOT NULL, `price` INTEGER NOT NULL, `created_at` DATETIME NOT NULL, `updated_at` DATETIME NOT NULL, PRIMARY KEY (`id`)) ENGINE=InnoDB DEFAULT CHARSET=utf8mb4 COLLATE utf8mb4_general_ci;
2022-06-10 13:03:45 info: 4ms Executed (default): SHOW INDEX FROM `style`
2022-06-10 13:03:45 info: 2ms Executed (default): CREATE TABLE IF NOT EXISTS `cart` (`id` INTEGER auto_increment , `product_builder_id` INTEGER NOT NULL, `user_id` INTEGER NOT NULL, `count` INTEGER NOT NULL, `created_at` DATETIME NOT NULL, `updated_at` DATETIME NOT NULL, PRIMARY KEY (`id`)) ENGINE=InnoDB DEFAULT CHARSET=utf8mb4 COLLATE utf8mb4_general_ci;
2022-06-10 13:03:45 info: 4ms Executed (default): SHOW INDEX FROM `cart`
2022-06-10 13:03:45 info: 2ms Executed (default): CREATE TABLE IF NOT EXISTS `order` (`id` INTEGER auto_increment , `product_builder_id` INTEGER NOT NULL, `user_id` INTEGER NOT NULL, `cart_id` INTEGER NOT NULL, `status` VARCHAR(45) NOT NULL, `shipping_address` VARCHAR(255) NOT NULL, `mobile_number` VARCHAR(45) NOT NULL, `payment_status` VARCHAR(45) NOT NULL, `created_at` DATETIME NOT NULL, `updated_at` DATETIME NOT NULL, PRIMARY KEY (`id`)) ENGINE=InnoDB DEFAULT CHARSET=utf8mb4 COLLATE utf8mb4_general_ci;
2022-06-10 13:03:45 info: 3ms Executed (default): SHOW INDEX FROM `order`
2022-06-10 13:03:45 info: 3ms Executed (default): CREATE TABLE IF NOT EXISTS `payment` (`id` INTEGER auto_increment , `invoice` VARCHAR(255) NOT NULL, `amount` INTEGER NOT NULL, `order_id` INTEGER NOT NULL, `transaction_id` INTEGER NOT NULL, `payment_id` INTEGER NOT NULL, `transaction_status` VARCHAR(45) NOT NULL, `created_at` DATETIME NOT NULL, `updated_at` DATETIME NOT NULL, PRIMARY KEY (`id`)) ENGINE=InnoDB DEFAULT CHARSET=utf8mb4 COLLATE utf8mb4_general_ci;
2022-06-10 13:03:45 info: 3ms Executed (default): SHOW INDEX FROM `payment`
2022-06-10 13:04:06 info: [0mGET /api-docs/ [36m304[0m 10.862 ms - -[0m
2022-06-10 13:04:06 info: [0mGET /api-docs/swagger-ui.css [36m304[0m 7.179 ms - -[0m
2022-06-10 13:04:06 info: [0mGET /api-docs/swagger-ui-bundle.js [36m304[0m 4.394 ms - -[0m
2022-06-10 13:04:06 info: [0mGET /api-docs/swagger-ui-standalone-preset.js [36m304[0m 8.877 ms - -[0m
2022-06-10 13:04:06 info: [0mGET /api-docs/swagger-ui-init.js [32m200[0m 5.165 ms - -[0m
2022-06-10 13:04:06 info: [0mGET /api-docs/favicon-32x32.png [36m304[0m 1.432 ms - -[0m
2022-06-10 13:37:33 info: =================================
2022-06-10 13:37:33 info: 2ms Executed (default): SELECT 1+1 AS result
2022-06-10 13:37:33 info: 4ms Executed (default): CREATE TABLE IF NOT EXISTS `users` (`id` INTEGER auto_increment , `email` VARCHAR(45) NOT NULL, `password` VARCHAR(255) NOT NULL, `name` VARCHAR(45) NOT NULL, `role` VARCHAR(45) NOT NULL, `phone_number` INTEGER NOT NULL, `address` VARCHAR(45) NOT NULL, `email_status` VARCHAR(45) NOT NULL, `created_at` DATETIME NOT NULL, `updated_at` DATETIME NOT NULL, PRIMARY KEY (`id`)) ENGINE=InnoDB DEFAULT CHARSET=utf8mb4 COLLATE utf8mb4_general_ci;
2022-06-10 13:37:33 info: 6ms Executed (default): SHOW INDEX FROM `users`
2022-06-10 13:37:33 info: 4ms Executed (default): CREATE TABLE IF NOT EXISTS `productBuilder` (`id` INTEGER auto_increment , `fabric_id` INTEGER NOT NULL, `measuring_for` VARCHAR(45) NOT NULL, `type_of_room` VARCHAR(255) NOT NULL, `kind_of_room` VARCHAR(45) NOT NULL, `window_name` VARCHAR(45) NOT NULL, `pole_or_track_status` VARCHAR(45) NOT NULL, `width` INTEGER NOT NULL, `height` INTEGER NOT NULL, `panel` VARCHAR(45) NOT NULL, `curtain_close` VARCHAR(45) NOT NULL, `style` VARCHAR(45) NOT NULL, `lining` VARCHAR(45) NOT NULL, `pole_and_track` VARCHAR(45) NOT NULL, `pole_material` VARCHAR(45) NOT NULL, `pole_diameter` INTEGER NOT NULL, `pol_end` VARCHAR(45) NOT NULL, `pol_finish` VARCHAR(45) NOT NULL, `track_end` VARCHAR(45) NOT NULL, `track_finish` VARCHAR(45) NOT NULL, `pooling` VARCHAR(45) NOT NULL, `total_price` INTEGER NOT NULL, `created_at` DATETIME NOT NULL, `updated_at` DATETIME NOT NULL, PRIMARY KEY (`id`)) ENGINE=InnoDB DEFAULT CHARSET=utf8mb4 COLLATE utf8mb4_general_ci;
2022-06-10 13:37:33 info: 3ms Executed (default): SHOW INDEX FROM `productBuilder`
2022-06-10 13:37:33 info: 3ms Executed (default): CREATE TABLE IF NOT EXISTS `fabric` (`id` INTEGER auto_increment , `name` VARCHAR(45) NOT NULL, `fabric_type` VARCHAR(45) NOT NULL, `starting_price` INTEGER NOT NULL, `color` VARCHAR(255) NOT NULL, `price_per_meter` INTEGER NOT NULL, `category` VARCHAR(45) NOT NULL, `milled_country_name` VARCHAR(45) NOT NULL, `composition` VARCHAR(45) NOT NULL, `cleaning` VARCHAR(255) NOT NULL, `small_curtains` INTEGER NOT NULL, `medium_curtains` INTEGER NOT NULL, `large_curtains` INTEGER NOT NULL, `created_at` DATETIME NOT NULL, `updated_at` DATETIME NOT NULL, PRIMARY KEY (`id`)) ENGINE=InnoDB DEFAULT CHARSET=utf8mb4 COLLATE utf8mb4_general_ci;
2022-06-10 13:37:33 info: 3ms Executed (default): SHOW INDEX FROM `fabric`
2022-06-10 13:37:33 info: 2ms Executed (default): CREATE TABLE IF NOT EXISTS `style` (`id` INTEGER auto_increment , `fabric_type` VARCHAR(45) NOT NULL, `height` INTEGER NOT NULL, `width` INTEGER NOT NULL, `price` INTEGER NOT NULL, `created_at` DATETIME NOT NULL, `updated_at` DATETIME NOT NULL, PRIMARY KEY (`id`)) ENGINE=InnoDB DEFAULT CHARSET=utf8mb4 COLLATE utf8mb4_general_ci;
2022-06-10 13:37:33 info: 3ms Executed (default): SHOW INDEX FROM `style`
2022-06-10 13:37:33 info: 3ms Executed (default): CREATE TABLE IF NOT EXISTS `cart` (`id` INTEGER auto_increment , `product_builder_id` INTEGER NOT NULL, `user_id` INTEGER NOT NULL, `count` INTEGER NOT NULL, `created_at` DATETIME NOT NULL, `updated_at` DATETIME NOT NULL, PRIMARY KEY (`id`)) ENGINE=InnoDB DEFAULT CHARSET=utf8mb4 COLLATE utf8mb4_general_ci;
2022-06-10 13:37:33 info: 2ms Executed (default): SHOW INDEX FROM `cart`
2022-06-10 13:37:33 info: 2ms Executed (default): CREATE TABLE IF NOT EXISTS `order` (`id` INTEGER auto_increment , `product_builder_id` INTEGER NOT NULL, `user_id` INTEGER NOT NULL, `cart_id` INTEGER NOT NULL, `status` VARCHAR(45) NOT NULL, `shipping_address` VARCHAR(255) NOT NULL, `mobile_number` VARCHAR(45) NOT NULL, `payment_status` VARCHAR(45) NOT NULL, `created_at` DATETIME NOT NULL, `updated_at` DATETIME NOT NULL, PRIMARY KEY (`id`)) ENGINE=InnoDB DEFAULT CHARSET=utf8mb4 COLLATE utf8mb4_general_ci;
2022-06-10 13:37:33 info: 3ms Executed (default): SHOW INDEX FROM `order`
2022-06-10 13:37:33 info: 3ms Executed (default): CREATE TABLE IF NOT EXISTS `payment` (`id` INTEGER auto_increment , `invoice` VARCHAR(255) NOT NULL, `amount` INTEGER NOT NULL, `order_id` INTEGER NOT NULL, `transaction_id` INTEGER NOT NULL, `payment_id` INTEGER NOT NULL, `transaction_status` VARCHAR(45) NOT NULL, `created_at` DATETIME NOT NULL, `updated_at` DATETIME NOT NULL, PRIMARY KEY (`id`)) ENGINE=InnoDB DEFAULT CHARSET=utf8mb4 COLLATE utf8mb4_general_ci;
