2022-06-02 17:31:38 info: =================================
2022-06-02 17:31:38 info: ======= ENV: development =======
2022-06-02 17:31:38 info: 🚀 App listening on the port 3008
2022-06-02 17:31:38 info: =================================
2022-06-02 17:31:38 info: 3ms Executed (default): SELECT 1+1 AS result
2022-06-02 17:31:38 info: 44ms Executed (default): CREATE TABLE IF NOT EXISTS `users` (`id` INTEGER auto_increment , `email` VARCHAR(45) NOT NULL, `password` VARCHAR(255) NOT NULL, `name` VARCHAR(45) NOT NULL, `role` VARCHAR(45) NOT NULL, `phone_number` INTEGER NOT NULL, `address` VARCHAR(45) NOT NULL, `email_status` VARCHAR(45) NOT NULL, `created_at` DATETIME NOT NULL, `updated_at` DATETIME NOT NULL, PRIMARY KEY (`id`)) ENGINE=InnoDB DEFAULT CHARSET=utf8mb4 COLLATE utf8mb4_general_ci;
2022-06-02 17:31:38 info: 22ms Executed (default): SHOW INDEX FROM `users`
2022-06-02 17:31:38 info: 8ms Executed (default): CREATE TABLE IF NOT EXISTS `productBuilder` (`id` INTEGER auto_increment , `fabric_id` INTEGER NOT NULL, `measuring_for` VARCHAR(45) NOT NULL, `type_of_room` VARCHAR(255) NOT NULL, `kind_of_room` VARCHAR(45) NOT NULL, `window_name` VARCHAR(45) NOT NULL, `pole_or_track_status` VARCHAR(45) NOT NULL, `width` INTEGER NOT NULL, `height` INTEGER NOT NULL, `panel` VARCHAR(45) NOT NULL, `style` VARCHAR(45) NOT NULL, `lining` VARCHAR(45) NOT NULL, `pole_and_track` VARCHAR(45) NOT NULL, `pooling` VARCHAR(45) NOT NULL, `total_price` INTEGER NOT NULL, `product_type` VARCHAR(45) NOT NULL, `created_at` DATETIME NOT NULL, `updated_at` DATETIME NOT NULL, PRIMARY KEY (`id`)) ENGINE=InnoDB DEFAULT CHARSET=utf8mb4 COLLATE utf8mb4_general_ci;
2022-06-02 17:31:38 info: 5ms Executed (default): SHOW INDEX FROM `productBuilder`
2022-06-02 17:34:53 info: 0ms Executed (default): SELECT 1+1 AS result
2022-06-02 17:36:05 info: 1ms Executed (default): SELECT 1+1 AS result
2022-06-02 17:36:21 info: =================================
2022-06-02 17:36:21 info: ======= ENV: development =======
2022-06-02 17:36:21 info: 🚀 App listening on the port 3008
2022-06-02 17:36:21 info: =================================
2022-06-02 17:36:21 info: 3ms Executed (default): SELECT 1+1 AS result
2022-06-02 17:36:21 info: 4ms Executed (default): CREATE TABLE IF NOT EXISTS `users` (`id` INTEGER auto_increment , `email` VARCHAR(45) NOT NULL, `password` VARCHAR(255) NOT NULL, `name` VARCHAR(45) NOT NULL, `role` VARCHAR(45) NOT NULL, `phone_number` INTEGER NOT NULL, `address` VARCHAR(45) NOT NULL, `email_status` VARCHAR(45) NOT NULL, `created_at` DATETIME NOT NULL, `updated_at` DATETIME NOT NULL, PRIMARY KEY (`id`)) ENGINE=InnoDB DEFAULT CHARSET=utf8mb4 COLLATE utf8mb4_general_ci;
2022-06-02 17:36:22 info: 7ms Executed (default): SHOW INDEX FROM `users`
2022-06-02 17:36:22 info: 3ms Executed (default): CREATE TABLE IF NOT EXISTS `productBuilder` (`id` INTEGER auto_increment , `fabric_id` INTEGER NOT NULL, `measuring_for` VARCHAR(45) NOT NULL, `type_of_room` VARCHAR(255) NOT NULL, `kind_of_room` VARCHAR(45) NOT NULL, `window_name` VARCHAR(45) NOT NULL, `pole_or_track_status` VARCHAR(45) NOT NULL, `width` INTEGER NOT NULL, `height` INTEGER NOT NULL, `panel` VARCHAR(45) NOT NULL, `style` VARCHAR(45) NOT NULL, `lining` VARCHAR(45) NOT NULL, `pole_and_track` VARCHAR(45) NOT NULL, `pooling` VARCHAR(45) NOT NULL, `total_price` INTEGER NOT NULL, `product_type` VARCHAR(45) NOT NULL, `created_at` DATETIME NOT NULL, `updated_at` DATETIME NOT NULL, PRIMARY KEY (`id`)) ENGINE=InnoDB DEFAULT CHARSET=utf8mb4 COLLATE utf8mb4_general_ci;
2022-06-02 17:36:22 info: 4ms Executed (default): SHOW INDEX FROM `productBuilder`
2022-06-02 17:36:22 info: 37ms Executed (default): CREATE TABLE IF NOT EXISTS `fabric` (`id` INTEGER auto_increment , `product_builder_id` INTEGER NOT NULL, `name` VARCHAR(45) NOT NULL, `color` VARCHAR(255) NOT NULL, `price` INTEGER NOT NULL, `category` VARCHAR(45) NOT NULL, `milled_country_name` VARCHAR(45) NOT NULL, `composition` VARCHAR(45) NOT NULL, `cleaning` VARCHAR(45) NOT NULL, `small_curtains` INTEGER NOT NULL, `medium_curtains` INTEGER NOT NULL, `large_curtains` INTEGER NOT NULL, `fabric_type` VARCHAR(45) NOT NULL, `created_at` DATETIME NOT NULL, `updated_at` DATETIME NOT NULL, PRIMARY KEY (`id`)) ENGINE=InnoDB DEFAULT CHARSET=utf8mb4 COLLATE utf8mb4_general_ci;
2022-06-02 17:36:22 info: 5ms Executed (default): SHOW INDEX FROM `fabric`
2022-06-02 17:38:28 info: =================================
2022-06-02 17:38:28 info: ======= ENV: development =======
2022-06-02 17:38:28 info: 🚀 App listening on the port 3008
2022-06-02 17:38:28 info: =================================
2022-06-02 17:38:28 info: 1ms Executed (default): SELECT 1+1 AS result
2022-06-02 17:38:28 info: 2ms Executed (default): CREATE TABLE IF NOT EXISTS `users` (`id` INTEGER auto_increment , `email` VARCHAR(45) NOT NULL, `password` VARCHAR(255) NOT NULL, `name` VARCHAR(45) NOT NULL, `role` VARCHAR(45) NOT NULL, `phone_number` INTEGER NOT NULL, `address` VARCHAR(45) NOT NULL, `email_status` VARCHAR(45) NOT NULL, `created_at` DATETIME NOT NULL, `updated_at` DATETIME NOT NULL, PRIMARY KEY (`id`)) ENGINE=InnoDB DEFAULT CHARSET=utf8mb4 COLLATE utf8mb4_general_ci;
2022-06-02 17:38:28 info: 3ms Executed (default): SHOW INDEX FROM `users`
2022-06-02 17:38:28 info: 2ms Executed (default): CREATE TABLE IF NOT EXISTS `productBuilder` (`id` INTEGER auto_increment , `fabric_id` INTEGER NOT NULL, `measuring_for` VARCHAR(45) NOT NULL, `type_of_room` VARCHAR(255) NOT NULL, `kind_of_room` VARCHAR(45) NOT NULL, `window_name` VARCHAR(45) NOT NULL, `pole_or_track_status` VARCHAR(45) NOT NULL, `width` INTEGER NOT NULL, `height` INTEGER NOT NULL, `panel` VARCHAR(45) NOT NULL, `style` VARCHAR(45) NOT NULL, `lining` VARCHAR(45) NOT NULL, `pole_and_track` VARCHAR(45) NOT NULL, `pooling` VARCHAR(45) NOT NULL, `total_price` INTEGER NOT NULL, `product_type` VARCHAR(45) NOT NULL, `created_at` DATETIME NOT NULL, `updated_at` DATETIME NOT NULL, PRIMARY KEY (`id`)) ENGINE=InnoDB DEFAULT CHARSET=utf8mb4 COLLATE utf8mb4_general_ci;
2022-06-02 17:38:28 info: 2ms Executed (default): SHOW INDEX FROM `productBuilder`
2022-06-02 17:38:28 info: 3ms Executed (default): CREATE TABLE IF NOT EXISTS `fabric` (`id` INTEGER auto_increment , `product_builder_id` INTEGER NOT NULL, `name` VARCHAR(45) NOT NULL, `color` VARCHAR(255) NOT NULL, `price` INTEGER NOT NULL, `category` VARCHAR(45) NOT NULL, `milled_country_name` VARCHAR(45) NOT NULL, `composition` VARCHAR(45) NOT NULL, `cleaning` VARCHAR(45) NOT NULL, `small_curtains` INTEGER NOT NULL, `medium_curtains` INTEGER NOT NULL, `large_curtains` INTEGER NOT NULL, `fabric_type` VARCHAR(45) NOT NULL, `created_at` DATETIME NOT NULL, `updated_at` DATETIME NOT NULL, PRIMARY KEY (`id`)) ENGINE=InnoDB DEFAULT CHARSET=utf8mb4 COLLATE utf8mb4_general_ci;
2022-06-02 17:38:28 info: 2ms Executed (default): SHOW INDEX FROM `fabric`
2022-06-02 17:38:41 info: =================================
2022-06-02 17:38:41 info: ======= ENV: development =======
2022-06-02 17:38:41 info: 🚀 App listening on the port 3008
2022-06-02 17:38:41 info: =================================
2022-06-02 17:38:41 info: 2ms Executed (default): SELECT 1+1 AS result
2022-06-02 17:38:41 info: 4ms Executed (default): CREATE TABLE IF NOT EXISTS `users` (`id` INTEGER auto_increment , `email` VARCHAR(45) NOT NULL, `password` VARCHAR(255) NOT NULL, `name` VARCHAR(45) NOT NULL, `role` VARCHAR(45) NOT NULL, `phone_number` INTEGER NOT NULL, `address` VARCHAR(45) NOT NULL, `email_status` VARCHAR(45) NOT NULL, `created_at` DATETIME NOT NULL, `updated_at` DATETIME NOT NULL, PRIMARY KEY (`id`)) ENGINE=InnoDB DEFAULT CHARSET=utf8mb4 COLLATE utf8mb4_general_ci;
2022-06-02 17:38:41 info: 7ms Executed (default): SHOW INDEX FROM `users`
2022-06-02 17:38:41 info: 3ms Executed (default): CREATE TABLE IF NOT EXISTS `productBuilder` (`id` INTEGER auto_increment , `fabric_id` INTEGER NOT NULL, `measuring_for` VARCHAR(45) NOT NULL, `type_of_room` VARCHAR(255) NOT NULL, `kind_of_room` VARCHAR(45) NOT NULL, `window_name` VARCHAR(45) NOT NULL, `pole_or_track_status` VARCHAR(45) NOT NULL, `width` INTEGER NOT NULL, `height` INTEGER NOT NULL, `panel` VARCHAR(45) NOT NULL, `style` VARCHAR(45) NOT NULL, `lining` VARCHAR(45) NOT NULL, `pole_and_track` VARCHAR(45) NOT NULL, `pooling` VARCHAR(45) NOT NULL, `total_price` INTEGER NOT NULL, `product_type` VARCHAR(45) NOT NULL, `created_at` DATETIME NOT NULL, `updated_at` DATETIME NOT NULL, PRIMARY KEY (`id`)) ENGINE=InnoDB DEFAULT CHARSET=utf8mb4 COLLATE utf8mb4_general_ci;
2022-06-02 17:38:41 info: 4ms Executed (default): SHOW INDEX FROM `productBuilder`
2022-06-02 17:38:41 info: 3ms Executed (default): CREATE TABLE IF NOT EXISTS `fabric` (`id` INTEGER auto_increment , `product_builder_id` INTEGER NOT NULL, `name` VARCHAR(45) NOT NULL, `color` VARCHAR(255) NOT NULL, `price` INTEGER NOT NULL, `category` VARCHAR(45) NOT NULL, `milled_country_name` VARCHAR(45) NOT NULL, `composition` VARCHAR(45) NOT NULL, `cleaning` VARCHAR(45) NOT NULL, `small_curtains` INTEGER NOT NULL, `medium_curtains` INTEGER NOT NULL, `large_curtains` INTEGER NOT NULL, `fabric_type` VARCHAR(45) NOT NULL, `created_at` DATETIME NOT NULL, `updated_at` DATETIME NOT NULL, PRIMARY KEY (`id`)) ENGINE=InnoDB DEFAULT CHARSET=utf8mb4 COLLATE utf8mb4_general_ci;
2022-06-02 17:38:41 info: 3ms Executed (default): SHOW INDEX FROM `fabric`
2022-06-02 17:41:41 info: =================================
2022-06-02 17:41:41 info: ======= ENV: development =======
2022-06-02 17:41:41 info: 🚀 App listening on the port 3008
2022-06-02 17:41:41 info: =================================
2022-06-02 17:41:41 info: 3ms Executed (default): SELECT 1+1 AS result
2022-06-02 17:41:41 info: 4ms Executed (default): CREATE TABLE IF NOT EXISTS `users` (`id` INTEGER auto_increment , `email` VARCHAR(45) NOT NULL, `password` VARCHAR(255) NOT NULL, `name` VARCHAR(45) NOT NULL, `role` VARCHAR(45) NOT NULL, `phone_number` INTEGER NOT NULL, `address` VARCHAR(45) NOT NULL, `email_status` VARCHAR(45) NOT NULL, `created_at` DATETIME NOT NULL, `updated_at` DATETIME NOT NULL, PRIMARY KEY (`id`)) ENGINE=InnoDB DEFAULT CHARSET=utf8mb4 COLLATE utf8mb4_general_ci;
2022-06-02 17:41:41 info: 6ms Executed (default): SHOW INDEX FROM `users`
2022-06-02 17:41:41 info: 3ms Executed (default): CREATE TABLE IF NOT EXISTS `productBuilder` (`id` INTEGER auto_increment , `fabric_id` INTEGER NOT NULL, `measuring_for` VARCHAR(45) NOT NULL, `type_of_room` VARCHAR(255) NOT NULL, `kind_of_room` VARCHAR(45) NOT NULL, `window_name` VARCHAR(45) NOT NULL, `pole_or_track_status` VARCHAR(45) NOT NULL, `width` INTEGER NOT NULL, `height` INTEGER NOT NULL, `panel` VARCHAR(45) NOT NULL, `style` VARCHAR(45) NOT NULL, `lining` VARCHAR(45) NOT NULL, `pole_and_track` VARCHAR(45) NOT NULL, `pooling` VARCHAR(45) NOT NULL, `total_price` INTEGER NOT NULL, `product_type` VARCHAR(45) NOT NULL, `created_at` DATETIME NOT NULL, `updated_at` DATETIME NOT NULL, PRIMARY KEY (`id`)) ENGINE=InnoDB DEFAULT CHARSET=utf8mb4 COLLATE utf8mb4_general_ci;
2022-06-02 17:41:41 info: 4ms Executed (default): SHOW INDEX FROM `productBuilder`
2022-06-02 17:41:41 info: 4ms Executed (default): CREATE TABLE IF NOT EXISTS `fabric` (`id` INTEGER auto_increment , `product_builder_id` INTEGER NOT NULL, `name` VARCHAR(45) NOT NULL, `color` VARCHAR(255) NOT NULL, `price` INTEGER NOT NULL, `category` VARCHAR(45) NOT NULL, `milled_country_name` VARCHAR(45) NOT NULL, `composition` VARCHAR(45) NOT NULL, `cleaning` VARCHAR(45) NOT NULL, `small_curtains` INTEGER NOT NULL, `medium_curtains` INTEGER NOT NULL, `large_curtains` INTEGER NOT NULL, `fabric_type` VARCHAR(45) NOT NULL, `created_at` DATETIME NOT NULL, `updated_at` DATETIME NOT NULL, PRIMARY KEY (`id`)) ENGINE=InnoDB DEFAULT CHARSET=utf8mb4 COLLATE utf8mb4_general_ci;
2022-06-02 17:41:41 info: 2ms Executed (default): SHOW INDEX FROM `fabric`
2022-06-02 17:42:28 info: =================================
2022-06-02 17:42:28 info: ======= ENV: development =======
2022-06-02 17:42:28 info: 🚀 App listening on the port 3008
2022-06-02 17:42:28 info: =================================
2022-06-02 17:42:28 info: 2ms Executed (default): SELECT 1+1 AS result
2022-06-02 17:42:28 info: 2ms Executed (default): CREATE TABLE IF NOT EXISTS `users` (`id` INTEGER auto_increment , `email` VARCHAR(45) NOT NULL, `password` VARCHAR(255) NOT NULL, `name` VARCHAR(45) NOT NULL, `role` VARCHAR(45) NOT NULL, `phone_number` INTEGER NOT NULL, `address` VARCHAR(45) NOT NULL, `email_status` VARCHAR(45) NOT NULL, `created_at` DATETIME NOT NULL, `updated_at` DATETIME NOT NULL, PRIMARY KEY (`id`)) ENGINE=InnoDB DEFAULT CHARSET=utf8mb4 COLLATE utf8mb4_general_ci;
2022-06-02 17:42:28 info: 3ms Executed (default): SHOW INDEX FROM `users`
2022-06-02 17:42:28 info: 2ms Executed (default): CREATE TABLE IF NOT EXISTS `productBuilder` (`id` INTEGER auto_increment , `fabric_id` INTEGER NOT NULL, `measuring_for` VARCHAR(45) NOT NULL, `type_of_room` VARCHAR(255) NOT NULL, `kind_of_room` VARCHAR(45) NOT NULL, `window_name` VARCHAR(45) NOT NULL, `pole_or_track_status` VARCHAR(45) NOT NULL, `width` INTEGER NOT NULL, `height` INTEGER NOT NULL, `panel` VARCHAR(45) NOT NULL, `style` VARCHAR(45) NOT NULL, `lining` VARCHAR(45) NOT NULL, `pole_and_track` VARCHAR(45) NOT NULL, `pooling` VARCHAR(45) NOT NULL, `total_price` INTEGER NOT NULL, `product_type` VARCHAR(45) NOT NULL, `created_at` DATETIME NOT NULL, `updated_at` DATETIME NOT NULL, PRIMARY KEY (`id`)) ENGINE=InnoDB DEFAULT CHARSET=utf8mb4 COLLATE utf8mb4_general_ci;
2022-06-02 17:42:28 info: 1ms Executed (default): SHOW INDEX FROM `productBuilder`
2022-06-02 17:42:28 info: 1ms Executed (default): CREATE TABLE IF NOT EXISTS `fabric` (`id` INTEGER auto_increment , `product_builder_id` INTEGER NOT NULL, `name` VARCHAR(45) NOT NULL, `color` VARCHAR(255) NOT NULL, `price` INTEGER NOT NULL, `category` VARCHAR(45) NOT NULL, `milled_country_name` VARCHAR(45) NOT NULL, `composition` VARCHAR(45) NOT NULL, `cleaning` VARCHAR(45) NOT NULL, `small_curtains` INTEGER NOT NULL, `medium_curtains` INTEGER NOT NULL, `large_curtains` INTEGER NOT NULL, `fabric_type` VARCHAR(45) NOT NULL, `created_at` DATETIME NOT NULL, `updated_at` DATETIME NOT NULL, PRIMARY KEY (`id`)) ENGINE=InnoDB DEFAULT CHARSET=utf8mb4 COLLATE utf8mb4_general_ci;
2022-06-02 17:42:28 info: 1ms Executed (default): SHOW INDEX FROM `fabric`
2022-06-02 17:42:42 info: =================================
2022-06-02 17:42:42 info: ======= ENV: development =======
2022-06-02 17:42:42 info: 🚀 App listening on the port 3008
2022-06-02 17:42:42 info: =================================
2022-06-02 17:42:42 info: 1ms Executed (default): SELECT 1+1 AS result
2022-06-02 17:42:42 info: 2ms Executed (default): CREATE TABLE IF NOT EXISTS `users` (`id` INTEGER auto_increment , `email` VARCHAR(45) NOT NULL, `password` VARCHAR(255) NOT NULL, `name` VARCHAR(45) NOT NULL, `role` VARCHAR(45) NOT NULL, `phone_number` INTEGER NOT NULL, `address` VARCHAR(45) NOT NULL, `email_status` VARCHAR(45) NOT NULL, `created_at` DATETIME NOT NULL, `updated_at` DATETIME NOT NULL, PRIMARY KEY (`id`)) ENGINE=InnoDB DEFAULT CHARSET=utf8mb4 COLLATE utf8mb4_general_ci;
2022-06-02 17:42:42 info: 4ms Executed (default): SHOW INDEX FROM `users`
2022-06-02 17:42:42 info: 2ms Executed (default): CREATE TABLE IF NOT EXISTS `productBuilder` (`id` INTEGER auto_increment , `fabric_id` INTEGER NOT NULL, `measuring_for` VARCHAR(45) NOT NULL, `type_of_room` VARCHAR(255) NOT NULL, `kind_of_room` VARCHAR(45) NOT NULL, `window_name` VARCHAR(45) NOT NULL, `pole_or_track_status` VARCHAR(45) NOT NULL, `width` INTEGER NOT NULL, `height` INTEGER NOT NULL, `panel` VARCHAR(45) NOT NULL, `style` VARCHAR(45) NOT NULL, `lining` VARCHAR(45) NOT NULL, `pole_and_track` VARCHAR(45) NOT NULL, `pooling` VARCHAR(45) NOT NULL, `total_price` INTEGER NOT NULL, `product_type` VARCHAR(45) NOT NULL, `created_at` DATETIME NOT NULL, `updated_at` DATETIME NOT NULL, PRIMARY KEY (`id`)) ENGINE=InnoDB DEFAULT CHARSET=utf8mb4 COLLATE utf8mb4_general_ci;
2022-06-02 17:42:42 info: 3ms Executed (default): SHOW INDEX FROM `productBuilder`
2022-06-02 17:42:42 info: 2ms Executed (default): CREATE TABLE IF NOT EXISTS `fabric` (`id` INTEGER auto_increment , `product_builder_id` INTEGER NOT NULL, `name` VARCHAR(45) NOT NULL, `color` VARCHAR(255) NOT NULL, `price` INTEGER NOT NULL, `category` VARCHAR(45) NOT NULL, `milled_country_name` VARCHAR(45) NOT NULL, `composition` VARCHAR(45) NOT NULL, `cleaning` VARCHAR(45) NOT NULL, `small_curtains` INTEGER NOT NULL, `medium_curtains` INTEGER NOT NULL, `large_curtains` INTEGER NOT NULL, `fabric_type` VARCHAR(45) NOT NULL, `created_at` DATETIME NOT NULL, `updated_at` DATETIME NOT NULL, PRIMARY KEY (`id`)) ENGINE=InnoDB DEFAULT CHARSET=utf8mb4 COLLATE utf8mb4_general_ci;
2022-06-02 17:42:42 info: 2ms Executed (default): SHOW INDEX FROM `fabric`
2022-06-02 17:43:36 info: =================================
2022-06-02 17:43:36 info: ======= ENV: development =======
2022-06-02 17:43:36 info: 🚀 App listening on the port 3008
2022-06-02 17:43:36 info: =================================
2022-06-02 17:43:36 info: 2ms Executed (default): SELECT 1+1 AS result
2022-06-02 17:43:36 info: 4ms Executed (default): CREATE TABLE IF NOT EXISTS `users` (`id` INTEGER auto_increment , `email` VARCHAR(45) NOT NULL, `password` VARCHAR(255) NOT NULL, `name` VARCHAR(45) NOT NULL, `role` VARCHAR(45) NOT NULL, `phone_number` INTEGER NOT NULL, `address` VARCHAR(45) NOT NULL, `email_status` VARCHAR(45) NOT NULL, `created_at` DATETIME NOT NULL, `updated_at` DATETIME NOT NULL, PRIMARY KEY (`id`)) ENGINE=InnoDB DEFAULT CHARSET=utf8mb4 COLLATE utf8mb4_general_ci;
2022-06-02 17:43:36 info: 6ms Executed (default): SHOW INDEX FROM `users`
2022-06-02 17:43:36 info: 3ms Executed (default): CREATE TABLE IF NOT EXISTS `productBuilder` (`id` INTEGER auto_increment , `fabric_id` INTEGER NOT NULL, `measuring_for` VARCHAR(45) NOT NULL, `type_of_room` VARCHAR(255) NOT NULL, `kind_of_room` VARCHAR(45) NOT NULL, `window_name` VARCHAR(45) NOT NULL, `pole_or_track_status` VARCHAR(45) NOT NULL, `width` INTEGER NOT NULL, `height` INTEGER NOT NULL, `panel` VARCHAR(45) NOT NULL, `style` VARCHAR(45) NOT NULL, `lining` VARCHAR(45) NOT NULL, `pole_and_track` VARCHAR(45) NOT NULL, `pooling` VARCHAR(45) NOT NULL, `total_price` INTEGER NOT NULL, `product_type` VARCHAR(45) NOT NULL, `created_at` DATETIME NOT NULL, `updated_at` DATETIME NOT NULL, PRIMARY KEY (`id`)) ENGINE=InnoDB DEFAULT CHARSET=utf8mb4 COLLATE utf8mb4_general_ci;
2022-06-02 17:43:36 info: 4ms Executed (default): SHOW INDEX FROM `productBuilder`
2022-06-02 17:43:36 info: 3ms Executed (default): CREATE TABLE IF NOT EXISTS `fabric` (`id` INTEGER auto_increment , `product_builder_id` INTEGER NOT NULL, `name` VARCHAR(45) NOT NULL, `color` VARCHAR(255) NOT NULL, `price` INTEGER NOT NULL, `category` VARCHAR(45) NOT NULL, `milled_country_name` VARCHAR(45) NOT NULL, `composition` VARCHAR(45) NOT NULL, `cleaning` VARCHAR(45) NOT NULL, `small_curtains` INTEGER NOT NULL, `medium_curtains` INTEGER NOT NULL, `large_curtains` INTEGER NOT NULL, `fabric_type` VARCHAR(45) NOT NULL, `created_at` DATETIME NOT NULL, `updated_at` DATETIME NOT NULL, PRIMARY KEY (`id`)) ENGINE=InnoDB DEFAULT CHARSET=utf8mb4 COLLATE utf8mb4_general_ci;
2022-06-02 17:43:36 info: 3ms Executed (default): SHOW INDEX FROM `fabric`
2022-06-02 17:48:44 info: =================================
2022-06-02 17:48:44 info: ======= ENV: development =======
2022-06-02 17:48:44 info: 🚀 App listening on the port 3008
2022-06-02 17:48:44 info: =================================
2022-06-02 17:48:44 info: 1ms Executed (default): SELECT 1+1 AS result
2022-06-02 17:48:44 info: 3ms Executed (default): CREATE TABLE IF NOT EXISTS `users` (`id` INTEGER auto_increment , `email` VARCHAR(45) NOT NULL, `password` VARCHAR(255) NOT NULL, `name` VARCHAR(45) NOT NULL, `role` VARCHAR(45) NOT NULL, `phone_number` INTEGER NOT NULL, `address` VARCHAR(45) NOT NULL, `email_status` VARCHAR(45) NOT NULL, `created_at` DATETIME NOT NULL, `updated_at` DATETIME NOT NULL, PRIMARY KEY (`id`)) ENGINE=InnoDB DEFAULT CHARSET=utf8mb4 COLLATE utf8mb4_general_ci;
2022-06-02 17:48:44 info: 3ms Executed (default): SHOW INDEX FROM `users`
2022-06-02 17:48:44 info: 2ms Executed (default): CREATE TABLE IF NOT EXISTS `productBuilder` (`id` INTEGER auto_increment , `fabric_id` INTEGER NOT NULL, `measuring_for` VARCHAR(45) NOT NULL, `type_of_room` VARCHAR(255) NOT NULL, `kind_of_room` VARCHAR(45) NOT NULL, `window_name` VARCHAR(45) NOT NULL, `pole_or_track_status` VARCHAR(45) NOT NULL, `width` INTEGER NOT NULL, `height` INTEGER NOT NULL, `panel` VARCHAR(45) NOT NULL, `style` VARCHAR(45) NOT NULL, `lining` VARCHAR(45) NOT NULL, `pole_and_track` VARCHAR(45) NOT NULL, `pooling` VARCHAR(45) NOT NULL, `total_price` INTEGER NOT NULL, `product_type` VARCHAR(45) NOT NULL, `created_at` DATETIME NOT NULL, `updated_at` DATETIME NOT NULL, PRIMARY KEY (`id`)) ENGINE=InnoDB DEFAULT CHARSET=utf8mb4 COLLATE utf8mb4_general_ci;
2022-06-02 17:48:44 info: 2ms Executed (default): SHOW INDEX FROM `productBuilder`
2022-06-02 17:48:44 info: 2ms Executed (default): CREATE TABLE IF NOT EXISTS `fabric` (`id` INTEGER auto_increment , `product_builder_id` INTEGER NOT NULL, `name` VARCHAR(45) NOT NULL, `color` VARCHAR(255) NOT NULL, `price` INTEGER NOT NULL, `category` VARCHAR(45) NOT NULL, `milled_country_name` VARCHAR(45) NOT NULL, `composition` VARCHAR(45) NOT NULL, `cleaning` VARCHAR(45) NOT NULL, `small_curtains` INTEGER NOT NULL, `medium_curtains` INTEGER NOT NULL, `large_curtains` INTEGER NOT NULL, `fabric_type` VARCHAR(45) NOT NULL, `created_at` DATETIME NOT NULL, `updated_at` DATETIME NOT NULL, PRIMARY KEY (`id`)) ENGINE=InnoDB DEFAULT CHARSET=utf8mb4 COLLATE utf8mb4_general_ci;
2022-06-02 17:48:44 info: 2ms Executed (default): SHOW INDEX FROM `fabric`
2022-06-02 17:49:24 info: =================================
2022-06-02 17:49:24 info: ======= ENV: development =======
2022-06-02 17:49:24 info: 🚀 App listening on the port 3008
2022-06-02 17:49:24 info: =================================
2022-06-02 17:49:24 info: 1ms Executed (default): SELECT 1+1 AS result
2022-06-02 17:49:24 info: 2ms Executed (default): CREATE TABLE IF NOT EXISTS `users` (`id` INTEGER auto_increment , `email` VARCHAR(45) NOT NULL, `password` VARCHAR(255) NOT NULL, `name` VARCHAR(45) NOT NULL, `role` VARCHAR(45) NOT NULL, `phone_number` INTEGER NOT NULL, `address` VARCHAR(45) NOT NULL, `email_status` VARCHAR(45) NOT NULL, `created_at` DATETIME NOT NULL, `updated_at` DATETIME NOT NULL, PRIMARY KEY (`id`)) ENGINE=InnoDB DEFAULT CHARSET=utf8mb4 COLLATE utf8mb4_general_ci;
2022-06-02 17:49:24 info: 4ms Executed (default): SHOW INDEX FROM `users`
2022-06-02 17:49:24 info: 2ms Executed (default): CREATE TABLE IF NOT EXISTS `productBuilder` (`id` INTEGER auto_increment , `fabric_id` INTEGER NOT NULL, `measuring_for` VARCHAR(45) NOT NULL, `type_of_room` VARCHAR(255) NOT NULL, `kind_of_room` VARCHAR(45) NOT NULL, `window_name` VARCHAR(45) NOT NULL, `pole_or_track_status` VARCHAR(45) NOT NULL, `width` INTEGER NOT NULL, `height` INTEGER NOT NULL, `panel` VARCHAR(45) NOT NULL, `style` VARCHAR(45) NOT NULL, `lining` VARCHAR(45) NOT NULL, `pole_and_track` VARCHAR(45) NOT NULL, `pooling` VARCHAR(45) NOT NULL, `total_price` INTEGER NOT NULL, `product_type` VARCHAR(45) NOT NULL, `created_at` DATETIME NOT NULL, `updated_at` DATETIME NOT NULL, PRIMARY KEY (`id`)) ENGINE=InnoDB DEFAULT CHARSET=utf8mb4 COLLATE utf8mb4_general_ci;
2022-06-02 17:49:24 info: 2ms Executed (default): SHOW INDEX FROM `productBuilder`
2022-06-02 17:49:24 info: 2ms Executed (default): CREATE TABLE IF NOT EXISTS `fabric` (`id` INTEGER auto_increment , `product_builder_id` INTEGER NOT NULL, `name` VARCHAR(45) NOT NULL, `color` VARCHAR(255) NOT NULL, `price` INTEGER NOT NULL, `category` VARCHAR(45) NOT NULL, `milled_country_name` VARCHAR(45) NOT NULL, `composition` VARCHAR(45) NOT NULL, `cleaning` VARCHAR(45) NOT NULL, `small_curtains` INTEGER NOT NULL, `medium_curtains` INTEGER NOT NULL, `large_curtains` INTEGER NOT NULL, `fabric_type` VARCHAR(45) NOT NULL, `created_at` DATETIME NOT NULL, `updated_at` DATETIME NOT NULL, PRIMARY KEY (`id`)) ENGINE=InnoDB DEFAULT CHARSET=utf8mb4 COLLATE utf8mb4_general_ci;
2022-06-02 17:49:24 info: 2ms Executed (default): SHOW INDEX FROM `fabric`
2022-06-02 17:54:58 info: =================================
2022-06-02 17:54:58 info: ======= ENV: development =======
2022-06-02 17:54:58 info: 🚀 App listening on the port 3008
2022-06-02 17:54:58 info: =================================
2022-06-02 17:54:58 info: 2ms Executed (default): SELECT 1+1 AS result
2022-06-02 17:54:58 info: 5ms Executed (default): CREATE TABLE IF NOT EXISTS `users` (`id` INTEGER auto_increment , `email` VARCHAR(45) NOT NULL, `password` VARCHAR(255) NOT NULL, `name` VARCHAR(45) NOT NULL, `role` VARCHAR(45) NOT NULL, `phone_number` INTEGER NOT NULL, `address` VARCHAR(45) NOT NULL, `email_status` VARCHAR(45) NOT NULL, `created_at` DATETIME NOT NULL, `updated_at` DATETIME NOT NULL, PRIMARY KEY (`id`)) ENGINE=InnoDB DEFAULT CHARSET=utf8mb4 COLLATE utf8mb4_general_ci;
2022-06-02 17:54:58 info: 6ms Executed (default): SHOW INDEX FROM `users`
2022-06-02 17:54:58 info: 2ms Executed (default): CREATE TABLE IF NOT EXISTS `productBuilder` (`id` INTEGER auto_increment , `fabric_id` INTEGER NOT NULL, `measuring_for` VARCHAR(45) NOT NULL, `type_of_room` VARCHAR(255) NOT NULL, `kind_of_room` VARCHAR(45) NOT NULL, `window_name` VARCHAR(45) NOT NULL, `pole_or_track_status` VARCHAR(45) NOT NULL, `width` INTEGER NOT NULL, `height` INTEGER NOT NULL, `panel` VARCHAR(45) NOT NULL, `style` VARCHAR(45) NOT NULL, `lining` VARCHAR(45) NOT NULL, `pole_and_track` VARCHAR(45) NOT NULL, `pooling` VARCHAR(45) NOT NULL, `total_price` INTEGER NOT NULL, `product_type` VARCHAR(45) NOT NULL, `created_at` DATETIME NOT NULL, `updated_at` DATETIME NOT NULL, PRIMARY KEY (`id`)) ENGINE=InnoDB DEFAULT CHARSET=utf8mb4 COLLATE utf8mb4_general_ci;
2022-06-02 17:54:58 info: 3ms Executed (default): SHOW INDEX FROM `productBuilder`
2022-06-02 17:54:58 info: 2ms Executed (default): CREATE TABLE IF NOT EXISTS `fabric` (`id` INTEGER auto_increment , `product_builder_id` INTEGER NOT NULL, `name` VARCHAR(45) NOT NULL, `color` VARCHAR(255) NOT NULL, `price` INTEGER NOT NULL, `category` VARCHAR(45) NOT NULL, `milled_country_name` VARCHAR(45) NOT NULL, `composition` VARCHAR(45) NOT NULL, `cleaning` VARCHAR(45) NOT NULL, `small_curtains` INTEGER NOT NULL, `medium_curtains` INTEGER NOT NULL, `large_curtains` INTEGER NOT NULL, `fabric_type` VARCHAR(45) NOT NULL, `created_at` DATETIME NOT NULL, `updated_at` DATETIME NOT NULL, PRIMARY KEY (`id`)) ENGINE=InnoDB DEFAULT CHARSET=utf8mb4 COLLATE utf8mb4_general_ci;
2022-06-02 17:54:58 info: 3ms Executed (default): SHOW INDEX FROM `fabric`
2022-06-02 17:55:21 info: =================================
2022-06-02 17:55:21 info: ======= ENV: development =======
2022-06-02 17:55:21 info: 🚀 App listening on the port 3008
2022-06-02 17:55:21 info: =================================
2022-06-02 17:55:21 info: 3ms Executed (default): SELECT 1+1 AS result
2022-06-02 17:55:21 info: 5ms Executed (default): CREATE TABLE IF NOT EXISTS `users` (`id` INTEGER auto_increment , `email` VARCHAR(45) NOT NULL, `password` VARCHAR(255) NOT NULL, `name` VARCHAR(45) NOT NULL, `role` VARCHAR(45) NOT NULL, `phone_number` INTEGER NOT NULL, `address` VARCHAR(45) NOT NULL, `email_status` VARCHAR(45) NOT NULL, `created_at` DATETIME NOT NULL, `updated_at` DATETIME NOT NULL, PRIMARY KEY (`id`)) ENGINE=InnoDB DEFAULT CHARSET=utf8mb4 COLLATE utf8mb4_general_ci;
2022-06-02 17:55:21 info: 6ms Executed (default): SHOW INDEX FROM `users`
2022-06-02 17:55:21 info: 3ms Executed (default): CREATE TABLE IF NOT EXISTS `productBuilder` (`id` INTEGER auto_increment , `fabric_id` INTEGER NOT NULL, `measuring_for` VARCHAR(45) NOT NULL, `type_of_room` VARCHAR(255) NOT NULL, `kind_of_room` VARCHAR(45) NOT NULL, `window_name` VARCHAR(45) NOT NULL, `pole_or_track_status` VARCHAR(45) NOT NULL, `width` INTEGER NOT NULL, `height` INTEGER NOT NULL, `panel` VARCHAR(45) NOT NULL, `style` VARCHAR(45) NOT NULL, `lining` VARCHAR(45) NOT NULL, `pole_and_track` VARCHAR(45) NOT NULL, `pooling` VARCHAR(45) NOT NULL, `total_price` INTEGER NOT NULL, `product_type` VARCHAR(45) NOT NULL, `created_at` DATETIME NOT NULL, `updated_at` DATETIME NOT NULL, PRIMARY KEY (`id`)) ENGINE=InnoDB DEFAULT CHARSET=utf8mb4 COLLATE utf8mb4_general_ci;
2022-06-02 17:55:21 info: 3ms Executed (default): SHOW INDEX FROM `productBuilder`
2022-06-02 17:55:21 info: 3ms Executed (default): CREATE TABLE IF NOT EXISTS `fabric` (`id` INTEGER auto_increment , `product_builder_id` INTEGER NOT NULL, `name` VARCHAR(45) NOT NULL, `color` VARCHAR(255) NOT NULL, `price` INTEGER NOT NULL, `category` VARCHAR(45) NOT NULL, `milled_country_name` VARCHAR(45) NOT NULL, `composition` VARCHAR(45) NOT NULL, `cleaning` VARCHAR(45) NOT NULL, `small_curtains` INTEGER NOT NULL, `medium_curtains` INTEGER NOT NULL, `large_curtains` INTEGER NOT NULL, `fabric_type` VARCHAR(45) NOT NULL, `created_at` DATETIME NOT NULL, `updated_at` DATETIME NOT NULL, PRIMARY KEY (`id`)) ENGINE=InnoDB DEFAULT CHARSET=utf8mb4 COLLATE utf8mb4_general_ci;
2022-06-02 17:55:21 info: 2ms Executed (default): SHOW INDEX FROM `fabric`
2022-06-02 17:56:55 info: =================================
2022-06-02 17:56:55 info: ======= ENV: development =======
2022-06-02 17:56:55 info: 🚀 App listening on the port 3008
2022-06-02 17:56:55 info: =================================
2022-06-02 17:56:55 info: 2ms Executed (default): SELECT 1+1 AS result
2022-06-02 17:56:55 info: 4ms Executed (default): CREATE TABLE IF NOT EXISTS `users` (`id` INTEGER auto_increment , `email` VARCHAR(45) NOT NULL, `password` VARCHAR(255) NOT NULL, `name` VARCHAR(45) NOT NULL, `role` VARCHAR(45) NOT NULL, `phone_number` INTEGER NOT NULL, `address` VARCHAR(45) NOT NULL, `email_status` VARCHAR(45) NOT NULL, `created_at` DATETIME NOT NULL, `updated_at` DATETIME NOT NULL, PRIMARY KEY (`id`)) ENGINE=InnoDB DEFAULT CHARSET=utf8mb4 COLLATE utf8mb4_general_ci;
2022-06-02 17:56:55 info: 5ms Executed (default): SHOW INDEX FROM `users`
2022-06-02 17:56:55 info: 2ms Executed (default): CREATE TABLE IF NOT EXISTS `productBuilder` (`id` INTEGER auto_increment , `fabric_id` INTEGER NOT NULL, `measuring_for` VARCHAR(45) NOT NULL, `type_of_room` VARCHAR(255) NOT NULL, `kind_of_room` VARCHAR(45) NOT NULL, `window_name` VARCHAR(45) NOT NULL, `pole_or_track_status` VARCHAR(45) NOT NULL, `width` INTEGER NOT NULL, `height` INTEGER NOT NULL, `panel` VARCHAR(45) NOT NULL, `style` VARCHAR(45) NOT NULL, `lining` VARCHAR(45) NOT NULL, `pole_and_track` VARCHAR(45) NOT NULL, `pooling` VARCHAR(45) NOT NULL, `total_price` INTEGER NOT NULL, `product_type` VARCHAR(45) NOT NULL, `created_at` DATETIME NOT NULL, `updated_at` DATETIME NOT NULL, PRIMARY KEY (`id`)) ENGINE=InnoDB DEFAULT CHARSET=utf8mb4 COLLATE utf8mb4_general_ci;
2022-06-02 17:56:55 info: 4ms Executed (default): SHOW INDEX FROM `productBuilder`
2022-06-02 17:56:55 info: 3ms Executed (default): CREATE TABLE IF NOT EXISTS `fabric` (`id` INTEGER auto_increment , `product_builder_id` INTEGER NOT NULL, `name` VARCHAR(45) NOT NULL, `color` VARCHAR(255) NOT NULL, `price` INTEGER NOT NULL, `category` VARCHAR(45) NOT NULL, `milled_country_name` VARCHAR(45) NOT NULL, `composition` VARCHAR(45) NOT NULL, `cleaning` VARCHAR(45) NOT NULL, `small_curtains` INTEGER NOT NULL, `medium_curtains` INTEGER NOT NULL, `large_curtains` INTEGER NOT NULL, `fabric_type` VARCHAR(45) NOT NULL, `created_at` DATETIME NOT NULL, `updated_at` DATETIME NOT NULL, PRIMARY KEY (`id`)) ENGINE=InnoDB DEFAULT CHARSET=utf8mb4 COLLATE utf8mb4_general_ci;
2022-06-02 17:56:55 info: 3ms Executed (default): SHOW INDEX FROM `fabric`
